[microbench] compiling scripts/microbenches/dense_marlin_gemma3_perf.cu + crates/ferrum-kernels/kernels/marlin_cuda_kernel.cu
-rwxr-xr-x 1 root root 665144 Jun 15 09:43 /tmp/dense_marlin_gemma3_perf

[microbench] running /tmp/dense_marlin_gemma3_perf
dense_marlin_gemma3_perf device=NVIDIA GeForce RTX 4090 sm=8.9 peak_ref_tflops=165.0

shape=qkv k=5376 n=8192 qweight_mb=21.0 scale_mb=0.7
mode,m,tile,us,useful_tflops,padded_tflops,ret
kernel_only,1,auto,16.249,5.42,86.73,0
ws_plus_kernel,1,auto,17.777,4.95,79.28,0
host_sync_kernel,1,auto,18.046,4.88,78.09,0
host_sync_ws_plus_kernel,1,auto,19.579,4.50,71.98,0
kernel_only,1,128x128,16.158,5.45,87.22,0
ws_plus_kernel,1,128x128,17.373,5.07,81.12,0
host_sync_kernel,1,128x128,17.905,4.92,78.71,0
host_sync_ws_plus_kernel,1,128x128,19.302,4.56,73.01,0
kernel_only,1,64x256,17.743,4.96,79.43,0
ws_plus_kernel,1,64x256,19.156,4.60,73.57,0
host_sync_kernel,1,64x256,19.441,4.53,72.49,0
host_sync_ws_plus_kernel,1,64x256,20.962,4.20,67.23,0
kernel_only,3,auto,16.361,16.15,86.14,0
ws_plus_kernel,3,auto,17.672,14.95,79.75,0
host_sync_kernel,3,auto,17.979,14.70,78.39,0
host_sync_ws_plus_kernel,3,auto,19.374,13.64,72.74,0
kernel_only,3,128x128,16.260,16.25,86.67,0
ws_plus_kernel,3,128x128,17.449,15.14,80.77,0
host_sync_kernel,3,128x128,17.922,14.74,78.63,0
host_sync_ws_plus_kernel,3,128x128,19.356,13.65,72.81,0
kernel_only,3,64x256,17.673,14.95,79.74,0
ws_plus_kernel,3,64x256,19.004,13.90,74.16,0
host_sync_kernel,3,64x256,19.491,13.56,72.31,0
host_sync_ws_plus_kernel,3,64x256,20.877,12.66,67.51,0
kernel_only,6,auto,16.402,32.22,85.92,0
ws_plus_kernel,6,auto,17.818,29.66,79.09,0
host_sync_kernel,6,auto,18.311,28.86,76.96,0
host_sync_ws_plus_kernel,6,auto,19.622,26.93,71.82,0
kernel_only,6,128x128,16.425,32.18,85.80,0
ws_plus_kernel,6,128x128,17.812,29.67,79.12,0
host_sync_kernel,6,128x128,18.224,29.00,77.33,0
host_sync_ws_plus_kernel,6,128x128,19.628,26.92,71.80,0
kernel_only,6,64x256,17.789,29.71,79.22,0
ws_plus_kernel,6,64x256,19.194,27.53,73.42,0
host_sync_kernel,6,64x256,19.639,26.91,71.76,0
host_sync_ws_plus_kernel,6,64x256,21.068,25.08,66.89,0
kernel_only,9,auto,16.682,47.52,84.48,0
ws_plus_kernel,9,auto,17.965,44.13,78.45,0
host_sync_kernel,9,auto,18.424,43.03,76.49,0
host_sync_ws_plus_kernel,9,auto,19.816,40.00,71.12,0
kernel_only,9,128x128,16.550,47.90,85.16,0
ws_plus_kernel,9,128x128,17.891,44.31,78.77,0
host_sync_kernel,9,128x128,18.299,43.32,77.01,0
host_sync_ws_plus_kernel,9,128x128,19.817,40.00,71.12,0
kernel_only,9,64x256,18.132,43.72,77.72,0
ws_plus_kernel,9,64x256,19.468,40.72,72.39,0
host_sync_kernel,9,64x256,19.897,39.84,70.83,0
host_sync_ws_plus_kernel,9,64x256,21.302,37.21,66.16,0
kernel_only,12,auto,16.784,62.97,83.96,0
ws_plus_kernel,12,auto,18.160,58.20,77.60,0
host_sync_kernel,12,auto,18.552,56.97,75.97,0
host_sync_ws_plus_kernel,12,auto,20.012,52.82,70.42,0
kernel_only,12,128x128,16.858,62.70,83.60,0
ws_plus_kernel,12,128x128,18.107,58.37,77.83,0
host_sync_kernel,12,128x128,18.503,57.12,76.16,0
host_sync_ws_plus_kernel,12,128x128,19.908,53.09,70.79,0
kernel_only,12,64x256,18.286,57.80,77.07,0
ws_plus_kernel,12,64x256,19.605,53.91,71.88,0
host_sync_kernel,12,64x256,20.056,52.70,70.27,0
host_sync_ws_plus_kernel,12,64x256,21.517,49.12,65.50,0
kernel_only,16,auto,17.005,82.88,82.88,0
ws_plus_kernel,16,auto,18.314,76.95,76.95,0
host_sync_kernel,16,auto,18.751,75.16,75.16,0
host_sync_ws_plus_kernel,16,auto,20.130,70.01,70.01,0
cold_cache_kernel,16,auto,40.099,35.15,35.15,0
weight_cycle_kernel,16,auto,30.278,46.54,46.54,0
weight_cycle_ws_plus_kernel,16,auto,31.574,44.63,44.63,0
kernel_only,16,128x128,15.667,89.95,89.95,0
ws_plus_kernel,16,128x128,17.104,82.40,82.40,0
host_sync_kernel,16,128x128,17.302,81.45,81.45,0
host_sync_ws_plus_kernel,16,128x128,18.725,75.26,75.26,0
kernel_only,16,64x256,16.841,83.68,83.68,0
ws_plus_kernel,16,64x256,18.152,77.64,77.64,0
host_sync_kernel,16,64x256,18.553,75.96,75.96,0
host_sync_ws_plus_kernel,16,64x256,19.969,70.57,70.57,0
kernel_only,23,auto,25.375,79.84,111.08,0
ws_plus_kernel,23,auto,26.631,76.07,105.84,0
host_sync_kernel,23,auto,27.033,74.94,104.26,0
host_sync_ws_plus_kernel,23,auto,28.458,71.19,99.04,0
cold_cache_kernel,23,auto,42.947,47.17,65.63,0
weight_cycle_kernel,23,auto,33.786,59.96,83.42,0
weight_cycle_ws_plus_kernel,23,auto,35.168,57.61,80.15,0
kernel_only,23,128x128,NA,NA,NA,2
ws_plus_kernel,23,128x128,NA,NA,NA,2
host_sync_kernel,23,128x128,NA,NA,NA,2
host_sync_ws_plus_kernel,23,128x128,NA,NA,NA,2
kernel_only,23,64x256,25.204,80.38,111.83,0
ws_plus_kernel,23,64x256,26.535,76.35,106.22,0
host_sync_kernel,23,64x256,27.044,74.91,104.22,0
host_sync_ws_plus_kernel,23,64x256,28.418,71.29,99.18,0
kernel_only,32,auto,25.732,109.53,109.53,0
ws_plus_kernel,32,auto,26.968,104.52,104.52,0
host_sync_kernel,32,auto,27.462,102.64,102.64,0
host_sync_ws_plus_kernel,32,auto,28.873,97.62,97.62,0
cold_cache_kernel,32,auto,43.241,65.18,65.18,0
weight_cycle_kernel,32,auto,34.250,82.29,82.29,0
weight_cycle_ws_plus_kernel,32,auto,35.604,79.16,79.16,0
kernel_only,32,128x128,NA,NA,NA,2
ws_plus_kernel,32,128x128,NA,NA,NA,2
host_sync_kernel,32,128x128,NA,NA,NA,2
host_sync_ws_plus_kernel,32,128x128,NA,NA,NA,2
kernel_only,32,64x256,25.782,109.32,109.32,0
ws_plus_kernel,32,64x256,26.870,104.90,104.90,0
host_sync_kernel,32,64x256,27.410,102.83,102.83,0
host_sync_ws_plus_kernel,32,64x256,28.849,97.70,97.70,0

shape=o_proj k=4096 n=5376 qweight_mb=10.5 scale_mb=0.3
mode,m,tile,us,useful_tflops,padded_tflops,ret
kernel_only,1,auto,11.410,3.86,61.76,0
ws_plus_kernel,1,auto,12.743,3.46,55.30,0
host_sync_kernel,1,auto,13.231,3.33,53.26,0
host_sync_ws_plus_kernel,1,auto,14.571,3.02,48.36,0
kernel_only,1,128x128,11.218,3.93,62.81,0
ws_plus_kernel,1,128x128,12.643,3.48,55.73,0
host_sync_kernel,1,128x128,13.051,3.37,53.99,0
host_sync_ws_plus_kernel,1,128x128,14.393,3.06,48.96,0
kernel_only,1,64x256,13.079,3.37,53.88,0
ws_plus_kernel,1,64x256,14.330,3.07,49.17,0
host_sync_kernel,1,64x256,14.784,2.98,47.66,0
host_sync_ws_plus_kernel,1,64x256,16.191,2.72,43.52,0
kernel_only,3,auto,11.472,11.52,61.42,0
ws_plus_kernel,3,auto,12.777,10.34,55.15,0
host_sync_kernel,3,auto,13.210,10.00,53.34,0
host_sync_ws_plus_kernel,3,auto,14.643,9.02,48.12,0
kernel_only,3,128x128,11.387,11.60,61.88,0
ws_plus_kernel,3,128x128,12.584,10.50,55.99,0
host_sync_kernel,3,128x128,13.120,10.07,53.71,0
host_sync_ws_plus_kernel,3,128x128,14.441,9.15,48.80,0
kernel_only,3,64x256,13.049,10.12,54.00,0
ws_plus_kernel,3,64x256,14.310,9.23,49.24,0
host_sync_kernel,3,64x256,14.758,8.95,47.75,0
host_sync_ws_plus_kernel,3,64x256,16.170,8.17,43.58,0
kernel_only,6,auto,11.431,23.12,61.64,0
ws_plus_kernel,6,auto,12.724,20.77,55.38,0
host_sync_kernel,6,auto,13.317,19.84,52.91,0
host_sync_ws_plus_kernel,6,auto,14.626,18.07,48.18,0
kernel_only,6,128x128,11.505,22.97,61.25,0
ws_plus_kernel,6,128x128,12.686,20.83,55.54,0
host_sync_kernel,6,128x128,13.233,19.97,53.25,0
host_sync_ws_plus_kernel,6,128x128,14.672,18.01,48.03,0
kernel_only,6,64x256,13.256,19.93,53.15,0
ws_plus_kernel,6,64x256,14.447,18.29,48.78,0
host_sync_kernel,6,64x256,15.013,17.60,46.94,0
host_sync_ws_plus_kernel,6,64x256,16.330,16.18,43.15,0
kernel_only,9,auto,11.628,34.09,60.60,0
ws_plus_kernel,9,auto,12.833,30.89,54.91,0
host_sync_kernel,9,auto,13.447,29.47,52.40,0
host_sync_ws_plus_kernel,9,auto,14.807,26.77,47.59,0
kernel_only,9,128x128,11.560,34.29,60.96,0
ws_plus_kernel,9,128x128,12.832,30.89,54.91,0
host_sync_kernel,9,128x128,13.428,29.52,52.48,0
host_sync_ws_plus_kernel,9,128x128,14.767,26.84,47.72,0
kernel_only,9,64x256,13.717,28.90,51.37,0
ws_plus_kernel,9,64x256,14.792,26.80,47.64,0
host_sync_kernel,9,64x256,15.349,25.82,45.91,0
host_sync_ws_plus_kernel,9,64x256,16.670,23.78,42.27,0
kernel_only,12,auto,11.719,45.10,60.13,0
ws_plus_kernel,12,auto,13.197,40.05,53.39,0
host_sync_kernel,12,auto,13.535,39.05,52.06,0
host_sync_ws_plus_kernel,12,auto,14.908,35.45,47.27,0
kernel_only,12,128x128,11.579,45.64,60.85,0
ws_plus_kernel,12,128x128,12.927,40.88,54.51,0
host_sync_kernel,12,128x128,13.487,39.18,52.25,0
host_sync_ws_plus_kernel,12,128x128,14.842,35.61,47.48,0
kernel_only,12,64x256,13.758,38.41,51.22,0
ws_plus_kernel,12,64x256,14.830,35.64,47.51,0
host_sync_kernel,12,64x256,15.496,34.10,45.47,0
host_sync_ws_plus_kernel,12,64x256,16.836,31.39,41.85,0
kernel_only,16,auto,11.819,59.62,59.62,0
ws_plus_kernel,16,auto,13.218,53.31,53.31,0
host_sync_kernel,16,auto,13.655,51.60,51.60,0
host_sync_ws_plus_kernel,16,auto,14.975,47.05,47.05,0
cold_cache_kernel,16,auto,24.793,28.42,28.42,0
weight_cycle_kernel,16,auto,21.418,32.90,32.90,0
weight_cycle_ws_plus_kernel,16,auto,23.434,30.07,30.07,0
kernel_only,16,128x128,13.812,51.02,51.02,0
ws_plus_kernel,16,128x128,15.650,45.03,45.03,0
host_sync_kernel,16,128x128,15.364,45.86,45.86,0
host_sync_ws_plus_kernel,16,128x128,17.772,39.65,39.65,0
kernel_only,16,64x256,13.929,50.59,50.59,0
ws_plus_kernel,16,64x256,15.270,46.14,46.14,0
host_sync_kernel,16,64x256,15.683,44.93,44.93,0
host_sync_ws_plus_kernel,16,64x256,17.033,41.37,41.37,0
kernel_only,23,auto,19.154,52.88,73.58,0
ws_plus_kernel,23,auto,20.403,49.65,69.07,0
host_sync_kernel,23,auto,20.815,48.66,67.71,0
host_sync_ws_plus_kernel,23,auto,22.235,45.55,63.38,0
cold_cache_kernel,23,auto,27.881,36.33,50.55,0
weight_cycle_kernel,23,auto,23.073,43.90,61.08,0
weight_cycle_ws_plus_kernel,23,auto,24.272,41.73,58.06,0
kernel_only,23,128x128,NA,NA,NA,2
ws_plus_kernel,23,128x128,NA,NA,NA,2
host_sync_kernel,23,128x128,NA,NA,NA,2
host_sync_ws_plus_kernel,23,128x128,NA,NA,NA,2
kernel_only,23,64x256,19.043,53.19,74.00,0
ws_plus_kernel,23,64x256,20.333,49.82,69.31,0
host_sync_kernel,23,64x256,20.879,48.51,67.50,0
host_sync_ws_plus_kernel,23,64x256,22.177,45.67,63.55,0
kernel_only,32,auto,20.039,70.33,70.33,0
ws_plus_kernel,32,auto,21.334,66.06,66.06,0
host_sync_kernel,32,auto,21.707,64.92,64.92,0
host_sync_ws_plus_kernel,32,auto,23.030,61.19,61.19,0
cold_cache_kernel,32,auto,28.247,49.89,49.89,0
weight_cycle_kernel,32,auto,23.448,60.10,60.10,0
weight_cycle_ws_plus_kernel,32,auto,24.508,57.50,57.50,0
kernel_only,32,128x128,NA,NA,NA,2
ws_plus_kernel,32,128x128,NA,NA,NA,2
host_sync_kernel,32,128x128,NA,NA,NA,2
host_sync_ws_plus_kernel,32,128x128,NA,NA,NA,2
kernel_only,32,64x256,19.915,70.76,70.76,0
ws_plus_kernel,32,64x256,20.994,67.13,67.13,0
host_sync_kernel,32,64x256,21.621,65.18,65.18,0
host_sync_ws_plus_kernel,32,64x256,22.981,61.32,61.32,0

shape=gate_up k=5376 n=43008 qweight_mb=110.2 scale_mb=3.4
mode,m,tile,us,useful_tflops,padded_tflops,ret
kernel_only,1,auto,129.281,3.58,57.23,0
ws_plus_kernel,1,auto,132.220,3.50,55.96,0
host_sync_kernel,1,auto,131.519,3.52,56.26,0
host_sync_ws_plus_kernel,1,auto,134.111,3.45,55.17,0
kernel_only,1,128x128,129.196,3.58,57.27,0
ws_plus_kernel,1,128x128,132.797,3.48,55.71,0
host_sync_kernel,1,128x128,131.633,3.51,56.21,0
host_sync_ws_plus_kernel,1,128x128,133.998,3.45,55.22,0
kernel_only,1,64x256,129.372,3.57,57.19,0
ws_plus_kernel,1,64x256,132.621,3.49,55.79,0
host_sync_kernel,1,64x256,131.670,3.51,56.19,0
host_sync_ws_plus_kernel,1,64x256,134.265,3.44,55.11,0
kernel_only,3,auto,130.455,10.63,56.72,0
ws_plus_kernel,3,auto,133.272,10.41,55.52,0
host_sync_kernel,3,auto,132.816,10.45,55.71,0
host_sync_ws_plus_kernel,3,auto,135.399,10.25,54.64,0
kernel_only,3,128x128,130.322,10.64,56.77,0
ws_plus_kernel,3,128x128,133.105,10.42,55.59,0
host_sync_kernel,3,128x128,132.813,10.45,55.71,0
host_sync_ws_plus_kernel,3,128x128,135.279,10.25,54.69,0
kernel_only,3,64x256,129.807,10.69,57.00,0
ws_plus_kernel,3,64x256,132.607,10.46,55.79,0
host_sync_kernel,3,64x256,132.359,10.48,55.90,0
host_sync_ws_plus_kernel,3,64x256,135.027,10.27,54.79,0
kernel_only,6,auto,131.320,21.13,56.34,0
ws_plus_kernel,6,auto,134.037,20.70,55.20,0
host_sync_kernel,6,auto,133.691,20.75,55.34,0
host_sync_ws_plus_kernel,6,auto,136.308,20.35,54.28,0
kernel_only,6,128x128,131.332,21.13,56.34,0
ws_plus_kernel,6,128x128,134.122,20.69,55.16,0
host_sync_kernel,6,128x128,133.646,20.76,55.36,0
host_sync_ws_plus_kernel,6,128x128,136.240,20.37,54.31,0
kernel_only,6,64x256,130.718,21.23,56.60,0
ws_plus_kernel,6,64x256,133.369,20.80,55.48,0
host_sync_kernel,6,64x256,133.203,20.83,55.55,0
host_sync_ws_plus_kernel,6,64x256,135.729,20.44,54.51,0
kernel_only,9,auto,132.162,31.49,55.98,0
ws_plus_kernel,9,auto,134.930,30.84,54.83,0
host_sync_kernel,9,auto,134.700,30.90,54.93,0
host_sync_ws_plus_kernel,9,auto,137.257,30.32,53.90,0
kernel_only,9,128x128,132.199,31.48,55.97,0
ws_plus_kernel,9,128x128,134.847,30.86,54.87,0
host_sync_kernel,9,128x128,134.599,30.92,54.97,0
host_sync_ws_plus_kernel,9,128x128,137.201,30.33,53.93,0
kernel_only,9,64x256,131.438,31.66,56.29,0
ws_plus_kernel,9,64x256,134.082,31.04,55.18,0
host_sync_kernel,9,64x256,133.888,31.08,55.26,0
host_sync_ws_plus_kernel,9,64x256,136.380,30.52,54.25,0
kernel_only,12,auto,132.658,41.83,55.77,0
ws_plus_kernel,12,auto,135.474,40.96,54.61,0
host_sync_kernel,12,auto,135.199,41.04,54.72,0
host_sync_ws_plus_kernel,12,auto,137.702,40.30,53.73,0
kernel_only,12,128x128,132.576,41.86,55.81,0
ws_plus_kernel,12,128x128,135.273,41.02,54.69,0
host_sync_kernel,12,128x128,135.067,41.08,54.78,0
host_sync_ws_plus_kernel,12,128x128,137.601,40.33,53.77,0
kernel_only,12,64x256,131.884,42.08,56.10,0
ws_plus_kernel,12,64x256,134.684,41.20,54.93,0
host_sync_kernel,12,64x256,134.343,41.31,55.07,0
host_sync_ws_plus_kernel,12,64x256,136.890,40.54,54.05,0
kernel_only,16,auto,133.715,55.33,55.33,0
ws_plus_kernel,16,auto,136.293,54.29,54.29,0
host_sync_kernel,16,auto,135.918,54.44,54.44,0
host_sync_ws_plus_kernel,16,auto,138.512,53.42,53.42,0
cold_cache_kernel,16,auto,176.844,41.84,41.84,0
weight_cycle_kernel,16,auto,133.985,55.22,55.22,0
weight_cycle_ws_plus_kernel,16,auto,136.202,54.32,54.32,0
kernel_only,16,128x128,133.777,55.31,55.31,0
ws_plus_kernel,16,128x128,135.849,54.46,54.46,0
host_sync_kernel,16,128x128,135.996,54.40,54.40,0
host_sync_ws_plus_kernel,16,128x128,138.390,53.46,53.46,0
kernel_only,16,64x256,133.025,55.62,55.62,0
ws_plus_kernel,16,64x256,135.136,54.75,54.75,0
host_sync_kernel,16,64x256,135.005,54.80,54.80,0
host_sync_ws_plus_kernel,16,64x256,137.631,53.76,53.76,0
kernel_only,23,auto,137.396,77.41,107.70,0
ws_plus_kernel,23,auto,139.780,76.09,105.86,0
host_sync_kernel,23,auto,139.509,76.24,106.07,0
host_sync_ws_plus_kernel,23,auto,142.151,74.82,104.10,0
cold_cache_kernel,23,auto,181.151,58.71,81.69,0
weight_cycle_kernel,23,auto,136.962,77.65,108.04,0
weight_cycle_ws_plus_kernel,23,auto,139.662,76.15,105.95,0
kernel_only,23,128x128,NA,NA,NA,2
ws_plus_kernel,23,128x128,NA,NA,NA,2
host_sync_kernel,23,128x128,NA,NA,NA,2
host_sync_ws_plus_kernel,23,128x128,NA,NA,NA,2
kernel_only,23,64x256,136.976,77.65,108.03,0
ws_plus_kernel,23,64x256,139.822,76.07,105.83,0
host_sync_kernel,23,64x256,139.724,76.12,105.90,0
host_sync_ws_plus_kernel,23,64x256,142.100,74.85,104.13,0
kernel_only,32,auto,138.025,107.21,107.21,0
ws_plus_kernel,32,auto,141.104,104.87,104.87,0
host_sync_kernel,32,auto,140.778,105.11,105.11,0
host_sync_ws_plus_kernel,32,auto,143.215,103.32,103.32,0
cold_cache_kernel,32,auto,181.254,81.64,81.64,0
weight_cycle_kernel,32,auto,138.386,106.93,106.93,0
weight_cycle_ws_plus_kernel,32,auto,140.698,105.17,105.17,0
kernel_only,32,128x128,NA,NA,NA,2
ws_plus_kernel,32,128x128,NA,NA,NA,2
host_sync_kernel,32,128x128,NA,NA,NA,2
host_sync_ws_plus_kernel,32,128x128,NA,NA,NA,2
kernel_only,32,64x256,138.472,106.86,106.86,0
ws_plus_kernel,32,64x256,140.695,105.17,105.17,0
host_sync_kernel,32,64x256,140.694,105.18,105.18,0
host_sync_ws_plus_kernel,32,64x256,143.185,103.35,103.35,0

shape=down k=21504 n=5376 qweight_mb=55.1 scale_mb=1.7
mode,m,tile,us,useful_tflops,padded_tflops,ret
kernel_only,1,auto,29.877,7.74,123.82,0
ws_plus_kernel,1,auto,31.021,7.45,119.25,0
host_sync_kernel,1,auto,31.376,7.37,117.91,0
host_sync_ws_plus_kernel,1,auto,32.785,7.05,112.84,0
kernel_only,1,128x128,29.412,7.86,125.78,0
ws_plus_kernel,1,128x128,30.700,7.53,120.50,0
host_sync_kernel,1,128x128,31.237,7.40,118.43,0
host_sync_ws_plus_kernel,1,128x128,32.538,7.11,113.69,0
kernel_only,1,64x256,30.954,7.47,119.51,0
ws_plus_kernel,1,64x256,32.129,7.20,115.14,0
host_sync_kernel,1,64x256,32.647,7.08,113.31,0
host_sync_ws_plus_kernel,1,64x256,34.241,6.75,108.04,0
kernel_only,3,auto,29.922,23.18,123.63,0
ws_plus_kernel,3,auto,31.183,22.24,118.63,0
host_sync_kernel,3,auto,31.661,21.91,116.84,0
host_sync_ws_plus_kernel,3,auto,33.042,20.99,111.96,0
kernel_only,3,128x128,29.918,23.18,123.65,0
ws_plus_kernel,3,128x128,31.057,22.33,119.11,0
host_sync_kernel,3,128x128,31.583,21.96,117.13,0
host_sync_ws_plus_kernel,3,128x128,32.921,21.07,112.37,0
kernel_only,3,64x256,30.886,22.46,119.78,0
ws_plus_kernel,3,64x256,32.237,21.52,114.75,0
host_sync_kernel,3,64x256,32.793,21.15,112.81,0
host_sync_ws_plus_kernel,3,64x256,33.986,20.41,108.85,0
kernel_only,6,auto,29.864,46.45,123.87,0
ws_plus_kernel,6,auto,31.070,44.65,119.06,0
host_sync_kernel,6,auto,31.628,43.86,116.97,0
host_sync_ws_plus_kernel,6,auto,32.906,42.16,112.42,0
kernel_only,6,128x128,29.769,46.60,124.27,0
ws_plus_kernel,6,128x128,31.141,44.55,118.79,0
host_sync_kernel,6,128x128,31.533,43.99,117.32,0
host_sync_ws_plus_kernel,6,128x128,32.843,42.24,112.64,0
kernel_only,6,64x256,31.224,44.43,118.48,0
ws_plus_kernel,6,64x256,32.504,42.68,113.81,0
host_sync_kernel,6,64x256,32.914,42.15,112.40,0
host_sync_ws_plus_kernel,6,64x256,34.429,40.29,107.45,0
kernel_only,9,auto,29.960,69.45,123.48,0
ws_plus_kernel,9,auto,31.232,66.63,118.45,0
host_sync_kernel,9,auto,31.770,65.50,116.44,0
host_sync_ws_plus_kernel,9,auto,33.173,62.73,111.52,0
kernel_only,9,128x128,29.935,69.51,123.58,0
ws_plus_kernel,9,128x128,31.367,66.34,117.94,0
host_sync_kernel,9,128x128,31.788,65.46,116.38,0
host_sync_ws_plus_kernel,9,128x128,33.047,62.97,111.94,0
kernel_only,9,64x256,31.462,66.14,117.58,0
ws_plus_kernel,9,64x256,32.733,63.57,113.02,0
host_sync_kernel,9,64x256,33.245,62.59,111.28,0
host_sync_ws_plus_kernel,9,64x256,34.529,60.26,107.14,0
kernel_only,12,auto,30.322,91.50,122.00,0
ws_plus_kernel,12,auto,31.368,88.45,117.93,0
host_sync_kernel,12,auto,31.898,86.98,115.97,0
host_sync_ws_plus_kernel,12,auto,33.538,82.73,110.30,0
kernel_only,12,128x128,30.001,92.48,123.31,0
ws_plus_kernel,12,128x128,31.290,88.67,118.23,0
host_sync_kernel,12,128x128,31.826,87.18,116.24,0
host_sync_ws_plus_kernel,12,128x128,33.203,83.56,111.42,0
kernel_only,12,64x256,31.728,87.45,116.60,0
ws_plus_kernel,12,64x256,32.887,84.37,112.49,0
host_sync_kernel,12,64x256,33.379,83.12,110.83,0
host_sync_ws_plus_kernel,12,64x256,34.717,79.92,106.56,0
kernel_only,16,auto,30.356,121.87,121.87,0
ws_plus_kernel,16,auto,31.612,117.03,117.03,0
host_sync_kernel,16,auto,32.061,115.38,115.38,0
host_sync_ws_plus_kernel,16,auto,33.321,111.02,111.02,0
cold_cache_kernel,16,auto,93.560,39.54,39.54,0
weight_cycle_kernel,16,auto,68.651,53.89,53.89,0
weight_cycle_ws_plus_kernel,16,auto,69.908,52.92,52.92,0
kernel_only,16,128x128,30.382,121.76,121.76,0
ws_plus_kernel,16,128x128,31.670,116.81,116.81,0
host_sync_kernel,16,128x128,32.117,115.18,115.18,0
host_sync_ws_plus_kernel,16,128x128,33.348,110.93,110.93,0
kernel_only,16,64x256,31.766,116.46,116.46,0
ws_plus_kernel,16,64x256,33.027,112.01,112.01,0
host_sync_kernel,16,64x256,33.522,110.36,110.36,0
host_sync_ws_plus_kernel,16,64x256,34.871,106.09,106.09,0
kernel_only,23,auto,52.520,101.25,140.87,0
ws_plus_kernel,23,auto,53.659,99.10,137.89,0
host_sync_kernel,23,auto,54.196,98.12,136.52,0
host_sync_ws_plus_kernel,23,auto,55.537,95.75,133.22,0
cold_cache_kernel,23,auto,98.045,54.24,75.46,0
weight_cycle_kernel,23,auto,72.835,73.01,101.58,0
weight_cycle_ws_plus_kernel,23,auto,74.062,71.80,99.90,0
kernel_only,23,128x128,NA,NA,NA,2
ws_plus_kernel,23,128x128,NA,NA,NA,2
host_sync_kernel,23,128x128,NA,NA,NA,2
host_sync_ws_plus_kernel,23,128x128,NA,NA,NA,2
kernel_only,23,64x256,52.282,101.71,141.52,0
ws_plus_kernel,23,64x256,53.535,99.33,138.20,0
host_sync_kernel,23,64x256,54.215,98.09,136.47,0
host_sync_ws_plus_kernel,23,64x256,55.717,95.44,132.79,0
kernel_only,32,auto,53.017,139.55,139.55,0
ws_plus_kernel,32,auto,54.222,136.45,136.45,0
host_sync_kernel,32,auto,54.710,135.24,135.24,0
host_sync_ws_plus_kernel,32,auto,56.191,131.67,131.67,0
cold_cache_kernel,32,auto,99.045,74.70,74.70,0
weight_cycle_kernel,32,auto,73.524,100.63,100.63,0
weight_cycle_ws_plus_kernel,32,auto,74.726,99.01,99.01,0
kernel_only,32,128x128,NA,NA,NA,2
ws_plus_kernel,32,128x128,NA,NA,NA,2
host_sync_kernel,32,128x128,NA,NA,NA,2
host_sync_ws_plus_kernel,32,128x128,NA,NA,NA,2
kernel_only,32,64x256,52.996,139.61,139.61,0
ws_plus_kernel,32,64x256,54.022,136.96,136.96,0
host_sync_kernel,32,64x256,54.830,134.94,134.94,0
host_sync_ws_plus_kernel,32,64x256,56.019,132.07,132.07,0

VERDICT: dense Marlin native CUDA probe complete
