crates/ferrum-kernels/kernels/marlin_cuda_kernel.cu(876): warning #177-D: variable "cols" was declared but never referenced
    int cols = prob_n / thread_n;
        ^

Remark: The warnings can be suppressed with "-diag-suppress <warning-number>"

crates/ferrum-kernels/kernels/marlin_cuda_kernel.cu(460): warning #179-D: right operand of "%" is zero
        if (group_blocks != -1 && pipe % (group_blocks / thread_k_blocks) == 0) {
                                         ^
          detected during instantiation of "void Marlin<threads,thread_m_blocks,thread_n_blocks,thread_k_blocks,stages,group_blocks>(const int4 *, const int4 *, int4 *, const int4 *, int, int, int, int, int *, const int *, const int *, const int *, int, int, int, int) [with threads=256, thread_m_blocks=1, thread_n_blocks=8, thread_k_blocks=8, stages=4, group_blocks=-1]" at line 897

crates/ferrum-kernels/kernels/marlin_cuda_kernel.cu(485): warning #39-D: division by zero
        int4* sh_s_stage = sh_s + s_sh_stage * ((group_blocks / thread_k_blocks) * (pipe / (group_blocks / thread_k_blocks)));
                                                                                           ^
          detected during instantiation of "void Marlin<threads,thread_m_blocks,thread_n_blocks,thread_k_blocks,stages,group_blocks>(const int4 *, const int4 *, int4 *, const int4 *, int, int, int, int, int *, const int *, const int *, const int *, int, int, int, int) [with threads=256, thread_m_blocks=1, thread_n_blocks=8, thread_k_blocks=8, stages=4, group_blocks=-1]" at line 897

crates/ferrum-kernels/kernels/marlin_cuda_kernel.cu(460): warning #179-D: right operand of "%" is zero
        if (group_blocks != -1 && pipe % (group_blocks / thread_k_blocks) == 0) {
                                         ^
          detected during instantiation of "void Marlin<threads,thread_m_blocks,thread_n_blocks,thread_k_blocks,stages,group_blocks>(const int4 *, const int4 *, int4 *, const int4 *, int, int, int, int, int *, const int *, const int *, const int *, int, int, int, int) [with threads=256, thread_m_blocks=1, thread_n_blocks=16, thread_k_blocks=4, stages=4, group_blocks=-1]" at line 899

crates/ferrum-kernels/kernels/marlin_cuda_kernel.cu(485): warning #39-D: division by zero
        int4* sh_s_stage = sh_s + s_sh_stage * ((group_blocks / thread_k_blocks) * (pipe / (group_blocks / thread_k_blocks)));
                                                                                           ^
          detected during instantiation of "void Marlin<threads,thread_m_blocks,thread_n_blocks,thread_k_blocks,stages,group_blocks>(const int4 *, const int4 *, int4 *, const int4 *, int, int, int, int, int *, const int *, const int *, const int *, int, int, int, int) [with threads=256, thread_m_blocks=1, thread_n_blocks=16, thread_k_blocks=4, stages=4, group_blocks=-1]" at line 899

crates/ferrum-kernels/kernels/marlin_cuda_kernel.cu(460): warning #179-D: right operand of "%" is zero
        if (group_blocks != -1 && pipe % (group_blocks / thread_k_blocks) == 0) {
                                         ^
          detected during instantiation of "void Marlin<threads,thread_m_blocks,thread_n_blocks,thread_k_blocks,stages,group_blocks>(const int4 *, const int4 *, int4 *, const int4 *, int, int, int, int, int *, const int *, const int *, const int *, int, int, int, int) [with threads=256, thread_m_blocks=2, thread_n_blocks=16, thread_k_blocks=4, stages=4, group_blocks=-1]" at line 901

crates/ferrum-kernels/kernels/marlin_cuda_kernel.cu(485): warning #39-D: division by zero
        int4* sh_s_stage = sh_s + s_sh_stage * ((group_blocks / thread_k_blocks) * (pipe / (group_blocks / thread_k_blocks)));
                                                                                           ^
          detected during instantiation of "void Marlin<threads,thread_m_blocks,thread_n_blocks,thread_k_blocks,stages,group_blocks>(const int4 *, const int4 *, int4 *, const int4 *, int, int, int, int, int *, const int *, const int *, const int *, int, int, int, int) [with threads=256, thread_m_blocks=2, thread_n_blocks=16, thread_k_blocks=4, stages=4, group_blocks=-1]" at line 901

crates/ferrum-kernels/kernels/marlin_cuda_kernel.cu(460): warning #179-D: right operand of "%" is zero
        if (group_blocks != -1 && pipe % (group_blocks / thread_k_blocks) == 0) {
                                         ^
          detected during instantiation of "void Marlin<threads,thread_m_blocks,thread_n_blocks,thread_k_blocks,stages,group_blocks>(const int4 *, const int4 *, int4 *, const int4 *, int, int, int, int, int *, const int *, const int *, const int *, int, int, int, int) [with threads=256, thread_m_blocks=3, thread_n_blocks=16, thread_k_blocks=4, stages=4, group_blocks=-1]" at line 903

crates/ferrum-kernels/kernels/marlin_cuda_kernel.cu(485): warning #39-D: division by zero
        int4* sh_s_stage = sh_s + s_sh_stage * ((group_blocks / thread_k_blocks) * (pipe / (group_blocks / thread_k_blocks)));
                                                                                           ^
          detected during instantiation of "void Marlin<threads,thread_m_blocks,thread_n_blocks,thread_k_blocks,stages,group_blocks>(const int4 *, const int4 *, int4 *, const int4 *, int, int, int, int, int *, const int *, const int *, const int *, int, int, int, int) [with threads=256, thread_m_blocks=3, thread_n_blocks=16, thread_k_blocks=4, stages=4, group_blocks=-1]" at line 903

crates/ferrum-kernels/kernels/marlin_cuda_kernel.cu(460): warning #179-D: right operand of "%" is zero
        if (group_blocks != -1 && pipe % (group_blocks / thread_k_blocks) == 0) {
                                         ^
          detected during instantiation of "void Marlin<threads,thread_m_blocks,thread_n_blocks,thread_k_blocks,stages,group_blocks>(const int4 *, const int4 *, int4 *, const int4 *, int, int, int, int, int *, const int *, const int *, const int *, int, int, int, int) [with threads=256, thread_m_blocks=4, thread_n_blocks=16, thread_k_blocks=4, stages=4, group_blocks=-1]" at line 905

crates/ferrum-kernels/kernels/marlin_cuda_kernel.cu(485): warning #39-D: division by zero
        int4* sh_s_stage = sh_s + s_sh_stage * ((group_blocks / thread_k_blocks) * (pipe / (group_blocks / thread_k_blocks)));
                                                                                           ^
          detected during instantiation of "void Marlin<threads,thread_m_blocks,thread_n_blocks,thread_k_blocks,stages,group_blocks>(const int4 *, const int4 *, int4 *, const int4 *, int, int, int, int, int *, const int *, const int *, const int *, int, int, int, int) [with threads=256, thread_m_blocks=4, thread_n_blocks=16, thread_k_blocks=4, stages=4, group_blocks=-1]" at line 905

qweight_bytes gate_up=115605504 down=57802752 total_layers=8
