[prefill-profile] tokens=23 layers total=33 ms
[prefill-profile] flash_attn: 62 calls 5 ms (avg 93 us)
[prefill-profile] qk_norm_rope: 62 calls 1 ms (avg 28 us)
[prefill-profile] matmuls: 62 calls 6 ms (avg 112 us)
[prefill-profile] norms: 62 calls 0 ms (avg 8 us)
[prefill-profile] tail_norm: 62 calls 0 ms (avg 12 us)
[prefill-profile] tail_gate_up: 62 calls 9 ms (avg 149 us)
[prefill-profile] tail_act: 62 calls 0 ms (avg 7 us)
[prefill-profile] tail_down: 62 calls 5 ms (avg 83 us)
[prefill-profile] tail_mlp: 62 calls 14 ms (avg 240 us)
[prefill-profile] tail_resid: 62 calls 0 ms (avg 8 us)
[unified-prof] iter#0 items=1 prefill=1 decode=0 total=128313us model=127951us decode_post=0us | sample=0 sched=0 stream=0 stop=0 complete=0 (us)
[iter-prof] iter#0 total=128734us sched=9us process=128724us batch_size=1
[unified-prof] iter#1 items=1 prefill=0 decode=1 total=26010us model=25837us decode_post=171us | sample=170 sched=0 stream=1 stop=0 complete=0 (us)
[iter-prof] iter#1 total=26058us sched=8us process=26050us batch_size=1
[unified-prof] iter#2 items=1 prefill=0 decode=1 total=25444us model=25260us decode_post=183us | sample=168 sched=0 stream=0 stop=0 complete=15 (us)
[iter-prof] iter#2 total=25482us sched=4us process=25477us batch_size=1
[prefill-profile] tokens=122 layers total=92 ms
[prefill-profile] flash_attn: 62 calls 33 ms (avg 545 us)
[prefill-profile] qk_norm_rope: 62 calls 1 ms (avg 29 us)
[prefill-profile] matmuls: 62 calls 6 ms (avg 108 us)
[prefill-profile] norms: 62 calls 0 ms (avg 8 us)
[prefill-profile] tail_norm: 62 calls 0 ms (avg 13 us)
[prefill-profile] tail_gate_up: 62 calls 25 ms (avg 412 us)
[prefill-profile] tail_act: 62 calls 0 ms (avg 15 us)
[prefill-profile] tail_down: 62 calls 15 ms (avg 249 us)
[prefill-profile] tail_mlp: 62 calls 42 ms (avg 678 us)
[prefill-profile] tail_resid: 62 calls 0 ms (avg 12 us)
[prefill-profile] tokens=122 layers total=91 ms
[prefill-profile] flash_attn: 62 calls 33 ms (avg 544 us)
[prefill-profile] qk_norm_rope: 62 calls 1 ms (avg 29 us)
[prefill-profile] matmuls: 62 calls 6 ms (avg 106 us)
[prefill-profile] norms: 62 calls 0 ms (avg 8 us)
[prefill-profile] tail_norm: 62 calls 0 ms (avg 13 us)
[prefill-profile] tail_gate_up: 62 calls 25 ms (avg 411 us)
[prefill-profile] tail_act: 62 calls 0 ms (avg 15 us)
[prefill-profile] tail_down: 62 calls 15 ms (avg 246 us)
[prefill-profile] tail_mlp: 62 calls 41 ms (avg 673 us)
[prefill-profile] tail_resid: 62 calls 0 ms (avg 12 us)
[prefill-profile] tokens=122 layers total=86 ms
[prefill-profile] flash_attn: 62 calls 31 ms (avg 515 us)
[prefill-profile] qk_norm_rope: 62 calls 1 ms (avg 27 us)
[prefill-profile] matmuls: 62 calls 6 ms (avg 101 us)
[prefill-profile] norms: 62 calls 0 ms (avg 8 us)
[prefill-profile] tail_norm: 62 calls 0 ms (avg 13 us)
[prefill-profile] tail_gate_up: 62 calls 24 ms (avg 390 us)
[prefill-profile] tail_act: 62 calls 0 ms (avg 15 us)
[prefill-profile] tail_down: 62 calls 14 ms (avg 233 us)
[prefill-profile] tail_mlp: 62 calls 39 ms (avg 639 us)
[prefill-profile] tail_resid: 62 calls 0 ms (avg 11 us)
[prefill-profile] tokens=122 layers total=83 ms
[prefill-profile] flash_attn: 62 calls 30 ms (avg 491 us)
[prefill-profile] qk_norm_rope: 62 calls 1 ms (avg 27 us)
[prefill-profile] matmuls: 62 calls 6 ms (avg 97 us)
[prefill-profile] norms: 62 calls 0 ms (avg 8 us)
[prefill-profile] tail_norm: 62 calls 0 ms (avg 13 us)
[prefill-profile] tail_gate_up: 62 calls 23 ms (avg 374 us)
[prefill-profile] tail_act: 62 calls 0 ms (avg 14 us)
[prefill-profile] tail_down: 62 calls 13 ms (avg 223 us)
[prefill-profile] tail_mlp: 62 calls 38 ms (avg 613 us)
[prefill-profile] tail_resid: 62 calls 0 ms (avg 11 us)
[prefill-profile] tokens=122 layers total=83 ms
[prefill-profile] flash_attn: 62 calls 30 ms (avg 491 us)
[prefill-profile] qk_norm_rope: 62 calls 1 ms (avg 27 us)
[prefill-profile] matmuls: 62 calls 6 ms (avg 97 us)
[prefill-profile] norms: 62 calls 0 ms (avg 8 us)
[prefill-profile] tail_norm: 62 calls 0 ms (avg 12 us)
[prefill-profile] tail_gate_up: 62 calls 23 ms (avg 374 us)
[prefill-profile] tail_act: 62 calls 0 ms (avg 14 us)
[prefill-profile] tail_down: 62 calls 13 ms (avg 223 us)
[prefill-profile] tail_mlp: 62 calls 37 ms (avg 612 us)
[prefill-profile] tail_resid: 62 calls 0 ms (avg 11 us)
[prefill-profile] tokens=122 layers total=83 ms
[prefill-profile] flash_attn: 62 calls 30 ms (avg 491 us)
[prefill-profile] qk_norm_rope: 62 calls 1 ms (avg 27 us)
[prefill-profile] matmuls: 62 calls 6 ms (avg 97 us)
[prefill-profile] norms: 62 calls 0 ms (avg 8 us)
[prefill-profile] tail_norm: 62 calls 0 ms (avg 12 us)
[prefill-profile] tail_gate_up: 62 calls 23 ms (avg 374 us)
[prefill-profile] tail_act: 62 calls 0 ms (avg 15 us)
[prefill-profile] tail_down: 62 calls 13 ms (avg 223 us)
[prefill-profile] tail_mlp: 62 calls 37 ms (avg 612 us)
[prefill-profile] tail_resid: 62 calls 0 ms (avg 11 us)
[prefill-profile] tokens=122 layers total=83 ms
[prefill-profile] flash_attn: 62 calls 30 ms (avg 491 us)
[prefill-profile] qk_norm_rope: 62 calls 1 ms (avg 27 us)
[prefill-profile] matmuls: 62 calls 6 ms (avg 97 us)
[prefill-profile] norms: 62 calls 0 ms (avg 8 us)
[prefill-profile] tail_norm: 62 calls 0 ms (avg 12 us)
[prefill-profile] tail_gate_up: 62 calls 23 ms (avg 374 us)
[prefill-profile] tail_act: 62 calls 0 ms (avg 15 us)
[prefill-profile] tail_down: 62 calls 13 ms (avg 223 us)
[prefill-profile] tail_mlp: 62 calls 37 ms (avg 612 us)
[prefill-profile] tail_resid: 62 calls 0 ms (avg 11 us)
[prefill-profile] tokens=122 layers total=83 ms
[prefill-profile] flash_attn: 62 calls 30 ms (avg 493 us)
[prefill-profile] qk_norm_rope: 62 calls 1 ms (avg 27 us)
[prefill-profile] matmuls: 62 calls 6 ms (avg 97 us)
[prefill-profile] norms: 62 calls 0 ms (avg 8 us)
[prefill-profile] tail_norm: 62 calls 0 ms (avg 12 us)
[prefill-profile] tail_gate_up: 62 calls 23 ms (avg 374 us)
[prefill-profile] tail_act: 62 calls 0 ms (avg 15 us)
[prefill-profile] tail_down: 62 calls 13 ms (avg 223 us)
[prefill-profile] tail_mlp: 62 calls 38 ms (avg 613 us)
[prefill-profile] tail_resid: 62 calls 0 ms (avg 11 us)
[prefill-profile] tokens=122 layers total=83 ms
[prefill-profile] flash_attn: 62 calls 30 ms (avg 493 us)
[prefill-profile] qk_norm_rope: 62 calls 1 ms (avg 27 us)
[prefill-profile] matmuls: 62 calls 6 ms (avg 97 us)
[prefill-profile] norms: 62 calls 0 ms (avg 8 us)
[prefill-profile] tail_norm: 62 calls 0 ms (avg 12 us)
[prefill-profile] tail_gate_up: 62 calls 23 ms (avg 375 us)
[prefill-profile] tail_act: 62 calls 0 ms (avg 15 us)
[prefill-profile] tail_down: 62 calls 13 ms (avg 224 us)
[prefill-profile] tail_mlp: 62 calls 38 ms (avg 614 us)
[prefill-profile] tail_resid: 62 calls 0 ms (avg 11 us)
[unified-prof] iter#3 items=9 prefill=9 decode=0 total=810684us model=808447us decode_post=0us | sample=0 sched=0 stream=0 stop=0 complete=0 (us)
[batched-op-profile] m=9 total=27737us  matmul=7069us(125) attn=1993us(62) qkr=922us(62) norm=445us(63) other=1464us(124) tail_norm=687us(62) tail_mlp=13544us(124) tail_gate_up=8898us(62) tail_down=4646us(62) marlin_ws_zero=0us(0) marlin_kernel=0us(0) marlin_qkv_ws=0us(0) marlin_qkv_kernel=0us(0) marlin_o_ws=0us(0) marlin_o_kernel=0us(0) marlin_gate_up_ws=0us(0) marlin_gate_up_kernel=0us(0) marlin_down_ws=0us(0) marlin_down_kernel=0us(0) marlin_lm_head_ws=0us(0) marlin_lm_head_kernel=0us(0) marlin_other_ws=0us(0) marlin_other_kernel=0us(0) tail_act=399us(62) tail_resid=496us(62)  unwrapped=718us
[unified-prof] iter#4 items=9 prefill=0 decode=9 total=28560us model=28428us decode_post=119us | sample=6 sched=0 stream=113 stop=0 complete=0 (us)
[prefill-profile] tokens=122 layers total=83 ms
[prefill-profile] flash_attn: 62 calls 30 ms (avg 493 us)
[prefill-profile] qk_norm_rope: 62 calls 1 ms (avg 27 us)
[prefill-profile] matmuls: 62 calls 6 ms (avg 98 us)
[prefill-profile] norms: 62 calls 0 ms (avg 8 us)
[prefill-profile] tail_norm: 62 calls 0 ms (avg 12 us)
[prefill-profile] tail_gate_up: 62 calls 23 ms (avg 375 us)
[prefill-profile] tail_act: 62 calls 0 ms (avg 15 us)
[prefill-profile] tail_down: 62 calls 13 ms (avg 223 us)
[prefill-profile] tail_mlp: 62 calls 38 ms (avg 614 us)
[prefill-profile] tail_resid: 62 calls 0 ms (avg 11 us)
[batched-op-profile] m=9 total=26898us  matmul=6894us(125) attn=1867us(62) qkr=629us(62) norm=453us(63) other=1377us(124) tail_norm=687us(62) tail_mlp=13459us(124) tail_gate_up=8860us(62) tail_down=4599us(62) marlin_ws_zero=0us(0) marlin_kernel=0us(0) marlin_qkv_ws=0us(0) marlin_qkv_kernel=0us(0) marlin_o_ws=0us(0) marlin_o_kernel=0us(0) marlin_gate_up_ws=0us(0) marlin_gate_up_kernel=0us(0) marlin_down_ws=0us(0) marlin_down_kernel=0us(0) marlin_lm_head_ws=0us(0) marlin_lm_head_kernel=0us(0) marlin_other_ws=0us(0) marlin_other_kernel=0us(0) tail_act=372us(62) tail_resid=496us(62)  unwrapped=664us
[unified-prof] iter#5 items=10 prefill=1 decode=9 total=115906us model=115357us decode_post=139us | sample=11 sched=0 stream=128 stop=0 complete=0 (us)
[batched-op-profile] m=10 total=27036us  matmul=6947us(125) attn=1878us(62) qkr=633us(62) norm=465us(63) other=1349us(124) tail_norm=683us(62) tail_mlp=13532us(124) tail_gate_up=8916us(62) tail_down=4616us(62) marlin_ws_zero=0us(0) marlin_kernel=0us(0) marlin_qkv_ws=0us(0) marlin_qkv_kernel=0us(0) marlin_o_ws=0us(0) marlin_o_kernel=0us(0) marlin_gate_up_ws=0us(0) marlin_gate_up_kernel=0us(0) marlin_down_ws=0us(0) marlin_down_kernel=0us(0) marlin_lm_head_ws=0us(0) marlin_lm_head_kernel=0us(0) marlin_other_ws=0us(0) marlin_other_kernel=0us(0) tail_act=373us(62) tail_resid=518us(62)  unwrapped=658us
[unified-prof] iter#6 items=10 prefill=0 decode=10 total=27785us model=27637us decode_post=133us | sample=14 sched=0 stream=119 stop=0 complete=0 (us)
thread 'tokio-runtime-worker' (604) panicked at crates/ferrum-kernels/src/backend/cuda/mod.rs:843:34:
CudaBackend: stream sync: DriverError(CUDA_ERROR_STREAM_CAPTURE_UNSUPPORTED, "operation not permitted when stream is capturing")
