[auto-size] gpu=24.0 GB total / 23.5 GB free | weights=15.0 GB budget / 15.0 GB total | layers=62 budget | scratch reserve=4.0 GB | KV pool budget 3.9 GB → max_blocks=512
[auto-size] requested runtime floor requires KV_MAX_BLOCKS=512 above estimated budget 338; honoring explicit runtime limits
[auto-size] KV_MAX_BLOCKS=512 PAGED_MAX_SEQS=<user> KV_CAPACITY=<user>
[2m2026-06-15T20:34:06.611073Z[0m [32m INFO[0m [2mferrum_engine::registry[0m[2m:[0m Initializing global component registry
[2m2026-06-15T20:34:06.611095Z[0m [32m INFO[0m [2mferrum_engine::registry[0m[2m:[0m Registering default component factories
[2m2026-06-15T20:34:06.611176Z[0m [32m INFO[0m [2mferrum_engine::registry[0m[2m:[0m Loading HuggingFace tokenizer from: "/root/.cache/huggingface/hub/models--circulus--gemma-3-27b-it-gptq/snapshots/70d89a3a6b401b5f56558cb5d4c0f1fd158980b2/tokenizer.json"
[2m2026-06-15T20:34:07.685233Z[0m [32m INFO[0m [2mferrum_engine::registry[0m[2m:[0m HuggingFace tokenizer loaded successfully
[2m2026-06-15T20:34:07.685264Z[0m [32m INFO[0m [2mferrum_engine::registry[0m[2m:[0m Creating multinomial sampler
[2m2026-06-15T20:34:07.685268Z[0m [32m INFO[0m [2mferrum_engine::registry[0m[2m:[0m Creating continuous batch scheduler
[2m2026-06-15T20:34:07.685273Z[0m [32m INFO[0m [2mferrum_engine::registry[0m[2m:[0m Creating paged KV cache manager: device=CUDA(0), block_size=16, max_blocks=512
[2m2026-06-15T20:34:07.685474Z[0m [32m INFO[0m [2mferrum_engine::registry[0m[2m:[0m Loading model from /root/.cache/huggingface/hub/models--circulus--gemma-3-27b-it-gptq/snapshots/70d89a3a6b401b5f56558cb5d4c0f1fd158980b2 (format: safetensors)
[2m2026-06-15T20:34:07.685747Z[0m [32m INFO[0m [2mferrum_engine::registry[0m[2m:[0m   Architecture: Gemma3, Layers: 62, Vocab: 262208
[2m2026-06-15T20:34:07.867633Z[0m [32m INFO[0m [2mferrum_engine::registry[0m[2m:[0m Building model...
[2m2026-06-15T20:34:07.867730Z[0m [32m INFO[0m [2mferrum_models::loader::gptq_loader[0m[2m:[0m GPTQ config: QuantizeConfig { bits: 4, group_size: 128, sym: true, desc_act: true, quant_method: "gptq" }
[2m2026-06-15T20:34:07.867739Z[0m [32m INFO[0m [2mferrum_engine::registry[0m[2m:[0m Loading Gemma3 via LlamaFamilyModel (5:1 SWA, dual rope, GeGLU, sandwich norms)
[2m2026-06-15T20:34:07.867750Z[0m [32m INFO[0m [2mferrum_engine::registry[0m[2m:[0m   Backend: CUDA, KV: fp16
[2m2026-06-15T20:35:01.016910Z[0m [32m INFO[0m [2mferrum_models::models::llama_family[0m[2m:[0m LlamaFamilyModel: tied embeddings — loading model.embed_tokens.weight as lm_head
[2m2026-06-15T20:35:06.252301Z[0m [32m INFO[0m [2mferrum_models::models::llama_family[0m[2m:[0m Gemma3 family: legacy batched_decode=true varlen_unified=true
[unified-op] drain#0 (over last 64 unified_forward calls):
[unified-op] rms_norm/fused_rms: 124 calls 1 ms total avg=10us
[unified-op] matmul (qkv/o/gate_up/down): 248 calls 23 ms total avg=94us
[unified-op] split_qkv_norm_rope_paged: 62 calls 82 ms total avg=1333us
[unified-op] paged_varlen_attention: 62 calls 119 ms total avg=1927us
[unified-op] silu/residual_add: 124 calls 1 ms total avg=8us
[unified-decode] call#0 items=1 prefill=1 decode=0 total_q=23 attempted_unified=true fallback=false fallback_reason=none elapsed=336326us
[unified-prof] iter#0 items=1 prefill=1 decode=0 total=336599us model=336379us decode_post=0us | sample=0 sched=0 stream=0 stop=0 complete=0 (us)
[iter-prof] iter#0 total=337008us sched=8us process=337000us batch_size=1
[bg-loop-gap] call#8 inter_iter=3us
