[microbench] compiling scripts/microbenches/dense_marlin_gemma3_perf.cu + crates/ferrum-kernels/kernels/marlin_cuda_kernel.cu
-rwxr-xr-x 1 root root 660640 Jun 15 06:41 /tmp/dense_marlin_gemma3_perf

[microbench] running /tmp/dense_marlin_gemma3_perf
dense_marlin_gemma3_perf device=NVIDIA GeForce RTX 4090 sm=8.9 peak_ref_tflops=165.0

shape=qkv k=5376 n=8192 qweight_mb=21.0 scale_mb=0.7
mode,m,tile,us,useful_tflops,padded_tflops,ret
kernel_only,1,auto,16.312,5.40,86.39,0
ws_plus_kernel,1,auto,17.763,4.96,79.34,0
kernel_only,1,128x128,16.380,5.38,86.04,0
ws_plus_kernel,1,128x128,17.551,5.02,80.30,0
kernel_only,1,64x256,17.622,5.00,79.97,0
ws_plus_kernel,1,64x256,18.924,4.65,74.47,0
kernel_only,3,auto,16.473,16.04,85.55,0
ws_plus_kernel,3,auto,17.798,14.85,79.18,0
kernel_only,3,128x128,16.280,16.23,86.57,0
ws_plus_kernel,3,128x128,17.706,14.92,79.59,0
kernel_only,3,64x256,17.850,14.80,78.95,0
ws_plus_kernel,3,64x256,19.195,13.77,73.42,0
kernel_only,6,auto,16.538,31.96,85.22,0
ws_plus_kernel,6,auto,17.887,29.55,78.79,0
kernel_only,6,128x128,16.553,31.93,85.14,0
ws_plus_kernel,6,128x128,17.928,29.48,78.61,0
kernel_only,6,64x256,17.944,29.45,78.54,0
ws_plus_kernel,6,64x256,19.268,27.43,73.14,0
kernel_only,9,auto,16.807,47.17,83.85,0
ws_plus_kernel,9,auto,18.113,43.77,77.81,0
kernel_only,9,128x128,16.518,47.99,85.32,0
ws_plus_kernel,9,128x128,18.093,43.81,77.89,0
kernel_only,9,64x256,18.284,43.36,77.08,0
ws_plus_kernel,9,64x256,19.534,40.58,72.14,0
kernel_only,12,auto,16.936,62.41,83.21,0
ws_plus_kernel,12,auto,18.152,58.23,77.64,0
kernel_only,12,128x128,16.800,62.92,83.89,0
ws_plus_kernel,12,128x128,18.227,57.99,77.32,0
kernel_only,12,64x256,18.355,57.58,76.78,0
ws_plus_kernel,12,64x256,19.574,54.00,72.00,0
kernel_only,16,auto,17.040,82.70,82.70,0
ws_plus_kernel,16,auto,18.436,76.44,76.44,0
kernel_only,16,128x128,17.007,82.87,82.87,0
ws_plus_kernel,16,128x128,18.414,76.54,76.54,0
kernel_only,16,64x256,18.410,76.55,76.55,0
ws_plus_kernel,16,64x256,19.752,71.35,71.35,0
kernel_only,23,auto,27.819,72.82,101.32,0
ws_plus_kernel,23,auto,29.078,69.67,96.93,0
kernel_only,23,128x128,NA,NA,NA,2
ws_plus_kernel,23,128x128,NA,NA,NA,2
kernel_only,23,64x256,27.690,73.16,101.79,0
ws_plus_kernel,23,64x256,29.028,69.79,97.10,0
kernel_only,32,auto,28.329,99.49,99.49,0
ws_plus_kernel,32,auto,29.561,95.35,95.35,0
kernel_only,32,128x128,NA,NA,NA,2
ws_plus_kernel,32,128x128,NA,NA,NA,2
kernel_only,32,64x256,28.182,100.01,100.01,0
ws_plus_kernel,32,64x256,29.578,95.29,95.29,0

shape=o_proj k=4096 n=5376 qweight_mb=10.5 scale_mb=0.3
mode,m,tile,us,useful_tflops,padded_tflops,ret
kernel_only,1,auto,12.355,3.56,57.03,0
ws_plus_kernel,1,auto,13.696,3.22,51.45,0
kernel_only,1,128x128,12.290,3.58,57.34,0
ws_plus_kernel,1,128x128,13.540,3.25,52.04,0
kernel_only,1,64x256,14.047,3.14,50.16,0
ws_plus_kernel,1,64x256,15.388,2.86,45.79,0
kernel_only,3,auto,12.549,10.53,56.15,0
ws_plus_kernel,3,auto,13.606,9.71,51.79,0
kernel_only,3,128x128,12.350,10.70,57.06,0
ws_plus_kernel,3,128x128,13.858,9.53,50.85,0
kernel_only,3,64x256,14.216,9.29,49.57,0
ws_plus_kernel,3,64x256,15.485,8.53,45.51,0
kernel_only,6,auto,12.601,20.97,55.92,0
ws_plus_kernel,6,auto,13.988,18.89,50.37,0
kernel_only,6,128x128,12.449,21.23,56.60,0
ws_plus_kernel,6,128x128,13.888,19.03,50.74,0
kernel_only,6,64x256,14.365,18.39,49.05,0
ws_plus_kernel,6,64x256,15.694,16.84,44.90,0
kernel_only,9,auto,12.674,31.27,55.60,0
ws_plus_kernel,9,auto,13.970,28.37,50.44,0
kernel_only,9,128x128,12.566,31.54,56.08,0
ws_plus_kernel,9,128x128,14.080,28.15,50.05,0
kernel_only,9,64x256,14.790,26.80,47.64,0
ws_plus_kernel,9,64x256,15.899,24.93,44.32,0
kernel_only,12,auto,12.790,41.32,55.09,0
ws_plus_kernel,12,auto,14.178,37.27,49.70,0
kernel_only,12,128x128,12.744,41.47,55.29,0
ws_plus_kernel,12,128x128,14.026,37.68,50.24,0
kernel_only,12,64x256,14.911,35.44,47.26,0
ws_plus_kernel,12,64x256,16.135,32.75,43.67,0
kernel_only,16,auto,12.935,54.48,54.48,0
ws_plus_kernel,16,auto,14.219,49.56,49.56,0
kernel_only,16,128x128,12.866,54.77,54.77,0
ws_plus_kernel,16,128x128,14.168,49.73,49.73,0
kernel_only,16,64x256,15.164,46.47,46.47,0
ws_plus_kernel,16,64x256,16.440,42.86,42.86,0
kernel_only,23,auto,20.941,48.37,67.30,0
ws_plus_kernel,23,auto,22.074,45.89,63.84,0
kernel_only,23,128x128,NA,NA,NA,2
ws_plus_kernel,23,128x128,NA,NA,NA,2
kernel_only,23,64x256,20.832,48.62,67.65,0
ws_plus_kernel,23,64x256,22.129,45.77,63.68,0
kernel_only,32,auto,21.791,64.67,64.67,0
ws_plus_kernel,32,auto,23.151,60.87,60.87,0
kernel_only,32,128x128,NA,NA,NA,2
ws_plus_kernel,32,128x128,NA,NA,NA,2
kernel_only,32,64x256,21.644,65.11,65.11,0
ws_plus_kernel,32,64x256,21.167,66.58,66.58,0

shape=gate_up k=5376 n=43008 qweight_mb=110.2 scale_mb=3.4
mode,m,tile,us,useful_tflops,padded_tflops,ret
kernel_only,1,auto,129.400,3.57,57.18,0
ws_plus_kernel,1,auto,132.254,3.50,55.94,0
kernel_only,1,128x128,129.396,3.57,57.18,0
ws_plus_kernel,1,128x128,131.996,3.50,56.05,0
kernel_only,1,64x256,128.788,3.59,57.45,0
ws_plus_kernel,1,64x256,131.680,3.51,56.19,0
kernel_only,3,auto,130.596,10.62,56.65,0
ws_plus_kernel,3,auto,133.423,10.40,55.45,0
kernel_only,3,128x128,130.469,10.63,56.71,0
ws_plus_kernel,3,128x128,133.240,10.41,55.53,0
kernel_only,3,64x256,129.726,10.69,57.03,0
ws_plus_kernel,3,64x256,132.526,10.47,55.83,0
kernel_only,6,auto,131.472,21.10,56.28,0
ws_plus_kernel,6,auto,134.288,20.66,55.10,0
kernel_only,6,128x128,131.437,21.11,56.29,0
ws_plus_kernel,6,128x128,134.257,20.67,55.11,0
kernel_only,6,64x256,130.662,21.23,56.63,0
ws_plus_kernel,6,64x256,133.471,20.79,55.43,0
kernel_only,9,auto,132.297,31.46,55.93,0
ws_plus_kernel,9,auto,135.216,30.78,54.72,0
kernel_only,9,128x128,132.122,31.50,56.00,0
ws_plus_kernel,9,128x128,135.080,30.81,54.77,0
kernel_only,9,64x256,131.278,31.70,56.36,0
ws_plus_kernel,9,64x256,134.111,31.03,55.17,0
kernel_only,12,auto,132.889,41.76,55.68,0
ws_plus_kernel,12,auto,135.820,40.86,54.47,0
kernel_only,12,128x128,132.762,41.80,55.73,0
ws_plus_kernel,12,128x128,135.689,40.90,54.53,0
kernel_only,12,64x256,131.910,42.07,56.09,0
ws_plus_kernel,12,64x256,134.518,41.25,55.00,0
kernel_only,16,auto,133.399,55.46,55.46,0
ws_plus_kernel,16,auto,136.310,54.28,54.28,0
kernel_only,16,128x128,133.343,55.49,55.49,0
ws_plus_kernel,16,128x128,136.082,54.37,54.37,0
kernel_only,16,64x256,132.543,55.82,55.82,0
ws_plus_kernel,16,64x256,135.240,54.71,54.71,0
kernel_only,23,auto,136.196,78.09,108.65,0
ws_plus_kernel,23,auto,139.036,76.50,106.43,0
kernel_only,23,128x128,NA,NA,NA,2
ws_plus_kernel,23,128x128,NA,NA,NA,2
kernel_only,23,64x256,136.039,78.18,108.77,0
ws_plus_kernel,23,64x256,138.633,76.72,106.74,0
kernel_only,32,auto,136.843,108.14,108.14,0
ws_plus_kernel,32,auto,139.960,105.73,105.73,0
kernel_only,32,128x128,NA,NA,NA,2
ws_plus_kernel,32,128x128,NA,NA,NA,2
kernel_only,32,64x256,136.789,108.18,108.18,0
ws_plus_kernel,32,64x256,139.406,106.15,106.15,0

shape=down k=21504 n=5376 qweight_mb=55.1 scale_mb=1.7
mode,m,tile,us,useful_tflops,padded_tflops,ret
kernel_only,1,auto,29.630,7.80,124.85,0
ws_plus_kernel,1,auto,30.893,7.48,119.75,0
kernel_only,1,128x128,29.507,7.84,125.37,0
ws_plus_kernel,1,128x128,30.754,7.52,120.29,0
kernel_only,1,64x256,30.718,7.53,120.43,0
ws_plus_kernel,1,64x256,31.989,7.23,115.65,0
kernel_only,3,auto,29.645,23.40,124.79,0
ws_plus_kernel,3,auto,31.029,22.35,119.22,0
kernel_only,3,128x128,29.633,23.41,124.84,0
ws_plus_kernel,3,128x128,30.982,22.39,119.40,0
kernel_only,3,64x256,30.878,22.46,119.81,0
ws_plus_kernel,3,64x256,32.171,21.56,114.99,0
kernel_only,6,auto,29.948,46.32,123.53,0
ws_plus_kernel,6,auto,31.192,44.48,118.60,0
kernel_only,6,128x128,29.808,46.54,124.11,0
ws_plus_kernel,6,128x128,31.233,44.42,118.45,0
kernel_only,6,64x256,31.097,44.61,118.96,0
ws_plus_kernel,6,64x256,32.239,43.03,114.75,0
kernel_only,9,auto,30.042,69.27,123.14,0
ws_plus_kernel,9,auto,31.321,66.44,118.11,0
kernel_only,9,128x128,29.947,69.49,123.53,0
ws_plus_kernel,9,128x128,31.379,66.32,117.89,0
kernel_only,9,64x256,31.225,66.64,118.48,0
ws_plus_kernel,9,64x256,32.652,63.73,113.30,0
kernel_only,12,auto,30.031,92.39,123.19,0
ws_plus_kernel,12,auto,31.420,88.30,117.74,0
kernel_only,12,128x128,30.030,92.39,123.19,0
ws_plus_kernel,12,128x128,31.380,88.42,117.89,0
kernel_only,12,64x256,31.449,88.22,117.63,0
ws_plus_kernel,12,64x256,32.882,84.38,112.51,0
kernel_only,16,auto,30.607,120.87,120.87,0
ws_plus_kernel,16,auto,32.001,115.60,115.60,0
kernel_only,16,128x128,30.617,120.83,120.83,0
ws_plus_kernel,16,128x128,32.022,115.52,115.52,0
kernel_only,16,64x256,31.607,117.04,117.04,0
ws_plus_kernel,16,64x256,32.949,112.28,112.28,0
kernel_only,23,auto,52.516,101.26,140.88,0
ws_plus_kernel,23,auto,53.823,98.80,137.46,0
kernel_only,23,128x128,NA,NA,NA,2
ws_plus_kernel,23,128x128,NA,NA,NA,2
kernel_only,23,64x256,52.335,101.61,141.37,0
ws_plus_kernel,23,64x256,53.634,99.15,137.95,0
kernel_only,32,auto,52.889,139.89,139.89,0
ws_plus_kernel,32,auto,54.230,136.43,136.43,0
kernel_only,32,128x128,NA,NA,NA,2
ws_plus_kernel,32,128x128,NA,NA,NA,2
kernel_only,32,64x256,52.904,139.85,139.85,0
ws_plus_kernel,32,64x256,54.270,136.33,136.33,0

VERDICT: dense Marlin native CUDA probe complete
