    Checking log v0.4.28
    Checking bitflags v2.10.0
    Checking tracing-core v0.1.34
   Compiling serde_json v1.0.145
   Compiling ring v0.17.14
    Checking httpdate v1.0.3
    Checking hashbrown v0.14.5
    Checking num-integer v0.1.46
   Compiling crunchy v0.2.4
   Compiling tiny-keccak v2.0.2
    Checking console v0.15.11
    Checking symphonia-core v0.5.5
    Checking raw-cpuid v11.6.0
    Checking openssl v0.10.74
   Compiling cfg-if v1.0.4
   Compiling getrandom v0.2.16
   Compiling once_cell v1.21.3
    Checking tracing v0.1.41
   Compiling ucd-trie v0.1.7
   Compiling memchr v2.7.6
    Checking transpose v0.2.3
    Checking indicatif v0.17.11
   Compiling const-random-macro v0.1.16
    Checking h2 v0.4.12
    Checking tower v0.5.2
    Checking primal-check v0.3.4
    Checking rustfft v6.4.1
    Checking const-random v0.1.18
    Checking onig v6.5.1
    Checking http v0.2.12
    Checking ferrum-types v0.7.7 (/workspace/ferrum-infer-rs/crates/ferrum-types)
    Checking symphonia-metadata v0.5.5
    Checking safetensors v0.7.0
    Checking tower-http v0.6.6
    Checking symphonia-utils-xiph v0.5.5
   Compiling pest v2.8.3
    Checking utf8parse v0.2.2
    Checking powerfmt v0.2.0
   Compiling time-core v0.1.6
   Compiling num-conv v0.1.0
    Checking deranged v0.5.4
    Checking symphonia-format-riff v0.5.5
    Checking http-body v0.4.6
   Compiling time-macros v0.2.24
    Checking symphonia-format-ogg v0.5.5
    Checking pulp v0.22.2
    Checking symphonia-codec-vorbis v0.5.5
    Checking symphonia-format-isomp4 v0.5.5
    Checking symphonia-bundle-flac v0.5.5
    Checking tokenizers v0.21.4
    Checking anstyle-parse v0.2.7
    Checking symphonia-bundle-mp3 v0.5.5
    Checking symphonia-codec-pcm v0.5.5
   Compiling pest_meta v2.8.3
   Compiling rustls v0.23.34
    Checking symphonia-codec-aac v0.5.5
    Checking safetensors v0.4.5
    Checking native-tls v0.2.14
    Checking tokio-native-tls v0.3.1
    Checking png v0.18.1
    Checking dlv-list v0.5.2
    Checking dashmap v6.1.0
    Checking sha1 v0.10.6
    Checking socket2 v0.5.10
   Compiling multer v3.1.0
    Checking is_terminal_polyfill v1.70.2
    Checking anstyle-query v1.1.4
   Compiling pest_generator v2.8.3
    Checking colorchoice v1.0.4
   Compiling rustix v1.1.2
    Checking base64 v0.21.7
    Checking anstyle v1.0.13
    Checking utf-8 v0.7.6
    Checking data-encoding v2.9.0
    Checking rustls-webpki v0.103.7
    Checking anstream v0.6.21
    Checking time v0.3.44
    Checking tungstenite v0.24.0
    Checking image v0.25.10
    Checking hyper v1.7.0
   Compiling pest_derive v2.8.3
    Checking hyper v0.14.32
    Checking ordered-multimap v0.7.3
    Checking gemm-common v0.19.0
    Checking realfft v3.5.0
    Checking symphonia v0.5.5
    Checking rubato v2.0.0
    Checking quanta v0.12.6
    Checking gemm-f32 v0.19.0
    Checking gemm-c32 v0.19.0
    Checking gemm-c64 v0.19.0
    Checking hyper-util v0.1.17
    Checking gemm-f64 v0.19.0
    Checking hashlink v0.8.4
    Checking gemm-f16 v0.19.0
    Checking num-bigint v0.4.6
    Checking ciborium-io v0.2.2
    Checking arraydeque v0.5.1
   Compiling heck v0.5.0
    Checking ferrum-interfaces v0.7.7 (/workspace/ferrum-infer-rs/crates/ferrum-interfaces)
    Checking ferrum-bench-core v0.7.7 (/workspace/ferrum-infer-rs/crates/ferrum-bench-core)
    Checking spin v0.9.8
    Checking sketches-ddsketch v0.2.2
    Checking plotters-backend v0.3.7
    Checking strsim v0.11.1
    Checking clap_lex v0.7.6
    Checking linux-raw-sys v0.11.0
    Checking memo-map v0.3.3
    Checking clap_builder v4.5.50
    Checking plotters-svg v0.3.7
    Checking gemm v0.19.0
    Checking minijinja v2.20.0
    Checking metrics-util v0.16.3
    Checking candle-core v0.9.2
   Compiling clap_derive v4.5.49
    Checking simple_asn1 v0.6.3
    Checking hyper-tls v0.6.0
    Checking yaml-rust2 v0.8.1
    Checking ciborium-ll v0.2.2
    Checking json5 v0.4.1
    Checking rust-ini v0.20.0
    Checking tokio-tungstenite v0.24.0
    Checking ron v0.8.1
    Checking tokio-rustls v0.26.4
    Checking ureq v2.12.1
    Checking axum-core v0.4.5
    Checking hyper-rustls v0.27.7
    Checking hyper-tls v0.5.0
    Checking convert_case v0.6.0
    Checking reqwest v0.12.24
    Checking pem v3.0.6
    Checking ferrum-kv v0.7.7 (/workspace/ferrum-infer-rs/crates/ferrum-kv)
    Checking ferrum-scheduler v0.7.7 (/workspace/ferrum-infer-rs/crates/ferrum-scheduler)
    Checking ferrum-sampler v0.7.7 (/workspace/ferrum-infer-rs/crates/ferrum-sampler)
    Checking itertools v0.10.5
    Checking serde_path_to_error v0.1.20
    Checking matchit v0.7.3
    Checking fastrand v2.3.0
    Checking same-file v1.0.6
    Checking cast v0.3.0
    Checking walkdir v2.5.0
    Checking tempfile v3.23.0
    Checking config v0.14.1
    Checking jsonwebtoken v9.3.1
    Checking minijinja-contrib v2.20.0
    Checking metrics-exporter-prometheus v0.13.1
    Checking clap v4.5.50
    Checking ciborium v0.2.2
    Checking plotters v0.3.7
    Checking hf-hub v0.4.3
    Checking tower v0.4.13
    Checking tinytemplate v1.2.1
    Checking tower-http v0.5.2
    Checking tracing-serde v0.2.0
    Checking criterion-plot v0.5.0
    Checking tracing-log v0.2.0
    Checking matchers v0.2.0
    Checking sharded-slab v0.1.7
    Checking is-terminal v0.4.17
    Checking thread_local v1.1.9
    Checking unsafe-libyaml v0.2.11
    Checking regex-lite v0.1.9
    Checking anes v0.1.6
    Checking ferrum-tokenizer v0.7.7 (/workspace/ferrum-infer-rs/crates/ferrum-tokenizer)
    Checking shell-words v1.1.0
    Checking oorandom v11.1.5
    Checking candle-nn v0.9.2
    Checking ferrum-kernels v0.7.7 (/workspace/ferrum-infer-rs/crates/ferrum-kernels)
    Checking nu-ansi-term v0.50.3
    Checking dialoguer v0.11.0
    Checking axum v0.7.9
    Checking shellexpand v3.1.1
    Checking criterion v0.5.1
    Checking tracing-subscriber v0.3.20
    Checking colored v2.2.0
    Checking serde_yaml v0.9.34+deprecated
    Checking ferrum-quantization v0.7.7 (/workspace/ferrum-infer-rs/crates/ferrum-quantization)
    Checking candle-transformers v0.9.2
    Checking ferrum-models v0.7.7 (/workspace/ferrum-infer-rs/crates/ferrum-models)
    Checking ferrum-engine v0.7.7 (/workspace/ferrum-infer-rs/crates/ferrum-engine)
    Checking ferrum-server v0.7.7 (/workspace/ferrum-infer-rs/crates/ferrum-server)
    Checking ferrum-cli v0.7.7 (/workspace/ferrum-infer-rs/crates/ferrum-cli)
    Finished `dev` profile [unoptimized + debuginfo] target(s) in 22.53s
