[auto-size] gpu=24.0 GB total / 23.5 GB free | weights=15.0 GB budget / 15.0 GB total | layers=62 budget | scratch reserve=4.0 GB | KV pool budget 3.9 GB → max_blocks=512
[auto-size] requested runtime floor requires KV_MAX_BLOCKS=512 above estimated budget 338; honoring explicit runtime limits
[auto-size] KV_MAX_BLOCKS=512 PAGED_MAX_SEQS=<user> KV_CAPACITY=<user>
[2m2026-06-15T21:28:41.889132Z[0m [32m INFO[0m [2mferrum_engine::registry[0m[2m:[0m Initializing global component registry
[2m2026-06-15T21:28:41.889157Z[0m [32m INFO[0m [2mferrum_engine::registry[0m[2m:[0m Registering default component factories
[2m2026-06-15T21:28:41.889239Z[0m [32m INFO[0m [2mferrum_engine::registry[0m[2m:[0m Loading HuggingFace tokenizer from: "/root/.cache/huggingface/hub/models--circulus--gemma-3-27b-it-gptq/snapshots/70d89a3a6b401b5f56558cb5d4c0f1fd158980b2/tokenizer.json"
[2m2026-06-15T21:28:42.950462Z[0m [32m INFO[0m [2mferrum_engine::registry[0m[2m:[0m HuggingFace tokenizer loaded successfully
[2m2026-06-15T21:28:42.950501Z[0m [32m INFO[0m [2mferrum_engine::registry[0m[2m:[0m Creating multinomial sampler
[2m2026-06-15T21:28:42.950505Z[0m [32m INFO[0m [2mferrum_engine::registry[0m[2m:[0m Creating continuous batch scheduler
[2m2026-06-15T21:28:42.950521Z[0m [32m INFO[0m [2mferrum_engine::registry[0m[2m:[0m Creating paged KV cache manager: device=CUDA(0), block_size=16, max_blocks=512
[2m2026-06-15T21:28:42.950712Z[0m [32m INFO[0m [2mferrum_engine::registry[0m[2m:[0m Loading model from /root/.cache/huggingface/hub/models--circulus--gemma-3-27b-it-gptq/snapshots/70d89a3a6b401b5f56558cb5d4c0f1fd158980b2 (format: safetensors)
[2m2026-06-15T21:28:42.950977Z[0m [32m INFO[0m [2mferrum_engine::registry[0m[2m:[0m   Architecture: Gemma3, Layers: 62, Vocab: 262208
[2m2026-06-15T21:28:43.128986Z[0m [32m INFO[0m [2mferrum_engine::registry[0m[2m:[0m Building model...
[2m2026-06-15T21:28:43.129089Z[0m [32m INFO[0m [2mferrum_models::loader::gptq_loader[0m[2m:[0m GPTQ config: QuantizeConfig { bits: 4, group_size: 128, sym: true, desc_act: true, quant_method: "gptq" }
[2m2026-06-15T21:28:43.129095Z[0m [32m INFO[0m [2mferrum_engine::registry[0m[2m:[0m Loading Gemma3 via LlamaFamilyModel (5:1 SWA, dual rope, GeGLU, sandwich norms)
[2m2026-06-15T21:28:43.129108Z[0m [32m INFO[0m [2mferrum_engine::registry[0m[2m:[0m   Backend: CUDA, KV: fp16
[2m2026-06-15T21:29:37.293823Z[0m [32m INFO[0m [2mferrum_models::models::llama_family[0m[2m:[0m LlamaFamilyModel: tied embeddings — loading model.embed_tokens.weight as lm_head
[2m2026-06-15T21:29:41.700586Z[0m [32m INFO[0m [2mferrum_models::models::llama_family[0m[2m:[0m Gemma3 family: legacy batched_decode=true varlen_unified=true
[unified-prof] call#0 m_total=23 num_seqs=1 layers=62 total=28042us per_layer=452us
[unified-op] drain#0 (over last 64 unified_forward calls):
[unified-op] rms_norm/fused_rms: 124 calls 1 ms total avg=10us
[unified-op] matmul (qkv/o/gate_up/down): 248 calls 23 ms total avg=93us
[unified-op] split_qkv_norm_rope_paged: 62 calls 0 ms total avg=10us
[unified-op] paged_varlen_attention: 62 calls 1 ms total avg=22us
[unified-op] silu/residual_add: 124 calls 0 ms total avg=7us
[unified-logits] call#0 row=0 orig_idx=0 global=22 finite=262208 nan=0 pos_inf=0 neg_inf=0 top=[236810:42.031250,239374:20.453125,247918:20.453125,239341:20.187500,242323:20.015625]
[unified-decode] call#0 items=1 prefill=1 decode=0 total_q=23 attempted_unified=true fallback=false fallback_reason=none elapsed=141708us
[iter-prof] iter#0 total=142328us sched=9us process=142319us batch_size=1
[bg-loop-gap] call#8 inter_iter=3us
[bg-loop-gap] call#16 inter_iter=3us
[bg-loop-gap] call#24 inter_iter=3us
[bg-loop-gap] call#32 inter_iter=3us
[bg-loop-gap] call#40 inter_iter=3us
[bg-loop-gap] call#48 inter_iter=2us
[bg-loop-gap] call#56 inter_iter=3us
[bg-loop-gap] call#64 inter_iter=1us
[bg-loop-gap] call#72 inter_iter=3us
[bg-loop-gap] call#80 inter_iter=3us
[bg-loop-gap] call#88 inter_iter=3us
[bg-loop-gap] call#96 inter_iter=3us
[bg-loop-gap] call#104 inter_iter=3us
[bg-loop-gap] call#112 inter_iter=2us
[bg-loop-gap] call#120 inter_iter=2us
[bg-loop-gap] call#128 inter_iter=3us
[bg-loop-gap] call#136 inter_iter=3us
[bg-loop-gap] call#144 inter_iter=3us
[bg-loop-gap] call#152 inter_iter=2us
[bg-loop-gap] call#160 inter_iter=3us
[bg-loop-gap] call#168 inter_iter=2us
[bg-loop-gap] call#176 inter_iter=3us
[bg-loop-gap] call#184 inter_iter=2us
[bg-loop-gap] call#192 inter_iter=3us
[bg-loop-gap] call#200 inter_iter=3us
[bg-loop-gap] call#208 inter_iter=4us
[bg-loop-gap] call#216 inter_iter=3us
[bg-loop-gap] call#224 inter_iter=3us
[bg-loop-gap] call#232 inter_iter=3us
[bg-loop-gap] call#240 inter_iter=3us
[bg-loop-gap] call#248 inter_iter=0us
[bg-loop-gap] call#256 inter_iter=2us
[bg-loop-gap] call#264 inter_iter=3us
[bg-loop-gap] call#272 inter_iter=3us
[bg-loop-gap] call#280 inter_iter=3us
[bg-loop-gap] call#288 inter_iter=3us
[bg-loop-gap] call#296 inter_iter=3us
[bg-loop-gap] call#304 inter_iter=3us
[bg-loop-gap] call#312 inter_iter=3us
[bg-loop-gap] call#320 inter_iter=3us
[bg-loop-gap] call#328 inter_iter=2us
[bg-loop-gap] call#336 inter_iter=3us
[bg-loop-gap] call#344 inter_iter=3us
[bg-loop-gap] call#352 inter_iter=3us
[bg-loop-gap] call#360 inter_iter=2us
[bg-loop-gap] call#368 inter_iter=9us
[bg-loop-gap] call#376 inter_iter=2us
[bg-loop-gap] call#384 inter_iter=4us
[bg-loop-gap] call#392 inter_iter=3us
[bg-loop-gap] call#400 inter_iter=3us
[bg-loop-gap] call#408 inter_iter=3us
[bg-loop-gap] call#416 inter_iter=3us
[bg-loop-gap] call#424 inter_iter=3us
[bg-loop-gap] call#432 inter_iter=1us
[bg-loop-gap] call#440 inter_iter=3us
[bg-loop-gap] call#448 inter_iter=2us
[bg-loop-gap] call#456 inter_iter=3us
[bg-loop-gap] call#464 inter_iter=3us
[bg-loop-gap] call#472 inter_iter=4us
[bg-loop-gap] call#480 inter_iter=7us
[bg-loop-gap] call#488 inter_iter=3us
[bg-loop-gap] call#496 inter_iter=2us
[bg-loop-gap] call#504 inter_iter=8us
[bg-loop-gap] call#512 inter_iter=6us
[bg-loop-gap] call#520 inter_iter=3us
[bg-loop-gap] call#528 inter_iter=7us
[bg-loop-gap] call#536 inter_iter=0us
[bg-loop-gap] call#544 inter_iter=2us
[bg-loop-gap] call#552 inter_iter=3us
[bg-loop-gap] call#560 inter_iter=3us
[bg-loop-gap] call#568 inter_iter=3us
[bg-loop-gap] call#576 inter_iter=4us
[bg-loop-gap] call#584 inter_iter=4us
[bg-loop-gap] call#592 inter_iter=3us
[bg-loop-gap] call#600 inter_iter=2us
[bg-loop-gap] call#608 inter_iter=3us
[bg-loop-gap] call#616 inter_iter=2us
[bg-loop-gap] call#624 inter_iter=3us
[bg-loop-gap] call#632 inter_iter=6us
[bg-loop-gap] call#640 inter_iter=3us
[bg-loop-gap] call#648 inter_iter=3us
[bg-loop-gap] call#656 inter_iter=3us
[bg-loop-gap] call#664 inter_iter=3us
[bg-loop-gap] call#672 inter_iter=2us
[bg-loop-gap] call#680 inter_iter=2us
[bg-loop-gap] call#688 inter_iter=2us
[bg-loop-gap] call#696 inter_iter=3us
[bg-loop-gap] call#704 inter_iter=2us
[bg-loop-gap] call#712 inter_iter=3us
[bg-loop-gap] call#720 inter_iter=1us
[bg-loop-gap] call#728 inter_iter=3us
[bg-loop-gap] call#736 inter_iter=3us
[bg-loop-gap] call#744 inter_iter=3us
[bg-loop-gap] call#752 inter_iter=2us
[bg-loop-gap] call#760 inter_iter=3us
[bg-loop-gap] call#768 inter_iter=2us
[bg-loop-gap] call#776 inter_iter=3us
[bg-loop-gap] call#784 inter_iter=3us
[bg-loop-gap] call#792 inter_iter=8us
[bg-loop-gap] call#800 inter_iter=5us
[bg-loop-gap] call#808 inter_iter=2us
[bg-loop-gap] call#816 inter_iter=5us
[bg-loop-gap] call#824 inter_iter=5us
[bg-loop-gap] call#832 inter_iter=2us
[bg-loop-gap] call#840 inter_iter=2us
[bg-loop-gap] call#848 inter_iter=2us
[bg-loop-gap] call#856 inter_iter=2us
[bg-loop-gap] call#864 inter_iter=0us
[bg-loop-gap] call#872 inter_iter=2us
[bg-loop-gap] call#880 inter_iter=2us
[bg-loop-gap] call#888 inter_iter=2us
[bg-loop-gap] call#896 inter_iter=2us
[bg-loop-gap] call#904 inter_iter=2us
[bg-loop-gap] call#912 inter_iter=2us
[bg-loop-gap] call#920 inter_iter=2us
[bg-loop-gap] call#928 inter_iter=1us
[bg-loop-gap] call#936 inter_iter=1us
[bg-loop-gap] call#944 inter_iter=2us
[bg-loop-gap] call#952 inter_iter=2us
[bg-loop-gap] call#960 inter_iter=2us
[bg-loop-gap] call#968 inter_iter=2us
[bg-loop-gap] call#976 inter_iter=1us
[bg-loop-gap] call#984 inter_iter=2us
[bg-loop-gap] call#992 inter_iter=1us
[bg-loop-gap] call#1000 inter_iter=1us
[bg-loop-gap] call#1008 inter_iter=2us
[bg-loop-gap] call#1016 inter_iter=2us
[bg-loop-gap] call#1024 inter_iter=3us
[bg-loop-gap] call#1032 inter_iter=2us
[bg-loop-gap] call#1040 inter_iter=3us
[bg-loop-gap] call#1048 inter_iter=3us
[bg-loop-gap] call#1056 inter_iter=5us
[bg-loop-gap] call#1064 inter_iter=3us
[bg-loop-gap] call#1072 inter_iter=3us
[bg-loop-gap] call#1080 inter_iter=3us
[bg-loop-gap] call#1088 inter_iter=3us
[bg-loop-gap] call#1096 inter_iter=3us
[bg-loop-gap] call#1104 inter_iter=3us
[bg-loop-gap] call#1112 inter_iter=3us
[bg-loop-gap] call#1120 inter_iter=7us
[bg-loop-gap] call#1128 inter_iter=2us
[bg-loop-gap] call#1136 inter_iter=3us
[bg-loop-gap] call#1144 inter_iter=3us
[bg-loop-gap] call#1152 inter_iter=3us
[bg-loop-gap] call#1160 inter_iter=3us
[bg-loop-gap] call#1168 inter_iter=2us
[bg-loop-gap] call#1176 inter_iter=4us
[bg-loop-gap] call#1184 inter_iter=3us
[bg-loop-gap] call#1192 inter_iter=2us
[bg-loop-gap] call#1200 inter_iter=2us
[bg-loop-gap] call#1208 inter_iter=2us
[bg-loop-gap] call#1216 inter_iter=2us
[bg-loop-gap] call#1224 inter_iter=5us
[bg-loop-gap] call#1232 inter_iter=2us
[bg-loop-gap] call#1240 inter_iter=3us
[bg-loop-gap] call#1248 inter_iter=3us
[bg-loop-gap] call#1256 inter_iter=5us
[bg-loop-gap] call#1264 inter_iter=3us
[bg-loop-gap] call#1272 inter_iter=4us
[bg-loop-gap] call#1280 inter_iter=3us
[bg-loop-gap] call#1288 inter_iter=4us
[bg-loop-gap] call#1296 inter_iter=4us
[bg-loop-gap] call#1304 inter_iter=4us
[bg-loop-gap] call#1312 inter_iter=3us
[bg-loop-gap] call#1320 inter_iter=2us
[bg-loop-gap] call#1328 inter_iter=3us
[bg-loop-gap] call#1336 inter_iter=3us
[bg-loop-gap] call#1344 inter_iter=7us
[bg-loop-gap] call#1352 inter_iter=4us
[bg-loop-gap] call#1360 inter_iter=4us
[bg-loop-gap] call#1368 inter_iter=4us
[bg-loop-gap] call#1376 inter_iter=4us
[bg-loop-gap] call#1384 inter_iter=4us
[bg-loop-gap] call#1392 inter_iter=3us
[bg-loop-gap] call#1400 inter_iter=4us
[bg-loop-gap] call#1408 inter_iter=4us
[bg-loop-gap] call#1416 inter_iter=4us
[bg-loop-gap] call#1424 inter_iter=6us
[bg-loop-gap] call#1432 inter_iter=3us
[bg-loop-gap] call#1440 inter_iter=2us
[bg-loop-gap] call#1448 inter_iter=3us
[bg-loop-gap] call#1456 inter_iter=2us
[bg-loop-gap] call#1464 inter_iter=2us
[bg-loop-gap] call#1472 inter_iter=3us
[bg-loop-gap] call#1480 inter_iter=2us
[bg-loop-gap] call#1488 inter_iter=3us
[bg-loop-gap] call#1496 inter_iter=4us
[bg-loop-gap] call#1504 inter_iter=3us
[bg-loop-gap] call#1512 inter_iter=3us
[bg-loop-gap] call#1520 inter_iter=3us
[bg-loop-gap] call#1528 inter_iter=3us
[bg-loop-gap] call#1536 inter_iter=3us
[bg-loop-gap] call#1544 inter_iter=4us
[bg-loop-gap] call#1552 inter_iter=4us
[bg-loop-gap] call#1560 inter_iter=4us
[bg-loop-gap] call#1568 inter_iter=2us
[bg-loop-gap] call#1576 inter_iter=3us
[bg-loop-gap] call#1584 inter_iter=4us
[bg-loop-gap] call#1592 inter_iter=4us
[bg-loop-gap] call#1600 inter_iter=2us
[bg-loop-gap] call#1608 inter_iter=3us
[bg-loop-gap] call#1616 inter_iter=3us
[bg-loop-gap] call#1624 inter_iter=3us
[bg-loop-gap] call#1632 inter_iter=3us
[bg-loop-gap] call#1640 inter_iter=3us
[bg-loop-gap] call#1648 inter_iter=3us
[bg-loop-gap] call#1656 inter_iter=3us
[bg-loop-gap] call#1664 inter_iter=3us
[bg-loop-gap] call#1672 inter_iter=3us
[bg-loop-gap] call#1680 inter_iter=4us
[bg-loop-gap] call#1688 inter_iter=3us
[bg-loop-gap] call#1696 inter_iter=8us
[bg-loop-gap] call#1704 inter_iter=3us
[bg-loop-gap] call#1712 inter_iter=3us
[bg-loop-gap] call#1720 inter_iter=3us
[bg-loop-gap] call#1728 inter_iter=3us
[bg-loop-gap] call#1736 inter_iter=4us
[bg-loop-gap] call#1744 inter_iter=3us
[bg-loop-gap] call#1752 inter_iter=4us
[bg-loop-gap] call#1760 inter_iter=8us
[bg-loop-gap] call#1768 inter_iter=3us
[bg-loop-gap] call#1776 inter_iter=6us
[bg-loop-gap] call#1784 inter_iter=4us
[bg-loop-gap] call#1792 inter_iter=4us
[bg-loop-gap] call#1800 inter_iter=3us
[bg-loop-gap] call#1808 inter_iter=3us
[bg-loop-gap] call#1816 inter_iter=6us
[bg-loop-gap] call#1824 inter_iter=3us
[bg-loop-gap] call#1832 inter_iter=3us
[bg-loop-gap] call#1840 inter_iter=3us
[bg-loop-gap] call#1848 inter_iter=4us
[bg-loop-gap] call#1856 inter_iter=3us
[bg-loop-gap] call#1864 inter_iter=2us
[bg-loop-gap] call#1872 inter_iter=3us
[bg-loop-gap] call#1880 inter_iter=2us
[bg-loop-gap] call#1888 inter_iter=3us
[bg-loop-gap] call#1896 inter_iter=4us
[bg-loop-gap] call#1904 inter_iter=3us
[bg-loop-gap] call#1912 inter_iter=4us
[bg-loop-gap] call#1920 inter_iter=3us
[bg-loop-gap] call#1928 inter_iter=3us
[bg-loop-gap] call#1936 inter_iter=3us
[bg-loop-gap] call#1944 inter_iter=3us
[bg-loop-gap] call#1952 inter_iter=3us
[bg-loop-gap] call#1960 inter_iter=3us
[bg-loop-gap] call#1968 inter_iter=3us
[bg-loop-gap] call#1976 inter_iter=4us
[bg-loop-gap] call#1984 inter_iter=1us
[bg-loop-gap] call#1992 inter_iter=3us
[bg-loop-gap] call#2000 inter_iter=3us
[bg-loop-gap] call#2008 inter_iter=3us
[bg-loop-gap] call#2016 inter_iter=3us
[bg-loop-gap] call#2024 inter_iter=3us
[bg-loop-gap] call#2032 inter_iter=3us
[bg-loop-gap] call#2040 inter_iter=3us
[bg-loop-gap] call#2048 inter_iter=12us
[bg-loop-gap] call#2056 inter_iter=2us
[bg-loop-gap] call#2064 inter_iter=2us
[bg-loop-gap] call#2072 inter_iter=3us
[bg-loop-gap] call#2080 inter_iter=3us
[bg-loop-gap] call#2088 inter_iter=5us
[bg-loop-gap] call#2096 inter_iter=4us
[bg-loop-gap] call#2104 inter_iter=4us
[bg-loop-gap] call#2112 inter_iter=2us
[bg-loop-gap] call#2120 inter_iter=2us
[bg-loop-gap] call#2128 inter_iter=5us
[bg-loop-gap] call#2136 inter_iter=1us
[bg-loop-gap] call#2144 inter_iter=1us
[bg-loop-gap] call#2152 inter_iter=2us
[bg-loop-gap] call#2160 inter_iter=2us
[bg-loop-gap] call#2168 inter_iter=2us
[bg-loop-gap] call#2176 inter_iter=2us
[bg-loop-gap] call#2184 inter_iter=1us
[bg-loop-gap] call#2192 inter_iter=3us
[bg-loop-gap] call#2200 inter_iter=2us
[bg-loop-gap] call#2208 inter_iter=2us
[bg-loop-gap] call#2216 inter_iter=2us
[bg-loop-gap] call#2224 inter_iter=2us
[bg-loop-gap] call#2232 inter_iter=4us
[bg-loop-gap] call#2240 inter_iter=5us
[bg-loop-gap] call#2248 inter_iter=7us
[bg-loop-gap] call#2256 inter_iter=3us
[bg-loop-gap] call#2264 inter_iter=3us
[bg-loop-gap] call#2272 inter_iter=3us
[bg-loop-gap] call#2280 inter_iter=3us
[bg-loop-gap] call#2288 inter_iter=4us
[bg-loop-gap] call#2296 inter_iter=3us
[bg-loop-gap] call#2304 inter_iter=3us
[bg-loop-gap] call#2312 inter_iter=3us
[bg-loop-gap] call#2320 inter_iter=3us
[bg-loop-gap] call#2328 inter_iter=3us
[bg-loop-gap] call#2336 inter_iter=3us
[bg-loop-gap] call#2344 inter_iter=3us
[bg-loop-gap] call#2352 inter_iter=6us
[bg-loop-gap] call#2360 inter_iter=4us
[bg-loop-gap] call#2368 inter_iter=4us
[bg-loop-gap] call#2376 inter_iter=3us
[bg-loop-gap] call#2384 inter_iter=3us
[bg-loop-gap] call#2392 inter_iter=3us
[bg-loop-gap] call#2400 inter_iter=3us
[bg-loop-gap] call#2408 inter_iter=6us
[bg-loop-gap] call#2416 inter_iter=4us
[bg-loop-gap] call#2424 inter_iter=4us
[bg-loop-gap] call#2432 inter_iter=3us
[bg-loop-gap] call#2440 inter_iter=3us
[bg-loop-gap] call#2448 inter_iter=3us
[bg-loop-gap] call#2456 inter_iter=3us
[bg-loop-gap] call#2464 inter_iter=3us
[bg-loop-gap] call#2472 inter_iter=2us
[bg-loop-gap] call#2480 inter_iter=3us
[bg-loop-gap] call#2488 inter_iter=3us
[bg-loop-gap] call#2496 inter_iter=2us
[bg-loop-gap] call#2504 inter_iter=4us
[bg-loop-gap] call#2512 inter_iter=4us
[bg-loop-gap] call#2520 inter_iter=3us
[bg-loop-gap] call#2528 inter_iter=4us
[bg-loop-gap] call#2536 inter_iter=3us
[bg-loop-gap] call#2544 inter_iter=2us
[bg-loop-gap] call#2552 inter_iter=3us
[bg-loop-gap] call#2560 inter_iter=2us
[bg-loop-gap] call#2568 inter_iter=4us
[bg-loop-gap] call#2576 inter_iter=4us
[bg-loop-gap] call#2584 inter_iter=3us
[bg-loop-gap] call#2592 inter_iter=3us
[bg-loop-gap] call#2600 inter_iter=3us
[bg-loop-gap] call#2608 inter_iter=3us
[bg-loop-gap] call#2616 inter_iter=3us
[bg-loop-gap] call#2624 inter_iter=3us
[bg-loop-gap] call#2632 inter_iter=8us
[bg-loop-gap] call#2640 inter_iter=4us
[bg-loop-gap] call#2648 inter_iter=3us
[bg-loop-gap] call#2656 inter_iter=2us
[bg-loop-gap] call#2664 inter_iter=7us
[bg-loop-gap] call#2672 inter_iter=3us
[bg-loop-gap] call#2680 inter_iter=3us
[bg-loop-gap] call#2688 inter_iter=3us
[bg-loop-gap] call#2696 inter_iter=3us
[bg-loop-gap] call#2704 inter_iter=3us
[bg-loop-gap] call#2712 inter_iter=4us
[bg-loop-gap] call#2720 inter_iter=8us
[bg-loop-gap] call#2728 inter_iter=3us
[bg-loop-gap] call#2736 inter_iter=2us
[bg-loop-gap] call#2744 inter_iter=3us
[bg-loop-gap] call#2752 inter_iter=4us
[bg-loop-gap] call#2760 inter_iter=4us
[bg-loop-gap] call#2768 inter_iter=1us
[bg-loop-gap] call#2776 inter_iter=3us
[bg-loop-gap] call#2784 inter_iter=2us
[bg-loop-gap] call#2792 inter_iter=3us
[bg-loop-gap] call#2800 inter_iter=2us
[bg-loop-gap] call#2808 inter_iter=2us
[bg-loop-gap] call#2816 inter_iter=3us
[bg-loop-gap] call#2824 inter_iter=3us
[bg-loop-gap] call#2832 inter_iter=3us
[bg-loop-gap] call#2840 inter_iter=2us
[bg-loop-gap] call#2848 inter_iter=2us
[bg-loop-gap] call#2856 inter_iter=2us
[bg-loop-gap] call#2864 inter_iter=2us
[bg-loop-gap] call#2872 inter_iter=3us
[bg-loop-gap] call#2880 inter_iter=3us
[bg-loop-gap] call#2888 inter_iter=2us
[bg-loop-gap] call#2896 inter_iter=2us
[bg-loop-gap] call#2904 inter_iter=3us
[bg-loop-gap] call#2912 inter_iter=2us
[bg-loop-gap] call#2920 inter_iter=2us
[bg-loop-gap] call#2928 inter_iter=3us
[bg-loop-gap] call#2936 inter_iter=2us
[bg-loop-gap] call#2944 inter_iter=3us
[bg-loop-gap] call#2952 inter_iter=3us
[bg-loop-gap] call#2960 inter_iter=2us
[bg-loop-gap] call#2968 inter_iter=3us
[bg-loop-gap] call#2976 inter_iter=2us
[bg-loop-gap] call#2984 inter_iter=2us
[bg-loop-gap] call#2992 inter_iter=3us
[bg-loop-gap] call#3000 inter_iter=3us
[bg-loop-gap] call#3008 inter_iter=3us
[bg-loop-gap] call#3016 inter_iter=3us
[bg-loop-gap] call#3024 inter_iter=2us
[bg-loop-gap] call#3032 inter_iter=2us
[bg-loop-gap] call#3040 inter_iter=2us
[bg-loop-gap] call#3048 inter_iter=3us
[bg-loop-gap] call#3056 inter_iter=3us
[bg-loop-gap] call#3064 inter_iter=1us
[bg-loop-gap] call#3072 inter_iter=2us
[bg-loop-gap] call#3080 inter_iter=2us
[bg-loop-gap] call#3088 inter_iter=2us
[bg-loop-gap] call#3096 inter_iter=2us
[bg-loop-gap] call#3104 inter_iter=1us
[bg-loop-gap] call#3112 inter_iter=2us
[bg-loop-gap] call#3120 inter_iter=2us
[bg-loop-gap] call#3128 inter_iter=1us
[bg-loop-gap] call#3136 inter_iter=1us
[bg-loop-gap] call#3144 inter_iter=2us
[bg-loop-gap] call#3152 inter_iter=1us
[bg-loop-gap] call#3160 inter_iter=2us
[bg-loop-gap] call#3168 inter_iter=2us
[bg-loop-gap] call#3176 inter_iter=2us
[bg-loop-gap] call#3184 inter_iter=2us
[bg-loop-gap] call#3192 inter_iter=2us
[bg-loop-gap] call#3200 inter_iter=2us
[bg-loop-gap] call#3208 inter_iter=2us
[bg-loop-gap] call#3216 inter_iter=2us
[bg-loop-gap] call#3224 inter_iter=3us
[bg-loop-gap] call#3232 inter_iter=2us
[bg-loop-gap] call#3240 inter_iter=3us
[bg-loop-gap] call#3248 inter_iter=3us
[bg-loop-gap] call#3256 inter_iter=4us
[bg-loop-gap] call#3264 inter_iter=3us
[bg-loop-gap] call#3272 inter_iter=5us
[bg-loop-gap] call#3280 inter_iter=3us
[bg-loop-gap] call#3288 inter_iter=5us
[bg-loop-gap] call#3296 inter_iter=2us
[bg-loop-gap] call#3304 inter_iter=3us
[bg-loop-gap] call#3312 inter_iter=2us
[bg-loop-gap] call#3320 inter_iter=3us
[bg-loop-gap] call#3328 inter_iter=1us
[bg-loop-gap] call#3336 inter_iter=3us
[bg-loop-gap] call#3344 inter_iter=8us
[bg-loop-gap] call#3352 inter_iter=3us
[bg-loop-gap] call#3360 inter_iter=3us
[bg-loop-gap] call#3368 inter_iter=3us
[bg-loop-gap] call#3376 inter_iter=3us
[bg-loop-gap] call#3384 inter_iter=3us
[bg-loop-gap] call#3392 inter_iter=1us
[bg-loop-gap] call#3400 inter_iter=2us
[bg-loop-gap] call#3408 inter_iter=1us
[bg-loop-gap] call#3416 inter_iter=2us
[bg-loop-gap] call#3424 inter_iter=2us
[bg-loop-gap] call#3432 inter_iter=2us
[bg-loop-gap] call#3440 inter_iter=2us
[bg-loop-gap] call#3448 inter_iter=2us
[bg-loop-gap] call#3456 inter_iter=5us
[bg-loop-gap] call#3464 inter_iter=2us
[bg-loop-gap] call#3472 inter_iter=2us
[bg-loop-gap] call#3480 inter_iter=2us
[bg-loop-gap] call#3488 inter_iter=2us
[bg-loop-gap] call#3496 inter_iter=2us
[bg-loop-gap] call#3504 inter_iter=2us
[bg-loop-gap] call#3512 inter_iter=2us
[bg-loop-gap] call#3520 inter_iter=2us
[bg-loop-gap] call#3528 inter_iter=2us
[bg-loop-gap] call#3536 inter_iter=2us
[bg-loop-gap] call#3544 inter_iter=2us
[bg-loop-gap] call#3552 inter_iter=2us
[bg-loop-gap] call#3560 inter_iter=2us
[bg-loop-gap] call#3568 inter_iter=1us
[bg-loop-gap] call#3576 inter_iter=2us
[bg-loop-gap] call#3584 inter_iter=2us
[bg-loop-gap] call#3592 inter_iter=2us
[bg-loop-gap] call#3600 inter_iter=2us
[bg-loop-gap] call#3608 inter_iter=2us
[bg-loop-gap] call#3616 inter_iter=2us
[bg-loop-gap] call#3624 inter_iter=3us
[bg-loop-gap] call#3632 inter_iter=2us
[bg-loop-gap] call#3640 inter_iter=2us
[bg-loop-gap] call#3648 inter_iter=2us
[bg-loop-gap] call#3656 inter_iter=2us
[bg-loop-gap] call#3664 inter_iter=2us
[bg-loop-gap] call#3672 inter_iter=2us
[bg-loop-gap] call#3680 inter_iter=2us
[bg-loop-gap] call#3688 inter_iter=3us
[bg-loop-gap] call#3696 inter_iter=3us
[bg-loop-gap] call#3704 inter_iter=3us
[bg-loop-gap] call#3712 inter_iter=3us
[bg-loop-gap] call#3720 inter_iter=7us
[bg-loop-gap] call#3728 inter_iter=3us
[bg-loop-gap] call#3736 inter_iter=1us
[bg-loop-gap] call#3744 inter_iter=3us
[bg-loop-gap] call#3752 inter_iter=4us
[bg-loop-gap] call#3760 inter_iter=3us
[bg-loop-gap] call#3768 inter_iter=2us
[bg-loop-gap] call#3776 inter_iter=3us
[bg-loop-gap] call#3784 inter_iter=3us
[bg-loop-gap] call#3792 inter_iter=3us
[bg-loop-gap] call#3800 inter_iter=3us
[bg-loop-gap] call#3808 inter_iter=2us
[bg-loop-gap] call#3816 inter_iter=4us
[bg-loop-gap] call#3824 inter_iter=3us
[bg-loop-gap] call#3832 inter_iter=3us
[bg-loop-gap] call#3840 inter_iter=3us
[bg-loop-gap] call#3848 inter_iter=3us
[bg-loop-gap] call#3856 inter_iter=3us
[bg-loop-gap] call#3864 inter_iter=4us
[bg-loop-gap] call#3872 inter_iter=4us
[bg-loop-gap] call#3880 inter_iter=3us
[bg-loop-gap] call#3888 inter_iter=3us
[bg-loop-gap] call#3896 inter_iter=3us
[bg-loop-gap] call#3904 inter_iter=2us
[bg-loop-gap] call#3912 inter_iter=3us
[bg-loop-gap] call#3920 inter_iter=3us
[bg-loop-gap] call#3928 inter_iter=3us
[bg-loop-gap] call#3936 inter_iter=3us
[bg-loop-gap] call#3944 inter_iter=3us
[bg-loop-gap] call#3952 inter_iter=3us
[bg-loop-gap] call#3960 inter_iter=4us
[bg-loop-gap] call#3968 inter_iter=3us
[bg-loop-gap] call#3976 inter_iter=3us
[bg-loop-gap] call#3984 inter_iter=3us
[bg-loop-gap] call#3992 inter_iter=3us
[bg-loop-gap] call#4000 inter_iter=3us
[bg-loop-gap] call#4008 inter_iter=3us
[bg-loop-gap] call#4016 inter_iter=3us
[bg-loop-gap] call#4024 inter_iter=3us
[bg-loop-gap] call#4032 inter_iter=3us
[bg-loop-gap] call#4040 inter_iter=3us
[bg-loop-gap] call#4048 inter_iter=3us
[bg-loop-gap] call#4056 inter_iter=3us
[bg-loop-gap] call#4064 inter_iter=3us
[bg-loop-gap] call#4072 inter_iter=3us
[bg-loop-gap] call#4080 inter_iter=2us
[bg-loop-gap] call#4088 inter_iter=3us
[bg-loop-gap] call#4096 inter_iter=3us
[bg-loop-gap] call#4104 inter_iter=3us
[bg-loop-gap] call#4112 inter_iter=8us
[bg-loop-gap] call#4120 inter_iter=3us
[bg-loop-gap] call#4128 inter_iter=8us
[bg-loop-gap] call#4136 inter_iter=4us
[bg-loop-gap] call#4144 inter_iter=3us
[bg-loop-gap] call#4152 inter_iter=4us
[bg-loop-gap] call#4160 inter_iter=2us
[bg-loop-gap] call#4168 inter_iter=6us
[bg-loop-gap] call#4176 inter_iter=4us
[bg-loop-gap] call#4184 inter_iter=4us
[bg-loop-gap] call#4192 inter_iter=3us
[bg-loop-gap] call#4200 inter_iter=7us
[bg-loop-gap] call#4208 inter_iter=3us
[bg-loop-gap] call#4216 inter_iter=2us
[bg-loop-gap] call#4224 inter_iter=3us
[bg-loop-gap] call#4232 inter_iter=3us
[bg-loop-gap] call#4240 inter_iter=4us
[bg-loop-gap] call#4248 inter_iter=10us
[bg-loop-gap] call#4256 inter_iter=3us
[bg-loop-gap] call#4264 inter_iter=3us
[bg-loop-gap] call#4272 inter_iter=2us
[bg-loop-gap] call#4280 inter_iter=3us
[bg-loop-gap] call#4288 inter_iter=3us
[bg-loop-gap] call#4296 inter_iter=2us
[bg-loop-gap] call#4304 inter_iter=3us
[bg-loop-gap] call#4312 inter_iter=4us
[bg-loop-gap] call#4320 inter_iter=3us
[bg-loop-gap] call#4328 inter_iter=3us
[bg-loop-gap] call#4336 inter_iter=4us
[bg-loop-gap] call#4344 inter_iter=2us
[bg-loop-gap] call#4352 inter_iter=3us
[bg-loop-gap] call#4360 inter_iter=2us
[bg-loop-gap] call#4368 inter_iter=3us
[bg-loop-gap] call#4376 inter_iter=3us
[bg-loop-gap] call#4384 inter_iter=2us
[bg-loop-gap] call#4392 inter_iter=4us
[bg-loop-gap] call#4400 inter_iter=3us
[bg-loop-gap] call#4408 inter_iter=1us
[bg-loop-gap] call#4416 inter_iter=3us
[bg-loop-gap] call#4424 inter_iter=4us
[bg-loop-gap] call#4432 inter_iter=4us
[bg-loop-gap] call#4440 inter_iter=3us
[bg-loop-gap] call#4448 inter_iter=3us
[bg-loop-gap] call#4456 inter_iter=3us
[bg-loop-gap] call#4464 inter_iter=3us
[bg-loop-gap] call#4472 inter_iter=3us
[bg-loop-gap] call#4480 inter_iter=3us
[bg-loop-gap] call#4488 inter_iter=3us
[bg-loop-gap] call#4496 inter_iter=4us
[bg-loop-gap] call#4504 inter_iter=3us
[bg-loop-gap] call#4512 inter_iter=3us
[bg-loop-gap] call#4520 inter_iter=3us
[bg-loop-gap] call#4528 inter_iter=1us
[bg-loop-gap] call#4536 inter_iter=3us
[bg-loop-gap] call#4544 inter_iter=4us
[bg-loop-gap] call#4552 inter_iter=4us
[bg-loop-gap] call#4560 inter_iter=3us
[bg-loop-gap] call#4568 inter_iter=4us
[bg-loop-gap] call#4576 inter_iter=3us
[bg-loop-gap] call#4584 inter_iter=2us
[bg-loop-gap] call#4592 inter_iter=3us
[bg-loop-gap] call#4600 inter_iter=3us
[bg-loop-gap] call#4608 inter_iter=3us
[bg-loop-gap] call#4616 inter_iter=4us
[bg-loop-gap] call#4624 inter_iter=4us
[bg-loop-gap] call#4632 inter_iter=2us
[bg-loop-gap] call#4640 inter_iter=3us
[bg-loop-gap] call#4648 inter_iter=3us
[bg-loop-gap] call#4656 inter_iter=3us
[bg-loop-gap] call#4664 inter_iter=2us
[bg-loop-gap] call#4672 inter_iter=4us
[bg-loop-gap] call#4680 inter_iter=4us
[bg-loop-gap] call#4688 inter_iter=4us
[bg-loop-gap] call#4696 inter_iter=3us
[bg-loop-gap] call#4704 inter_iter=3us
[bg-loop-gap] call#4712 inter_iter=3us
[bg-loop-gap] call#4720 inter_iter=2us
[bg-loop-gap] call#4728 inter_iter=3us
[bg-loop-gap] call#4736 inter_iter=3us
[bg-loop-gap] call#4744 inter_iter=3us
[bg-loop-gap] call#4752 inter_iter=2us
[bg-loop-gap] call#4760 inter_iter=3us
[bg-loop-gap] call#4768 inter_iter=3us
[bg-loop-gap] call#4776 inter_iter=4us
[bg-loop-gap] call#4784 inter_iter=3us
[bg-loop-gap] call#4792 inter_iter=3us
[bg-loop-gap] call#4800 inter_iter=4us
[bg-loop-gap] call#4808 inter_iter=3us
[bg-loop-gap] call#4816 inter_iter=3us
[bg-loop-gap] call#4824 inter_iter=3us
[bg-loop-gap] call#4832 inter_iter=3us
[bg-loop-gap] call#4840 inter_iter=2us
[bg-loop-gap] call#4848 inter_iter=3us
[bg-loop-gap] call#4856 inter_iter=3us
[bg-loop-gap] call#4864 inter_iter=2us
[bg-loop-gap] call#4872 inter_iter=3us
[bg-loop-gap] call#4880 inter_iter=2us
[bg-loop-gap] call#4888 inter_iter=3us
[bg-loop-gap] call#4896 inter_iter=2us
[bg-loop-gap] call#4904 inter_iter=3us
[bg-loop-gap] call#4912 inter_iter=3us
[bg-loop-gap] call#4920 inter_iter=2us
[bg-loop-gap] call#4928 inter_iter=3us
[bg-loop-gap] call#4936 inter_iter=4us
[bg-loop-gap] call#4944 inter_iter=3us
[bg-loop-gap] call#4952 inter_iter=4us
[bg-loop-gap] call#4960 inter_iter=3us
[bg-loop-gap] call#4968 inter_iter=3us
[bg-loop-gap] call#4976 inter_iter=2us
[bg-loop-gap] call#4984 inter_iter=4us
[bg-loop-gap] call#4992 inter_iter=4us
[bg-loop-gap] call#5000 inter_iter=3us
[bg-loop-gap] call#5008 inter_iter=3us
[bg-loop-gap] call#5016 inter_iter=3us
[bg-loop-gap] call#5024 inter_iter=3us
[bg-loop-gap] call#5032 inter_iter=3us
[bg-loop-gap] call#5040 inter_iter=2us
[bg-loop-gap] call#5048 inter_iter=3us
[bg-loop-gap] call#5056 inter_iter=4us
[bg-loop-gap] call#5064 inter_iter=3us
[bg-loop-gap] call#5072 inter_iter=3us
[bg-loop-gap] call#5080 inter_iter=3us
[bg-loop-gap] call#5088 inter_iter=3us
[bg-loop-gap] call#5096 inter_iter=3us
[bg-loop-gap] call#5104 inter_iter=2us
[bg-loop-gap] call#5112 inter_iter=3us
[bg-loop-gap] call#5120 inter_iter=3us
[bg-loop-gap] call#5128 inter_iter=2us
[bg-loop-gap] call#5136 inter_iter=3us
[bg-loop-gap] call#5144 inter_iter=3us
[bg-loop-gap] call#5152 inter_iter=3us
[bg-loop-gap] call#5160 inter_iter=3us
[bg-loop-gap] call#5168 inter_iter=2us
[bg-loop-gap] call#5176 inter_iter=3us
[bg-loop-gap] call#5184 inter_iter=3us
[bg-loop-gap] call#5192 inter_iter=2us
[bg-loop-gap] call#5200 inter_iter=3us
[bg-loop-gap] call#5208 inter_iter=3us
[bg-loop-gap] call#5216 inter_iter=3us
[bg-loop-gap] call#5224 inter_iter=3us
[bg-loop-gap] call#5232 inter_iter=2us
[bg-loop-gap] call#5240 inter_iter=3us
[bg-loop-gap] call#5248 inter_iter=3us
[bg-loop-gap] call#5256 inter_iter=3us
[bg-loop-gap] call#5264 inter_iter=3us
[bg-loop-gap] call#5272 inter_iter=2us
[bg-loop-gap] call#5280 inter_iter=2us
[bg-loop-gap] call#5288 inter_iter=3us
[bg-loop-gap] call#5296 inter_iter=3us
[bg-loop-gap] call#5304 inter_iter=3us
[bg-loop-gap] call#5312 inter_iter=3us
[bg-loop-gap] call#5320 inter_iter=2us
[bg-loop-gap] call#5328 inter_iter=4us
[bg-loop-gap] call#5336 inter_iter=3us
[bg-loop-gap] call#5344 inter_iter=3us
[bg-loop-gap] call#5352 inter_iter=3us
[bg-loop-gap] call#5360 inter_iter=3us
[bg-loop-gap] call#5368 inter_iter=2us
[bg-loop-gap] call#5376 inter_iter=3us
[bg-loop-gap] call#5384 inter_iter=2us
[bg-loop-gap] call#5392 inter_iter=3us
[bg-loop-gap] call#5400 inter_iter=3us
[bg-loop-gap] call#5408 inter_iter=4us
[bg-loop-gap] call#5416 inter_iter=3us
[bg-loop-gap] call#5424 inter_iter=3us
[bg-loop-gap] call#5432 inter_iter=2us
[bg-loop-gap] call#5440 inter_iter=3us
[bg-loop-gap] call#5448 inter_iter=2us
[bg-loop-gap] call#5456 inter_iter=3us
[bg-loop-gap] call#5464 inter_iter=3us
[bg-loop-gap] call#5472 inter_iter=3us
[bg-loop-gap] call#5480 inter_iter=3us
[bg-loop-gap] call#5488 inter_iter=3us
[bg-loop-gap] call#5496 inter_iter=3us
[bg-loop-gap] call#5504 inter_iter=3us
[bg-loop-gap] call#5512 inter_iter=3us
[bg-loop-gap] call#5520 inter_iter=3us
[bg-loop-gap] call#5528 inter_iter=4us
[bg-loop-gap] call#5536 inter_iter=3us
[bg-loop-gap] call#5544 inter_iter=3us
[bg-loop-gap] call#5552 inter_iter=3us
[bg-loop-gap] call#5560 inter_iter=2us
[bg-loop-gap] call#5568 inter_iter=3us
[bg-loop-gap] call#5576 inter_iter=3us
[bg-loop-gap] call#5584 inter_iter=3us
[bg-loop-gap] call#5592 inter_iter=3us
[bg-loop-gap] call#5600 inter_iter=3us
[bg-loop-gap] call#5608 inter_iter=8us
[bg-loop-gap] call#5616 inter_iter=2us
[bg-loop-gap] call#5624 inter_iter=8us
[bg-loop-gap] call#5632 inter_iter=8us
[bg-loop-gap] call#5640 inter_iter=8us
[bg-loop-gap] call#5648 inter_iter=9us
[bg-loop-gap] call#5656 inter_iter=8us
[bg-loop-gap] call#5664 inter_iter=7us
[bg-loop-gap] call#5672 inter_iter=7us
[bg-loop-gap] call#5680 inter_iter=7us
[bg-loop-gap] call#5688 inter_iter=6us
[bg-loop-gap] call#5696 inter_iter=7us
[bg-loop-gap] call#5704 inter_iter=7us
[bg-loop-gap] call#5712 inter_iter=7us
[bg-loop-gap] call#5720 inter_iter=7us
[bg-loop-gap] call#5728 inter_iter=8us
[bg-loop-gap] call#5736 inter_iter=4us
[bg-loop-gap] call#5744 inter_iter=7us
[bg-loop-gap] call#5752 inter_iter=4us
[bg-loop-gap] call#5760 inter_iter=4us
[bg-loop-gap] call#5768 inter_iter=8us
[bg-loop-gap] call#5776 inter_iter=3us
[bg-loop-gap] call#5784 inter_iter=2us
[bg-loop-gap] call#5792 inter_iter=8us
[bg-loop-gap] call#5800 inter_iter=5us
[bg-loop-gap] call#5808 inter_iter=3us
[bg-loop-gap] call#5816 inter_iter=3us
[bg-loop-gap] call#5824 inter_iter=2us
[bg-loop-gap] call#5832 inter_iter=3us
[bg-loop-gap] call#5840 inter_iter=6us
[bg-loop-gap] call#5848 inter_iter=3us
[bg-loop-gap] call#5856 inter_iter=3us
[bg-loop-gap] call#5864 inter_iter=3us
[bg-loop-gap] call#5872 inter_iter=5us
[bg-loop-gap] call#5880 inter_iter=4us
[bg-loop-gap] call#5888 inter_iter=4us
[bg-loop-gap] call#5896 inter_iter=3us
[bg-loop-gap] call#5904 inter_iter=3us
[bg-loop-gap] call#5912 inter_iter=3us
[bg-loop-gap] call#5920 inter_iter=3us
[bg-loop-gap] call#5928 inter_iter=6us
[bg-loop-gap] call#5936 inter_iter=7us
[bg-loop-gap] call#5944 inter_iter=3us
[bg-loop-gap] call#5952 inter_iter=3us
[bg-loop-gap] call#5960 inter_iter=5us
[bg-loop-gap] call#5968 inter_iter=3us
[bg-loop-gap] call#5976 inter_iter=3us
[bg-loop-gap] call#5984 inter_iter=3us
[bg-loop-gap] call#5992 inter_iter=3us
[bg-loop-gap] call#6000 inter_iter=3us
[bg-loop-gap] call#6008 inter_iter=5us
[bg-loop-gap] call#6016 inter_iter=2us
[bg-loop-gap] call#6024 inter_iter=6us
[bg-loop-gap] call#6032 inter_iter=3us
[bg-loop-gap] call#6040 inter_iter=5us
[bg-loop-gap] call#6048 inter_iter=3us
[bg-loop-gap] call#6056 inter_iter=9us
[bg-loop-gap] call#6064 inter_iter=4us
[bg-loop-gap] call#6072 inter_iter=2us
[bg-loop-gap] call#6080 inter_iter=3us
[bg-loop-gap] call#6088 inter_iter=3us
[bg-loop-gap] call#6096 inter_iter=3us
[bg-loop-gap] call#6104 inter_iter=2us
[bg-loop-gap] call#6112 inter_iter=4us
[bg-loop-gap] call#6120 inter_iter=4us
[bg-loop-gap] call#6128 inter_iter=6us
[bg-loop-gap] call#6136 inter_iter=4us
[bg-loop-gap] call#6144 inter_iter=3us
[bg-loop-gap] call#6152 inter_iter=3us
[bg-loop-gap] call#6160 inter_iter=3us
[bg-loop-gap] call#6168 inter_iter=3us
[bg-loop-gap] call#6176 inter_iter=3us
[bg-loop-gap] call#6184 inter_iter=3us
[bg-loop-gap] call#6192 inter_iter=4us
[bg-loop-gap] call#6200 inter_iter=3us
[bg-loop-gap] call#6208 inter_iter=2us
[bg-loop-gap] call#6216 inter_iter=3us
[bg-loop-gap] call#6224 inter_iter=3us
[bg-loop-gap] call#6232 inter_iter=4us
[bg-loop-gap] call#6240 inter_iter=6us
[bg-loop-gap] call#6248 inter_iter=4us
[bg-loop-gap] call#6256 inter_iter=6us
[bg-loop-gap] call#6264 inter_iter=3us
[bg-loop-gap] call#6272 inter_iter=2us
[bg-loop-gap] call#6280 inter_iter=4us
[bg-loop-gap] call#6288 inter_iter=2us
[bg-loop-gap] call#6296 inter_iter=2us
[bg-loop-gap] call#6304 inter_iter=3us
[bg-loop-gap] call#6312 inter_iter=3us
[bg-loop-gap] call#6320 inter_iter=3us
[bg-loop-gap] call#6328 inter_iter=3us
[bg-loop-gap] call#6336 inter_iter=3us
[bg-loop-gap] call#6344 inter_iter=5us
[bg-loop-gap] call#6352 inter_iter=4us
[bg-loop-gap] call#6360 inter_iter=4us
[bg-loop-gap] call#6368 inter_iter=2us
[bg-loop-gap] call#6376 inter_iter=3us
[bg-loop-gap] call#6384 inter_iter=2us
[bg-loop-gap] call#6392 inter_iter=2us
[bg-loop-gap] call#6400 inter_iter=5us
[bg-loop-gap] call#6408 inter_iter=4us
[bg-loop-gap] call#6416 inter_iter=3us
[bg-loop-gap] call#6424 inter_iter=3us
[bg-loop-gap] call#6432 inter_iter=2us
[bg-loop-gap] call#6440 inter_iter=3us
[bg-loop-gap] call#6448 inter_iter=3us
[bg-loop-gap] call#6456 inter_iter=2us
[bg-loop-gap] call#6464 inter_iter=2us
[bg-loop-gap] call#6472 inter_iter=3us
[bg-loop-gap] call#6480 inter_iter=2us
[bg-loop-gap] call#6488 inter_iter=3us
[bg-loop-gap] call#6496 inter_iter=2us
[bg-loop-gap] call#6504 inter_iter=2us
[bg-loop-gap] call#6512 inter_iter=3us
[bg-loop-gap] call#6520 inter_iter=4us
[bg-loop-gap] call#6528 inter_iter=4us
[bg-loop-gap] call#6536 inter_iter=3us
[bg-loop-gap] call#6544 inter_iter=3us
[bg-loop-gap] call#6552 inter_iter=3us
[bg-loop-gap] call#6560 inter_iter=3us
[bg-loop-gap] call#6568 inter_iter=3us
[bg-loop-gap] call#6576 inter_iter=2us
[bg-loop-gap] call#6584 inter_iter=3us
[bg-loop-gap] call#6592 inter_iter=2us
[bg-loop-gap] call#6600 inter_iter=3us
[bg-loop-gap] call#6608 inter_iter=3us
[bg-loop-gap] call#6616 inter_iter=3us
[bg-loop-gap] call#6624 inter_iter=3us
[bg-loop-gap] call#6632 inter_iter=2us
[bg-loop-gap] call#6640 inter_iter=3us
[bg-loop-gap] call#6648 inter_iter=4us
[bg-loop-gap] call#6656 inter_iter=3us
[bg-loop-gap] call#6664 inter_iter=1us
[bg-loop-gap] call#6672 inter_iter=4us
[bg-loop-gap] call#6680 inter_iter=3us
[bg-loop-gap] call#6688 inter_iter=3us
[bg-loop-gap] call#6696 inter_iter=3us
[bg-loop-gap] call#6704 inter_iter=3us
[bg-loop-gap] call#6712 inter_iter=4us
[bg-loop-gap] call#6720 inter_iter=3us
[bg-loop-gap] call#6728 inter_iter=3us
[bg-loop-gap] call#6736 inter_iter=3us
[bg-loop-gap] call#6744 inter_iter=1us
[bg-loop-gap] call#6752 inter_iter=3us
[bg-loop-gap] call#6760 inter_iter=3us
[bg-loop-gap] call#6768 inter_iter=3us
[bg-loop-gap] call#6776 inter_iter=3us
[bg-loop-gap] call#6784 inter_iter=3us
[bg-loop-gap] call#6792 inter_iter=4us
[bg-loop-gap] call#6800 inter_iter=4us
[bg-loop-gap] call#6808 inter_iter=4us
[bg-loop-gap] call#6816 inter_iter=2us
[bg-loop-gap] call#6824 inter_iter=3us
[bg-loop-gap] call#6832 inter_iter=3us
[bg-loop-gap] call#6840 inter_iter=3us
[bg-loop-gap] call#6848 inter_iter=3us
[bg-loop-gap] call#6856 inter_iter=3us
[bg-loop-gap] call#6864 inter_iter=3us
[bg-loop-gap] call#6872 inter_iter=3us
[bg-loop-gap] call#6880 inter_iter=3us
[bg-loop-gap] call#6888 inter_iter=4us
[bg-loop-gap] call#6896 inter_iter=2us
[bg-loop-gap] call#6904 inter_iter=3us
[bg-loop-gap] call#6912 inter_iter=3us
[bg-loop-gap] call#6920 inter_iter=3us
[bg-loop-gap] call#6928 inter_iter=5us
[bg-loop-gap] call#6936 inter_iter=4us
[bg-loop-gap] call#6944 inter_iter=3us
[bg-loop-gap] call#6952 inter_iter=3us
[bg-loop-gap] call#6960 inter_iter=3us
[bg-loop-gap] call#6968 inter_iter=2us
[bg-loop-gap] call#6976 inter_iter=3us
[bg-loop-gap] call#6984 inter_iter=2us
[bg-loop-gap] call#6992 inter_iter=3us
[bg-loop-gap] call#7000 inter_iter=3us
[bg-loop-gap] call#7008 inter_iter=4us
[bg-loop-gap] call#7016 inter_iter=3us
[bg-loop-gap] call#7024 inter_iter=3us
[bg-loop-gap] call#7032 inter_iter=2us
[bg-loop-gap] call#7040 inter_iter=2us
[bg-loop-gap] call#7048 inter_iter=3us
[bg-loop-gap] call#7056 inter_iter=7us
[bg-loop-gap] call#7064 inter_iter=4us
[bg-loop-gap] call#7072 inter_iter=3us
[bg-loop-gap] call#7080 inter_iter=3us
[bg-loop-gap] call#7088 inter_iter=3us
[bg-loop-gap] call#7096 inter_iter=2us
[bg-loop-gap] call#7104 inter_iter=6us
[bg-loop-gap] call#7112 inter_iter=7us
[bg-loop-gap] call#7120 inter_iter=3us
[bg-loop-gap] call#7128 inter_iter=3us
[bg-loop-gap] call#7136 inter_iter=3us
[bg-loop-gap] call#7144 inter_iter=2us
[bg-loop-gap] call#7152 inter_iter=3us
[bg-loop-gap] call#7160 inter_iter=2us
[bg-loop-gap] call#7168 inter_iter=2us
[bg-loop-gap] call#7176 inter_iter=4us
[bg-loop-gap] call#7184 inter_iter=4us
[bg-loop-gap] call#7192 inter_iter=4us
[bg-loop-gap] call#7200 inter_iter=3us
[bg-loop-gap] call#7208 inter_iter=3us
[bg-loop-gap] call#7216 inter_iter=1us
[bg-loop-gap] call#7224 inter_iter=3us
[bg-loop-gap] call#7232 inter_iter=5us
[bg-loop-gap] call#7240 inter_iter=5us
[bg-loop-gap] call#7248 inter_iter=6us
[bg-loop-gap] call#7256 inter_iter=3us
[bg-loop-gap] call#7264 inter_iter=3us
[bg-loop-gap] call#7272 inter_iter=3us
[bg-loop-gap] call#7280 inter_iter=2us
[bg-loop-gap] call#7288 inter_iter=3us
[bg-loop-gap] call#7296 inter_iter=5us
[bg-loop-gap] call#7304 inter_iter=8us
[bg-loop-gap] call#7312 inter_iter=3us
[bg-loop-gap] call#7320 inter_iter=7us
[bg-loop-gap] call#7328 inter_iter=3us
[bg-loop-gap] call#7336 inter_iter=3us
[bg-loop-gap] call#7344 inter_iter=3us
[bg-loop-gap] call#7352 inter_iter=3us
[bg-loop-gap] call#7360 inter_iter=3us
[bg-loop-gap] call#7368 inter_iter=3us
[bg-loop-gap] call#7376 inter_iter=3us
[bg-loop-gap] call#7384 inter_iter=3us
[bg-loop-gap] call#7392 inter_iter=3us
[bg-loop-gap] call#7400 inter_iter=3us
[bg-loop-gap] call#7408 inter_iter=3us
[bg-loop-gap] call#7416 inter_iter=3us
[bg-loop-gap] call#7424 inter_iter=4us
[bg-loop-gap] call#7432 inter_iter=2us
[bg-loop-gap] call#7440 inter_iter=2us
[bg-loop-gap] call#7448 inter_iter=7us
[bg-loop-gap] call#7456 inter_iter=6us
[bg-loop-gap] call#7464 inter_iter=3us
[bg-loop-gap] call#7472 inter_iter=3us
[bg-loop-gap] call#7480 inter_iter=2us
[bg-loop-gap] call#7488 inter_iter=3us
[bg-loop-gap] call#7496 inter_iter=3us
[bg-loop-gap] call#7504 inter_iter=5us
[bg-loop-gap] call#7512 inter_iter=3us
[bg-loop-gap] call#7520 inter_iter=3us
[bg-loop-gap] call#7528 inter_iter=2us
[bg-loop-gap] call#7536 inter_iter=3us
[bg-loop-gap] call#7544 inter_iter=3us
[bg-loop-gap] call#7552 inter_iter=3us
[bg-loop-gap] call#7560 inter_iter=3us
[bg-loop-gap] call#7568 inter_iter=3us
[bg-loop-gap] call#7576 inter_iter=3us
[bg-loop-gap] call#7584 inter_iter=3us
[bg-loop-gap] call#7592 inter_iter=5us
[bg-loop-gap] call#7600 inter_iter=3us
[bg-loop-gap] call#7608 inter_iter=6us
[bg-loop-gap] call#7616 inter_iter=4us
[bg-loop-gap] call#7624 inter_iter=4us
[bg-loop-gap] call#7632 inter_iter=2us
[bg-loop-gap] call#7640 inter_iter=3us
[bg-loop-gap] call#7648 inter_iter=3us
[bg-loop-gap] call#7656 inter_iter=2us
[bg-loop-gap] call#7664 inter_iter=2us
[bg-loop-gap] call#7672 inter_iter=3us
[bg-loop-gap] call#7680 inter_iter=7us
[bg-loop-gap] call#7688 inter_iter=3us
[bg-loop-gap] call#7696 inter_iter=3us
[bg-loop-gap] call#7704 inter_iter=7us
[bg-loop-gap] call#7712 inter_iter=3us
[bg-loop-gap] call#7720 inter_iter=3us
[bg-loop-gap] call#7728 inter_iter=2us
[bg-loop-gap] call#7736 inter_iter=2us
[bg-loop-gap] call#7744 inter_iter=4us
[bg-loop-gap] call#7752 inter_iter=3us
[bg-loop-gap] call#7760 inter_iter=3us
[bg-loop-gap] call#7768 inter_iter=3us
[bg-loop-gap] call#7776 inter_iter=3us
[bg-loop-gap] call#7784 inter_iter=3us
[bg-loop-gap] call#7792 inter_iter=2us
[bg-loop-gap] call#7800 inter_iter=3us
[bg-loop-gap] call#7808 inter_iter=3us
[bg-loop-gap] call#7816 inter_iter=4us
[bg-loop-gap] call#7824 inter_iter=7us
[bg-loop-gap] call#7832 inter_iter=6us
[bg-loop-gap] call#7840 inter_iter=2us
[bg-loop-gap] call#7848 inter_iter=3us
[bg-loop-gap] call#7856 inter_iter=3us
[bg-loop-gap] call#7864 inter_iter=3us
[bg-loop-gap] call#7872 inter_iter=3us
[bg-loop-gap] call#7880 inter_iter=3us
[bg-loop-gap] call#7888 inter_iter=3us
[bg-loop-gap] call#7896 inter_iter=3us
[bg-loop-gap] call#7904 inter_iter=2us
[bg-loop-gap] call#7912 inter_iter=3us
[bg-loop-gap] call#7920 inter_iter=2us
[bg-loop-gap] call#7928 inter_iter=2us
[bg-loop-gap] call#7936 inter_iter=3us
[bg-loop-gap] call#7944 inter_iter=2us
[bg-loop-gap] call#7952 inter_iter=3us
[bg-loop-gap] call#7960 inter_iter=3us
[bg-loop-gap] call#7968 inter_iter=2us
[bg-loop-gap] call#7976 inter_iter=3us
[bg-loop-gap] call#7984 inter_iter=3us
[bg-loop-gap] call#7992 inter_iter=2us
[bg-loop-gap] call#8000 inter_iter=3us
[bg-loop-gap] call#8008 inter_iter=4us
[bg-loop-gap] call#8016 inter_iter=3us
[bg-loop-gap] call#8024 inter_iter=3us
[bg-loop-gap] call#8032 inter_iter=2us
[bg-loop-gap] call#8040 inter_iter=3us
[bg-loop-gap] call#8048 inter_iter=1us
[bg-loop-gap] call#8056 inter_iter=3us
[bg-loop-gap] call#8064 inter_iter=5us
[bg-loop-gap] call#8072 inter_iter=4us
[bg-loop-gap] call#8080 inter_iter=3us
[bg-loop-gap] call#8088 inter_iter=5us
[bg-loop-gap] call#8096 inter_iter=3us
[bg-loop-gap] call#8104 inter_iter=2us
[bg-loop-gap] call#8112 inter_iter=3us
[bg-loop-gap] call#8120 inter_iter=4us
[bg-loop-gap] call#8128 inter_iter=3us
[bg-loop-gap] call#8136 inter_iter=3us
[bg-loop-gap] call#8144 inter_iter=2us
[bg-loop-gap] call#8152 inter_iter=3us
[bg-loop-gap] call#8160 inter_iter=4us
[bg-loop-gap] call#8168 inter_iter=5us
[bg-loop-gap] call#8176 inter_iter=3us
[bg-loop-gap] call#8184 inter_iter=3us
[bg-loop-gap] call#8192 inter_iter=7us
[bg-loop-gap] call#8200 inter_iter=4us
[bg-loop-gap] call#8208 inter_iter=5us
[bg-loop-gap] call#8216 inter_iter=3us
[bg-loop-gap] call#8224 inter_iter=1us
[bg-loop-gap] call#8232 inter_iter=5us
[bg-loop-gap] call#8240 inter_iter=4us
[bg-loop-gap] call#8248 inter_iter=2us
[bg-loop-gap] call#8256 inter_iter=3us
[bg-loop-gap] call#8264 inter_iter=2us
[bg-loop-gap] call#8272 inter_iter=3us
[bg-loop-gap] call#8280 inter_iter=3us
[bg-loop-gap] call#8288 inter_iter=3us
[bg-loop-gap] call#8296 inter_iter=3us
[bg-loop-gap] call#8304 inter_iter=3us
[bg-loop-gap] call#8312 inter_iter=3us
[bg-loop-gap] call#8320 inter_iter=4us
[bg-loop-gap] call#8328 inter_iter=3us
[bg-loop-gap] call#8336 inter_iter=3us
[bg-loop-gap] call#8344 inter_iter=3us
[bg-loop-gap] call#8352 inter_iter=3us
[bg-loop-gap] call#8360 inter_iter=3us
[bg-loop-gap] call#8368 inter_iter=3us
[bg-loop-gap] call#8376 inter_iter=3us
[bg-loop-gap] call#8384 inter_iter=3us
[bg-loop-gap] call#8392 inter_iter=3us
[bg-loop-gap] call#8400 inter_iter=3us
[bg-loop-gap] call#8408 inter_iter=3us
[bg-loop-gap] call#8416 inter_iter=3us
[bg-loop-gap] call#8424 inter_iter=3us
[bg-loop-gap] call#8432 inter_iter=3us
[bg-loop-gap] call#8440 inter_iter=3us
[bg-loop-gap] call#8448 inter_iter=3us
[bg-loop-gap] call#8456 inter_iter=2us
[bg-loop-gap] call#8464 inter_iter=3us
[bg-loop-gap] call#8472 inter_iter=3us
[bg-loop-gap] call#8480 inter_iter=3us
[bg-loop-gap] call#8488 inter_iter=3us
[bg-loop-gap] call#8496 inter_iter=3us
[bg-loop-gap] call#8504 inter_iter=7us
[bg-loop-gap] call#8512 inter_iter=3us
[bg-loop-gap] call#8520 inter_iter=3us
[bg-loop-gap] call#8528 inter_iter=3us
[bg-loop-gap] call#8536 inter_iter=3us
[bg-loop-gap] call#8544 inter_iter=2us
[bg-loop-gap] call#8552 inter_iter=3us
[bg-loop-gap] call#8560 inter_iter=3us
[bg-loop-gap] call#8568 inter_iter=3us
[bg-loop-gap] call#8576 inter_iter=2us
[bg-loop-gap] call#8584 inter_iter=2us
[bg-loop-gap] call#8592 inter_iter=2us
[bg-loop-gap] call#8600 inter_iter=3us
[bg-loop-gap] call#8608 inter_iter=1us
[bg-loop-gap] call#8616 inter_iter=4us
[bg-loop-gap] call#8624 inter_iter=3us
[bg-loop-gap] call#8632 inter_iter=3us
[bg-loop-gap] call#8640 inter_iter=3us
[bg-loop-gap] call#8648 inter_iter=3us
[bg-loop-gap] call#8656 inter_iter=2us
[bg-loop-gap] call#8664 inter_iter=2us
[bg-loop-gap] call#8672 inter_iter=2us
[bg-loop-gap] call#8680 inter_iter=2us
[bg-loop-gap] call#8688 inter_iter=3us
[bg-loop-gap] call#8696 inter_iter=3us
[bg-loop-gap] call#8704 inter_iter=3us
[bg-loop-gap] call#8712 inter_iter=3us
[bg-loop-gap] call#8720 inter_iter=3us
[bg-loop-gap] call#8728 inter_iter=3us
[bg-loop-gap] call#8736 inter_iter=2us
[bg-loop-gap] call#8744 inter_iter=3us
[bg-loop-gap] call#8752 inter_iter=3us
[bg-loop-gap] call#8760 inter_iter=3us
[bg-loop-gap] call#8768 inter_iter=2us
[bg-loop-gap] call#8776 inter_iter=3us
[bg-loop-gap] call#8784 inter_iter=3us
[bg-loop-gap] call#8792 inter_iter=1us
[bg-loop-gap] call#8800 inter_iter=3us
[bg-loop-gap] call#8808 inter_iter=3us
[bg-loop-gap] call#8816 inter_iter=3us
[bg-loop-gap] call#8824 inter_iter=3us
[bg-loop-gap] call#8832 inter_iter=3us
[bg-loop-gap] call#8840 inter_iter=3us
[bg-loop-gap] call#8848 inter_iter=8us
[bg-loop-gap] call#8856 inter_iter=3us
[bg-loop-gap] call#8864 inter_iter=3us
[bg-loop-gap] call#8872 inter_iter=3us
[bg-loop-gap] call#8880 inter_iter=3us
[bg-loop-gap] call#8888 inter_iter=2us
[bg-loop-gap] call#8896 inter_iter=3us
[bg-loop-gap] call#8904 inter_iter=2us
[bg-loop-gap] call#8912 inter_iter=3us
[bg-loop-gap] call#8920 inter_iter=2us
[bg-loop-gap] call#8928 inter_iter=3us
[bg-loop-gap] call#8936 inter_iter=3us
[bg-loop-gap] call#8944 inter_iter=2us
[bg-loop-gap] call#8952 inter_iter=2us
[bg-loop-gap] call#8960 inter_iter=3us
[bg-loop-gap] call#8968 inter_iter=3us
[bg-loop-gap] call#8976 inter_iter=1us
[bg-loop-gap] call#8984 inter_iter=3us
[bg-loop-gap] call#8992 inter_iter=2us
[bg-loop-gap] call#9000 inter_iter=3us
[bg-loop-gap] call#9008 inter_iter=3us
[bg-loop-gap] call#9016 inter_iter=2us
[bg-loop-gap] call#9024 inter_iter=3us
[bg-loop-gap] call#9032 inter_iter=3us
[bg-loop-gap] call#9040 inter_iter=2us
[bg-loop-gap] call#9048 inter_iter=4us
[bg-loop-gap] call#9056 inter_iter=2us
[bg-loop-gap] call#9064 inter_iter=3us
[bg-loop-gap] call#9072 inter_iter=3us
[bg-loop-gap] call#9080 inter_iter=3us
[bg-loop-gap] call#9088 inter_iter=3us
[bg-loop-gap] call#9096 inter_iter=3us
[bg-loop-gap] call#9104 inter_iter=3us
[bg-loop-gap] call#9112 inter_iter=5us
[bg-loop-gap] call#9120 inter_iter=3us
[bg-loop-gap] call#9128 inter_iter=3us
[bg-loop-gap] call#9136 inter_iter=3us
[bg-loop-gap] call#9144 inter_iter=3us
[bg-loop-gap] call#9152 inter_iter=3us
[bg-loop-gap] call#9160 inter_iter=2us
[bg-loop-gap] call#9168 inter_iter=2us
[bg-loop-gap] call#9176 inter_iter=2us
[bg-loop-gap] call#9184 inter_iter=5us
[bg-loop-gap] call#9192 inter_iter=3us
[bg-loop-gap] call#9200 inter_iter=3us
[bg-loop-gap] call#9208 inter_iter=3us
[bg-loop-gap] call#9216 inter_iter=7us
[bg-loop-gap] call#9224 inter_iter=2us
[bg-loop-gap] call#9232 inter_iter=3us
[bg-loop-gap] call#9240 inter_iter=3us
[bg-loop-gap] call#9248 inter_iter=3us
[bg-loop-gap] call#9256 inter_iter=3us
[bg-loop-gap] call#9264 inter_iter=2us
[bg-loop-gap] call#9272 inter_iter=3us
[bg-loop-gap] call#9280 inter_iter=2us
[bg-loop-gap] call#9288 inter_iter=2us
[bg-loop-gap] call#9296 inter_iter=3us
[bg-loop-gap] call#9304 inter_iter=3us
[bg-loop-gap] call#9312 inter_iter=2us
[bg-loop-gap] call#9320 inter_iter=3us
[bg-loop-gap] call#9328 inter_iter=3us
[bg-loop-gap] call#9336 inter_iter=3us
[bg-loop-gap] call#9344 inter_iter=0us
[bg-loop-gap] call#9352 inter_iter=2us
[bg-loop-gap] call#9360 inter_iter=3us
[bg-loop-gap] call#9368 inter_iter=2us
[bg-loop-gap] call#9376 inter_iter=3us
[bg-loop-gap] call#9384 inter_iter=3us
[bg-loop-gap] call#9392 inter_iter=3us
[bg-loop-gap] call#9400 inter_iter=3us
[bg-loop-gap] call#9408 inter_iter=3us
[bg-loop-gap] call#9416 inter_iter=3us
[bg-loop-gap] call#9424 inter_iter=3us
[bg-loop-gap] call#9432 inter_iter=3us
[bg-loop-gap] call#9440 inter_iter=2us
[bg-loop-gap] call#9448 inter_iter=3us
[bg-loop-gap] call#9456 inter_iter=2us
[bg-loop-gap] call#9464 inter_iter=3us
[bg-loop-gap] call#9472 inter_iter=3us
[bg-loop-gap] call#9480 inter_iter=3us
[bg-loop-gap] call#9488 inter_iter=2us
[bg-loop-gap] call#9496 inter_iter=3us
[bg-loop-gap] call#9504 inter_iter=3us
[bg-loop-gap] call#9512 inter_iter=3us
[bg-loop-gap] call#9520 inter_iter=3us
[bg-loop-gap] call#9528 inter_iter=1us
[bg-loop-gap] call#9536 inter_iter=3us
[bg-loop-gap] call#9544 inter_iter=2us
[bg-loop-gap] call#9552 inter_iter=2us
[bg-loop-gap] call#9560 inter_iter=3us
[bg-loop-gap] call#9568 inter_iter=3us
[bg-loop-gap] call#9576 inter_iter=3us
[bg-loop-gap] call#9584 inter_iter=3us
[bg-loop-gap] call#9592 inter_iter=3us
[bg-loop-gap] call#9600 inter_iter=3us
[bg-loop-gap] call#9608 inter_iter=3us
[bg-loop-gap] call#9616 inter_iter=3us
[bg-loop-gap] call#9624 inter_iter=3us
[bg-loop-gap] call#9632 inter_iter=4us
[bg-loop-gap] call#9640 inter_iter=3us
[bg-loop-gap] call#9648 inter_iter=3us
[bg-loop-gap] call#9656 inter_iter=3us
[bg-loop-gap] call#9664 inter_iter=3us
[bg-loop-gap] call#9672 inter_iter=3us
[bg-loop-gap] call#9680 inter_iter=2us
[bg-loop-gap] call#9688 inter_iter=3us
[bg-loop-gap] call#9696 inter_iter=3us
[bg-loop-gap] call#9704 inter_iter=3us
[bg-loop-gap] call#9712 inter_iter=1us
[bg-loop-gap] call#9720 inter_iter=4us
[bg-loop-gap] call#9728 inter_iter=2us
[bg-loop-gap] call#9736 inter_iter=3us
[bg-loop-gap] call#9744 inter_iter=2us
[bg-loop-gap] call#9752 inter_iter=3us
[bg-loop-gap] call#9760 inter_iter=3us
[bg-loop-gap] call#9768 inter_iter=2us
[bg-loop-gap] call#9776 inter_iter=4us
[bg-loop-gap] call#9784 inter_iter=3us
[bg-loop-gap] call#9792 inter_iter=3us
[bg-loop-gap] call#9800 inter_iter=3us
[bg-loop-gap] call#9808 inter_iter=3us
[bg-loop-gap] call#9816 inter_iter=3us
[bg-loop-gap] call#9824 inter_iter=3us
[bg-loop-gap] call#9832 inter_iter=3us
[bg-loop-gap] call#9840 inter_iter=3us
[bg-loop-gap] call#9848 inter_iter=3us
[bg-loop-gap] call#9856 inter_iter=2us
[bg-loop-gap] call#9864 inter_iter=3us
[bg-loop-gap] call#9872 inter_iter=3us
[bg-loop-gap] call#9880 inter_iter=3us
[bg-loop-gap] call#9888 inter_iter=2us
[bg-loop-gap] call#9896 inter_iter=1us
[bg-loop-gap] call#9904 inter_iter=3us
[bg-loop-gap] call#9912 inter_iter=3us
[bg-loop-gap] call#9920 inter_iter=4us
[bg-loop-gap] call#9928 inter_iter=3us
[bg-loop-gap] call#9936 inter_iter=3us
[bg-loop-gap] call#9944 inter_iter=2us
[bg-loop-gap] call#9952 inter_iter=3us
[bg-loop-gap] call#9960 inter_iter=2us
[bg-loop-gap] call#9968 inter_iter=3us
[bg-loop-gap] call#9976 inter_iter=3us
[bg-loop-gap] call#9984 inter_iter=3us
[bg-loop-gap] call#9992 inter_iter=3us
[bg-loop-gap] call#10000 inter_iter=2us
[bg-loop-gap] call#10008 inter_iter=3us
[bg-loop-gap] call#10016 inter_iter=3us
[bg-loop-gap] call#10024 inter_iter=3us
[bg-loop-gap] call#10032 inter_iter=2us
[bg-loop-gap] call#10040 inter_iter=3us
[bg-loop-gap] call#10048 inter_iter=3us
[bg-loop-gap] call#10056 inter_iter=3us
[bg-loop-gap] call#10064 inter_iter=3us
[bg-loop-gap] call#10072 inter_iter=3us
[bg-loop-gap] call#10080 inter_iter=1us
[bg-loop-gap] call#10088 inter_iter=2us
[bg-loop-gap] call#10096 inter_iter=3us
[bg-loop-gap] call#10104 inter_iter=4us
[bg-loop-gap] call#10112 inter_iter=3us
[bg-loop-gap] call#10120 inter_iter=3us
[bg-loop-gap] call#10128 inter_iter=3us
[bg-loop-gap] call#10136 inter_iter=3us
[bg-loop-gap] call#10144 inter_iter=3us
[bg-loop-gap] call#10152 inter_iter=3us
[bg-loop-gap] call#10160 inter_iter=3us
[bg-loop-gap] call#10168 inter_iter=3us
[bg-loop-gap] call#10176 inter_iter=3us
[bg-loop-gap] call#10184 inter_iter=3us
[bg-loop-gap] call#10192 inter_iter=3us
[bg-loop-gap] call#10200 inter_iter=3us
[bg-loop-gap] call#10208 inter_iter=3us
[bg-loop-gap] call#10216 inter_iter=3us
[bg-loop-gap] call#10224 inter_iter=2us
[bg-loop-gap] call#10232 inter_iter=3us
[bg-loop-gap] call#10240 inter_iter=3us
[bg-loop-gap] call#10248 inter_iter=3us
[bg-loop-gap] call#10256 inter_iter=2us
[bg-loop-gap] call#10264 inter_iter=1us
[bg-loop-gap] call#10272 inter_iter=3us
[bg-loop-gap] call#10280 inter_iter=3us
[bg-loop-gap] call#10288 inter_iter=3us
[bg-loop-gap] call#10296 inter_iter=7us
[bg-loop-gap] call#10304 inter_iter=3us
[bg-loop-gap] call#10312 inter_iter=2us
[bg-loop-gap] call#10320 inter_iter=3us
[bg-loop-gap] call#10328 inter_iter=3us
[bg-loop-gap] call#10336 inter_iter=2us
[bg-loop-gap] call#10344 inter_iter=2us
[bg-loop-gap] call#10352 inter_iter=2us
[bg-loop-gap] call#10360 inter_iter=2us
[bg-loop-gap] call#10368 inter_iter=3us
[bg-loop-gap] call#10376 inter_iter=3us
[bg-loop-gap] call#10384 inter_iter=2us
[bg-loop-gap] call#10392 inter_iter=3us
[bg-loop-gap] call#10400 inter_iter=7us
[bg-loop-gap] call#10408 inter_iter=6us
[bg-loop-gap] call#10416 inter_iter=2us
[bg-loop-gap] call#10424 inter_iter=3us
[bg-loop-gap] call#10432 inter_iter=3us
[bg-loop-gap] call#10440 inter_iter=2us
[bg-loop-gap] call#10448 inter_iter=1us
[bg-loop-gap] call#10456 inter_iter=3us
[bg-loop-gap] call#10464 inter_iter=2us
[bg-loop-gap] call#10472 inter_iter=3us
[bg-loop-gap] call#10480 inter_iter=3us
[bg-loop-gap] call#10488 inter_iter=2us
[bg-loop-gap] call#10496 inter_iter=3us
[bg-loop-gap] call#10504 inter_iter=3us
[bg-loop-gap] call#10512 inter_iter=3us
[bg-loop-gap] call#10520 inter_iter=3us
[bg-loop-gap] call#10528 inter_iter=4us
[bg-loop-gap] call#10536 inter_iter=3us
[bg-loop-gap] call#10544 inter_iter=3us
[bg-loop-gap] call#10552 inter_iter=2us
[bg-loop-gap] call#10560 inter_iter=2us
[bg-loop-gap] call#10568 inter_iter=3us
[bg-loop-gap] call#10576 inter_iter=3us
[bg-loop-gap] call#10584 inter_iter=3us
[bg-loop-gap] call#10592 inter_iter=2us
[bg-loop-gap] call#10600 inter_iter=3us
[bg-loop-gap] call#10608 inter_iter=3us
[bg-loop-gap] call#10616 inter_iter=3us
[bg-loop-gap] call#10624 inter_iter=3us
[bg-loop-gap] call#10632 inter_iter=1us
[bg-loop-gap] call#10640 inter_iter=3us
[bg-loop-gap] call#10648 inter_iter=4us
[bg-loop-gap] call#10656 inter_iter=3us
[bg-loop-gap] call#10664 inter_iter=3us
[bg-loop-gap] call#10672 inter_iter=3us
[bg-loop-gap] call#10680 inter_iter=3us
[bg-loop-gap] call#10688 inter_iter=3us
[bg-loop-gap] call#10696 inter_iter=3us
[bg-loop-gap] call#10704 inter_iter=4us
[bg-loop-gap] call#10712 inter_iter=3us
[bg-loop-gap] call#10720 inter_iter=3us
[bg-loop-gap] call#10728 inter_iter=3us
[bg-loop-gap] call#10736 inter_iter=2us
[bg-loop-gap] call#10744 inter_iter=3us
[bg-loop-gap] call#10752 inter_iter=4us
[bg-loop-gap] call#10760 inter_iter=3us
[bg-loop-gap] call#10768 inter_iter=3us
[bg-loop-gap] call#10776 inter_iter=2us
[bg-loop-gap] call#10784 inter_iter=3us
[bg-loop-gap] call#10792 inter_iter=3us
[bg-loop-gap] call#10800 inter_iter=2us
[bg-loop-gap] call#10808 inter_iter=4us
[bg-loop-gap] call#10816 inter_iter=1us
[bg-loop-gap] call#10824 inter_iter=3us
[bg-loop-gap] call#10832 inter_iter=3us
[bg-loop-gap] call#10840 inter_iter=3us
[bg-loop-gap] call#10848 inter_iter=3us
[bg-loop-gap] call#10856 inter_iter=3us
[bg-loop-gap] call#10864 inter_iter=3us
[bg-loop-gap] call#10872 inter_iter=3us
[bg-loop-gap] call#10880 inter_iter=3us
[bg-loop-gap] call#10888 inter_iter=3us
[bg-loop-gap] call#10896 inter_iter=3us
[bg-loop-gap] call#10904 inter_iter=3us
[bg-loop-gap] call#10912 inter_iter=3us
[bg-loop-gap] call#10920 inter_iter=3us
[bg-loop-gap] call#10928 inter_iter=3us
[bg-loop-gap] call#10936 inter_iter=3us
[bg-loop-gap] call#10944 inter_iter=2us
[bg-loop-gap] call#10952 inter_iter=3us
[bg-loop-gap] call#10960 inter_iter=2us
[bg-loop-gap] call#10968 inter_iter=3us
[bg-loop-gap] call#10976 inter_iter=3us
[bg-loop-gap] call#10984 inter_iter=3us
[bg-loop-gap] call#10992 inter_iter=3us
[bg-loop-gap] call#11000 inter_iter=1us
[bg-loop-gap] call#11008 inter_iter=3us
[bg-loop-gap] call#11016 inter_iter=8us
[bg-loop-gap] call#11024 inter_iter=2us
[bg-loop-gap] call#11032 inter_iter=3us
[bg-loop-gap] call#11040 inter_iter=2us
[bg-loop-gap] call#11048 inter_iter=3us
[bg-loop-gap] call#11056 inter_iter=3us
[bg-loop-gap] call#11064 inter_iter=3us
[bg-loop-gap] call#11072 inter_iter=4us
[bg-loop-gap] call#11080 inter_iter=3us
[bg-loop-gap] call#11088 inter_iter=3us
[bg-loop-gap] call#11096 inter_iter=3us
[bg-loop-gap] call#11104 inter_iter=2us
[bg-loop-gap] call#11112 inter_iter=3us
[bg-loop-gap] call#11120 inter_iter=2us
[bg-loop-gap] call#11128 inter_iter=2us
[bg-loop-gap] call#11136 inter_iter=2us
[bg-loop-gap] call#11144 inter_iter=3us
[bg-loop-gap] call#11152 inter_iter=4us
[bg-loop-gap] call#11160 inter_iter=3us
[bg-loop-gap] call#11168 inter_iter=3us
[bg-loop-gap] call#11176 inter_iter=3us
[bg-loop-gap] call#11184 inter_iter=1us
[bg-loop-gap] call#11192 inter_iter=3us
[bg-loop-gap] call#11200 inter_iter=4us
[bg-loop-gap] call#11208 inter_iter=3us
[bg-loop-gap] call#11216 inter_iter=3us
[bg-loop-gap] call#11224 inter_iter=3us
[bg-loop-gap] call#11232 inter_iter=2us
[bg-loop-gap] call#11240 inter_iter=3us
[bg-loop-gap] call#11248 inter_iter=3us
[bg-loop-gap] call#11256 inter_iter=2us
[bg-loop-gap] call#11264 inter_iter=4us
[bg-loop-gap] call#11272 inter_iter=3us
[bg-loop-gap] call#11280 inter_iter=4us
[bg-loop-gap] call#11288 inter_iter=2us
[bg-loop-gap] call#11296 inter_iter=3us
[bg-loop-gap] call#11304 inter_iter=3us
[bg-loop-gap] call#11312 inter_iter=4us
[bg-loop-gap] call#11320 inter_iter=3us
[bg-loop-gap] call#11328 inter_iter=3us
[bg-loop-gap] call#11336 inter_iter=4us
[bg-loop-gap] call#11344 inter_iter=3us
[bg-loop-gap] call#11352 inter_iter=3us
[bg-loop-gap] call#11360 inter_iter=3us
[bg-loop-gap] call#11368 inter_iter=4us
[bg-loop-gap] call#11376 inter_iter=4us
[bg-loop-gap] call#11384 inter_iter=4us
[bg-loop-gap] call#11392 inter_iter=3us
[bg-loop-gap] call#11400 inter_iter=4us
[bg-loop-gap] call#11408 inter_iter=3us
[bg-loop-gap] call#11416 inter_iter=3us
[bg-loop-gap] call#11424 inter_iter=9us
[bg-loop-gap] call#11432 inter_iter=8us
[bg-loop-gap] call#11440 inter_iter=7us
[bg-loop-gap] call#11448 inter_iter=8us
[bg-loop-gap] call#11456 inter_iter=8us
[bg-loop-gap] call#11464 inter_iter=8us
[bg-loop-gap] call#11472 inter_iter=8us
[bg-loop-gap] call#11480 inter_iter=7us
[bg-loop-gap] call#11488 inter_iter=7us
[bg-loop-gap] call#11496 inter_iter=7us
[bg-loop-gap] call#11504 inter_iter=7us
[bg-loop-gap] call#11512 inter_iter=7us
[bg-loop-gap] call#11520 inter_iter=7us
[bg-loop-gap] call#11528 inter_iter=8us
[bg-loop-gap] call#11536 inter_iter=7us
[bg-loop-gap] call#11544 inter_iter=7us
[bg-loop-gap] call#11552 inter_iter=7us
[bg-loop-gap] call#11560 inter_iter=8us
[bg-loop-gap] call#11568 inter_iter=7us
[bg-loop-gap] call#11576 inter_iter=6us
[bg-loop-gap] call#11584 inter_iter=8us
[bg-loop-gap] call#11592 inter_iter=7us
[bg-loop-gap] call#11600 inter_iter=7us
[bg-loop-gap] call#11608 inter_iter=2us
[bg-loop-gap] call#11616 inter_iter=2us
[bg-loop-gap] call#11624 inter_iter=3us
[bg-loop-gap] call#11632 inter_iter=4us
[bg-loop-gap] call#11640 inter_iter=3us
[bg-loop-gap] call#11648 inter_iter=3us
[bg-loop-gap] call#11656 inter_iter=3us
[bg-loop-gap] call#11664 inter_iter=3us
[bg-loop-gap] call#11672 inter_iter=3us
[bg-loop-gap] call#11680 inter_iter=10us
[bg-loop-gap] call#11688 inter_iter=4us
[bg-loop-gap] call#11696 inter_iter=3us
[bg-loop-gap] call#11704 inter_iter=3us
[bg-loop-gap] call#11712 inter_iter=3us
[bg-loop-gap] call#11720 inter_iter=3us
[bg-loop-gap] call#11728 inter_iter=3us
[bg-loop-gap] call#11736 inter_iter=3us
[bg-loop-gap] call#11744 inter_iter=3us
[bg-loop-gap] call#11752 inter_iter=4us
[bg-loop-gap] call#11760 inter_iter=3us
[bg-loop-gap] call#11768 inter_iter=4us
[bg-loop-gap] call#11776 inter_iter=3us
[bg-loop-gap] call#11784 inter_iter=3us
[bg-loop-gap] call#11792 inter_iter=3us
[bg-loop-gap] call#11800 inter_iter=3us
[bg-loop-gap] call#11808 inter_iter=2us
[bg-loop-gap] call#11816 inter_iter=3us
[bg-loop-gap] call#11824 inter_iter=2us
[bg-loop-gap] call#11832 inter_iter=3us
[bg-loop-gap] call#11840 inter_iter=3us
[bg-loop-gap] call#11848 inter_iter=2us
[bg-loop-gap] call#11856 inter_iter=3us
[bg-loop-gap] call#11864 inter_iter=2us
[bg-loop-gap] call#11872 inter_iter=2us
[bg-loop-gap] call#11880 inter_iter=2us
[bg-loop-gap] call#11888 inter_iter=3us
[bg-loop-gap] call#11896 inter_iter=2us
[bg-loop-gap] call#11904 inter_iter=3us
[bg-loop-gap] call#11912 inter_iter=5us
[bg-loop-gap] call#11920 inter_iter=2us
[bg-loop-gap] call#11928 inter_iter=2us
[bg-loop-gap] call#11936 inter_iter=2us
[bg-loop-gap] call#11944 inter_iter=2us
[bg-loop-gap] call#11952 inter_iter=3us
[bg-loop-gap] call#11960 inter_iter=2us
[bg-loop-gap] call#11968 inter_iter=3us
[bg-loop-gap] call#11976 inter_iter=3us
[bg-loop-gap] call#11984 inter_iter=3us
[bg-loop-gap] call#11992 inter_iter=4us
[bg-loop-gap] call#12000 inter_iter=4us
[bg-loop-gap] call#12008 inter_iter=3us
[bg-loop-gap] call#12016 inter_iter=3us
[bg-loop-gap] call#12024 inter_iter=2us
[bg-loop-gap] call#12032 inter_iter=3us
[bg-loop-gap] call#12040 inter_iter=3us
[bg-loop-gap] call#12048 inter_iter=2us
[bg-loop-gap] call#12056 inter_iter=4us
[bg-loop-gap] call#12064 inter_iter=3us
[bg-loop-gap] call#12072 inter_iter=3us
[bg-loop-gap] call#12080 inter_iter=2us
[bg-loop-gap] call#12088 inter_iter=3us
[bg-loop-gap] call#12096 inter_iter=2us
[bg-loop-gap] call#12104 inter_iter=3us
[bg-loop-gap] call#12112 inter_iter=3us
[bg-loop-gap] call#12120 inter_iter=3us
[bg-loop-gap] call#12128 inter_iter=3us
[bg-loop-gap] call#12136 inter_iter=9us
[bg-loop-gap] call#12144 inter_iter=3us
[bg-loop-gap] call#12152 inter_iter=4us
[bg-loop-gap] call#12160 inter_iter=4us
[bg-loop-gap] call#12168 inter_iter=4us
[bg-loop-gap] call#12176 inter_iter=4us
[bg-loop-gap] call#12184 inter_iter=4us
[bg-loop-gap] call#12192 inter_iter=6us
[bg-loop-gap] call#12200 inter_iter=4us
[bg-loop-gap] call#12208 inter_iter=4us
[bg-loop-gap] call#12216 inter_iter=1us
[bg-loop-gap] call#12224 inter_iter=3us
[bg-loop-gap] call#12232 inter_iter=4us
[bg-loop-gap] call#12240 inter_iter=3us
[bg-loop-gap] call#12248 inter_iter=3us
[bg-loop-gap] call#12256 inter_iter=3us
[bg-loop-gap] call#12264 inter_iter=4us
[bg-loop-gap] call#12272 inter_iter=5us
[bg-loop-gap] call#12280 inter_iter=4us
[bg-loop-gap] call#12288 inter_iter=3us
[bg-loop-gap] call#12296 inter_iter=2us
[bg-loop-gap] call#12304 inter_iter=3us
[bg-loop-gap] call#12312 inter_iter=3us
[bg-loop-gap] call#12320 inter_iter=3us
[bg-loop-gap] call#12328 inter_iter=2us
[bg-loop-gap] call#12336 inter_iter=2us
[bg-loop-gap] call#12344 inter_iter=2us
[bg-loop-gap] call#12352 inter_iter=3us
[bg-loop-gap] call#12360 inter_iter=7us
[bg-loop-gap] call#12368 inter_iter=4us
[bg-loop-gap] call#12376 inter_iter=3us
[bg-loop-gap] call#12384 inter_iter=4us
[bg-loop-gap] call#12392 inter_iter=4us
[bg-loop-gap] call#12400 inter_iter=4us
[bg-loop-gap] call#12408 inter_iter=2us
[bg-loop-gap] call#12416 inter_iter=2us
[bg-loop-gap] call#12424 inter_iter=3us
[bg-loop-gap] call#12432 inter_iter=3us
[bg-loop-gap] call#12440 inter_iter=4us
[bg-loop-gap] call#12448 inter_iter=3us
[bg-loop-gap] call#12456 inter_iter=3us
[bg-loop-gap] call#12464 inter_iter=3us
[bg-loop-gap] call#12472 inter_iter=2us
[bg-loop-gap] call#12480 inter_iter=3us
[bg-loop-gap] call#12488 inter_iter=6us
[bg-loop-gap] call#12496 inter_iter=3us
[bg-loop-gap] call#12504 inter_iter=3us
[bg-loop-gap] call#12512 inter_iter=2us
[bg-loop-gap] call#12520 inter_iter=2us
[bg-loop-gap] call#12528 inter_iter=3us
[bg-loop-gap] call#12536 inter_iter=5us
[bg-loop-gap] call#12544 inter_iter=2us
[bg-loop-gap] call#12552 inter_iter=3us
[bg-loop-gap] call#12560 inter_iter=2us
[bg-loop-gap] call#12568 inter_iter=3us
[bg-loop-gap] call#12576 inter_iter=3us
[bg-loop-gap] call#12584 inter_iter=2us
[bg-loop-gap] call#12592 inter_iter=2us
[bg-loop-gap] call#12600 inter_iter=3us
[bg-loop-gap] call#12608 inter_iter=3us
[bg-loop-gap] call#12616 inter_iter=5us
[bg-loop-gap] call#12624 inter_iter=3us
[bg-loop-gap] call#12632 inter_iter=3us
[bg-loop-gap] call#12640 inter_iter=3us
[bg-loop-gap] call#12648 inter_iter=5us
[bg-loop-gap] call#12656 inter_iter=2us
[bg-loop-gap] call#12664 inter_iter=2us
[bg-loop-gap] call#12672 inter_iter=2us
[bg-loop-gap] call#12680 inter_iter=3us
[bg-loop-gap] call#12688 inter_iter=2us
[bg-loop-gap] call#12696 inter_iter=2us
[bg-loop-gap] call#12704 inter_iter=2us
[bg-loop-gap] call#12712 inter_iter=5us
[bg-loop-gap] call#12720 inter_iter=2us
[bg-loop-gap] call#12728 inter_iter=2us
[bg-loop-gap] call#12736 inter_iter=2us
[bg-loop-gap] call#12744 inter_iter=3us
[bg-loop-gap] call#12752 inter_iter=2us
[bg-loop-gap] call#12760 inter_iter=3us
[bg-loop-gap] call#12768 inter_iter=3us
[bg-loop-gap] call#12776 inter_iter=2us
[bg-loop-gap] call#12784 inter_iter=3us
[bg-loop-gap] call#12792 inter_iter=2us
[bg-loop-gap] call#12800 inter_iter=2us
[bg-loop-gap] call#12808 inter_iter=2us
[bg-loop-gap] call#12816 inter_iter=2us
[bg-loop-gap] call#12824 inter_iter=2us
[bg-loop-gap] call#12832 inter_iter=3us
[bg-loop-gap] call#12840 inter_iter=3us
[bg-loop-gap] call#12848 inter_iter=7us
[bg-loop-gap] call#12856 inter_iter=2us
[bg-loop-gap] call#12864 inter_iter=3us
[bg-loop-gap] call#12872 inter_iter=2us
[bg-loop-gap] call#12880 inter_iter=3us
[bg-loop-gap] call#12888 inter_iter=4us
[bg-loop-gap] call#12896 inter_iter=3us
[bg-loop-gap] call#12904 inter_iter=6us
[bg-loop-gap] call#12912 inter_iter=6us
[bg-loop-gap] call#12920 inter_iter=3us
[bg-loop-gap] call#12928 inter_iter=3us
[bg-loop-gap] call#12936 inter_iter=7us
[bg-loop-gap] call#12944 inter_iter=2us
[bg-loop-gap] call#12952 inter_iter=3us
[bg-loop-gap] call#12960 inter_iter=6us
[bg-loop-gap] call#12968 inter_iter=3us
[bg-loop-gap] call#12976 inter_iter=3us
[bg-loop-gap] call#12984 inter_iter=3us
[bg-loop-gap] call#12992 inter_iter=3us
[bg-loop-gap] call#13000 inter_iter=3us
[bg-loop-gap] call#13008 inter_iter=3us
[bg-loop-gap] call#13016 inter_iter=3us
[bg-loop-gap] call#13024 inter_iter=3us
[bg-loop-gap] call#13032 inter_iter=3us
[bg-loop-gap] call#13040 inter_iter=3us
[bg-loop-gap] call#13048 inter_iter=7us
[bg-loop-gap] call#13056 inter_iter=4us
[bg-loop-gap] call#13064 inter_iter=3us
[bg-loop-gap] call#13072 inter_iter=3us
[bg-loop-gap] call#13080 inter_iter=3us
[bg-loop-gap] call#13088 inter_iter=3us
[bg-loop-gap] call#13096 inter_iter=6us
[bg-loop-gap] call#13104 inter_iter=4us
[bg-loop-gap] call#13112 inter_iter=4us
[bg-loop-gap] call#13120 inter_iter=3us
[bg-loop-gap] call#13128 inter_iter=3us
[bg-loop-gap] call#13136 inter_iter=2us
[bg-loop-gap] call#13144 inter_iter=8us
[bg-loop-gap] call#13152 inter_iter=7us
[bg-loop-gap] call#13160 inter_iter=7us
[bg-loop-gap] call#13168 inter_iter=1us
[bg-loop-gap] call#13176 inter_iter=1us
[bg-loop-gap] call#13184 inter_iter=3us
[bg-loop-gap] call#13192 inter_iter=3us
[bg-loop-gap] call#13200 inter_iter=3us
[bg-loop-gap] call#13208 inter_iter=3us
[bg-loop-gap] call#13216 inter_iter=7us
[bg-loop-gap] call#13224 inter_iter=3us
[bg-loop-gap] call#13232 inter_iter=3us
[bg-loop-gap] call#13240 inter_iter=2us
[bg-loop-gap] call#13248 inter_iter=2us
[bg-loop-gap] call#13256 inter_iter=3us
[bg-loop-gap] call#13264 inter_iter=3us
[bg-loop-gap] call#13272 inter_iter=3us
[bg-loop-gap] call#13280 inter_iter=3us
[bg-loop-gap] call#13288 inter_iter=5us
[bg-loop-gap] call#13296 inter_iter=2us
[bg-loop-gap] call#13304 inter_iter=7us
[bg-loop-gap] call#13312 inter_iter=3us
[bg-loop-gap] call#13320 inter_iter=4us
[bg-loop-gap] call#13328 inter_iter=7us
[bg-loop-gap] call#13336 inter_iter=3us
[bg-loop-gap] call#13344 inter_iter=2us
[bg-loop-gap] call#13352 inter_iter=7us
[bg-loop-gap] call#13360 inter_iter=3us
[bg-loop-gap] call#13368 inter_iter=3us
[bg-loop-gap] call#13376 inter_iter=6us
[bg-loop-gap] call#13384 inter_iter=4us
[bg-loop-gap] call#13392 inter_iter=2us
[bg-loop-gap] call#13400 inter_iter=2us
[bg-loop-gap] call#13408 inter_iter=3us
[bg-loop-gap] call#13416 inter_iter=3us
[bg-loop-gap] call#13424 inter_iter=3us
[bg-loop-gap] call#13432 inter_iter=3us
[bg-loop-gap] call#13440 inter_iter=6us
[bg-loop-gap] call#13448 inter_iter=3us
[bg-loop-gap] call#13456 inter_iter=3us
[bg-loop-gap] call#13464 inter_iter=3us
[bg-loop-gap] call#13472 inter_iter=2us
[bg-loop-gap] call#13480 inter_iter=2us
[bg-loop-gap] call#13488 inter_iter=2us
[bg-loop-gap] call#13496 inter_iter=2us
[bg-loop-gap] call#13504 inter_iter=3us
[bg-loop-gap] call#13512 inter_iter=4us
[bg-loop-gap] call#13520 inter_iter=2us
[bg-loop-gap] call#13528 inter_iter=3us
[bg-loop-gap] call#13536 inter_iter=2us
[bg-loop-gap] call#13544 inter_iter=3us
[bg-loop-gap] call#13552 inter_iter=7us
[bg-loop-gap] call#13560 inter_iter=3us
[bg-loop-gap] call#13568 inter_iter=2us
[bg-loop-gap] call#13576 inter_iter=2us
[bg-loop-gap] call#13584 inter_iter=2us
[bg-loop-gap] call#13592 inter_iter=2us
[bg-loop-gap] call#13600 inter_iter=5us
[bg-loop-gap] call#13608 inter_iter=3us
[bg-loop-gap] call#13616 inter_iter=3us
[bg-loop-gap] call#13624 inter_iter=3us
[bg-loop-gap] call#13632 inter_iter=3us
[bg-loop-gap] call#13640 inter_iter=3us
[bg-loop-gap] call#13648 inter_iter=3us
[bg-loop-gap] call#13656 inter_iter=2us
[bg-loop-gap] call#13664 inter_iter=8us
[bg-loop-gap] call#13672 inter_iter=3us
[bg-loop-gap] call#13680 inter_iter=3us
[bg-loop-gap] call#13688 inter_iter=4us
[bg-loop-gap] call#13696 inter_iter=3us
[bg-loop-gap] call#13704 inter_iter=5us
[bg-loop-gap] call#13712 inter_iter=4us
[bg-loop-gap] call#13720 inter_iter=3us
[bg-loop-gap] call#13728 inter_iter=3us
[bg-loop-gap] call#13736 inter_iter=4us
[bg-loop-gap] call#13744 inter_iter=3us
[bg-loop-gap] call#13752 inter_iter=4us
[bg-loop-gap] call#13760 inter_iter=5us
[bg-loop-gap] call#13768 inter_iter=2us
[bg-loop-gap] call#13776 inter_iter=5us
[bg-loop-gap] call#13784 inter_iter=3us
[bg-loop-gap] call#13792 inter_iter=3us
[bg-loop-gap] call#13800 inter_iter=3us
[bg-loop-gap] call#13808 inter_iter=2us
[bg-loop-gap] call#13816 inter_iter=3us
[bg-loop-gap] call#13824 inter_iter=8us
[bg-loop-gap] call#13832 inter_iter=3us
[bg-loop-gap] call#13840 inter_iter=2us
[bg-loop-gap] call#13848 inter_iter=2us
[bg-loop-gap] call#13856 inter_iter=2us
[bg-loop-gap] call#13864 inter_iter=3us
[bg-loop-gap] call#13872 inter_iter=3us
[bg-loop-gap] call#13880 inter_iter=3us
[bg-loop-gap] call#13888 inter_iter=3us
[bg-loop-gap] call#13896 inter_iter=6us
[bg-loop-gap] call#13904 inter_iter=3us
[bg-loop-gap] call#13912 inter_iter=7us
[bg-loop-gap] call#13920 inter_iter=2us
[bg-loop-gap] call#13928 inter_iter=3us
[bg-loop-gap] call#13936 inter_iter=3us
[bg-loop-gap] call#13944 inter_iter=2us
[bg-loop-gap] call#13952 inter_iter=3us
[bg-loop-gap] call#13960 inter_iter=3us
[bg-loop-gap] call#13968 inter_iter=3us
[bg-loop-gap] call#13976 inter_iter=7us
[bg-loop-gap] call#13984 inter_iter=3us
[bg-loop-gap] call#13992 inter_iter=4us
[bg-loop-gap] call#14000 inter_iter=7us
[bg-loop-gap] call#14008 inter_iter=3us
[bg-loop-gap] call#14016 inter_iter=3us
[bg-loop-gap] call#14024 inter_iter=7us
[bg-loop-gap] call#14032 inter_iter=3us
[bg-loop-gap] call#14040 inter_iter=3us
[bg-loop-gap] call#14048 inter_iter=7us
[bg-loop-gap] call#14056 inter_iter=2us
[bg-loop-gap] call#14064 inter_iter=2us
[bg-loop-gap] call#14072 inter_iter=5us
[bg-loop-gap] call#14080 inter_iter=3us
[bg-loop-gap] call#14088 inter_iter=7us
[bg-loop-gap] call#14096 inter_iter=4us
[bg-loop-gap] call#14104 inter_iter=4us
[bg-loop-gap] call#14112 inter_iter=3us
[bg-loop-gap] call#14120 inter_iter=6us
[bg-loop-gap] call#14128 inter_iter=2us
[bg-loop-gap] call#14136 inter_iter=5us
[bg-loop-gap] call#14144 inter_iter=5us
[bg-loop-gap] call#14152 inter_iter=7us
[bg-loop-gap] call#14160 inter_iter=3us
[bg-loop-gap] call#14168 inter_iter=7us
[bg-loop-gap] call#14176 inter_iter=3us
[bg-loop-gap] call#14184 inter_iter=3us
[bg-loop-gap] call#14192 inter_iter=3us
[bg-loop-gap] call#14200 inter_iter=3us
[bg-loop-gap] call#14208 inter_iter=3us
[bg-loop-gap] call#14216 inter_iter=2us
[bg-loop-gap] call#14224 inter_iter=7us
[bg-loop-gap] call#14232 inter_iter=8us
[bg-loop-gap] call#14240 inter_iter=4us
[bg-loop-gap] call#14248 inter_iter=7us
[bg-loop-gap] call#14256 inter_iter=3us
[bg-loop-gap] call#14264 inter_iter=5us
[bg-loop-gap] call#14272 inter_iter=3us
[bg-loop-gap] call#14280 inter_iter=5us
[bg-loop-gap] call#14288 inter_iter=4us
[bg-loop-gap] call#14296 inter_iter=4us
[bg-loop-gap] call#14304 inter_iter=3us
[bg-loop-gap] call#14312 inter_iter=4us
[bg-loop-gap] call#14320 inter_iter=3us
[bg-loop-gap] call#14328 inter_iter=3us
[bg-loop-gap] call#14336 inter_iter=7us
[bg-loop-gap] call#14344 inter_iter=10us
[bg-loop-gap] call#14352 inter_iter=4us
[bg-loop-gap] call#14360 inter_iter=3us
[bg-loop-gap] call#14368 inter_iter=3us
[bg-loop-gap] call#14376 inter_iter=3us
[bg-loop-gap] call#14384 inter_iter=3us
[bg-loop-gap] call#14392 inter_iter=3us
[bg-loop-gap] call#14400 inter_iter=3us
[bg-loop-gap] call#14408 inter_iter=2us
