[auto-size] gpu=24.0 GB total / 23.5 GB free | weights=15.0 GB budget / 15.0 GB total | layers=62 budget | scratch reserve=4.0 GB | KV pool budget 3.9 GB → max_blocks=512
[auto-size] requested runtime floor requires KV_MAX_BLOCKS=512 above estimated budget 338; honoring explicit runtime limits
[auto-size] KV_MAX_BLOCKS=512 PAGED_MAX_SEQS=<user> KV_CAPACITY=<user>
[2m2026-06-16T09:08:35.611248Z[0m [32m INFO[0m [2mferrum_engine::registry[0m[2m:[0m Initializing global component registry
[2m2026-06-16T09:08:35.611265Z[0m [32m INFO[0m [2mferrum_engine::registry[0m[2m:[0m Registering default component factories
[2m2026-06-16T09:08:35.611306Z[0m [32m INFO[0m [2mferrum_engine::registry[0m[2m:[0m Loading HuggingFace tokenizer from: "/root/.cache/huggingface/hub/models--circulus--gemma-3-27b-it-gptq/snapshots/70d89a3a6b401b5f56558cb5d4c0f1fd158980b2/tokenizer.json"
[2m2026-06-16T09:08:36.664114Z[0m [32m INFO[0m [2mferrum_engine::registry[0m[2m:[0m HuggingFace tokenizer loaded successfully
[2m2026-06-16T09:08:36.664154Z[0m [32m INFO[0m [2mferrum_engine::registry[0m[2m:[0m Creating multinomial sampler
[2m2026-06-16T09:08:36.664158Z[0m [32m INFO[0m [2mferrum_engine::registry[0m[2m:[0m Creating continuous batch scheduler
[2m2026-06-16T09:08:36.664163Z[0m [32m INFO[0m [2mferrum_engine::registry[0m[2m:[0m Creating paged KV cache manager: device=CUDA(0), block_size=16, max_blocks=512
[2m2026-06-16T09:08:36.664340Z[0m [32m INFO[0m [2mferrum_engine::registry[0m[2m:[0m Loading model from /root/.cache/huggingface/hub/models--circulus--gemma-3-27b-it-gptq/snapshots/70d89a3a6b401b5f56558cb5d4c0f1fd158980b2 (format: safetensors)
[2m2026-06-16T09:08:36.664601Z[0m [32m INFO[0m [2mferrum_engine::registry[0m[2m:[0m   Architecture: Gemma3, Layers: 62, Vocab: 262208
[2m2026-06-16T09:08:36.818306Z[0m [32m INFO[0m [2mferrum_engine::registry[0m[2m:[0m Building model...
[2m2026-06-16T09:08:36.818398Z[0m [32m INFO[0m [2mferrum_models::loader::gptq_loader[0m[2m:[0m GPTQ config: QuantizeConfig { bits: 4, group_size: 128, sym: true, desc_act: true, quant_method: "gptq" }
[2m2026-06-16T09:08:36.818408Z[0m [32m INFO[0m [2mferrum_engine::registry[0m[2m:[0m Loading Gemma3 via LlamaFamilyModel (5:1 SWA, dual rope, GeGLU, sandwich norms)
[2m2026-06-16T09:08:36.818417Z[0m [32m INFO[0m [2mferrum_engine::registry[0m[2m:[0m   Backend: CUDA, KV: fp16
[2m2026-06-16T09:09:32.230135Z[0m [32m INFO[0m [2mferrum_models::models::llama_family[0m[2m:[0m LlamaFamilyModel: tied embeddings — loading model.embed_tokens.weight as lm_head
[2m2026-06-16T09:09:36.877170Z[0m [32m INFO[0m [2mferrum_models::models::llama_family[0m[2m:[0m Gemma3 family: legacy batched_decode=true varlen_unified=true
[unified-graph-capture] count=1 scope=layers_only key=11007875343381310285 attention_key=8316016994327462400 m_total=10 num_seqs=10 max_kv_len=125
[unified-graph-replay] origin=post_capture count=1 scope=layers_only key=11007875343381310285 attention_key=8316016994327462400 m_total=10 num_seqs=10 max_kv_len=125
[unified-graph-replay] origin=pure count=2 scope=layers_only key=11007875343381310285 attention_key=8316016994327462400 m_total=10 num_seqs=10 max_kv_len=126
[unified-graph-replay] origin=pure count=4 scope=layers_only key=11007875343381310285 attention_key=8316016994327462400 m_total=10 num_seqs=10 max_kv_len=128
[unified-graph-replay] origin=pure count=8 scope=layers_only key=11007875343381310285 attention_key=8316016994327462400 m_total=10 num_seqs=10 max_kv_len=132
[unified-graph-replay] origin=pure count=16 scope=layers_only key=11007875343381310285 attention_key=8316016994327462400 m_total=10 num_seqs=10 max_kv_len=140
[unified-graph-replay] origin=pure count=32 scope=layers_only key=11007875343381310285 attention_key=8316016994327462400 m_total=10 num_seqs=10 max_kv_len=156
[unified-graph-replay] origin=pure count=64 scope=layers_only key=11007875343381310285 attention_key=8316016994327462400 m_total=10 num_seqs=10 max_kv_len=188
[unified-graph-capture] count=2 scope=layers_only key=13403441693772800415 attention_key=8316016994327462400 m_total=9 num_seqs=9 max_kv_len=191
[unified-graph-capture] count=4 scope=layers_only key=15620939968243081349 attention_key=8316016994327462400 m_total=6 num_seqs=6 max_kv_len=194
[unified-graph-capture] count=8 scope=layers_only key=12228648760363214886 attention_key=8318267720516763747 m_total=2 num_seqs=2 max_kv_len=198
[unified-graph-replay] origin=pure count=128 scope=layers_only key=9582445794656808421 attention_key=8316016994327462400 m_total=16 num_seqs=16 max_kv_len=170
[unified-graph-skip] reason=mixed_or_prefill_batch count=1 scope=layers_only key=15153503415197744216 attention_key=8316016994327462400 m_total=136 num_seqs=15 max_kv_len=193 cached_keys=2
[unified-graph-skip] reason=mixed_or_prefill_batch count=2 scope=layers_only key=10698181850300237000 attention_key=8316016994327462400 m_total=135 num_seqs=14 max_kv_len=195 cached_keys=2
[unified-graph-skip] reason=mixed_or_prefill_batch count=4 scope=layers_only key=17546167009371390993 attention_key=8316016994327462400 m_total=257 num_seqs=15 max_kv_len=197 cached_keys=2
[unified-graph-skip] reason=mixed_or_prefill_batch count=8 scope=layers_only key=10431893063090815294 attention_key=8316016994327462400 m_total=379 num_seqs=16 max_kv_len=131 cached_keys=3
[unified-graph-capture] count=16 scope=layers_only key=9787872419691871549 attention_key=8316016994327462400 m_total=12 num_seqs=12 max_kv_len=197
[unified-graph-skip] reason=mixed_or_prefill_batch count=16 scope=layers_only key=10282340311991195244 attention_key=8316016994327462400 m_total=137 num_seqs=16 max_kv_len=134 cached_keys=6
[unified-graph-replay] origin=pure count=256 scope=layers_only key=9582445794656808421 attention_key=8316016994327462400 m_total=16 num_seqs=16 max_kv_len=168
