[auto-size] gpu=24.0 GB total / 23.5 GB free | weights=15.0 GB budget / 15.0 GB total | layers=62 budget | scratch reserve=4.0 GB | KV pool budget 2.6 GB → max_blocks=338
[auto-size] KV_MAX_BLOCKS=338 PAGED_MAX_SEQS=<user> KV_CAPACITY=<user>
[2m2026-06-15T16:09:05.875324Z[0m [32m INFO[0m [2mferrum_engine::registry[0m[2m:[0m Initializing global component registry
[2m2026-06-15T16:09:05.875347Z[0m [32m INFO[0m [2mferrum_engine::registry[0m[2m:[0m Registering default component factories
[2m2026-06-15T16:09:05.875407Z[0m [32m INFO[0m [2mferrum_engine::registry[0m[2m:[0m Loading HuggingFace tokenizer from: "/root/.cache/huggingface/hub/models--circulus--gemma-3-27b-it-gptq/snapshots/70d89a3a6b401b5f56558cb5d4c0f1fd158980b2/tokenizer.json"
[2m2026-06-15T16:09:06.913985Z[0m [32m INFO[0m [2mferrum_engine::registry[0m[2m:[0m HuggingFace tokenizer loaded successfully
[2m2026-06-15T16:09:06.914024Z[0m [32m INFO[0m [2mferrum_engine::registry[0m[2m:[0m Creating multinomial sampler
[2m2026-06-15T16:09:06.914028Z[0m [32m INFO[0m [2mferrum_engine::registry[0m[2m:[0m Creating continuous batch scheduler
[2m2026-06-15T16:09:06.914042Z[0m [32m INFO[0m [2mferrum_engine::registry[0m[2m:[0m Creating paged KV cache manager: device=CUDA(0), block_size=16, max_blocks=338
[2m2026-06-15T16:09:06.914215Z[0m [32m INFO[0m [2mferrum_engine::registry[0m[2m:[0m Loading model from /root/.cache/huggingface/hub/models--circulus--gemma-3-27b-it-gptq/snapshots/70d89a3a6b401b5f56558cb5d4c0f1fd158980b2 (format: safetensors)
[2m2026-06-15T16:09:06.914481Z[0m [32m INFO[0m [2mferrum_engine::registry[0m[2m:[0m   Architecture: Gemma3, Layers: 62, Vocab: 262208
[2m2026-06-15T16:09:07.098391Z[0m [32m INFO[0m [2mferrum_engine::registry[0m[2m:[0m Building model...
[2m2026-06-15T16:09:07.098485Z[0m [32m INFO[0m [2mferrum_models::loader::gptq_loader[0m[2m:[0m GPTQ config: QuantizeConfig { bits: 4, group_size: 128, sym: true, desc_act: true, quant_method: "gptq" }
[2m2026-06-15T16:09:07.098491Z[0m [32m INFO[0m [2mferrum_engine::registry[0m[2m:[0m Loading Gemma3 via LlamaFamilyModel (5:1 SWA, dual rope, GeGLU, sandwich norms)
[2m2026-06-15T16:09:07.098499Z[0m [32m INFO[0m [2mferrum_engine::registry[0m[2m:[0m   Backend: CUDA, KV: fp16
[2m2026-06-15T16:09:56.311626Z[0m [32m INFO[0m [2mferrum_models::models::llama_family[0m[2m:[0m LlamaFamilyModel: tied embeddings — loading model.embed_tokens.weight as lm_head
[2m2026-06-15T16:10:00.530177Z[0m [32m INFO[0m [2mferrum_models::models::llama_family[0m[2m:[0m Gemma3 family: legacy batched_decode=true varlen_unified=true
[batched-qkr] first batched_decode call: m=13 use_batched_qkr=true (q=None k=None v=None)
[batched-kv-append] first call: m=13 ok=true k_err=None v_err=None
[batched-attn] first call: m=13 ok=true err=None
[batched-graph-capture] key=4611686018427387920 m=16 m_padded=16 device_shadow=true
[batched-graph-replay] origin=post_capture count=1 key=4611686018427387920 m=16 m_padded=16 device_shadow=true
[batched-graph-replay] origin=pure count=2 key=4611686018427387920 m=16 m_padded=16 device_shadow=true
[batched-graph-replay] origin=pure count=4 key=4611686018427387920 m=16 m_padded=16 device_shadow=true
[batched-graph-replay] origin=pure count=8 key=4611686018427387920 m=16 m_padded=16 device_shadow=true
[batched-graph-replay] origin=pure count=16 key=4611686018427387920 m=16 m_padded=16 device_shadow=true
[batched-graph-capture] key=4611686018427387908 m=3 m_padded=4 device_shadow=true
