[prefill-profile] tokens=23 layers total=34 ms
[prefill-profile] flash_attn: 62 calls 5 ms (avg 96 us)
[prefill-profile] qk_norm_rope: 62 calls 1 ms (avg 29 us)
[prefill-profile] matmuls: 62 calls 6 ms (avg 111 us)
[prefill-profile] norms: 62 calls 0 ms (avg 8 us)
[prefill-profile] tail_norm: 62 calls 0 ms (avg 12 us)
[prefill-profile] tail_gate_up: 62 calls 9 ms (avg 150 us)
[prefill-profile] tail_act: 62 calls 0 ms (avg 7 us)
[prefill-profile] tail_down: 62 calls 5 ms (avg 83 us)
[prefill-profile] tail_mlp: 62 calls 14 ms (avg 240 us)
[prefill-profile] tail_resid: 62 calls 0 ms (avg 8 us)
[prefill-profile] tokens=122 layers total=92 ms
[prefill-profile] flash_attn: 62 calls 33 ms (avg 545 us)
[prefill-profile] qk_norm_rope: 62 calls 1 ms (avg 28 us)
[prefill-profile] matmuls: 62 calls 6 ms (avg 109 us)
[prefill-profile] norms: 62 calls 0 ms (avg 9 us)
[prefill-profile] tail_norm: 62 calls 0 ms (avg 13 us)
[prefill-profile] tail_gate_up: 62 calls 25 ms (avg 412 us)
[prefill-profile] tail_act: 62 calls 0 ms (avg 15 us)
[prefill-profile] tail_down: 62 calls 15 ms (avg 250 us)
[prefill-profile] tail_mlp: 62 calls 42 ms (avg 678 us)
[prefill-profile] tail_resid: 62 calls 0 ms (avg 12 us)
[prefill-profile] tokens=122 layers total=89 ms
[prefill-profile] flash_attn: 62 calls 32 ms (avg 529 us)
[prefill-profile] qk_norm_rope: 62 calls 1 ms (avg 28 us)
[prefill-profile] matmuls: 62 calls 6 ms (avg 104 us)
[prefill-profile] norms: 62 calls 0 ms (avg 8 us)
[prefill-profile] tail_norm: 62 calls 0 ms (avg 13 us)
[prefill-profile] tail_gate_up: 62 calls 24 ms (avg 401 us)
[prefill-profile] tail_act: 62 calls 0 ms (avg 15 us)
[prefill-profile] tail_down: 62 calls 14 ms (avg 241 us)
[prefill-profile] tail_mlp: 62 calls 40 ms (avg 657 us)
[prefill-profile] tail_resid: 62 calls 0 ms (avg 12 us)
[prefill-profile] tokens=122 layers total=83 ms
[prefill-profile] flash_attn: 62 calls 30 ms (avg 493 us)
[prefill-profile] qk_norm_rope: 62 calls 1 ms (avg 27 us)
[prefill-profile] matmuls: 62 calls 6 ms (avg 97 us)
[prefill-profile] norms: 62 calls 0 ms (avg 8 us)
[prefill-profile] tail_norm: 62 calls 0 ms (avg 12 us)
[prefill-profile] tail_gate_up: 62 calls 23 ms (avg 375 us)
[prefill-profile] tail_act: 62 calls 0 ms (avg 14 us)
[prefill-profile] tail_down: 62 calls 13 ms (avg 224 us)
[prefill-profile] tail_mlp: 62 calls 38 ms (avg 614 us)
[prefill-profile] tail_resid: 62 calls 0 ms (avg 11 us)
[prefill-profile] tokens=122 layers total=83 ms
[prefill-profile] flash_attn: 62 calls 30 ms (avg 491 us)
[prefill-profile] qk_norm_rope: 62 calls 1 ms (avg 27 us)
[prefill-profile] matmuls: 62 calls 6 ms (avg 97 us)
[prefill-profile] norms: 62 calls 0 ms (avg 8 us)
[prefill-profile] tail_norm: 62 calls 0 ms (avg 12 us)
[prefill-profile] tail_gate_up: 62 calls 23 ms (avg 374 us)
[prefill-profile] tail_act: 62 calls 0 ms (avg 15 us)
[prefill-profile] tail_down: 62 calls 13 ms (avg 223 us)
[prefill-profile] tail_mlp: 62 calls 38 ms (avg 613 us)
[prefill-profile] tail_resid: 62 calls 0 ms (avg 11 us)
[prefill-profile] tokens=122 layers total=83 ms
[prefill-profile] flash_attn: 62 calls 30 ms (avg 491 us)
[prefill-profile] qk_norm_rope: 62 calls 1 ms (avg 27 us)
[prefill-profile] matmuls: 62 calls 6 ms (avg 97 us)
[prefill-profile] norms: 62 calls 0 ms (avg 8 us)
[prefill-profile] tail_norm: 62 calls 0 ms (avg 12 us)
[prefill-profile] tail_gate_up: 62 calls 23 ms (avg 374 us)
[prefill-profile] tail_act: 62 calls 0 ms (avg 15 us)
[prefill-profile] tail_down: 62 calls 13 ms (avg 223 us)
[prefill-profile] tail_mlp: 62 calls 37 ms (avg 612 us)
[prefill-profile] tail_resid: 62 calls 0 ms (avg 11 us)
[prefill-profile] tokens=122 layers total=83 ms
[prefill-profile] flash_attn: 62 calls 30 ms (avg 491 us)
[prefill-profile] qk_norm_rope: 62 calls 1 ms (avg 27 us)
[prefill-profile] matmuls: 62 calls 6 ms (avg 97 us)
[prefill-profile] norms: 62 calls 0 ms (avg 8 us)
[prefill-profile] tail_norm: 62 calls 0 ms (avg 12 us)
[prefill-profile] tail_gate_up: 62 calls 23 ms (avg 374 us)
[prefill-profile] tail_act: 62 calls 0 ms (avg 15 us)
[prefill-profile] tail_down: 62 calls 13 ms (avg 223 us)
[prefill-profile] tail_mlp: 62 calls 37 ms (avg 612 us)
[prefill-profile] tail_resid: 62 calls 0 ms (avg 11 us)
[prefill-profile] tokens=122 layers total=83 ms
[prefill-profile] flash_attn: 62 calls 30 ms (avg 491 us)
[prefill-profile] qk_norm_rope: 62 calls 1 ms (avg 27 us)
[prefill-profile] matmuls: 62 calls 6 ms (avg 97 us)
[prefill-profile] norms: 62 calls 0 ms (avg 8 us)
[prefill-profile] tail_norm: 62 calls 0 ms (avg 12 us)
[prefill-profile] tail_gate_up: 62 calls 23 ms (avg 373 us)
[prefill-profile] tail_act: 62 calls 0 ms (avg 15 us)
[prefill-profile] tail_down: 62 calls 13 ms (avg 223 us)
[prefill-profile] tail_mlp: 62 calls 37 ms (avg 612 us)
[prefill-profile] tail_resid: 62 calls 0 ms (avg 11 us)
[prefill-profile] tokens=122 layers total=83 ms
[prefill-profile] flash_attn: 62 calls 30 ms (avg 491 us)
[prefill-profile] qk_norm_rope: 62 calls 1 ms (avg 27 us)
[prefill-profile] matmuls: 62 calls 6 ms (avg 97 us)
[prefill-profile] norms: 62 calls 0 ms (avg 8 us)
[prefill-profile] tail_norm: 62 calls 0 ms (avg 13 us)
[prefill-profile] tail_gate_up: 62 calls 23 ms (avg 374 us)
[prefill-profile] tail_act: 62 calls 0 ms (avg 15 us)
[prefill-profile] tail_down: 62 calls 13 ms (avg 223 us)
[prefill-profile] tail_mlp: 62 calls 37 ms (avg 612 us)
[prefill-profile] tail_resid: 62 calls 0 ms (avg 11 us)
[prefill-profile] tokens=122 layers total=83 ms
[prefill-profile] flash_attn: 62 calls 30 ms (avg 491 us)
[prefill-profile] qk_norm_rope: 62 calls 1 ms (avg 27 us)
[prefill-profile] matmuls: 62 calls 6 ms (avg 97 us)
[prefill-profile] norms: 62 calls 0 ms (avg 8 us)
[prefill-profile] tail_norm: 62 calls 0 ms (avg 12 us)
[prefill-profile] tail_gate_up: 62 calls 23 ms (avg 374 us)
[prefill-profile] tail_act: 62 calls 0 ms (avg 15 us)
[prefill-profile] tail_down: 62 calls 13 ms (avg 223 us)
[prefill-profile] tail_mlp: 62 calls 38 ms (avg 613 us)
[prefill-profile] tail_resid: 62 calls 0 ms (avg 11 us)
[prefill-profile] tokens=122 layers total=83 ms
[prefill-profile] flash_attn: 62 calls 30 ms (avg 491 us)
[prefill-profile] qk_norm_rope: 62 calls 1 ms (avg 27 us)
[prefill-profile] matmuls: 62 calls 6 ms (avg 97 us)
[prefill-profile] norms: 62 calls 0 ms (avg 8 us)
[prefill-profile] tail_norm: 62 calls 0 ms (avg 12 us)
[prefill-profile] tail_gate_up: 62 calls 23 ms (avg 374 us)
[prefill-profile] tail_act: 62 calls 0 ms (avg 14 us)
[prefill-profile] tail_down: 62 calls 13 ms (avg 223 us)
[prefill-profile] tail_mlp: 62 calls 37 ms (avg 612 us)
[prefill-profile] tail_resid: 62 calls 0 ms (avg 11 us)
[prefill-profile] tokens=122 layers total=83 ms
[prefill-profile] flash_attn: 62 calls 30 ms (avg 491 us)
[prefill-profile] qk_norm_rope: 62 calls 1 ms (avg 28 us)
[prefill-profile] matmuls: 62 calls 6 ms (avg 98 us)
[prefill-profile] norms: 62 calls 0 ms (avg 8 us)
[prefill-profile] tail_norm: 62 calls 0 ms (avg 13 us)
[prefill-profile] tail_gate_up: 62 calls 23 ms (avg 374 us)
[prefill-profile] tail_act: 62 calls 0 ms (avg 15 us)
[prefill-profile] tail_down: 62 calls 13 ms (avg 223 us)
[prefill-profile] tail_mlp: 62 calls 38 ms (avg 613 us)
[prefill-profile] tail_resid: 62 calls 0 ms (avg 12 us)
[prefill-profile] tokens=122 layers total=83 ms
[prefill-profile] flash_attn: 62 calls 30 ms (avg 491 us)
[prefill-profile] qk_norm_rope: 62 calls 1 ms (avg 28 us)
[prefill-profile] matmuls: 62 calls 6 ms (avg 99 us)
[prefill-profile] norms: 62 calls 0 ms (avg 8 us)
[prefill-profile] tail_norm: 62 calls 0 ms (avg 13 us)
[prefill-profile] tail_gate_up: 62 calls 23 ms (avg 374 us)
[prefill-profile] tail_act: 62 calls 0 ms (avg 15 us)
[prefill-profile] tail_down: 62 calls 13 ms (avg 223 us)
[prefill-profile] tail_mlp: 62 calls 38 ms (avg 613 us)
[prefill-profile] tail_resid: 62 calls 0 ms (avg 12 us)
[prefill-profile] tokens=122 layers total=83 ms
[prefill-profile] flash_attn: 62 calls 30 ms (avg 491 us)
[prefill-profile] qk_norm_rope: 62 calls 1 ms (avg 27 us)
[prefill-profile] matmuls: 62 calls 6 ms (avg 97 us)
[prefill-profile] norms: 62 calls 0 ms (avg 8 us)
[prefill-profile] tail_norm: 62 calls 0 ms (avg 13 us)
[prefill-profile] tail_gate_up: 62 calls 23 ms (avg 374 us)
[prefill-profile] tail_act: 62 calls 0 ms (avg 15 us)
[prefill-profile] tail_down: 62 calls 13 ms (avg 223 us)
[prefill-profile] tail_mlp: 62 calls 38 ms (avg 612 us)
[prefill-profile] tail_resid: 62 calls 0 ms (avg 12 us)
[prefill-profile] tokens=122 layers total=83 ms
[prefill-profile] flash_attn: 62 calls 30 ms (avg 491 us)
[prefill-profile] qk_norm_rope: 62 calls 1 ms (avg 28 us)
[prefill-profile] matmuls: 62 calls 6 ms (avg 97 us)
[prefill-profile] norms: 62 calls 0 ms (avg 8 us)
[prefill-profile] tail_norm: 62 calls 0 ms (avg 13 us)
[prefill-profile] tail_gate_up: 62 calls 23 ms (avg 374 us)
[prefill-profile] tail_act: 62 calls 0 ms (avg 15 us)
[prefill-profile] tail_down: 62 calls 13 ms (avg 223 us)
[prefill-profile] tail_mlp: 62 calls 38 ms (avg 614 us)
[prefill-profile] tail_resid: 62 calls 0 ms (avg 12 us)
[prefill-profile] tokens=122 layers total=83 ms
[prefill-profile] flash_attn: 62 calls 30 ms (avg 491 us)
[prefill-profile] qk_norm_rope: 62 calls 1 ms (avg 27 us)
[prefill-profile] matmuls: 62 calls 6 ms (avg 97 us)
[prefill-profile] norms: 62 calls 0 ms (avg 8 us)
[prefill-profile] tail_norm: 62 calls 0 ms (avg 12 us)
[prefill-profile] tail_gate_up: 62 calls 23 ms (avg 374 us)
[prefill-profile] tail_act: 62 calls 0 ms (avg 15 us)
[prefill-profile] tail_down: 62 calls 13 ms (avg 223 us)
[prefill-profile] tail_mlp: 62 calls 37 ms (avg 612 us)
[prefill-profile] tail_resid: 62 calls 0 ms (avg 11 us)
[prefill-profile] tokens=122 layers total=83 ms
[prefill-profile] flash_attn: 62 calls 30 ms (avg 491 us)
[prefill-profile] qk_norm_rope: 62 calls 1 ms (avg 27 us)
[prefill-profile] matmuls: 62 calls 6 ms (avg 97 us)
[prefill-profile] norms: 62 calls 0 ms (avg 8 us)
[prefill-profile] tail_norm: 62 calls 0 ms (avg 12 us)
[prefill-profile] tail_gate_up: 62 calls 23 ms (avg 374 us)
[prefill-profile] tail_act: 62 calls 0 ms (avg 15 us)
[prefill-profile] tail_down: 62 calls 13 ms (avg 223 us)
[prefill-profile] tail_mlp: 62 calls 37 ms (avg 612 us)
[prefill-profile] tail_resid: 62 calls 0 ms (avg 11 us)
[prefill-profile] tokens=122 layers total=83 ms
[prefill-profile] flash_attn: 62 calls 30 ms (avg 491 us)
[prefill-profile] qk_norm_rope: 62 calls 1 ms (avg 27 us)
[prefill-profile] matmuls: 62 calls 6 ms (avg 97 us)
[prefill-profile] norms: 62 calls 0 ms (avg 8 us)
[prefill-profile] tail_norm: 62 calls 0 ms (avg 13 us)
[prefill-profile] tail_gate_up: 62 calls 23 ms (avg 374 us)
[prefill-profile] tail_act: 62 calls 0 ms (avg 15 us)
[prefill-profile] tail_down: 62 calls 13 ms (avg 223 us)
[prefill-profile] tail_mlp: 62 calls 37 ms (avg 612 us)
[prefill-profile] tail_resid: 62 calls 0 ms (avg 11 us)
[prefill-profile] tokens=122 layers total=83 ms
[prefill-profile] flash_attn: 62 calls 30 ms (avg 491 us)
[prefill-profile] qk_norm_rope: 62 calls 1 ms (avg 27 us)
[prefill-profile] matmuls: 62 calls 6 ms (avg 97 us)
[prefill-profile] norms: 62 calls 0 ms (avg 8 us)
[prefill-profile] tail_norm: 62 calls 0 ms (avg 13 us)
[prefill-profile] tail_gate_up: 62 calls 23 ms (avg 374 us)
[prefill-profile] tail_act: 62 calls 0 ms (avg 15 us)
[prefill-profile] tail_down: 62 calls 13 ms (avg 223 us)
[prefill-profile] tail_mlp: 62 calls 37 ms (avg 612 us)
[prefill-profile] tail_resid: 62 calls 0 ms (avg 11 us)
[prefill-profile] tokens=122 layers total=83 ms
[prefill-profile] flash_attn: 62 calls 30 ms (avg 491 us)
[prefill-profile] qk_norm_rope: 62 calls 1 ms (avg 27 us)
[prefill-profile] matmuls: 62 calls 6 ms (avg 97 us)
[prefill-profile] norms: 62 calls 0 ms (avg 8 us)
[prefill-profile] tail_norm: 62 calls 0 ms (avg 12 us)
[prefill-profile] tail_gate_up: 62 calls 23 ms (avg 373 us)
[prefill-profile] tail_act: 62 calls 0 ms (avg 15 us)
[prefill-profile] tail_down: 62 calls 13 ms (avg 223 us)
[prefill-profile] tail_mlp: 62 calls 37 ms (avg 612 us)
[prefill-profile] tail_resid: 62 calls 0 ms (avg 11 us)
[prefill-profile] tokens=122 layers total=83 ms
[prefill-profile] flash_attn: 62 calls 30 ms (avg 491 us)
[prefill-profile] qk_norm_rope: 62 calls 1 ms (avg 27 us)
[prefill-profile] matmuls: 62 calls 6 ms (avg 97 us)
[prefill-profile] norms: 62 calls 0 ms (avg 8 us)
[prefill-profile] tail_norm: 62 calls 0 ms (avg 12 us)
[prefill-profile] tail_gate_up: 62 calls 23 ms (avg 374 us)
[prefill-profile] tail_act: 62 calls 0 ms (avg 15 us)
[prefill-profile] tail_down: 62 calls 13 ms (avg 223 us)
[prefill-profile] tail_mlp: 62 calls 37 ms (avg 612 us)
[prefill-profile] tail_resid: 62 calls 0 ms (avg 11 us)
[prefill-profile] tokens=122 layers total=83 ms
[prefill-profile] flash_attn: 62 calls 30 ms (avg 491 us)
[prefill-profile] qk_norm_rope: 62 calls 1 ms (avg 28 us)
[prefill-profile] matmuls: 62 calls 6 ms (avg 97 us)
[prefill-profile] norms: 62 calls 0 ms (avg 8 us)
[prefill-profile] tail_norm: 62 calls 0 ms (avg 13 us)
[prefill-profile] tail_gate_up: 62 calls 23 ms (avg 374 us)
[prefill-profile] tail_act: 62 calls 0 ms (avg 15 us)
[prefill-profile] tail_down: 62 calls 13 ms (avg 223 us)
[prefill-profile] tail_mlp: 62 calls 37 ms (avg 612 us)
[prefill-profile] tail_resid: 62 calls 0 ms (avg 11 us)
[prefill-profile] tokens=122 layers total=83 ms
[prefill-profile] flash_attn: 62 calls 30 ms (avg 491 us)
[prefill-profile] qk_norm_rope: 62 calls 1 ms (avg 27 us)
[prefill-profile] matmuls: 62 calls 6 ms (avg 97 us)
[prefill-profile] norms: 62 calls 0 ms (avg 8 us)
[prefill-profile] tail_norm: 62 calls 0 ms (avg 12 us)
[prefill-profile] tail_gate_up: 62 calls 23 ms (avg 374 us)
[prefill-profile] tail_act: 62 calls 0 ms (avg 15 us)
[prefill-profile] tail_down: 62 calls 13 ms (avg 223 us)
[prefill-profile] tail_mlp: 62 calls 38 ms (avg 612 us)
[prefill-profile] tail_resid: 62 calls 0 ms (avg 11 us)
[prefill-profile] tokens=122 layers total=83 ms
[prefill-profile] flash_attn: 62 calls 30 ms (avg 491 us)
[prefill-profile] qk_norm_rope: 62 calls 1 ms (avg 27 us)
[prefill-profile] matmuls: 62 calls 6 ms (avg 97 us)
[prefill-profile] norms: 62 calls 0 ms (avg 8 us)
[prefill-profile] tail_norm: 62 calls 0 ms (avg 12 us)
[prefill-profile] tail_gate_up: 62 calls 23 ms (avg 374 us)
[prefill-profile] tail_act: 62 calls 0 ms (avg 15 us)
[prefill-profile] tail_down: 62 calls 13 ms (avg 223 us)
[prefill-profile] tail_mlp: 62 calls 37 ms (avg 612 us)
[prefill-profile] tail_resid: 62 calls 0 ms (avg 11 us)
[prefill-profile] tokens=122 layers total=83 ms
[prefill-profile] flash_attn: 62 calls 30 ms (avg 491 us)
[prefill-profile] qk_norm_rope: 62 calls 1 ms (avg 27 us)
[prefill-profile] matmuls: 62 calls 6 ms (avg 97 us)
[prefill-profile] norms: 62 calls 0 ms (avg 8 us)
[prefill-profile] tail_norm: 62 calls 0 ms (avg 12 us)
[prefill-profile] tail_gate_up: 62 calls 23 ms (avg 374 us)
[prefill-profile] tail_act: 62 calls 0 ms (avg 15 us)
[prefill-profile] tail_down: 62 calls 13 ms (avg 223 us)
[prefill-profile] tail_mlp: 62 calls 37 ms (avg 612 us)
[prefill-profile] tail_resid: 62 calls 0 ms (avg 11 us)
[prefill-profile] tokens=122 layers total=83 ms
[prefill-profile] flash_attn: 62 calls 30 ms (avg 491 us)
[prefill-profile] qk_norm_rope: 62 calls 1 ms (avg 27 us)
[prefill-profile] matmuls: 62 calls 6 ms (avg 97 us)
[prefill-profile] norms: 62 calls 0 ms (avg 8 us)
[prefill-profile] tail_norm: 62 calls 0 ms (avg 12 us)
[prefill-profile] tail_gate_up: 62 calls 23 ms (avg 374 us)
[prefill-profile] tail_act: 62 calls 0 ms (avg 14 us)
[prefill-profile] tail_down: 62 calls 13 ms (avg 223 us)
[prefill-profile] tail_mlp: 62 calls 38 ms (avg 612 us)
[prefill-profile] tail_resid: 62 calls 0 ms (avg 11 us)
[prefill-profile] tokens=122 layers total=83 ms
[prefill-profile] flash_attn: 62 calls 30 ms (avg 491 us)
[prefill-profile] qk_norm_rope: 62 calls 1 ms (avg 27 us)
[prefill-profile] matmuls: 62 calls 6 ms (avg 97 us)
[prefill-profile] norms: 62 calls 0 ms (avg 8 us)
[prefill-profile] tail_norm: 62 calls 0 ms (avg 12 us)
[prefill-profile] tail_gate_up: 62 calls 23 ms (avg 373 us)
[prefill-profile] tail_act: 62 calls 0 ms (avg 14 us)
[prefill-profile] tail_down: 62 calls 13 ms (avg 223 us)
[prefill-profile] tail_mlp: 62 calls 37 ms (avg 611 us)
[prefill-profile] tail_resid: 62 calls 0 ms (avg 12 us)
