COMMAND attempt=1: cargo publish -p ferrum-types
    Updating crates.io index
   Packaging ferrum-types v0.7.7 (/Users/chejinxuan/rust_ws/ferrum-infer-rs/crates/ferrum-types)
    Updating crates.io index
    Packaged 26 files, 279.7KiB (57.6KiB compressed)
   Verifying ferrum-types v0.7.7 (/Users/chejinxuan/rust_ws/ferrum-infer-rs/crates/ferrum-types)
   Compiling proc-macro2 v1.0.103
   Compiling unicode-ident v1.0.20
   Compiling quote v1.0.41
   Compiling libc v0.2.186
   Compiling version_check v0.9.5
   Compiling typenum v1.19.0
   Compiling cfg-if v1.0.4
   Compiling getrandom v0.3.4
   Compiling serde_core v1.0.228
   Compiling zerocopy v0.8.27
   Compiling serde v1.0.228
   Compiling autocfg v1.5.0
   Compiling generic-array v0.14.9
   Compiling num-traits v0.2.19
   Compiling serde_json v1.0.145
   Compiling core-foundation-sys v0.8.7
   Compiling thiserror v1.0.69
   Compiling iana-time-zone v0.1.64
   Compiling itoa v1.0.15
   Compiling ryu v1.0.20
   Compiling memchr v2.7.6
   Compiling smallvec v1.15.1
   Compiling block-buffer v0.10.4
   Compiling crypto-common v0.1.6
   Compiling digest v0.10.7
   Compiling cpufeatures v0.2.17
   Compiling sha2 v0.10.9
   Compiling rand_core v0.9.3
   Compiling syn v2.0.108
   Compiling serde_derive v1.0.228
   Compiling thiserror-impl v1.0.69
   Compiling ppv-lite86 v0.2.21
   Compiling rand_chacha v0.9.0
   Compiling rand v0.9.2
   Compiling chrono v0.4.42
   Compiling uuid v1.18.1
   Compiling ferrum-types v0.7.7 (/Users/chejinxuan/rust_ws/ferrum-infer-rs/target/package/ferrum-types-0.7.7)
    Finished `dev` profile [unoptimized + debuginfo] target(s) in 13.69s
   Uploading ferrum-types v0.7.7 (/Users/chejinxuan/rust_ws/ferrum-infer-rs/crates/ferrum-types)
    Uploaded ferrum-types v0.7.7 to registry `crates-io`
note: waiting for ferrum-types v0.7.7 to be available at registry `crates-io`.
You may press ctrl-c to skip waiting; the crate should be available shortly.
   Published ferrum-types v0.7.7 at registry `crates-io`
RETURNCODE attempt=1: 0
