COMMAND attempt=1: cargo publish -p ferrum-models
    Updating crates.io index
warning: manifest has no documentation, homepage or repository.
See https://doc.rust-lang.org/cargo/reference/manifest.html#package-metadata for more info.
   Packaging ferrum-models v0.7.7 (/Users/chejinxuan/rust_ws/ferrum-infer-rs/crates/ferrum-models)
    Updating crates.io index
error: failed to prepare local package for uploading

Caused by:
  failed to select a version for the requirement `ferrum-testkit = "^0.7.7"`
  candidate versions found which didn't match: 0.7.6, 0.7.5, 0.7.4, ...
  location searched: crates.io index
  required by package `ferrum-models v0.7.7 (/Users/chejinxuan/rust_ws/ferrum-infer-rs/crates/ferrum-models)`
RETURNCODE attempt=1: 101
COMMAND attempt=2: cargo publish -p ferrum-models
    Updating crates.io index
warning: manifest has no documentation, homepage or repository.
See https://doc.rust-lang.org/cargo/reference/manifest.html#package-metadata for more info.
   Packaging ferrum-models v0.7.7 (/Users/chejinxuan/rust_ws/ferrum-infer-rs/crates/ferrum-models)
    Updating crates.io index
error: failed to prepare local package for uploading

Caused by:
  failed to select a version for the requirement `ferrum-testkit = "^0.7.7"`
  candidate versions found which didn't match: 0.7.6, 0.7.5, 0.7.4, ...
  location searched: crates.io index
  required by package `ferrum-models v0.7.7 (/Users/chejinxuan/rust_ws/ferrum-infer-rs/crates/ferrum-models)`
RETURNCODE attempt=2: 101
COMMAND attempt=3: cargo publish -p ferrum-models
    Updating crates.io index
warning: manifest has no documentation, homepage or repository.
See https://doc.rust-lang.org/cargo/reference/manifest.html#package-metadata for more info.
   Packaging ferrum-models v0.7.7 (/Users/chejinxuan/rust_ws/ferrum-infer-rs/crates/ferrum-models)
    Updating crates.io index
error: failed to prepare local package for uploading

Caused by:
  failed to select a version for the requirement `ferrum-testkit = "^0.7.7"`
  candidate versions found which didn't match: 0.7.6, 0.7.5, 0.7.4, ...
  location searched: crates.io index
  required by package `ferrum-models v0.7.7 (/Users/chejinxuan/rust_ws/ferrum-infer-rs/crates/ferrum-models)`
RETURNCODE attempt=3: 101
COMMAND attempt=resume-1: cargo publish -p ferrum-models
    Updating crates.io index
warning: manifest has no documentation, homepage or repository.
See https://doc.rust-lang.org/cargo/reference/manifest.html#package-metadata for more info.
   Packaging ferrum-models v0.7.7 (/Users/chejinxuan/rust_ws/ferrum-infer-rs/crates/ferrum-models)
    Updating crates.io index
    Packaged 94 files, 1.9MiB (356.8KiB compressed)
   Verifying ferrum-models v0.7.7 (/Users/chejinxuan/rust_ws/ferrum-infer-rs/crates/ferrum-models)
 Downloading crates ...
  Downloaded ferrum-quantization v0.7.7
   Compiling bytemuck v1.24.0
   Compiling zerovec v0.11.4
   Compiling sysctl v0.6.0
   Compiling raw-cpuid v11.6.0
   Compiling lazy_static v1.5.0
   Compiling futures-util v0.3.31
   Compiling arrayvec v0.7.6
   Compiling bitflags v1.3.2
   Compiling zerotrie v0.2.2
   Compiling ring v0.17.14
   Compiling simd-adler32 v0.3.7
   Compiling either v1.15.0
   Compiling miniz_oxide v0.8.9
   Compiling num-complex v0.4.6
   Compiling half v2.7.1
   Compiling dyn-stack v0.13.2
   Compiling symphonia-core v0.5.5
   Compiling rayon v1.11.0
   Compiling num-integer v0.1.46
   Compiling pulp v0.22.2
   Compiling float8 v0.6.1
   Compiling tinystr v0.8.1
   Compiling potential_utf v0.1.3
   Compiling regex-automata v0.4.13
   Compiling icu_collections v2.0.0
   Compiling icu_locale_core v2.0.0
   Compiling flate2 v1.1.5
   Compiling symphonia-metadata v0.5.5
   Compiling rustls-webpki v0.103.7
   Compiling icu_provider v2.0.0
   Compiling rustls v0.23.34
   Compiling symphonia-utils-xiph v0.5.5
   Compiling icu_properties v2.0.1
   Compiling icu_normalizer v2.0.0
   Compiling ferrum-types v0.7.7
   Compiling strength_reduce v0.2.4
   Compiling futures-executor v0.3.31
   Compiling futures v0.3.31
   Compiling bindgen_cuda v0.1.6
   Compiling hyper-util v0.1.17
   Compiling audio-core v0.2.1
   Compiling tower v0.5.2
   Compiling transpose v0.2.3
   Compiling primal-check v0.3.4
   Compiling bit-vec v0.8.0
   Compiling rustfft v6.4.1
   Compiling tower-http v0.6.6
   Compiling idna_adapter v1.2.1
   Compiling ferrum-kernels v0.7.7
   Compiling idna v1.1.0
   Compiling bit-set v0.8.0
   Compiling url v2.5.7
   Compiling audioadapter-sample v3.0.0
   Compiling audioadapter v3.0.0
   Compiling hyper-tls v0.6.0
   Compiling fdeflate v0.3.7
   Compiling serde_spanned v0.6.9
   Compiling toml_datetime v0.6.11
   Compiling zune-core v0.5.1
   Compiling winnow v0.7.13
   Compiling byteorder-lite v0.1.0
   Compiling pxfm v0.1.28
   Compiling toml_write v0.1.2
   Compiling extended v0.1.0
   Compiling quick-error v2.0.1
   Compiling symphonia-format-riff v0.5.5
   Compiling image-webp v0.2.4
   Compiling realfft v3.5.0
   Compiling zune-jpeg v0.5.15
   Compiling png v0.18.1
   Compiling gemm-common v0.19.0
   Compiling gemm-f32 v0.19.0
   Compiling gemm-f64 v0.19.0
   Compiling gemm-c32 v0.19.0
   Compiling gemm-c64 v0.19.0
   Compiling tokio-rustls v0.26.4
   Compiling ferrum-interfaces v0.7.7
   Compiling gemm-f16 v0.19.0
   Compiling hyper-rustls v0.27.7
   Compiling ferrum-bench-core v0.7.7
   Compiling gemm v0.19.0
   Compiling candle-core v0.9.2
   Compiling reqwest v0.12.24
   Compiling moxcms v0.8.1
   Compiling toml_edit v0.22.27
   Compiling ureq v2.12.1
   Compiling rand_chacha v0.3.1
   Compiling audioadapter-buffers v3.0.0
   Compiling fancy-regex v0.17.0
   Compiling regex v1.12.2
   Compiling ahash v0.8.12
   Compiling symphonia-codec-vorbis v0.5.5
   Compiling symphonia-format-isomp4 v0.5.5
   Compiling symphonia-bundle-flac v0.5.5
   Compiling symphonia-format-ogg v0.5.5
   Compiling symphonia-bundle-mp3 v0.5.5
   Compiling symphonia-codec-pcm v0.5.5
   Compiling symphonia-codec-aac v0.5.5
   Compiling serde_plain v1.0.2
   Compiling windowfunctions v0.1.1
   Compiling visibility v0.1.1
   Compiling tokenizers v0.21.4
   Compiling toml v0.8.23
   Compiling hf-hub v0.4.3
   Compiling rubato v2.0.0
   Compiling symphonia v0.5.5
   Compiling rand v0.8.5
   Compiling pathdiff v0.2.3
   Compiling image v0.25.10
   Compiling candle-nn v0.9.2
   Compiling ferrum-quantization v0.7.7
   Compiling candle-transformers v0.9.2
   Compiling ferrum-models v0.7.7 (/Users/chejinxuan/rust_ws/ferrum-infer-rs/target/package/ferrum-models-0.7.7)
    Finished `dev` profile [unoptimized + debuginfo] target(s) in 37.91s
   Uploading ferrum-models v0.7.7 (/Users/chejinxuan/rust_ws/ferrum-infer-rs/crates/ferrum-models)
    Uploaded ferrum-models v0.7.7 to registry `crates-io`
note: waiting for ferrum-models v0.7.7 to be available at registry `crates-io`.
You may press ctrl-c to skip waiting; the crate should be available shortly.
   Published ferrum-models v0.7.7 at registry `crates-io`
RETURNCODE attempt=resume-1: 0
