COMMAND attempt=resume-1: cargo publish -p ferrum-server
    Updating crates.io index
warning: manifest has no documentation, homepage or repository.
See https://doc.rust-lang.org/cargo/reference/manifest.html#package-metadata for more info.
   Packaging ferrum-server v0.7.7 (/Users/chejinxuan/rust_ws/ferrum-infer-rs/crates/ferrum-server)
    Updating crates.io index
    Packaged 15 files, 533.5KiB (100.1KiB compressed)
   Verifying ferrum-server v0.7.7 (/Users/chejinxuan/rust_ws/ferrum-infer-rs/crates/ferrum-server)
 Downloading crates ...
  Downloaded ferrum-engine v0.7.7
   Compiling bitflags v2.10.0
   Compiling tracing v0.1.41
   Compiling serde_json v1.0.145
   Compiling ring v0.17.14
   Compiling httpdate v1.0.3
   Compiling hashbrown v0.14.5
   Compiling num-integer v0.1.46
   Compiling crunchy v0.2.4
   Compiling tiny-keccak v2.0.2
   Compiling getrandom v0.2.16
   Compiling sysctl v0.6.0
   Compiling raw-cpuid v11.6.0
   Compiling rustix v1.1.2
   Compiling security-framework v2.11.1
   Compiling h2 v0.4.12
   Compiling system-configuration v0.6.1
   Compiling tower v0.5.2
   Compiling once_cell v1.21.3
   Compiling ucd-trie v0.1.7
   Compiling pest v2.8.3
   Compiling tempfile v3.23.0
   Compiling tower-http v0.6.6
   Compiling native-tls v0.2.14
   Compiling transpose v0.2.3
   Compiling gemm-common v0.19.0
   Compiling ferrum-types v0.7.7
   Compiling tokio-native-tls v0.3.1
   Compiling safetensors v0.7.0
   Compiling gemm-f32 v0.19.0
   Compiling gemm-c64 v0.19.0
   Compiling gemm-c32 v0.19.0
   Compiling gemm-f64 v0.19.0
   Compiling primal-check v0.3.4
   Compiling onig v6.5.1
   Compiling gemm-f16 v0.19.0
   Compiling rustfft v6.4.1
   Compiling hyper v1.7.0
   Compiling gemm v0.19.0
   Compiling candle-core v0.9.2
   Compiling hyper-util v0.1.17
   Compiling const-random-macro v0.1.16
   Compiling pest_meta v2.8.3
   Compiling http v0.2.12
   Compiling const-random v0.1.18
   Compiling time-core v0.1.6
   Compiling powerfmt v0.2.0
   Compiling rustls v0.23.34
   Compiling ferrum-interfaces v0.7.7
   Compiling ferrum-bench-core v0.7.7
   Compiling num-conv v0.1.0
   Compiling time-macros v0.2.24
   Compiling hyper-tls v0.6.0
   Compiling dlv-list v0.5.2
   Compiling http-body v0.4.6
   Compiling pest_generator v2.8.3
   Compiling deranged v0.5.4
   Compiling rustls-webpki v0.103.7
   Compiling tokenizers v0.21.4
   Compiling realfft v3.5.0
   Compiling png v0.18.1
   Compiling safetensors v0.4.5
   Compiling dashmap v6.1.0
   Compiling sha1 v0.10.6
   Compiling socket2 v0.5.10
   Compiling multer v3.1.0
   Compiling data-encoding v2.9.0
   Compiling base64 v0.21.7
   Compiling utf-8 v0.7.6
   Compiling hyper v0.14.32
   Compiling tungstenite v0.24.0
   Compiling image v0.25.10
   Compiling time v0.3.44
   Compiling rubato v2.0.0
   Compiling pest_derive v2.8.3
   Compiling ordered-multimap v0.7.3
   Compiling hashlink v0.8.4
   Compiling num-bigint v0.4.6
   Compiling quanta v0.12.6
   Compiling spin v0.9.8
   Compiling arraydeque v0.5.1
   Compiling sketches-ddsketch v0.2.2
   Compiling yaml-rust2 v0.8.1
   Compiling metrics-util v0.16.3
   Compiling simple_asn1 v0.6.3
   Compiling ferrum-scheduler v0.7.7
   Compiling tokio-rustls v0.26.4
   Compiling ureq v2.12.1
   Compiling hyper-rustls v0.27.7
   Compiling candle-nn v0.9.2
   Compiling ferrum-kernels v0.7.7
   Compiling reqwest v0.12.24
   Compiling ferrum-quantization v0.7.7
   Compiling candle-transformers v0.9.2
   Compiling hyper-tls v0.5.0
   Compiling ferrum-sampler v0.7.7
   Compiling rust-ini v0.20.0
   Compiling hf-hub v0.4.3
   Compiling json5 v0.4.1
   Compiling tokio-tungstenite v0.24.0
   Compiling ron v0.8.1
   Compiling ferrum-tokenizer v0.7.7
   Compiling ferrum-kv v0.7.7
   Compiling axum-core v0.4.5
   Compiling convert_case v0.6.0
   Compiling pem v3.0.6
   Compiling serde_path_to_error v0.1.20
   Compiling memo-map v0.3.3
   Compiling matchit v0.7.3
   Compiling minijinja v2.20.0
   Compiling jsonwebtoken v9.3.1
   Compiling config v0.14.1
   Compiling metrics-exporter-prometheus v0.13.1
   Compiling axum v0.7.9
   Compiling tower v0.4.13
   Compiling tower-http v0.5.2
   Compiling regex-lite v0.1.9
   Compiling ferrum-models v0.7.7
   Compiling ferrum-engine v0.7.7
   Compiling ferrum-server v0.7.7 (/Users/chejinxuan/rust_ws/ferrum-infer-rs/target/package/ferrum-server-0.7.7)
    Finished `dev` profile [unoptimized + debuginfo] target(s) in 37.55s
   Uploading ferrum-server v0.7.7 (/Users/chejinxuan/rust_ws/ferrum-infer-rs/crates/ferrum-server)
    Uploaded ferrum-server v0.7.7 to registry `crates-io`
note: waiting for ferrum-server v0.7.7 to be available at registry `crates-io`.
You may press ctrl-c to skip waiting; the crate should be available shortly.
   Published ferrum-server v0.7.7 at registry `crates-io`
RETURNCODE attempt=resume-1: 0
