COMMAND attempt=resume-1: cargo publish -p ferrum-cli
    Updating crates.io index
warning: manifest has no documentation, homepage or repository.
See https://doc.rust-lang.org/cargo/reference/manifest.html#package-metadata for more info.
   Packaging ferrum-cli v0.7.7 (/Users/chejinxuan/rust_ws/ferrum-infer-rs/crates/ferrum-cli)
    Updating crates.io index
    Packaged 41 files, 721.7KiB (161.9KiB compressed)
   Verifying ferrum-cli v0.7.7 (/Users/chejinxuan/rust_ws/ferrum-infer-rs/crates/ferrum-cli)
 Downloading crates ...
  Downloaded ferrum-server v0.7.7
   Compiling log v0.4.28
   Compiling tracing-core v0.1.34
   Compiling strsim v0.11.1
   Compiling console v0.15.11
   Compiling utf8parse v0.2.2
   Compiling anstyle v1.0.13
   Compiling colorchoice v1.0.4
   Compiling is_terminal_polyfill v1.70.2
   Compiling anstyle-query v1.1.4
   Compiling clap_lex v0.7.6
   Compiling anstyle-parse v0.2.7
   Compiling ciborium-io v0.2.2
   Compiling symphonia-core v0.5.5
   Compiling rustls v0.23.34
   Compiling darling_core v0.20.11
   Compiling tungstenite v0.24.0
   Compiling anstream v0.6.21
   Compiling plotters-backend v0.3.7
   Compiling ciborium-ll v0.2.2
   Compiling tracing v0.1.41
   Compiling indicatif v0.17.11
   Compiling clap_builder v4.5.50
   Compiling h2 v0.4.12
   Compiling ferrum-interfaces v0.7.7
   Compiling tower v0.5.2
   Compiling candle-transformers v0.9.2
   Compiling symphonia-metadata v0.5.5
   Compiling tower-http v0.6.6
   Compiling symphonia-utils-xiph v0.5.5
   Compiling symphonia-bundle-mp3 v0.5.5
   Compiling symphonia-format-riff v0.5.5
   Compiling symphonia-format-isomp4 v0.5.5
   Compiling ferrum-kernels v0.7.7
   Compiling symphonia-bundle-flac v0.5.5
   Compiling symphonia-format-ogg v0.5.5
   Compiling symphonia-codec-vorbis v0.5.5
   Compiling darling_macro v0.20.11
   Compiling symphonia-codec-pcm v0.5.5
   Compiling symphonia-codec-aac v0.5.5
   Compiling darling v0.20.11
   Compiling symphonia v0.5.5
   Compiling ferrum-quantization v0.7.7
   Compiling hyper v0.14.32
   Compiling tokio-rustls v0.26.4
   Compiling ureq v2.12.1
   Compiling ferrum-scheduler v0.7.7
   Compiling ferrum-kv v0.7.7
   Compiling hyper v1.7.0
   Compiling ferrum-sampler v0.7.7
   Compiling tokio-tungstenite v0.24.0
   Compiling hyper-util v0.1.17
   Compiling axum-core v0.4.5
   Compiling derive_builder_core v0.20.2
   Compiling plotters-svg v0.3.7
   Compiling clap_derive v4.5.49
   Compiling itertools v0.10.5
   Compiling cast v0.3.0
   Compiling hyper-tls v0.5.0
   Compiling same-file v1.0.6
   Compiling metrics-exporter-prometheus v0.13.1
   Compiling walkdir v2.5.0
   Compiling derive_builder_macro v0.20.2
   Compiling plotters v0.3.7
   Compiling criterion-plot v0.5.0
   Compiling derive_builder v0.20.2
   Compiling tower v0.4.13
   Compiling hyper-tls v0.6.0
   Compiling hyper-rustls v0.27.7
   Compiling tokenizers v0.21.4
   Compiling tower-http v0.5.2
   Compiling clap v4.5.50
   Compiling ciborium v0.2.2
   Compiling reqwest v0.12.24
   Compiling tracing-log v0.2.0
   Compiling axum v0.7.9
   Compiling tracing-serde v0.2.0
   Compiling matchers v0.2.0
   Compiling sharded-slab v0.1.7
   Compiling tinytemplate v1.2.1
   Compiling is-terminal v0.4.17
   Compiling thread_local v1.1.9
   Compiling nu-ansi-term v0.50.3
   Compiling anes v0.1.6
   Compiling oorandom v11.1.5
   Compiling unsafe-libyaml v0.2.11
   Compiling shell-words v1.1.0
   Compiling tracing-subscriber v0.3.20
   Compiling criterion v0.5.1
   Compiling dialoguer v0.11.0
   Compiling shellexpand v3.1.1
   Compiling colored v2.2.0
   Compiling serde_yaml v0.9.34+deprecated
   Compiling hf-hub v0.4.3
   Compiling ferrum-tokenizer v0.7.7
   Compiling ferrum-models v0.7.7
   Compiling ferrum-engine v0.7.7
   Compiling ferrum-server v0.7.7
   Compiling ferrum-cli v0.7.7 (/Users/chejinxuan/rust_ws/ferrum-infer-rs/target/package/ferrum-cli-0.7.7)
    Finished `dev` profile [unoptimized + debuginfo] target(s) in 33.89s
   Uploading ferrum-cli v0.7.7 (/Users/chejinxuan/rust_ws/ferrum-infer-rs/crates/ferrum-cli)
    Uploaded ferrum-cli v0.7.7 to registry `crates-io`
note: waiting for ferrum-cli v0.7.7 to be available at registry `crates-io`.
You may press ctrl-c to skip waiting; the crate should be available shortly.
   Published ferrum-cli v0.7.7 at registry `crates-io`
RETURNCODE attempt=resume-1: 0
