COMMAND attempt=1: cargo publish -p ferrum-tokenizer
    Updating crates.io index
warning: manifest has no documentation, homepage or repository.
See https://doc.rust-lang.org/cargo/reference/manifest.html#package-metadata for more info.
   Packaging ferrum-tokenizer v0.7.7 (/Users/chejinxuan/rust_ws/ferrum-infer-rs/crates/ferrum-tokenizer)
    Updating crates.io index
    Packaged 8 files, 111.6KiB (30.1KiB compressed)
   Verifying ferrum-tokenizer v0.7.7 (/Users/chejinxuan/rust_ws/ferrum-infer-rs/crates/ferrum-tokenizer)
   Compiling serde_core v1.0.228
   Compiling serde v1.0.228
   Compiling fnv v1.0.7
   Compiling find-msvc-tools v0.1.4
   Compiling shlex v1.3.0
   Compiling futures-core v0.3.31
   Compiling syn v2.0.108
   Compiling stable_deref_trait v1.2.1
   Compiling bitflags v2.10.0
   Compiling futures-sink v0.3.31
   Compiling cc v1.2.43
   Compiling futures-channel v0.3.31
   Compiling litemap v0.8.0
   Compiling writeable v0.6.1
   Compiling http v1.3.1
   Compiling core-foundation v0.9.4
   Compiling icu_properties_data v2.0.1
   Compiling rustix v1.1.2
   Compiling icu_normalizer_data v2.0.0
   Compiling errno v0.3.14
   Compiling zeroize v1.8.2
   Compiling percent-encoding v2.3.2
   Compiling rustls-pki-types v1.12.0
   Compiling security-framework-sys v2.17.0
   Compiling fastrand v2.3.0
   Compiling httparse v1.10.1
   Compiling system-configuration-sys v0.6.0
   Compiling http-body v1.0.1
   Compiling native-tls v0.2.14
   Compiling strsim v0.11.1
   Compiling ident_case v1.0.1
   Compiling security-framework v2.11.1
   Compiling tower-service v0.3.3
   Compiling try-lock v0.2.5
   Compiling atomic-waker v1.1.2
   Compiling ring v0.17.14
   Compiling want v0.3.1
   Compiling crossbeam-epoch v0.9.18
   Compiling form_urlencoded v1.2.2
   Compiling getrandom v0.2.16
   Compiling crc32fast v1.5.0
   Compiling option-ext v0.2.0
   Compiling rayon-core v1.13.0
   Compiling base64 v0.22.1
   Compiling portable-atomic v1.11.1
   Compiling utf8_iter v1.0.4
   Compiling rustversion v1.0.22
   Compiling untrusted v0.9.0
   Compiling serde_json v1.0.145
   Compiling log v0.4.28
   Compiling pkg-config v0.3.32
   Compiling synstructure v0.13.2
   Compiling darling_core v0.20.11
   Compiling tempfile v3.23.0
   Compiling system-configuration v0.6.1
   Compiling onig_sys v69.9.1
   Compiling crossbeam-deque v0.8.6
   Compiling sync_wrapper v1.0.2
   Compiling ipnet v2.11.0
   Compiling thiserror v2.0.17
   Compiling either v1.15.0
   Compiling adler2 v2.0.1
   Compiling tower-layer v0.3.3
   Compiling paste v1.0.15
   Compiling unicode-width v0.2.2
   Compiling rustls v0.23.34
   Compiling simd-adler32 v0.3.7
   Compiling console v0.15.11
   Compiling miniz_oxide v0.8.9
   Compiling serde_derive v1.0.228
   Compiling zerofrom-derive v0.1.6
   Compiling yoke-derive v0.8.0
   Compiling zerovec-derive v0.11.1
   Compiling displaydoc v0.2.5
   Compiling tokio-macros v2.6.0
   Compiling futures-macro v0.3.31
   Compiling tracing-attributes v0.1.30
   Compiling darling_macro v0.20.11
   Compiling zerofrom v0.1.6
   Compiling thiserror-impl v1.0.69
   Compiling thiserror-impl v2.0.17
   Compiling darling v0.20.11
   Compiling futures-util v0.3.31
   Compiling yoke v0.8.1
   Compiling derive_builder_core v0.20.2
   Compiling esaxx-rs v0.1.10
   Compiling http-body-util v0.1.3
   Compiling tracing v0.1.41
   Compiling webpki-roots v1.0.3
   Compiling ahash v0.8.12
   Compiling aho-corasick v1.1.3
   Compiling number_prefix v0.4.0
   Compiling zerovec v0.11.4
   Compiling zerotrie v0.2.2
   Compiling subtle v2.6.1
   Compiling byteorder v1.5.0
   Compiling iri-string v0.7.8
   Compiling rustls-webpki v0.103.7
   Compiling regex-syntax v0.8.8
   Compiling minimal-lexical v0.2.1
   Compiling futures-executor v0.3.31
   Compiling nom v7.1.3
   Compiling socks v0.3.4
   Compiling futures v0.3.31
   Compiling derive_builder_macro v0.20.2
   Compiling indicatif v0.17.11
   Compiling webpki-roots v0.26.11
   Compiling thiserror v1.0.69
   Compiling tinystr v0.8.1
   Compiling potential_utf v0.1.3
   Compiling icu_locale_core v2.0.0
   Compiling icu_collections v2.0.0
   Compiling regex-automata v0.4.13
   Compiling smallvec v1.15.1
   Compiling icu_provider v2.0.0
   Compiling uuid v1.18.1
   Compiling parking_lot_core v0.9.12
   Compiling icu_properties v2.0.1
   Compiling parking_lot v0.12.5
   Compiling icu_normalizer v2.0.0
   Compiling serde_urlencoded v0.7.1
   Compiling chrono v0.4.42
   Compiling tokio v1.48.0
   Compiling castaway v0.2.4
   Compiling rayon v1.11.0
   Compiling idna_adapter v1.2.1
   Compiling idna v1.1.0
   Compiling flate2 v1.1.5
   Compiling monostate-impl v0.1.18
   Compiling url v2.5.7
   Compiling itertools v0.14.0
   Compiling dirs-sys v0.5.0
   Compiling encoding_rs v0.8.35
   Compiling macro_rules_attribute-proc_macro v0.2.2
   Compiling unicode-segmentation v1.12.0
   Compiling base64 v0.13.1
   Compiling static_assertions v1.1.0
   Compiling mime v0.3.17
   Compiling compact_str v0.9.0
   Compiling spm_precompiled v0.1.4
   Compiling macro_rules_attribute v0.2.2
   Compiling ureq v2.12.1
   Compiling dirs v6.0.0
   Compiling monostate v0.1.18
   Compiling ferrum-types v0.7.7
   Compiling rayon-cond v0.4.0
   Compiling regex v1.12.2
   Compiling onig v6.5.1
   Compiling unicode-normalization-alignments v0.1.12
   Compiling dary_heap v0.3.8
   Compiling derive_builder v0.20.2
   Compiling async-trait v0.1.89
   Compiling dirs-sys v0.4.1
   Compiling num_cpus v1.17.0
   Compiling unicode_categories v0.1.1
   Compiling dashmap v6.1.0
   Compiling dirs v5.0.1
   Compiling tokenizers v0.21.4
   Compiling tokio-util v0.7.16
   Compiling tokio-native-tls v0.3.1
   Compiling tower v0.5.2
   Compiling tower-http v0.6.6
   Compiling h2 v0.4.12
   Compiling ferrum-interfaces v0.7.7
   Compiling hyper v1.7.0
   Compiling hyper-util v0.1.17
   Compiling hyper-tls v0.6.0
   Compiling reqwest v0.12.24
   Compiling hf-hub v0.4.3
   Compiling ferrum-tokenizer v0.7.7 (/Users/chejinxuan/rust_ws/ferrum-infer-rs/target/package/ferrum-tokenizer-0.7.7)
    Finished `dev` profile [unoptimized + debuginfo] target(s) in 28.27s
   Uploading ferrum-tokenizer v0.7.7 (/Users/chejinxuan/rust_ws/ferrum-infer-rs/crates/ferrum-tokenizer)
    Uploaded ferrum-tokenizer v0.7.7 to registry `crates-io`
note: waiting for ferrum-tokenizer v0.7.7 to be available at registry `crates-io`.
You may press ctrl-c to skip waiting; the crate should be available shortly.
   Published ferrum-tokenizer v0.7.7 at registry `crates-io`
RETURNCODE attempt=1: 0
