COMMAND attempt=1: cargo publish -p ferrum-kv
    Updating crates.io index
warning: manifest has no documentation, homepage or repository.
See https://doc.rust-lang.org/cargo/reference/manifest.html#package-metadata for more info.
   Packaging ferrum-kv v0.7.7 (/Users/chejinxuan/rust_ws/ferrum-infer-rs/crates/ferrum-kv)
    Updating crates.io index
    Packaged 20 files, 187.5KiB (42.8KiB compressed)
   Verifying ferrum-kv v0.7.7 (/Users/chejinxuan/rust_ws/ferrum-infer-rs/crates/ferrum-kv)
   Compiling zerocopy v0.8.27
   Compiling zerocopy-derive v0.8.27
   Compiling ppv-lite86 v0.2.21
   Compiling rand_chacha v0.9.0
   Compiling rand v0.9.2
   Compiling ferrum-types v0.7.7
   Compiling rand_distr v0.5.1
   Compiling half v2.7.1
   Compiling ferrum-interfaces v0.7.7
   Compiling ferrum-kv v0.7.7 (/Users/chejinxuan/rust_ws/ferrum-infer-rs/target/package/ferrum-kv-0.7.7)
    Finished `dev` profile [unoptimized + debuginfo] target(s) in 14.14s
   Uploading ferrum-kv v0.7.7 (/Users/chejinxuan/rust_ws/ferrum-infer-rs/crates/ferrum-kv)
    Uploaded ferrum-kv v0.7.7 to registry `crates-io`
note: waiting for ferrum-kv v0.7.7 to be available at registry `crates-io`.
You may press ctrl-c to skip waiting; the crate should be available shortly.
   Published ferrum-kv v0.7.7 at registry `crates-io`
RETURNCODE attempt=1: 0
