COMMAND attempt=1: cargo publish -p ferrum-scheduler
    Updating crates.io index
warning: manifest has no documentation, homepage or repository.
See https://doc.rust-lang.org/cargo/reference/manifest.html#package-metadata for more info.
   Packaging ferrum-scheduler v0.7.7 (/Users/chejinxuan/rust_ws/ferrum-infer-rs/crates/ferrum-scheduler)
    Updating crates.io index
    Packaged 12 files, 175.9KiB (36.9KiB compressed)
   Verifying ferrum-scheduler v0.7.7 (/Users/chejinxuan/rust_ws/ferrum-infer-rs/crates/ferrum-scheduler)
 Downloading crates ...
  Downloaded ferrum-interfaces v0.7.7
   Compiling crossbeam-utils v0.8.21
   Compiling ahash v0.8.12
   Compiling equivalent v1.0.2
   Compiling hashbrown v0.17.1
   Compiling anyhow v1.0.100
   Compiling pin-project-internal v1.1.10
   Compiling hashbrown v0.14.5
   Compiling ferrum-interfaces v0.7.7
   Compiling indexmap v2.14.0
   Compiling pin-project v1.1.10
   Compiling priority-queue v2.7.0
   Compiling metrics v0.22.4
   Compiling dashmap v6.1.0
   Compiling crossbeam-channel v0.5.15
   Compiling ferrum-scheduler v0.7.7 (/Users/chejinxuan/rust_ws/ferrum-infer-rs/target/package/ferrum-scheduler-0.7.7)
    Finished `dev` profile [unoptimized + debuginfo] target(s) in 11.24s
   Uploading ferrum-scheduler v0.7.7 (/Users/chejinxuan/rust_ws/ferrum-infer-rs/crates/ferrum-scheduler)
    Uploaded ferrum-scheduler v0.7.7 to registry `crates-io`
note: waiting for ferrum-scheduler v0.7.7 to be available at registry `crates-io`.
You may press ctrl-c to skip waiting; the crate should be available shortly.
   Published ferrum-scheduler v0.7.7 at registry `crates-io`
RETURNCODE attempt=1: 0
