[microbench] compiling scripts/microbenches/dense_marlin_gemma3_perf.cu + crates/ferrum-kernels/kernels/marlin_cuda_kernel.cu
-rwxr-xr-x 1 root root 664872 Jun 15 06:50 /tmp/dense_marlin_gemma3_perf

[microbench] running /tmp/dense_marlin_gemma3_perf
dense_marlin_gemma3_perf device=NVIDIA GeForce RTX 4090 sm=8.9 peak_ref_tflops=165.0

shape=qkv k=5376 n=8192 qweight_mb=21.0 scale_mb=0.7
mode,m,tile,us,useful_tflops,padded_tflops,ret
kernel_only,1,auto,16.349,5.39,86.20,0
ws_plus_kernel,1,auto,17.915,4.92,78.66,0
host_sync_kernel,1,auto,18.112,4.86,77.81,0
host_sync_ws_plus_kernel,1,auto,19.667,4.48,71.66,0
kernel_only,1,128x128,16.211,5.43,86.94,0
ws_plus_kernel,1,128x128,17.534,5.02,80.37,0
host_sync_kernel,1,128x128,17.947,4.91,78.53,0
host_sync_ws_plus_kernel,1,128x128,19.367,4.55,72.77,0
kernel_only,1,64x256,17.832,4.94,79.03,0
ws_plus_kernel,1,64x256,19.244,4.58,73.23,0
host_sync_kernel,1,64x256,19.505,4.52,72.25,0
host_sync_ws_plus_kernel,1,64x256,21.083,4.18,66.85,0
kernel_only,3,auto,16.417,16.10,85.84,0
ws_plus_kernel,3,auto,17.692,14.94,79.65,0
host_sync_kernel,3,auto,18.148,14.56,77.66,0
host_sync_ws_plus_kernel,3,auto,19.449,13.59,72.46,0
kernel_only,3,128x128,16.221,16.29,86.88,0
ws_plus_kernel,3,128x128,17.597,15.02,80.09,0
host_sync_kernel,3,128x128,18.029,14.66,78.17,0
host_sync_ws_plus_kernel,3,128x128,19.450,13.59,72.46,0
kernel_only,3,64x256,17.745,14.89,79.42,0
ws_plus_kernel,3,64x256,19.141,13.81,73.63,0
host_sync_kernel,3,64x256,19.557,13.51,72.06,0
host_sync_ws_plus_kernel,3,64x256,20.970,12.60,67.20,0
kernel_only,6,auto,16.720,31.61,84.29,0
ws_plus_kernel,6,auto,17.830,29.64,79.04,0
host_sync_kernel,6,auto,18.371,28.77,76.71,0
host_sync_ws_plus_kernel,6,auto,19.704,26.82,71.52,0
kernel_only,6,128x128,16.549,31.93,85.16,0
ws_plus_kernel,6,128x128,17.788,29.71,79.23,0
host_sync_kernel,6,128x128,18.333,28.83,76.87,0
host_sync_ws_plus_kernel,6,128x128,19.665,26.87,71.67,0
kernel_only,6,64x256,17.939,29.46,78.56,0
ws_plus_kernel,6,64x256,19.271,27.42,73.13,0
host_sync_kernel,6,64x256,19.736,26.78,71.41,0
host_sync_ws_plus_kernel,6,64x256,21.113,25.03,66.75,0
kernel_only,9,auto,16.945,46.78,83.17,0
ws_plus_kernel,9,auto,18.068,43.87,78.00,0
host_sync_kernel,9,auto,18.537,42.76,76.02,0
host_sync_ws_plus_kernel,9,auto,19.920,39.79,70.75,0
kernel_only,9,128x128,16.809,47.16,83.84,0
ws_plus_kernel,9,128x128,18.110,43.77,77.82,0
host_sync_kernel,9,128x128,18.477,42.90,76.27,0
host_sync_ws_plus_kernel,9,128x128,19.835,39.97,71.05,0
kernel_only,9,64x256,18.281,43.36,77.09,0
ws_plus_kernel,9,64x256,19.491,40.67,72.31,0
host_sync_kernel,9,64x256,20.014,39.61,70.42,0
host_sync_ws_plus_kernel,9,64x256,21.405,37.03,65.84,0
kernel_only,12,auto,16.999,62.18,82.90,0
ws_plus_kernel,12,auto,18.236,57.96,77.28,0
host_sync_kernel,12,auto,18.646,56.68,75.58,0
host_sync_ws_plus_kernel,12,auto,20.085,52.62,70.17,0
kernel_only,12,128x128,16.809,62.88,83.84,0
ws_plus_kernel,12,128x128,18.063,58.52,78.02,0
host_sync_kernel,12,128x128,18.607,56.80,75.74,0
host_sync_ws_plus_kernel,12,128x128,20.007,52.83,70.44,0
kernel_only,12,64x256,18.348,57.61,76.81,0
ws_plus_kernel,12,64x256,19.708,53.63,71.51,0
host_sync_kernel,12,64x256,20.115,52.54,70.06,0
host_sync_ws_plus_kernel,12,64x256,21.513,49.13,65.51,0
kernel_only,16,auto,17.207,81.90,81.90,0
ws_plus_kernel,16,auto,18.356,76.78,76.78,0
host_sync_kernel,16,auto,18.887,74.62,74.62,0
host_sync_ws_plus_kernel,16,auto,20.198,69.77,69.77,0
cold_cache_kernel,16,auto,39.929,35.29,35.29,0
kernel_only,16,128x128,15.688,89.83,89.83,0
ws_plus_kernel,16,128x128,17.116,82.34,82.34,0
host_sync_kernel,16,128x128,17.354,81.21,81.21,0
host_sync_ws_plus_kernel,16,128x128,18.789,75.00,75.00,0
kernel_only,16,64x256,16.874,83.52,83.52,0
ws_plus_kernel,16,64x256,18.240,77.26,77.26,0
host_sync_kernel,16,64x256,18.573,75.88,75.88,0
host_sync_ws_plus_kernel,16,64x256,20.010,70.43,70.43,0
kernel_only,23,auto,25.518,79.39,110.45,0
ws_plus_kernel,23,auto,26.614,76.12,105.90,0
host_sync_kernel,23,auto,27.009,75.01,104.36,0
host_sync_ws_plus_kernel,23,auto,28.492,71.10,98.93,0
cold_cache_kernel,23,auto,42.932,47.19,65.65,0
kernel_only,23,128x128,NA,NA,NA,2
ws_plus_kernel,23,128x128,NA,NA,NA,2
host_sync_kernel,23,128x128,NA,NA,NA,2
host_sync_ws_plus_kernel,23,128x128,NA,NA,NA,2
kernel_only,23,64x256,25.199,80.39,111.85,0
ws_plus_kernel,23,64x256,26.496,76.46,106.38,0
host_sync_kernel,23,64x256,26.989,75.06,104.43,0
host_sync_ws_plus_kernel,23,64x256,28.444,71.22,99.09,0
kernel_only,32,auto,25.706,109.65,109.65,0
ws_plus_kernel,32,auto,27.042,104.23,104.23,0
host_sync_kernel,32,auto,27.476,102.58,102.58,0
host_sync_ws_plus_kernel,32,auto,28.903,97.52,97.52,0
cold_cache_kernel,32,auto,43.222,65.21,65.21,0
kernel_only,32,128x128,NA,NA,NA,2
ws_plus_kernel,32,128x128,NA,NA,NA,2
host_sync_kernel,32,128x128,NA,NA,NA,2
host_sync_ws_plus_kernel,32,128x128,NA,NA,NA,2
kernel_only,32,64x256,25.583,110.17,110.17,0
ws_plus_kernel,32,64x256,26.884,104.84,104.84,0
host_sync_kernel,32,64x256,27.405,102.85,102.85,0
host_sync_ws_plus_kernel,32,64x256,28.827,97.78,97.78,0

shape=o_proj k=4096 n=5376 qweight_mb=10.5 scale_mb=0.3
mode,m,tile,us,useful_tflops,padded_tflops,ret
kernel_only,1,auto,11.514,3.82,61.20,0
ws_plus_kernel,1,auto,12.995,3.39,54.23,0
host_sync_kernel,1,auto,13.209,3.33,53.34,0
host_sync_ws_plus_kernel,1,auto,14.751,2.99,47.77,0
kernel_only,1,128x128,11.220,3.93,62.80,0
ws_plus_kernel,1,128x128,12.644,3.48,55.73,0
host_sync_kernel,1,128x128,13.115,3.36,53.73,0
host_sync_ws_plus_kernel,1,128x128,14.446,3.05,48.78,0
kernel_only,1,64x256,13.098,3.36,53.80,0
ws_plus_kernel,1,64x256,14.334,3.07,49.16,0
host_sync_kernel,1,64x256,14.763,2.98,47.73,0
host_sync_ws_plus_kernel,1,64x256,16.231,2.71,43.41,0
kernel_only,3,auto,11.557,11.43,60.97,0
ws_plus_kernel,3,auto,12.815,10.31,54.99,0
host_sync_kernel,3,auto,13.214,10.00,53.32,0
host_sync_ws_plus_kernel,3,auto,14.702,8.99,47.93,0
kernel_only,3,128x128,11.332,11.66,62.18,0
ws_plus_kernel,3,128x128,12.650,10.44,55.70,0
host_sync_kernel,3,128x128,13.161,10.04,53.54,0
host_sync_ws_plus_kernel,3,128x128,14.547,9.08,48.44,0
kernel_only,3,64x256,12.973,10.18,54.32,0
ws_plus_kernel,3,64x256,14.351,9.21,49.10,0
host_sync_kernel,3,64x256,14.802,8.93,47.60,0
host_sync_ws_plus_kernel,3,64x256,16.176,8.17,43.56,0
kernel_only,6,auto,11.580,22.82,60.85,0
ws_plus_kernel,6,auto,12.814,20.62,54.99,0
host_sync_kernel,6,auto,13.341,19.81,52.82,0
host_sync_ws_plus_kernel,6,auto,14.712,17.96,47.90,0
kernel_only,6,128x128,11.433,23.11,61.63,0
ws_plus_kernel,6,128x128,12.763,20.70,55.21,0
host_sync_kernel,6,128x128,13.318,19.84,52.91,0
host_sync_ws_plus_kernel,6,128x128,14.690,17.99,47.97,0
kernel_only,6,64x256,13.214,20.00,53.33,0
ws_plus_kernel,6,64x256,14.513,18.21,48.55,0
host_sync_kernel,6,64x256,15.008,17.61,46.95,0
host_sync_ws_plus_kernel,6,64x256,16.398,16.11,42.97,0
kernel_only,9,auto,11.827,33.51,59.58,0
ws_plus_kernel,9,auto,12.964,30.57,54.35,0
host_sync_kernel,9,auto,13.496,29.37,52.21,0
host_sync_ws_plus_kernel,9,auto,14.886,26.63,47.34,0
kernel_only,9,128x128,11.631,34.08,60.58,0
ws_plus_kernel,9,128x128,13.064,30.34,53.94,0
host_sync_kernel,9,128x128,13.455,29.46,52.37,0
host_sync_ws_plus_kernel,9,128x128,14.835,26.72,47.50,0
kernel_only,9,64x256,13.612,29.12,51.76,0
ws_plus_kernel,9,64x256,14.848,26.69,47.46,0
host_sync_kernel,9,64x256,15.358,25.81,45.88,0
host_sync_ws_plus_kernel,9,64x256,16.757,23.65,42.05,0
kernel_only,12,auto,11.819,44.72,59.62,0
ws_plus_kernel,12,auto,13.106,40.32,53.77,0
host_sync_kernel,12,auto,13.537,39.04,52.05,0
host_sync_ws_plus_kernel,12,auto,14.982,35.28,47.03,0
kernel_only,12,128x128,11.779,44.87,59.82,0
ws_plus_kernel,12,128x128,13.000,40.65,54.20,0
host_sync_kernel,12,128x128,13.482,39.20,52.27,0
host_sync_ws_plus_kernel,12,128x128,15.330,34.47,45.97,0
kernel_only,12,64x256,13.673,38.65,51.53,0
ws_plus_kernel,12,64x256,15.144,34.90,46.53,0
host_sync_kernel,12,64x256,15.511,34.07,45.43,0
host_sync_ws_plus_kernel,12,64x256,16.866,31.33,41.78,0
kernel_only,16,auto,12.058,58.44,58.44,0
ws_plus_kernel,16,auto,13.164,53.53,53.53,0
host_sync_kernel,16,auto,13.695,51.45,51.45,0
host_sync_ws_plus_kernel,16,auto,15.090,46.70,46.70,0
cold_cache_kernel,16,auto,24.447,28.82,28.82,0
kernel_only,16,128x128,12.070,58.38,58.38,0
ws_plus_kernel,16,128x128,13.194,53.40,53.40,0
host_sync_kernel,16,128x128,13.619,51.74,51.74,0
host_sync_ws_plus_kernel,16,128x128,15.021,46.91,46.91,0
kernel_only,16,64x256,13.840,50.91,50.91,0
ws_plus_kernel,16,64x256,15.119,46.61,46.61,0
host_sync_kernel,16,64x256,15.699,44.89,44.89,0
host_sync_ws_plus_kernel,16,64x256,17.074,41.27,41.27,0
kernel_only,23,auto,19.188,52.79,73.44,0
ws_plus_kernel,23,auto,20.423,49.60,69.00,0
host_sync_kernel,23,auto,20.830,48.63,67.66,0
host_sync_ws_plus_kernel,23,auto,22.241,45.54,63.36,0
cold_cache_kernel,23,auto,27.646,36.64,50.98,0
kernel_only,23,128x128,NA,NA,NA,2
ws_plus_kernel,23,128x128,NA,NA,NA,2
host_sync_kernel,23,128x128,NA,NA,NA,2
host_sync_ws_plus_kernel,23,128x128,NA,NA,NA,2
kernel_only,23,64x256,18.969,53.40,74.29,0
ws_plus_kernel,23,64x256,20.208,50.12,69.74,0
host_sync_kernel,23,64x256,21.029,48.17,67.02,0
host_sync_ws_plus_kernel,23,64x256,22.146,45.74,63.63,0
kernel_only,32,auto,19.844,71.02,71.02,0
ws_plus_kernel,32,auto,21.089,66.83,66.83,0
host_sync_kernel,32,auto,21.625,65.17,65.17,0
host_sync_ws_plus_kernel,32,auto,23.063,61.11,61.11,0
cold_cache_kernel,32,auto,28.016,50.30,50.30,0
kernel_only,32,128x128,NA,NA,NA,2
ws_plus_kernel,32,128x128,NA,NA,NA,2
host_sync_kernel,32,128x128,NA,NA,NA,2
host_sync_ws_plus_kernel,32,128x128,NA,NA,NA,2
kernel_only,32,64x256,20.790,67.79,67.79,0
ws_plus_kernel,32,64x256,22.300,63.20,63.20,0
host_sync_kernel,32,64x256,22.323,63.13,63.13,0
host_sync_ws_plus_kernel,32,64x256,24.405,57.75,57.75,0

shape=gate_up k=5376 n=43008 qweight_mb=110.2 scale_mb=3.4
mode,m,tile,us,useful_tflops,padded_tflops,ret
kernel_only,1,auto,129.796,3.56,57.00,0
ws_plus_kernel,1,auto,132.484,3.49,55.85,0
host_sync_kernel,1,auto,131.828,3.51,56.12,0
host_sync_ws_plus_kernel,1,auto,136.085,3.40,54.37,0
kernel_only,1,128x128,129.742,3.56,57.03,0
ws_plus_kernel,1,128x128,132.036,3.50,56.04,0
host_sync_kernel,1,128x128,131.693,3.51,56.18,0
host_sync_ws_plus_kernel,1,128x128,134.290,3.44,55.10,0
kernel_only,1,64x256,128.834,3.59,57.43,0
ws_plus_kernel,1,64x256,131.778,3.51,56.15,0
host_sync_kernel,1,64x256,131.383,3.52,56.31,0
host_sync_ws_plus_kernel,1,64x256,134.053,3.45,55.19,0
kernel_only,3,auto,130.498,10.63,56.70,0
ws_plus_kernel,3,auto,133.428,10.40,55.45,0
host_sync_kernel,3,auto,132.961,10.43,55.65,0
host_sync_ws_plus_kernel,3,auto,135.518,10.24,54.60,0
kernel_only,3,128x128,130.374,10.64,56.75,0
ws_plus_kernel,3,128x128,133.354,10.40,55.48,0
host_sync_kernel,3,128x128,132.817,10.44,55.71,0
host_sync_ws_plus_kernel,3,128x128,135.457,10.24,54.62,0
kernel_only,3,64x256,129.774,10.69,57.01,0
ws_plus_kernel,3,64x256,132.582,10.46,55.80,0
host_sync_kernel,3,64x256,132.180,10.50,55.97,0
host_sync_ws_plus_kernel,3,64x256,134.753,10.29,54.91,0
kernel_only,6,auto,131.430,21.11,56.29,0
ws_plus_kernel,6,auto,134.442,20.64,55.03,0
host_sync_kernel,6,auto,133.947,20.71,55.24,0
host_sync_ws_plus_kernel,6,auto,136.418,20.34,54.24,0
kernel_only,6,128x128,131.368,21.12,56.32,0
ws_plus_kernel,6,128x128,135.497,20.48,54.60,0
host_sync_kernel,6,128x128,135.087,20.54,54.77,0
host_sync_ws_plus_kernel,6,128x128,136.409,20.34,54.24,0
kernel_only,6,64x256,130.513,21.26,56.69,0
ws_plus_kernel,6,64x256,133.471,20.79,55.43,0
host_sync_kernel,6,64x256,133.113,20.84,55.58,0
host_sync_ws_plus_kernel,6,64x256,135.634,20.46,54.55,0
kernel_only,9,auto,132.160,31.49,55.98,0
ws_plus_kernel,9,auto,135.244,30.77,54.71,0
host_sync_kernel,9,auto,134.643,30.91,54.95,0
host_sync_ws_plus_kernel,9,auto,137.382,30.29,53.86,0
kernel_only,9,128x128,132.144,31.49,55.99,0
ws_plus_kernel,9,128x128,135.057,30.82,54.78,0
host_sync_kernel,9,128x128,134.778,30.88,54.90,0
host_sync_ws_plus_kernel,9,128x128,137.355,30.30,53.87,0
kernel_only,9,64x256,131.243,31.71,56.37,0
ws_plus_kernel,9,64x256,134.166,31.02,55.15,0
host_sync_kernel,9,64x256,133.678,31.13,55.35,0
host_sync_ws_plus_kernel,9,64x256,136.308,30.53,54.28,0
kernel_only,12,auto,132.878,41.76,55.68,0
ws_plus_kernel,12,auto,135.868,40.84,54.46,0
host_sync_kernel,12,auto,135.334,41.00,54.67,0
host_sync_ws_plus_kernel,12,auto,137.950,40.23,53.63,0
kernel_only,12,128x128,132.835,41.77,55.70,0
ws_plus_kernel,12,128x128,135.789,40.87,54.49,0
host_sync_kernel,12,128x128,135.228,41.03,54.71,0
host_sync_ws_plus_kernel,12,128x128,137.799,40.27,53.69,0
kernel_only,12,64x256,131.662,42.15,56.20,0
ws_plus_kernel,12,64x256,134.666,41.21,54.94,0
host_sync_kernel,12,64x256,134.312,41.31,55.09,0
host_sync_ws_plus_kernel,12,64x256,136.800,40.56,54.08,0
kernel_only,16,auto,133.650,55.36,55.36,0
ws_plus_kernel,16,auto,136.518,54.20,54.20,0
host_sync_kernel,16,auto,135.924,54.43,54.43,0
host_sync_ws_plus_kernel,16,auto,138.673,53.35,53.35,0
cold_cache_kernel,16,auto,177.144,41.77,41.77,0
kernel_only,16,128x128,133.797,55.30,55.30,0
ws_plus_kernel,16,128x128,136.183,54.33,54.33,0
host_sync_kernel,16,128x128,136.003,54.40,54.40,0
host_sync_ws_plus_kernel,16,128x128,138.636,53.37,53.37,0
kernel_only,16,64x256,132.803,55.71,55.71,0
ws_plus_kernel,16,64x256,135.300,54.68,54.68,0
host_sync_kernel,16,64x256,134.969,54.82,54.82,0
host_sync_ws_plus_kernel,16,64x256,137.513,53.80,53.80,0
kernel_only,23,auto,136.460,77.94,108.44,0
ws_plus_kernel,23,auto,138.733,76.66,106.66,0
host_sync_kernel,23,auto,138.506,76.79,106.84,0
host_sync_ws_plus_kernel,23,auto,141.225,75.31,104.78,0
cold_cache_kernel,23,auto,179.934,59.11,82.24,0
kernel_only,23,128x128,NA,NA,NA,2
ws_plus_kernel,23,128x128,NA,NA,NA,2
host_sync_kernel,23,128x128,NA,NA,NA,2
host_sync_ws_plus_kernel,23,128x128,NA,NA,NA,2
kernel_only,23,64x256,136.077,78.16,108.74,0
ws_plus_kernel,23,64x256,138.853,76.60,106.57,0
host_sync_kernel,23,64x256,138.588,76.74,106.77,0
host_sync_ws_plus_kernel,23,64x256,141.298,75.27,104.73,0
kernel_only,32,auto,136.960,108.04,108.04,0
ws_plus_kernel,32,auto,139.865,105.80,105.80,0
host_sync_kernel,32,auto,139.364,106.18,106.18,0
host_sync_ws_plus_kernel,32,auto,142.025,104.19,104.19,0
cold_cache_kernel,32,auto,179.952,82.23,82.23,0
kernel_only,32,128x128,NA,NA,NA,2
ws_plus_kernel,32,128x128,NA,NA,NA,2
host_sync_kernel,32,128x128,NA,NA,NA,2
host_sync_ws_plus_kernel,32,128x128,NA,NA,NA,2
kernel_only,32,64x256,137.012,108.00,108.00,0
ws_plus_kernel,32,64x256,139.483,106.09,106.09,0
host_sync_kernel,32,64x256,139.292,106.23,106.23,0
host_sync_ws_plus_kernel,32,64x256,142.046,104.17,104.17,0

shape=down k=21504 n=5376 qweight_mb=55.1 scale_mb=1.7
mode,m,tile,us,useful_tflops,padded_tflops,ret
kernel_only,1,auto,29.949,7.72,123.52,0
ws_plus_kernel,1,auto,31.178,7.42,118.65,0
host_sync_kernel,1,auto,31.530,7.33,117.33,0
host_sync_ws_plus_kernel,1,auto,32.951,7.02,112.27,0
kernel_only,1,128x128,29.665,7.79,124.71,0
ws_plus_kernel,1,128x128,30.808,7.50,120.08,0
host_sync_kernel,1,128x128,31.354,7.37,117.99,0
host_sync_ws_plus_kernel,1,128x128,32.630,7.09,113.37,0
kernel_only,1,64x256,30.830,7.50,119.99,0
ws_plus_kernel,1,64x256,32.300,7.16,114.53,0
host_sync_kernel,1,64x256,32.646,7.08,113.32,0
host_sync_ws_plus_kernel,1,64x256,34.122,6.78,108.42,0
kernel_only,3,auto,29.873,23.22,123.84,0
ws_plus_kernel,3,auto,31.211,22.22,118.53,0
host_sync_kernel,3,auto,31.593,21.96,117.10,0
host_sync_ws_plus_kernel,3,auto,33.018,21.01,112.04,0
kernel_only,3,128x128,29.934,23.17,123.58,0
ws_plus_kernel,3,128x128,31.070,22.33,119.07,0
host_sync_kernel,3,128x128,31.543,21.99,117.28,0
host_sync_ws_plus_kernel,3,128x128,32.977,21.03,112.18,0
kernel_only,3,64x256,30.864,22.47,119.86,0
ws_plus_kernel,3,64x256,32.214,21.53,114.84,0
host_sync_kernel,3,64x256,32.720,21.20,113.06,0
host_sync_ws_plus_kernel,3,64x256,34.118,20.33,108.43,0
kernel_only,6,auto,29.918,46.37,123.65,0
ws_plus_kernel,6,auto,31.074,44.64,119.05,0
host_sync_kernel,6,auto,31.732,43.72,116.58,0
host_sync_ws_plus_kernel,6,auto,33.066,41.95,111.88,0
kernel_only,6,128x128,29.838,46.49,123.98,0
ws_plus_kernel,6,128x128,31.094,44.61,118.97,0
host_sync_kernel,6,128x128,31.606,43.89,117.05,0
host_sync_ws_plus_kernel,6,128x128,32.991,42.05,112.13,0
kernel_only,6,64x256,31.024,44.72,119.24,0
ws_plus_kernel,6,64x256,32.441,42.76,114.03,0
host_sync_kernel,6,64x256,32.976,42.07,112.18,0
host_sync_ws_plus_kernel,6,64x256,34.276,40.47,107.93,0
kernel_only,9,auto,30.086,69.17,122.96,0
ws_plus_kernel,9,auto,31.378,66.32,117.90,0
host_sync_kernel,9,auto,31.836,65.36,116.20,0
host_sync_ws_plus_kernel,9,auto,33.219,62.64,111.36,0
kernel_only,9,128x128,29.970,69.43,123.43,0
ws_plus_kernel,9,128x128,31.152,66.80,118.75,0
host_sync_kernel,9,128x128,31.787,65.46,116.38,0
host_sync_ws_plus_kernel,9,128x128,33.188,62.70,111.47,0
kernel_only,9,64x256,31.383,66.31,117.88,0
ws_plus_kernel,9,64x256,32.752,63.54,112.95,0
host_sync_kernel,9,64x256,33.313,62.46,111.05,0
host_sync_ws_plus_kernel,9,64x256,34.635,60.08,106.81,0
kernel_only,12,auto,30.123,92.11,122.81,0
ws_plus_kernel,12,auto,31.512,88.05,117.40,0
host_sync_kernel,12,auto,31.936,86.88,115.84,0
host_sync_ws_plus_kernel,12,auto,33.306,83.30,111.07,0
kernel_only,12,128x128,30.162,91.99,122.65,0
ws_plus_kernel,12,128x128,31.621,87.74,116.99,0
host_sync_kernel,12,128x128,31.901,86.97,115.96,0
host_sync_ws_plus_kernel,12,128x128,33.288,83.35,111.13,0
kernel_only,12,64x256,31.537,87.98,117.30,0
ws_plus_kernel,12,64x256,32.908,84.31,112.42,0
host_sync_kernel,12,64x256,33.336,83.23,110.97,0
host_sync_ws_plus_kernel,12,64x256,34.742,79.86,106.48,0
kernel_only,16,auto,30.395,121.71,121.71,0
ws_plus_kernel,16,auto,31.562,117.21,117.21,0
host_sync_kernel,16,auto,32.049,115.43,115.43,0
host_sync_ws_plus_kernel,16,auto,33.358,110.90,110.90,0
cold_cache_kernel,16,auto,93.558,39.54,39.54,0
kernel_only,16,128x128,30.403,121.68,121.68,0
ws_plus_kernel,16,128x128,31.696,116.71,116.71,0
host_sync_kernel,16,128x128,32.095,115.26,115.26,0
host_sync_ws_plus_kernel,16,128x128,33.407,110.74,110.74,0
kernel_only,16,64x256,31.685,116.76,116.76,0
ws_plus_kernel,16,64x256,33.029,112.00,112.00,0
host_sync_kernel,16,64x256,33.495,110.44,110.44,0
host_sync_ws_plus_kernel,16,64x256,34.878,106.07,106.07,0
kernel_only,23,auto,52.356,101.57,141.32,0
ws_plus_kernel,23,auto,53.648,99.13,137.91,0
host_sync_kernel,23,auto,54.170,98.17,136.58,0
host_sync_ws_plus_kernel,23,auto,55.560,95.71,133.17,0
cold_cache_kernel,23,auto,97.795,54.38,75.66,0
kernel_only,23,128x128,NA,NA,NA,2
ws_plus_kernel,23,128x128,NA,NA,NA,2
host_sync_kernel,23,128x128,NA,NA,NA,2
host_sync_ws_plus_kernel,23,128x128,NA,NA,NA,2
kernel_only,23,64x256,52.389,101.51,141.23,0
ws_plus_kernel,23,64x256,53.547,99.31,138.17,0
host_sync_kernel,23,64x256,54.190,98.13,136.53,0
host_sync_ws_plus_kernel,23,64x256,55.593,95.66,133.09,0
kernel_only,32,auto,52.947,139.74,139.74,0
ws_plus_kernel,32,auto,54.272,136.33,136.33,0
host_sync_kernel,32,auto,54.790,135.04,135.04,0
host_sync_ws_plus_kernel,32,auto,56.074,131.95,131.95,0
cold_cache_kernel,32,auto,99.015,74.72,74.72,0
kernel_only,32,128x128,NA,NA,NA,2
ws_plus_kernel,32,128x128,NA,NA,NA,2
host_sync_kernel,32,128x128,NA,NA,NA,2
host_sync_ws_plus_kernel,32,128x128,NA,NA,NA,2
kernel_only,32,64x256,52.910,139.84,139.84,0
ws_plus_kernel,32,64x256,54.111,136.73,136.73,0
host_sync_kernel,32,64x256,54.712,135.23,135.23,0
host_sync_ws_plus_kernel,32,64x256,56.051,132.00,132.00,0

VERDICT: dense Marlin native CUDA probe complete
