Welcome to vast.ai. If authentication fails, try again after a few seconds, and double check your ssh key.
Have fun!
   Compiling ferrum-types v0.7.7 (/workspace/ferrum-default-smoke-d6d872c1/crates/ferrum-types)
   Compiling candle-kernels v0.9.2
   Compiling ferrum-kernels v0.7.7 (/workspace/ferrum-default-smoke-d6d872c1/crates/ferrum-kernels)
   Compiling candle-core v0.9.2
   Compiling ferrum-interfaces v0.7.7 (/workspace/ferrum-default-smoke-d6d872c1/crates/ferrum-interfaces)
   Compiling ferrum-bench-core v0.7.7 (/workspace/ferrum-default-smoke-d6d872c1/crates/ferrum-bench-core)
   Compiling ferrum-kv v0.7.7 (/workspace/ferrum-default-smoke-d6d872c1/crates/ferrum-kv)
   Compiling ferrum-tokenizer v0.7.7 (/workspace/ferrum-default-smoke-d6d872c1/crates/ferrum-tokenizer)
   Compiling candle-nn v0.9.2
   Compiling ferrum-sampler v0.7.7 (/workspace/ferrum-default-smoke-d6d872c1/crates/ferrum-sampler)
   Compiling ferrum-scheduler v0.7.7 (/workspace/ferrum-default-smoke-d6d872c1/crates/ferrum-scheduler)
   Compiling candle-transformers v0.9.2
   Compiling ferrum-quantization v0.7.7 (/workspace/ferrum-default-smoke-d6d872c1/crates/ferrum-quantization)
   Compiling ferrum-models v0.7.7 (/workspace/ferrum-default-smoke-d6d872c1/crates/ferrum-models)
   Compiling ferrum-engine v0.7.7 (/workspace/ferrum-default-smoke-d6d872c1/crates/ferrum-engine)
   Compiling ferrum-server v0.7.7 (/workspace/ferrum-default-smoke-d6d872c1/crates/ferrum-server)
   Compiling ferrum-cli v0.7.7 (/workspace/ferrum-default-smoke-d6d872c1/crates/ferrum-cli)
    Finished `release` profile [optimized] target(s) in 3m 46s
