info: downloading installer
warn: It looks like you have an existing rustup settings file at:
warn: /root/.rustup/settings.toml
warn: Rustup will install the default toolchain as specified in the settings file,
warn: instead of the one inferred from the default host triple.
info: profile set to default
info: default host triple is x86_64-unknown-linux-gnu
info: syncing channel updates for 1.96.0-x86_64-unknown-linux-gnu
info: latest update on 2026-05-28 for version 1.96.0 (ac68faa20 2026-05-25)
info: downloading 6 components
info: default toolchain set to 1.96.0-x86_64-unknown-linux-gnu

  1.96.0-x86_64-unknown-linux-gnu installed - rustc 1.96.0 (ac68faa20 2026-05-25)


Rust is installed now. Great!

To get started you may need to restart your current shell.
This would reload your PATH environment variable to include
Cargo's bin directory ($HOME/.cargo/bin).

To configure your current shell, you need to source
the corresponding env file under $HOME/.cargo.

This is usually done by running one of the following (note the leading DOT):
. "$HOME/.cargo/env"            # For sh/bash/zsh/ash/dash/pdksh
source "$HOME/.cargo/env.fish"  # For fish
source "~/.cargo/env.nu"  # For nushell
source "$HOME/.cargo/env.tcsh"  # For tcsh
. "$HOME/.cargo/env.ps1"        # For pwsh
source "$HOME/.cargo/env.xsh"   # For xonsh
