[auto-size] gpu=24.0 GB total / 23.5 GB free | weights=15.0 GB budget / 15.0 GB total | layers=62 budget | scratch reserve=4.0 GB | KV pool budget 3.9 GB → max_blocks=512
[auto-size] requested runtime floor requires KV_MAX_BLOCKS=512 above estimated budget 338; honoring explicit runtime limits
[auto-size] KV_MAX_BLOCKS=512 PAGED_MAX_SEQS=<user> KV_CAPACITY=<user>
[2m2026-06-15T21:28:41.889132Z[0m [32m INFO[0m [2mferrum_engine::registry[0m[2m:[0m Initializing global component registry
[2m2026-06-15T21:28:41.889157Z[0m [32m INFO[0m [2mferrum_engine::registry[0m[2m:[0m Registering default component factories
[2m2026-06-15T21:28:41.889239Z[0m [32m INFO[0m [2mferrum_engine::registry[0m[2m:[0m Loading HuggingFace tokenizer from: "/root/.cache/huggingface/hub/models--circulus--gemma-3-27b-it-gptq/snapshots/70d89a3a6b401b5f56558cb5d4c0f1fd158980b2/tokenizer.json"
[2m2026-06-15T21:28:42.950462Z[0m [32m INFO[0m [2mferrum_engine::registry[0m[2m:[0m HuggingFace tokenizer loaded successfully
[2m2026-06-15T21:28:42.950501Z[0m [32m INFO[0m [2mferrum_engine::registry[0m[2m:[0m Creating multinomial sampler
[2m2026-06-15T21:28:42.950505Z[0m [32m INFO[0m [2mferrum_engine::registry[0m[2m:[0m Creating continuous batch scheduler
[2m2026-06-15T21:28:42.950521Z[0m [32m INFO[0m [2mferrum_engine::registry[0m[2m:[0m Creating paged KV cache manager: device=CUDA(0), block_size=16, max_blocks=512
[2m2026-06-15T21:28:42.950712Z[0m [32m INFO[0m [2mferrum_engine::registry[0m[2m:[0m Loading model from /root/.cache/huggingface/hub/models--circulus--gemma-3-27b-it-gptq/snapshots/70d89a3a6b401b5f56558cb5d4c0f1fd158980b2 (format: safetensors)
[2m2026-06-15T21:28:42.950977Z[0m [32m INFO[0m [2mferrum_engine::registry[0m[2m:[0m   Architecture: Gemma3, Layers: 62, Vocab: 262208
[2m2026-06-15T21:28:43.128986Z[0m [32m INFO[0m [2mferrum_engine::registry[0m[2m:[0m Building model...
[2m2026-06-15T21:28:43.129089Z[0m [32m INFO[0m [2mferrum_models::loader::gptq_loader[0m[2m:[0m GPTQ config: QuantizeConfig { bits: 4, group_size: 128, sym: true, desc_act: true, quant_method: "gptq" }
[2m2026-06-15T21:28:43.129095Z[0m [32m INFO[0m [2mferrum_engine::registry[0m[2m:[0m Loading Gemma3 via LlamaFamilyModel (5:1 SWA, dual rope, GeGLU, sandwich norms)
[2m2026-06-15T21:28:43.129108Z[0m [32m INFO[0m [2mferrum_engine::registry[0m[2m:[0m   Backend: CUDA, KV: fp16
[2m2026-06-15T21:29:37.293823Z[0m [32m INFO[0m [2mferrum_models::models::llama_family[0m[2m:[0m LlamaFamilyModel: tied embeddings — loading model.embed_tokens.weight as lm_head
[2m2026-06-15T21:29:41.700586Z[0m [32m INFO[0m [2mferrum_models::models::llama_family[0m[2m:[0m Gemma3 family: legacy batched_decode=true varlen_unified=true
[unified-prof] call#0 m_total=23 num_seqs=1 layers=62 total=28042us per_layer=452us
[unified-op] drain#0 (over last 64 unified_forward calls):
[unified-op] rms_norm/fused_rms: 124 calls 1 ms total avg=10us
[unified-op] matmul (qkv/o/gate_up/down): 248 calls 23 ms total avg=93us
[unified-op] split_qkv_norm_rope_paged: 62 calls 0 ms total avg=10us
[unified-op] paged_varlen_attention: 62 calls 1 ms total avg=22us
[unified-op] silu/residual_add: 124 calls 0 ms total avg=7us
[unified-logits] call#0 row=0 orig_idx=0 global=22 finite=262208 nan=0 pos_inf=0 neg_inf=0 top=[236810:42.031250,239374:20.453125,247918:20.453125,239341:20.187500,242323:20.015625]
[unified-decode] call#0 items=1 prefill=1 decode=0 total_q=23 attempted_unified=true fallback=false fallback_reason=none elapsed=141708us
[iter-prof] iter#0 total=142328us sched=9us process=142319us batch_size=1
[bg-loop-gap] call#8 inter_iter=3us
[bg-loop-gap] call#16 inter_iter=3us
[bg-loop-gap] call#24 inter_iter=3us
[bg-loop-gap] call#32 inter_iter=3us
[bg-loop-gap] call#40 inter_iter=3us
[bg-loop-gap] call#48 inter_iter=2us
[bg-loop-gap] call#56 inter_iter=3us
[bg-loop-gap] call#64 inter_iter=1us
[bg-loop-gap] call#72 inter_iter=3us
[bg-loop-gap] call#80 inter_iter=3us
[bg-loop-gap] call#88 inter_iter=3us
[bg-loop-gap] call#96 inter_iter=3us
[bg-loop-gap] call#104 inter_iter=3us
[bg-loop-gap] call#112 inter_iter=2us
[bg-loop-gap] call#120 inter_iter=2us
[bg-loop-gap] call#128 inter_iter=3us
[bg-loop-gap] call#136 inter_iter=3us
[bg-loop-gap] call#144 inter_iter=3us
[bg-loop-gap] call#152 inter_iter=2us
[bg-loop-gap] call#160 inter_iter=3us
[bg-loop-gap] call#168 inter_iter=2us
[bg-loop-gap] call#176 inter_iter=3us
[bg-loop-gap] call#184 inter_iter=2us
[bg-loop-gap] call#192 inter_iter=3us
[bg-loop-gap] call#200 inter_iter=3us
[bg-loop-gap] call#208 inter_iter=4us
[bg-loop-gap] call#216 inter_iter=3us
[bg-loop-gap] call#224 inter_iter=3us
[bg-loop-gap] call#232 inter_iter=3us
[bg-loop-gap] call#240 inter_iter=3us
[bg-loop-gap] call#248 inter_iter=0us
[bg-loop-gap] call#256 inter_iter=2us
[bg-loop-gap] call#264 inter_iter=3us
[bg-loop-gap] call#272 inter_iter=3us
[bg-loop-gap] call#280 inter_iter=3us
[bg-loop-gap] call#288 inter_iter=3us
[bg-loop-gap] call#296 inter_iter=3us
[bg-loop-gap] call#304 inter_iter=3us
[bg-loop-gap] call#312 inter_iter=3us
[bg-loop-gap] call#320 inter_iter=3us
[bg-loop-gap] call#328 inter_iter=2us
[bg-loop-gap] call#336 inter_iter=3us
[bg-loop-gap] call#344 inter_iter=3us
[bg-loop-gap] call#352 inter_iter=3us
[bg-loop-gap] call#360 inter_iter=2us
[bg-loop-gap] call#368 inter_iter=9us
[bg-loop-gap] call#376 inter_iter=2us
[bg-loop-gap] call#384 inter_iter=4us
[bg-loop-gap] call#392 inter_iter=3us
[bg-loop-gap] call#400 inter_iter=3us
[bg-loop-gap] call#408 inter_iter=3us
[bg-loop-gap] call#416 inter_iter=3us
[bg-loop-gap] call#424 inter_iter=3us
[bg-loop-gap] call#432 inter_iter=1us
[bg-loop-gap] call#440 inter_iter=3us
[bg-loop-gap] call#448 inter_iter=2us
[bg-loop-gap] call#456 inter_iter=3us
[bg-loop-gap] call#464 inter_iter=3us
[bg-loop-gap] call#472 inter_iter=4us
[bg-loop-gap] call#480 inter_iter=7us
[bg-loop-gap] call#488 inter_iter=3us
[bg-loop-gap] call#496 inter_iter=2us
[bg-loop-gap] call#504 inter_iter=8us
[bg-loop-gap] call#512 inter_iter=6us
[bg-loop-gap] call#520 inter_iter=3us
[bg-loop-gap] call#528 inter_iter=7us
[bg-loop-gap] call#536 inter_iter=0us
[bg-loop-gap] call#544 inter_iter=2us
[bg-loop-gap] call#552 inter_iter=3us
[bg-loop-gap] call#560 inter_iter=3us
[bg-loop-gap] call#568 inter_iter=3us
[bg-loop-gap] call#576 inter_iter=4us
[bg-loop-gap] call#584 inter_iter=4us
[bg-loop-gap] call#592 inter_iter=3us
[bg-loop-gap] call#600 inter_iter=2us
[bg-loop-gap] call#608 inter_iter=3us
[bg-loop-gap] call#616 inter_iter=2us
[bg-loop-gap] call#624 inter_iter=3us
[bg-loop-gap] call#632 inter_iter=6us
[bg-loop-gap] call#640 inter_iter=3us
[bg-loop-gap] call#648 inter_iter=3us
[bg-loop-gap] call#656 inter_iter=3us
[bg-loop-gap] call#664 inter_iter=3us
[bg-loop-gap] call#672 inter_iter=2us
[bg-loop-gap] call#680 inter_iter=2us
[bg-loop-gap] call#688 inter_iter=2us
[bg-loop-gap] call#696 inter_iter=3us
[bg-loop-gap] call#704 inter_iter=2us
[bg-loop-gap] call#712 inter_iter=3us
[bg-loop-gap] call#720 inter_iter=1us
[bg-loop-gap] call#728 inter_iter=3us
[bg-loop-gap] call#736 inter_iter=3us
[bg-loop-gap] call#744 inter_iter=3us
[bg-loop-gap] call#752 inter_iter=2us
[bg-loop-gap] call#760 inter_iter=3us
[bg-loop-gap] call#768 inter_iter=2us
[bg-loop-gap] call#776 inter_iter=3us
[bg-loop-gap] call#784 inter_iter=3us
[bg-loop-gap] call#792 inter_iter=8us
[bg-loop-gap] call#800 inter_iter=5us
[bg-loop-gap] call#808 inter_iter=2us
[bg-loop-gap] call#816 inter_iter=5us
[bg-loop-gap] call#824 inter_iter=5us
[bg-loop-gap] call#832 inter_iter=2us
[bg-loop-gap] call#840 inter_iter=2us
[bg-loop-gap] call#848 inter_iter=2us
[bg-loop-gap] call#856 inter_iter=2us
[bg-loop-gap] call#864 inter_iter=0us
[bg-loop-gap] call#872 inter_iter=2us
[bg-loop-gap] call#880 inter_iter=2us
[bg-loop-gap] call#888 inter_iter=2us
[bg-loop-gap] call#896 inter_iter=2us
[bg-loop-gap] call#904 inter_iter=2us
[bg-loop-gap] call#912 inter_iter=2us
[bg-loop-gap] call#920 inter_iter=2us
[bg-loop-gap] call#928 inter_iter=1us
[bg-loop-gap] call#936 inter_iter=1us
[bg-loop-gap] call#944 inter_iter=2us
[bg-loop-gap] call#952 inter_iter=2us
[bg-loop-gap] call#960 inter_iter=2us
[bg-loop-gap] call#968 inter_iter=2us
[bg-loop-gap] call#976 inter_iter=1us
[bg-loop-gap] call#984 inter_iter=2us
[bg-loop-gap] call#992 inter_iter=1us
[bg-loop-gap] call#1000 inter_iter=1us
[bg-loop-gap] call#1008 inter_iter=2us
[bg-loop-gap] call#1016 inter_iter=2us
[bg-loop-gap] call#1024 inter_iter=3us
[bg-loop-gap] call#1032 inter_iter=2us
[bg-loop-gap] call#1040 inter_iter=3us
[bg-loop-gap] call#1048 inter_iter=3us
[bg-loop-gap] call#1056 inter_iter=5us
[bg-loop-gap] call#1064 inter_iter=3us
[bg-loop-gap] call#1072 inter_iter=3us
[bg-loop-gap] call#1080 inter_iter=3us
[bg-loop-gap] call#1088 inter_iter=3us
[bg-loop-gap] call#1096 inter_iter=3us
[bg-loop-gap] call#1104 inter_iter=3us
[bg-loop-gap] call#1112 inter_iter=3us
[bg-loop-gap] call#1120 inter_iter=7us
[bg-loop-gap] call#1128 inter_iter=2us
[bg-loop-gap] call#1136 inter_iter=3us
[bg-loop-gap] call#1144 inter_iter=3us
[bg-loop-gap] call#1152 inter_iter=3us
[bg-loop-gap] call#1160 inter_iter=3us
[bg-loop-gap] call#1168 inter_iter=2us
[bg-loop-gap] call#1176 inter_iter=4us
[bg-loop-gap] call#1184 inter_iter=3us
[bg-loop-gap] call#1192 inter_iter=2us
[bg-loop-gap] call#1200 inter_iter=2us
[bg-loop-gap] call#1208 inter_iter=2us
[bg-loop-gap] call#1216 inter_iter=2us
[bg-loop-gap] call#1224 inter_iter=5us
[bg-loop-gap] call#1232 inter_iter=2us
[bg-loop-gap] call#1240 inter_iter=3us
[bg-loop-gap] call#1248 inter_iter=3us
[bg-loop-gap] call#1256 inter_iter=5us
[bg-loop-gap] call#1264 inter_iter=3us
[bg-loop-gap] call#1272 inter_iter=4us
[bg-loop-gap] call#1280 inter_iter=3us
[bg-loop-gap] call#1288 inter_iter=4us
[bg-loop-gap] call#1296 inter_iter=4us
[bg-loop-gap] call#1304 inter_iter=4us
[bg-loop-gap] call#1312 inter_iter=3us
[bg-loop-gap] call#1320 inter_iter=2us
[bg-loop-gap] call#1328 inter_iter=3us
[bg-loop-gap] call#1336 inter_iter=3us
[bg-loop-gap] call#1344 inter_iter=7us
[bg-loop-gap] call#1352 inter_iter=4us
[bg-loop-gap] call#1360 inter_iter=4us
[bg-loop-gap] call#1368 inter_iter=4us
[bg-loop-gap] call#1376 inter_iter=4us
[bg-loop-gap] call#1384 inter_iter=4us
[bg-loop-gap] call#1392 inter_iter=3us
[bg-loop-gap] call#1400 inter_iter=4us
[bg-loop-gap] call#1408 inter_iter=4us
[bg-loop-gap] call#1416 inter_iter=4us
[bg-loop-gap] call#1424 inter_iter=6us
[bg-loop-gap] call#1432 inter_iter=3us
[bg-loop-gap] call#1440 inter_iter=2us
[bg-loop-gap] call#1448 inter_iter=3us
[bg-loop-gap] call#1456 inter_iter=2us
[bg-loop-gap] call#1464 inter_iter=2us
[bg-loop-gap] call#1472 inter_iter=3us
[bg-loop-gap] call#1480 inter_iter=2us
[bg-loop-gap] call#1488 inter_iter=3us
[bg-loop-gap] call#1496 inter_iter=4us
[bg-loop-gap] call#1504 inter_iter=3us
[bg-loop-gap] call#1512 inter_iter=3us
[bg-loop-gap] call#1520 inter_iter=3us
[bg-loop-gap] call#1528 inter_iter=3us
[bg-loop-gap] call#1536 inter_iter=3us
[bg-loop-gap] call#1544 inter_iter=4us
[bg-loop-gap] call#1552 inter_iter=4us
[bg-loop-gap] call#1560 inter_iter=4us
[bg-loop-gap] call#1568 inter_iter=2us
[bg-loop-gap] call#1576 inter_iter=3us
[bg-loop-gap] call#1584 inter_iter=4us
[bg-loop-gap] call#1592 inter_iter=4us
[bg-loop-gap] call#1600 inter_iter=2us
[bg-loop-gap] call#1608 inter_iter=3us
[bg-loop-gap] call#1616 inter_iter=3us
[bg-loop-gap] call#1624 inter_iter=3us
[bg-loop-gap] call#1632 inter_iter=3us
[bg-loop-gap] call#1640 inter_iter=3us
[bg-loop-gap] call#1648 inter_iter=3us
[bg-loop-gap] call#1656 inter_iter=3us
[bg-loop-gap] call#1664 inter_iter=3us
[bg-loop-gap] call#1672 inter_iter=3us
[bg-loop-gap] call#1680 inter_iter=4us
[bg-loop-gap] call#1688 inter_iter=3us
[bg-loop-gap] call#1696 inter_iter=8us
[bg-loop-gap] call#1704 inter_iter=3us
[bg-loop-gap] call#1712 inter_iter=3us
[bg-loop-gap] call#1720 inter_iter=3us
[bg-loop-gap] call#1728 inter_iter=3us
[bg-loop-gap] call#1736 inter_iter=4us
[bg-loop-gap] call#1744 inter_iter=3us
[bg-loop-gap] call#1752 inter_iter=4us
[bg-loop-gap] call#1760 inter_iter=8us
[bg-loop-gap] call#1768 inter_iter=3us
[bg-loop-gap] call#1776 inter_iter=6us
[bg-loop-gap] call#1784 inter_iter=4us
[bg-loop-gap] call#1792 inter_iter=4us
[bg-loop-gap] call#1800 inter_iter=3us
[bg-loop-gap] call#1808 inter_iter=3us
[bg-loop-gap] call#1816 inter_iter=6us
[bg-loop-gap] call#1824 inter_iter=3us
[bg-loop-gap] call#1832 inter_iter=3us
[bg-loop-gap] call#1840 inter_iter=3us
[bg-loop-gap] call#1848 inter_iter=4us
[bg-loop-gap] call#1856 inter_iter=3us
[bg-loop-gap] call#1864 inter_iter=2us
[bg-loop-gap] call#1872 inter_iter=3us
[bg-loop-gap] call#1880 inter_iter=2us
[bg-loop-gap] call#1888 inter_iter=3us
[bg-loop-gap] call#1896 inter_iter=4us
[bg-loop-gap] call#1904 inter_iter=3us
[bg-loop-gap] call#1912 inter_iter=4us
[bg-loop-gap] call#1920 inter_iter=3us
[bg-loop-gap] call#1928 inter_iter=3us
[bg-loop-gap] call#1936 inter_iter=3us
[bg-loop-gap] call#1944 inter_iter=3us
[bg-loop-gap] call#1952 inter_iter=3us
[bg-loop-gap] call#1960 inter_iter=3us
[bg-loop-gap] call#1968 inter_iter=3us
[bg-loop-gap] call#1976 inter_iter=4us
[bg-loop-gap] call#1984 inter_iter=1us
[bg-loop-gap] call#1992 inter_iter=3us
[bg-loop-gap] call#2000 inter_iter=3us
[bg-loop-gap] call#2008 inter_iter=3us
[bg-loop-gap] call#2016 inter_iter=3us
[bg-loop-gap] call#2024 inter_iter=3us
[bg-loop-gap] call#2032 inter_iter=3us
[bg-loop-gap] call#2040 inter_iter=3us
[bg-loop-gap] call#2048 inter_iter=12us
[bg-loop-gap] call#2056 inter_iter=2us
[bg-loop-gap] call#2064 inter_iter=2us
[bg-loop-gap] call#2072 inter_iter=3us
[bg-loop-gap] call#2080 inter_iter=3us
[bg-loop-gap] call#2088 inter_iter=5us
[bg-loop-gap] call#2096 inter_iter=4us
[bg-loop-gap] call#2104 inter_iter=4us
[bg-loop-gap] call#2112 inter_iter=2us
[bg-loop-gap] call#2120 inter_iter=2us
[bg-loop-gap] call#2128 inter_iter=5us
[bg-loop-gap] call#2136 inter_iter=1us
[bg-loop-gap] call#2144 inter_iter=1us
[bg-loop-gap] call#2152 inter_iter=2us
[bg-loop-gap] call#2160 inter_iter=2us
[bg-loop-gap] call#2168 inter_iter=2us
[bg-loop-gap] call#2176 inter_iter=2us
[bg-loop-gap] call#2184 inter_iter=1us
[bg-loop-gap] call#2192 inter_iter=3us
[bg-loop-gap] call#2200 inter_iter=2us
[bg-loop-gap] call#2208 inter_iter=2us
[bg-loop-gap] call#2216 inter_iter=2us
[bg-loop-gap] call#2224 inter_iter=2us
[bg-loop-gap] call#2232 inter_iter=4us
[bg-loop-gap] call#2240 inter_iter=5us
[bg-loop-gap] call#2248 inter_iter=7us
[bg-loop-gap] call#2256 inter_iter=3us
[bg-loop-gap] call#2264 inter_iter=3us
[bg-loop-gap] call#2272 inter_iter=3us
[bg-loop-gap] call#2280 inter_iter=3us
[bg-loop-gap] call#2288 inter_iter=4us
[bg-loop-gap] call#2296 inter_iter=3us
[bg-loop-gap] call#2304 inter_iter=3us
[bg-loop-gap] call#2312 inter_iter=3us
[bg-loop-gap] call#2320 inter_iter=3us
[bg-loop-gap] call#2328 inter_iter=3us
[bg-loop-gap] call#2336 inter_iter=3us
[bg-loop-gap] call#2344 inter_iter=3us
[bg-loop-gap] call#2352 inter_iter=6us
[bg-loop-gap] call#2360 inter_iter=4us
[bg-loop-gap] call#2368 inter_iter=4us
[bg-loop-gap] call#2376 inter_iter=3us
[bg-loop-gap] call#2384 inter_iter=3us
[bg-loop-gap] call#2392 inter_iter=3us
[bg-loop-gap] call#2400 inter_iter=3us
[bg-loop-gap] call#2408 inter_iter=6us
[bg-loop-gap] call#2416 inter_iter=4us
[bg-loop-gap] call#2424 inter_iter=4us
[bg-loop-gap] call#2432 inter_iter=3us
[bg-loop-gap] call#2440 inter_iter=3us
[bg-loop-gap] call#2448 inter_iter=3us
[bg-loop-gap] call#2456 inter_iter=3us
[bg-loop-gap] call#2464 inter_iter=3us
[bg-loop-gap] call#2472 inter_iter=2us
[bg-loop-gap] call#2480 inter_iter=3us
[bg-loop-gap] call#2488 inter_iter=3us
[bg-loop-gap] call#2496 inter_iter=2us
[bg-loop-gap] call#2504 inter_iter=4us
[bg-loop-gap] call#2512 inter_iter=4us
[bg-loop-gap] call#2520 inter_iter=3us
[bg-loop-gap] call#2528 inter_iter=4us
[bg-loop-gap] call#2536 inter_iter=3us
[bg-loop-gap] call#2544 inter_iter=2us
[bg-loop-gap] call#2552 inter_iter=3us
[bg-loop-gap] call#2560 inter_iter=2us
[bg-loop-gap] call#2568 inter_iter=4us
[bg-loop-gap] call#2576 inter_iter=4us
[bg-loop-gap] call#2584 inter_iter=3us
[bg-loop-gap] call#2592 inter_iter=3us
[bg-loop-gap] call#2600 inter_iter=3us
[bg-loop-gap] call#2608 inter_iter=3us
[bg-loop-gap] call#2616 inter_iter=3us
[bg-loop-gap] call#2624 inter_iter=3us
[bg-loop-gap] call#2632 inter_iter=8us
[bg-loop-gap] call#2640 inter_iter=4us
[bg-loop-gap] call#2648 inter_iter=3us
[bg-loop-gap] call#2656 inter_iter=2us
