[microbench] compiling scripts/microbenches/dense_marlin_gemma3_perf.cu + crates/ferrum-kernels/kernels/marlin_cuda_kernel.cu
-rwxr-xr-x 1 root root 669288 Jun 15 19:21 /tmp/dense_marlin_gemma3_perf

[microbench] running /tmp/dense_marlin_gemma3_perf
dense_marlin_gemma3_perf device=NVIDIA GeForce RTX 4090 sm=8.9 peak_ref_tflops=165.0

shape=qkv k=5376 n=8192 qweight_mb=21.0 scale_mb=0.7
mode,m,tile,us,useful_tflops,padded_tflops,ret
kernel_only,1,auto,16.654,5.29,84.62,0
ws_plus_kernel,1,auto,17.927,4.91,78.61,0
host_sync_kernel,1,auto,18.224,4.83,77.33,0
host_sync_ws_plus_kernel,1,auto,19.795,4.45,71.19,0
kernel_only,1,128x128,16.312,5.40,86.39,0
ws_plus_kernel,1,128x128,17.654,4.99,79.83,0
host_sync_kernel,1,128x128,18.120,4.86,77.77,0
host_sync_ws_plus_kernel,1,128x128,19.491,4.52,72.30,0
kernel_only,1,64x256,18.060,4.88,78.04,0
ws_plus_kernel,1,64x256,19.511,4.51,72.23,0
host_sync_kernel,1,64x256,19.669,4.48,71.65,0
host_sync_ws_plus_kernel,1,64x256,21.250,4.15,66.32,0
kernel_only,3,auto,16.492,16.02,85.45,0
ws_plus_kernel,3,auto,17.890,14.77,78.77,0
host_sync_kernel,3,auto,18.213,14.51,77.38,0
host_sync_ws_plus_kernel,3,auto,19.639,13.45,71.76,0
kernel_only,3,128x128,16.428,16.09,85.79,0
ws_plus_kernel,3,128x128,17.804,14.84,79.15,0
host_sync_kernel,3,128x128,18.203,14.52,77.42,0
host_sync_ws_plus_kernel,3,128x128,19.539,13.52,72.13,0
kernel_only,3,64x256,17.908,14.76,78.70,0
ws_plus_kernel,3,64x256,19.322,13.68,72.94,0
host_sync_kernel,3,64x256,19.740,13.39,71.39,0
host_sync_ws_plus_kernel,3,64x256,21.164,12.49,66.59,0
kernel_only,6,auto,16.799,31.46,83.89,0
ws_plus_kernel,6,auto,18.126,29.16,77.75,0
host_sync_kernel,6,auto,18.519,28.54,76.10,0
host_sync_ws_plus_kernel,6,auto,19.866,26.60,70.94,0
kernel_only,6,128x128,16.685,31.67,84.46,0
ws_plus_kernel,6,128x128,17.927,29.48,78.61,0
host_sync_kernel,6,128x128,18.418,28.69,76.52,0
host_sync_ws_plus_kernel,6,128x128,19.899,26.56,70.82,0
kernel_only,6,64x256,18.215,29.01,77.37,0
ws_plus_kernel,6,64x256,19.457,27.16,72.43,0
host_sync_kernel,6,64x256,19.904,26.55,70.80,0
host_sync_ws_plus_kernel,6,64x256,21.355,24.75,65.99,0
kernel_only,9,auto,17.055,46.48,82.63,0
ws_plus_kernel,9,auto,18.205,43.54,77.41,0
host_sync_kernel,9,auto,18.676,42.45,75.46,0
host_sync_ws_plus_kernel,9,auto,20.095,39.45,70.13,0
kernel_only,9,128x128,16.890,46.93,83.44,0
ws_plus_kernel,9,128x128,18.230,43.48,77.30,0
host_sync_kernel,9,128x128,18.618,42.58,75.70,0
host_sync_ws_plus_kernel,9,128x128,19.993,39.65,70.49,0
kernel_only,9,64x256,18.407,43.07,76.56,0
ws_plus_kernel,9,64x256,19.703,40.23,71.53,0
host_sync_kernel,9,64x256,20.205,39.23,69.75,0
host_sync_ws_plus_kernel,9,64x256,21.653,36.61,65.08,0
kernel_only,12,auto,17.265,61.22,81.63,0
ws_plus_kernel,12,auto,18.443,57.31,76.41,0
host_sync_kernel,12,auto,18.798,56.23,74.97,0
host_sync_ws_plus_kernel,12,auto,20.213,52.29,69.72,0
kernel_only,12,128x128,16.953,62.35,83.13,0
ws_plus_kernel,12,128x128,18.260,57.88,77.18,0
host_sync_kernel,12,128x128,18.637,56.71,75.62,0
host_sync_ws_plus_kernel,12,128x128,20.027,52.78,70.37,0
kernel_only,12,64x256,18.446,57.30,76.40,0
ws_plus_kernel,12,64x256,19.804,53.37,71.16,0
host_sync_kernel,12,64x256,20.216,52.28,69.71,0
host_sync_ws_plus_kernel,12,64x256,21.621,48.89,65.18,0
kernel_only,16,auto,17.254,81.68,81.68,0
ws_plus_kernel,16,auto,18.518,76.11,76.11,0
host_sync_kernel,16,auto,18.940,74.41,74.41,0
host_sync_ws_plus_kernel,16,auto,20.394,69.10,69.10,0
cold_cache_kernel,16,auto,40.529,34.77,34.77,0
weight_cycle_kernel,16,auto,31.004,45.46,45.46,0
weight_cycle_ws_plus_kernel,16,auto,32.120,43.88,43.88,0
weight_cycle_blocks_n_tiles_kernel,16,auto,30.110,46.80,46.80,0
weight_cycle_blocks_2sms_kernel,16,auto,33.944,41.52,41.52,0
kernel_only,16,128x128,17.260,81.65,81.65,0
ws_plus_kernel,16,128x128,18.586,75.82,75.82,0
host_sync_kernel,16,128x128,18.869,74.69,74.69,0
host_sync_ws_plus_kernel,16,128x128,20.303,69.41,69.41,0
kernel_only,16,64x256,18.589,75.81,75.81,0
ws_plus_kernel,16,64x256,18.697,75.38,75.38,0
host_sync_kernel,16,64x256,18.854,74.75,74.75,0
host_sync_ws_plus_kernel,16,64x256,20.359,69.22,69.22,0
kernel_only,23,auto,25.806,78.50,109.22,0
ws_plus_kernel,23,auto,26.905,75.30,104.76,0
host_sync_kernel,23,auto,27.363,74.04,103.01,0
host_sync_ws_plus_kernel,23,auto,28.784,70.38,97.92,0
cold_cache_kernel,23,auto,43.100,47.00,65.40,0
weight_cycle_kernel,23,auto,33.960,59.65,83.00,0
weight_cycle_ws_plus_kernel,23,auto,35.420,57.20,79.58,0
weight_cycle_blocks_n_tiles_kernel,23,auto,69.696,29.07,40.44,0
weight_cycle_blocks_2sms_kernel,23,auto,40.615,49.88,69.40,0
kernel_only,23,128x128,NA,NA,NA,2
ws_plus_kernel,23,128x128,NA,NA,NA,2
host_sync_kernel,23,128x128,NA,NA,NA,2
host_sync_ws_plus_kernel,23,128x128,NA,NA,NA,2
kernel_only,23,64x256,25.452,79.59,110.74,0
ws_plus_kernel,23,64x256,26.846,75.46,104.99,0
host_sync_kernel,23,64x256,27.514,73.63,102.44,0
host_sync_ws_plus_kernel,23,64x256,28.784,70.38,97.92,0
kernel_only,32,auto,26.171,107.70,107.70,0
ws_plus_kernel,32,auto,27.418,102.80,102.80,0
host_sync_kernel,32,auto,27.823,101.30,101.30,0
host_sync_ws_plus_kernel,32,auto,29.200,96.53,96.53,0
cold_cache_kernel,32,auto,43.674,64.54,64.54,0
weight_cycle_kernel,32,auto,34.658,81.32,81.32,0
weight_cycle_ws_plus_kernel,32,auto,35.721,78.91,78.91,0
weight_cycle_blocks_n_tiles_kernel,32,auto,69.952,40.29,40.29,0
weight_cycle_blocks_2sms_kernel,32,auto,42.020,67.08,67.08,0
kernel_only,32,128x128,NA,NA,NA,2
ws_plus_kernel,32,128x128,NA,NA,NA,2
host_sync_kernel,32,128x128,NA,NA,NA,2
host_sync_ws_plus_kernel,32,128x128,NA,NA,NA,2
kernel_only,32,64x256,26.020,108.33,108.33,0
ws_plus_kernel,32,64x256,27.362,103.01,103.01,0
host_sync_kernel,32,64x256,27.733,101.63,101.63,0
host_sync_ws_plus_kernel,32,64x256,29.198,96.53,96.53,0

shape=o_proj k=4096 n=5376 qweight_mb=10.5 scale_mb=0.3
mode,m,tile,us,useful_tflops,padded_tflops,ret
kernel_only,1,auto,11.679,3.77,60.34,0
ws_plus_kernel,1,auto,12.958,3.40,54.38,0
host_sync_kernel,1,auto,13.376,3.29,52.68,0
host_sync_ws_plus_kernel,1,auto,14.785,2.98,47.66,0
kernel_only,1,128x128,11.355,3.88,62.05,0
ws_plus_kernel,1,128x128,12.734,3.46,55.34,0
host_sync_kernel,1,128x128,13.205,3.34,53.36,0
host_sync_ws_plus_kernel,1,128x128,14.609,3.01,48.23,0
kernel_only,1,64x256,13.216,3.33,53.32,0
ws_plus_kernel,1,64x256,14.552,3.03,48.42,0
host_sync_kernel,1,64x256,14.926,2.95,47.21,0
host_sync_ws_plus_kernel,1,64x256,16.392,2.69,42.99,0
kernel_only,3,auto,11.660,11.33,60.43,0
ws_plus_kernel,3,auto,12.971,10.19,54.32,0
host_sync_kernel,3,auto,13.317,9.92,52.91,0
host_sync_ws_plus_kernel,3,auto,14.810,8.92,47.58,0
kernel_only,3,128x128,11.549,11.44,61.01,0
ws_plus_kernel,3,128x128,12.880,10.26,54.71,0
host_sync_kernel,3,128x128,13.333,9.91,52.85,0
host_sync_ws_plus_kernel,3,128x128,14.639,9.03,48.14,0
kernel_only,3,64x256,13.169,10.03,53.51,0
ws_plus_kernel,3,64x256,14.546,9.08,48.44,0
host_sync_kernel,3,64x256,14.945,8.84,47.15,0
host_sync_ws_plus_kernel,3,64x256,16.435,8.04,42.87,0
kernel_only,6,auto,11.626,22.73,60.61,0
ws_plus_kernel,6,auto,12.936,20.43,54.47,0
host_sync_kernel,6,auto,13.442,19.66,52.42,0
host_sync_ws_plus_kernel,6,auto,14.837,17.81,47.49,0
kernel_only,6,128x128,11.627,22.73,60.60,0
ws_plus_kernel,6,128x128,12.777,20.68,55.15,0
host_sync_kernel,6,128x128,13.387,19.74,52.64,0
host_sync_ws_plus_kernel,6,128x128,15.577,16.96,45.24,0
kernel_only,6,64x256,13.423,19.69,52.50,0
ws_plus_kernel,6,64x256,14.851,17.79,47.45,0
host_sync_kernel,6,64x256,15.183,17.40,46.41,0
host_sync_ws_plus_kernel,6,64x256,16.551,15.97,42.57,0
kernel_only,9,auto,11.857,33.43,59.43,0
ws_plus_kernel,9,auto,13.186,30.06,53.44,0
host_sync_kernel,9,auto,13.742,28.84,51.28,0
host_sync_ws_plus_kernel,9,auto,15.149,26.16,46.51,0
kernel_only,9,128x128,11.907,33.29,59.18,0
ws_plus_kernel,9,128x128,13.139,30.17,53.63,0
host_sync_kernel,9,128x128,13.580,29.19,51.89,0
host_sync_ws_plus_kernel,9,128x128,14.989,26.44,47.01,0
kernel_only,9,64x256,13.827,28.67,50.96,0
ws_plus_kernel,9,64x256,15.075,26.29,46.74,0
host_sync_kernel,9,64x256,15.653,25.32,45.02,0
host_sync_ws_plus_kernel,9,64x256,16.883,23.48,41.74,0
kernel_only,12,auto,12.070,43.78,58.38,0
ws_plus_kernel,12,auto,13.188,40.07,53.43,0
host_sync_kernel,12,auto,13.705,38.56,51.42,0
host_sync_ws_plus_kernel,12,auto,15.286,34.57,46.10,0
kernel_only,12,128x128,11.920,44.33,59.11,0
ws_plus_kernel,12,128x128,13.166,40.14,53.52,0
host_sync_kernel,12,128x128,13.639,38.75,51.66,0
host_sync_ws_plus_kernel,12,128x128,15.047,35.12,46.83,0
kernel_only,12,64x256,13.894,38.04,50.71,0
ws_plus_kernel,12,64x256,15.160,34.86,46.48,0
host_sync_kernel,12,64x256,15.663,33.74,44.99,0
host_sync_ws_plus_kernel,12,64x256,17.034,31.03,41.37,0
kernel_only,16,auto,12.104,58.22,58.22,0
ws_plus_kernel,16,auto,13.353,52.77,52.77,0
host_sync_kernel,16,auto,13.785,51.12,51.12,0
host_sync_ws_plus_kernel,16,auto,15.225,46.28,46.28,0
cold_cache_kernel,16,auto,24.799,28.41,28.41,0
weight_cycle_kernel,16,auto,19.778,35.63,35.63,0
weight_cycle_ws_plus_kernel,16,auto,20.786,33.90,33.90,0
weight_cycle_blocks_n_tiles_kernel,16,auto,19.150,36.80,36.80,0
weight_cycle_blocks_2sms_kernel,16,auto,23.642,29.80,29.80,0
kernel_only,16,128x128,12.106,58.20,58.20,0
ws_plus_kernel,16,128x128,13.360,52.74,52.74,0
host_sync_kernel,16,128x128,13.754,51.23,51.23,0
host_sync_ws_plus_kernel,16,128x128,15.176,46.43,46.43,0
kernel_only,16,64x256,14.108,49.95,49.95,0
ws_plus_kernel,16,64x256,15.521,45.40,45.40,0
host_sync_kernel,16,64x256,15.847,44.46,44.46,0
host_sync_ws_plus_kernel,16,64x256,17.204,40.96,40.96,0
kernel_only,23,auto,19.310,52.46,72.98,0
ws_plus_kernel,23,auto,20.521,49.36,68.68,0
host_sync_kernel,23,auto,21.023,48.18,67.03,0
host_sync_ws_plus_kernel,23,auto,22.382,45.26,62.97,0
cold_cache_kernel,23,auto,28.059,36.10,50.23,0
weight_cycle_kernel,23,auto,23.070,43.91,61.09,0
weight_cycle_ws_plus_kernel,23,auto,24.242,41.78,58.13,0
weight_cycle_blocks_n_tiles_kernel,23,auto,54.392,18.62,25.91,0
weight_cycle_blocks_2sms_kernel,23,auto,33.728,30.03,41.78,0
kernel_only,23,128x128,NA,NA,NA,2
ws_plus_kernel,23,128x128,NA,NA,NA,2
host_sync_kernel,23,128x128,NA,NA,NA,2
host_sync_ws_plus_kernel,23,128x128,NA,NA,NA,2
kernel_only,23,64x256,19.264,52.58,73.16,0
ws_plus_kernel,23,64x256,20.493,49.43,68.77,0
host_sync_kernel,23,64x256,21.071,48.07,66.88,0
host_sync_ws_plus_kernel,23,64x256,22.404,45.21,62.90,0
kernel_only,32,auto,20.191,69.80,69.80,0
ws_plus_kernel,32,auto,21.484,65.60,65.60,0
host_sync_kernel,32,auto,21.895,64.37,64.37,0
host_sync_ws_plus_kernel,32,auto,23.287,60.52,60.52,0
cold_cache_kernel,32,auto,28.387,49.65,49.65,0
weight_cycle_kernel,32,auto,23.826,59.15,59.15,0
weight_cycle_ws_plus_kernel,32,auto,24.809,56.81,56.81,0
weight_cycle_blocks_n_tiles_kernel,32,auto,54.567,25.83,25.83,0
weight_cycle_blocks_2sms_kernel,32,auto,35.810,39.35,39.35,0
kernel_only,32,128x128,NA,NA,NA,2
ws_plus_kernel,32,128x128,NA,NA,NA,2
host_sync_kernel,32,128x128,NA,NA,NA,2
host_sync_ws_plus_kernel,32,128x128,NA,NA,NA,2
kernel_only,32,64x256,20.075,70.20,70.20,0
ws_plus_kernel,32,64x256,21.278,66.23,66.23,0
host_sync_kernel,32,64x256,22.554,62.48,62.48,0
host_sync_ws_plus_kernel,32,64x256,23.212,60.71,60.71,0

shape=gate_up k=5376 n=43008 qweight_mb=110.2 scale_mb=3.4
mode,m,tile,us,useful_tflops,padded_tflops,ret
kernel_only,1,auto,129.460,3.57,57.15,0
ws_plus_kernel,1,auto,132.179,3.50,55.98,0
host_sync_kernel,1,auto,131.670,3.51,56.19,0
host_sync_ws_plus_kernel,1,auto,134.295,3.44,55.09,0
kernel_only,1,128x128,129.616,3.57,57.08,0
ws_plus_kernel,1,128x128,131.864,3.51,56.11,0
host_sync_kernel,1,128x128,131.704,3.51,56.18,0
host_sync_ws_plus_kernel,1,128x128,134.340,3.44,55.07,0
kernel_only,1,64x256,129.244,3.58,57.25,0
ws_plus_kernel,1,64x256,132.073,3.50,56.02,0
host_sync_kernel,1,64x256,131.792,3.51,56.14,0
host_sync_ws_plus_kernel,1,64x256,134.703,3.43,54.93,0
kernel_only,3,auto,131.562,10.54,56.24,0
ws_plus_kernel,3,auto,134.810,10.29,54.88,0
host_sync_kernel,3,auto,132.849,10.44,55.69,0
host_sync_ws_plus_kernel,3,auto,135.551,10.23,54.58,0
kernel_only,3,128x128,130.354,10.64,56.76,0
ws_plus_kernel,3,128x128,133.413,10.40,55.46,0
host_sync_kernel,3,128x128,132.876,10.44,55.68,0
host_sync_ws_plus_kernel,3,128x128,135.576,10.23,54.57,0
kernel_only,3,64x256,130.004,10.67,56.91,0
ws_plus_kernel,3,64x256,132.786,10.45,55.72,0
host_sync_kernel,3,64x256,132.339,10.48,55.91,0
host_sync_ws_plus_kernel,3,64x256,135.020,10.27,54.80,0
kernel_only,6,auto,131.425,21.11,56.30,0
ws_plus_kernel,6,auto,134.356,20.65,55.07,0
host_sync_kernel,6,auto,133.813,20.73,55.29,0
host_sync_ws_plus_kernel,6,auto,136.400,20.34,54.24,0
kernel_only,6,128x128,131.410,21.11,56.30,0
ws_plus_kernel,6,128x128,134.217,20.67,55.13,0
host_sync_kernel,6,128x128,133.815,20.73,55.29,0
host_sync_ws_plus_kernel,6,128x128,136.298,20.36,54.28,0
kernel_only,6,64x256,130.561,21.25,56.67,0
ws_plus_kernel,6,64x256,133.456,20.79,55.44,0
host_sync_kernel,6,64x256,133.178,20.83,55.56,0
host_sync_ws_plus_kernel,6,64x256,135.773,20.44,54.49,0
kernel_only,9,auto,132.282,31.46,55.93,0
ws_plus_kernel,9,auto,135.170,30.79,54.74,0
host_sync_kernel,9,auto,134.653,30.91,54.95,0
host_sync_ws_plus_kernel,9,auto,137.140,30.35,53.95,0
kernel_only,9,128x128,132.102,31.50,56.01,0
ws_plus_kernel,9,128x128,134.860,30.86,54.86,0
host_sync_kernel,9,128x128,134.719,30.89,54.92,0
host_sync_ws_plus_kernel,9,128x128,137.287,30.31,53.89,0
kernel_only,9,64x256,131.360,31.68,56.32,0
ws_plus_kernel,9,64x256,134.165,31.02,55.15,0
host_sync_kernel,9,64x256,133.961,31.07,55.23,0
host_sync_ws_plus_kernel,9,64x256,136.418,30.51,54.24,0
kernel_only,12,auto,132.697,41.82,55.76,0
ws_plus_kernel,12,auto,135.554,40.94,54.58,0
host_sync_kernel,12,auto,135.373,40.99,54.65,0
host_sync_ws_plus_kernel,12,auto,137.841,40.26,53.68,0
kernel_only,12,128x128,132.628,41.84,55.79,0
ws_plus_kernel,12,128x128,135.385,40.99,54.65,0
host_sync_kernel,12,128x128,135.132,41.06,54.75,0
host_sync_ws_plus_kernel,12,128x128,137.588,40.33,53.77,0
kernel_only,12,64x256,131.923,42.06,56.08,0
ws_plus_kernel,12,64x256,135.004,41.10,54.80,0
host_sync_kernel,12,64x256,134.402,41.29,55.05,0
host_sync_ws_plus_kernel,12,64x256,137.025,40.50,54.00,0
kernel_only,16,auto,133.562,55.40,55.40,0
ws_plus_kernel,16,auto,136.354,54.26,54.26,0
host_sync_kernel,16,auto,135.930,54.43,54.43,0
host_sync_ws_plus_kernel,16,auto,138.511,53.42,53.42,0
cold_cache_kernel,16,auto,176.723,41.87,41.87,0
weight_cycle_kernel,16,auto,133.956,55.23,55.23,0
weight_cycle_ws_plus_kernel,16,auto,136.412,54.24,54.24,0
weight_cycle_blocks_n_tiles_kernel,16,auto,134.284,55.10,55.10,0
weight_cycle_blocks_2sms_kernel,16,auto,134.647,54.95,54.95,0
kernel_only,16,128x128,133.792,55.30,55.30,0
ws_plus_kernel,16,128x128,136.077,54.37,54.37,0
host_sync_kernel,16,128x128,135.870,54.45,54.45,0
host_sync_ws_plus_kernel,16,128x128,138.505,53.42,53.42,0
kernel_only,16,64x256,132.964,55.64,55.64,0
ws_plus_kernel,16,64x256,135.202,54.72,54.72,0
host_sync_kernel,16,64x256,134.986,54.81,54.81,0
host_sync_ws_plus_kernel,16,64x256,137.575,53.78,53.78,0
kernel_only,23,auto,137.795,77.18,107.39,0
ws_plus_kernel,23,auto,140.037,75.95,105.67,0
host_sync_kernel,23,auto,139.611,76.18,105.99,0
host_sync_ws_plus_kernel,23,auto,142.094,74.85,104.14,0
cold_cache_kernel,23,auto,181.232,58.69,81.65,0
weight_cycle_kernel,23,auto,136.971,77.65,108.03,0
weight_cycle_ws_plus_kernel,23,auto,139.909,76.02,105.77,0
weight_cycle_blocks_n_tiles_kernel,23,auto,166.969,63.70,88.62,0
weight_cycle_blocks_2sms_kernel,23,auto,142.649,74.56,103.73,0
kernel_only,23,128x128,NA,NA,NA,2
ws_plus_kernel,23,128x128,NA,NA,NA,2
host_sync_kernel,23,128x128,NA,NA,NA,2
host_sync_ws_plus_kernel,23,128x128,NA,NA,NA,2
kernel_only,23,64x256,137.126,77.56,107.91,0
ws_plus_kernel,23,64x256,139.908,76.02,105.77,0
host_sync_kernel,23,64x256,139.609,76.18,105.99,0
host_sync_ws_plus_kernel,23,64x256,142.006,74.90,104.20,0
kernel_only,32,auto,138.301,107.00,107.00,0
ws_plus_kernel,32,auto,141.074,104.89,104.89,0
host_sync_kernel,32,auto,140.772,105.12,105.12,0
host_sync_ws_plus_kernel,32,auto,143.308,103.26,103.26,0
cold_cache_kernel,32,auto,181.054,81.73,81.73,0
weight_cycle_kernel,32,auto,138.446,106.88,106.88,0
weight_cycle_ws_plus_kernel,32,auto,140.677,105.19,105.19,0
weight_cycle_blocks_n_tiles_kernel,32,auto,168.623,87.75,87.75,0
weight_cycle_blocks_2sms_kernel,32,auto,144.447,102.44,102.44,0
kernel_only,32,128x128,NA,NA,NA,2
ws_plus_kernel,32,128x128,NA,NA,NA,2
host_sync_kernel,32,128x128,NA,NA,NA,2
host_sync_ws_plus_kernel,32,128x128,NA,NA,NA,2
kernel_only,32,64x256,138.531,106.82,106.82,0
ws_plus_kernel,32,64x256,140.622,105.23,105.23,0
host_sync_kernel,32,64x256,140.570,105.27,105.27,0
host_sync_ws_plus_kernel,32,64x256,143.273,103.28,103.28,0

shape=down k=21504 n=5376 qweight_mb=55.1 scale_mb=1.7
mode,m,tile,us,useful_tflops,padded_tflops,ret
kernel_only,1,auto,29.872,7.74,123.84,0
ws_plus_kernel,1,auto,31.142,7.42,118.79,0
host_sync_kernel,1,auto,31.415,7.36,117.76,0
host_sync_ws_plus_kernel,1,auto,32.861,7.04,112.58,0
kernel_only,1,128x128,29.430,7.86,125.70,0
ws_plus_kernel,1,128x128,30.882,7.49,119.79,0
host_sync_kernel,1,128x128,31.235,7.40,118.44,0
host_sync_ws_plus_kernel,1,128x128,32.632,7.09,113.37,0
kernel_only,1,64x256,30.872,7.49,119.83,0
ws_plus_kernel,1,64x256,32.415,7.13,114.13,0
host_sync_kernel,1,64x256,32.698,7.07,113.14,0
host_sync_ws_plus_kernel,1,64x256,34.115,6.78,108.44,0
kernel_only,3,auto,29.911,23.19,123.68,0
ws_plus_kernel,3,auto,31.346,22.13,118.02,0
host_sync_kernel,3,auto,31.608,21.94,117.04,0
host_sync_ws_plus_kernel,3,auto,33.060,20.98,111.90,0
kernel_only,3,128x128,29.830,23.25,124.02,0
ws_plus_kernel,3,128x128,31.082,22.32,119.02,0
host_sync_kernel,3,128x128,31.566,21.97,117.20,0
host_sync_ws_plus_kernel,3,128x128,32.942,21.06,112.30,0
kernel_only,3,64x256,31.003,22.37,119.32,0
ws_plus_kernel,3,64x256,32.256,21.50,114.69,0
host_sync_kernel,3,64x256,32.682,21.22,113.19,0
host_sync_ws_plus_kernel,3,64x256,34.161,20.31,108.29,0
kernel_only,6,auto,29.964,46.30,123.46,0
ws_plus_kernel,6,auto,31.262,44.38,118.34,0
host_sync_kernel,6,auto,31.645,43.84,116.90,0
host_sync_ws_plus_kernel,6,auto,33.054,41.97,111.92,0
kernel_only,6,128x128,29.825,46.51,124.04,0
ws_plus_kernel,6,128x128,31.080,44.63,119.03,0
host_sync_kernel,6,128x128,31.545,43.98,117.27,0
host_sync_ws_plus_kernel,6,128x128,32.900,42.17,112.44,0
kernel_only,6,64x256,31.182,44.49,118.64,0
ws_plus_kernel,6,64x256,32.492,42.70,113.85,0
host_sync_kernel,6,64x256,32.937,42.12,112.32,0
host_sync_ws_plus_kernel,6,64x256,34.334,40.40,107.75,0
kernel_only,9,auto,30.133,69.06,122.77,0
ws_plus_kernel,9,auto,31.298,66.49,118.20,0
host_sync_kernel,9,auto,31.828,65.38,116.23,0
host_sync_ws_plus_kernel,9,auto,33.158,62.76,111.57,0
kernel_only,9,128x128,29.906,69.58,123.70,0
ws_plus_kernel,9,128x128,31.309,66.46,118.16,0
host_sync_kernel,9,128x128,31.777,65.48,116.42,0
host_sync_ws_plus_kernel,9,128x128,33.158,62.76,111.57,0
kernel_only,9,64x256,31.502,66.06,117.43,0
ws_plus_kernel,9,64x256,32.790,63.46,112.82,0
host_sync_kernel,9,64x256,33.236,62.61,111.31,0
host_sync_ws_plus_kernel,9,64x256,34.585,60.17,106.97,0
kernel_only,12,auto,30.277,91.64,122.19,0
ws_plus_kernel,12,auto,31.478,88.14,117.52,0
host_sync_kernel,12,auto,31.914,86.94,115.92,0
host_sync_ws_plus_kernel,12,auto,33.346,83.20,110.94,0
kernel_only,12,128x128,30.024,92.41,123.22,0
ws_plus_kernel,12,128x128,31.457,88.20,117.60,0
host_sync_kernel,12,128x128,31.891,87.00,116.00,0
host_sync_ws_plus_kernel,12,128x128,33.254,83.43,111.25,0
kernel_only,12,64x256,31.623,87.74,116.98,0
ws_plus_kernel,12,64x256,32.896,84.34,112.46,0
host_sync_kernel,12,64x256,33.423,83.01,110.68,0
host_sync_ws_plus_kernel,12,64x256,34.786,79.76,106.35,0
kernel_only,16,auto,30.462,121.44,121.44,0
ws_plus_kernel,16,auto,31.666,116.83,116.83,0
host_sync_kernel,16,auto,32.070,115.35,115.35,0
host_sync_ws_plus_kernel,16,auto,33.435,110.65,110.65,0
cold_cache_kernel,16,auto,93.666,39.50,39.50,0
weight_cycle_kernel,16,auto,68.689,53.86,53.86,0
weight_cycle_ws_plus_kernel,16,auto,70.029,52.83,52.83,0
weight_cycle_blocks_n_tiles_kernel,16,auto,74.203,49.85,49.85,0
weight_cycle_blocks_2sms_kernel,16,auto,74.354,49.75,49.75,0
kernel_only,16,128x128,30.358,121.86,121.86,0
ws_plus_kernel,16,128x128,31.661,116.84,116.84,0
host_sync_kernel,16,128x128,32.050,115.42,115.42,0
host_sync_ws_plus_kernel,16,128x128,33.381,110.82,110.82,0
kernel_only,16,64x256,31.683,116.76,116.76,0
ws_plus_kernel,16,64x256,32.997,112.11,112.11,0
host_sync_kernel,16,64x256,33.455,110.58,110.58,0
host_sync_ws_plus_kernel,16,64x256,34.820,106.24,106.24,0
kernel_only,23,auto,52.479,101.33,140.98,0
ws_plus_kernel,23,auto,53.682,99.06,137.82,0
host_sync_kernel,23,auto,54.169,98.17,136.59,0
host_sync_ws_plus_kernel,23,auto,55.776,95.34,132.65,0
cold_cache_kernel,23,auto,97.924,54.31,75.56,0
weight_cycle_kernel,23,auto,72.709,73.14,101.76,0
weight_cycle_ws_plus_kernel,23,auto,74.093,71.77,99.86,0
weight_cycle_blocks_n_tiles_kernel,23,auto,258.896,20.54,28.58,0
weight_cycle_blocks_2sms_kernel,23,auto,97.940,54.30,75.54,0
kernel_only,23,128x128,NA,NA,NA,2
ws_plus_kernel,23,128x128,NA,NA,NA,2
host_sync_kernel,23,128x128,NA,NA,NA,2
host_sync_ws_plus_kernel,23,128x128,NA,NA,NA,2
kernel_only,23,64x256,52.361,101.56,141.30,0
ws_plus_kernel,23,64x256,53.626,99.17,137.97,0
host_sync_kernel,23,64x256,54.178,98.15,136.56,0
host_sync_ws_plus_kernel,23,64x256,55.521,95.78,133.26,0
kernel_only,32,auto,53.073,139.41,139.41,0
ws_plus_kernel,32,auto,54.334,136.17,136.17,0
host_sync_kernel,32,auto,54.720,135.21,135.21,0
host_sync_ws_plus_kernel,32,auto,56.191,131.67,131.67,0
cold_cache_kernel,32,auto,99.171,74.61,74.61,0
weight_cycle_kernel,32,auto,73.591,100.54,100.54,0
weight_cycle_ws_plus_kernel,32,auto,74.859,98.84,98.84,0
weight_cycle_blocks_n_tiles_kernel,32,auto,259.195,28.55,28.55,0
weight_cycle_blocks_2sms_kernel,32,auto,99.286,74.52,74.52,0
kernel_only,32,128x128,NA,NA,NA,2
ws_plus_kernel,32,128x128,NA,NA,NA,2
host_sync_kernel,32,128x128,NA,NA,NA,2
host_sync_ws_plus_kernel,32,128x128,NA,NA,NA,2
kernel_only,32,64x256,52.925,139.80,139.80,0
ws_plus_kernel,32,64x256,54.092,136.78,136.78,0
host_sync_kernel,32,64x256,54.649,135.39,135.39,0
host_sync_ws_plus_kernel,32,64x256,56.027,132.06,132.06,0

VERDICT: dense Marlin native CUDA probe complete
