   Compiling proc-macro2 v1.0.103
   Compiling unicode-ident v1.0.20
   Compiling quote v1.0.41
   Compiling libc v0.2.186
   Compiling cfg-if v1.0.4
   Compiling serde_core v1.0.228
   Compiling serde v1.0.228
   Compiling once_cell v1.21.3
   Compiling memchr v2.7.6
   Compiling itoa v1.0.15
   Compiling zerocopy v0.8.27
   Compiling autocfg v1.5.0
   Compiling version_check v0.9.5
   Compiling libm v0.2.15
   Compiling syn v2.0.108
   Compiling num-traits v0.2.19
   Compiling getrandom v0.3.4
   Compiling log v0.4.28
   Compiling crossbeam-utils v0.8.21
   Compiling equivalent v1.0.2
   Compiling hashbrown v0.17.1
   Compiling pin-project-lite v0.2.16
   Compiling bytes v1.10.1
   Compiling futures-core v0.3.31
   Compiling shlex v1.3.0
   Compiling find-msvc-tools v0.1.4
   Compiling indexmap v2.14.0
   Compiling cc v1.2.43
   Compiling rand_core v0.9.3
   Compiling parking_lot_core v0.9.12
   Compiling ryu v1.0.20
   Compiling bitflags v2.10.0
   Compiling scopeguard v1.2.0
   Compiling futures-sink v0.3.31
   Compiling lock_api v0.4.14
   Compiling tracing-core v0.1.34
   Compiling serde_json v1.0.145
   Compiling rayon-core v1.13.0
   Compiling slab v0.4.11
   Compiling futures-channel v0.3.31
   Compiling signal-hook-registry v1.4.6
   Compiling socket2 v0.6.1
   Compiling mio v1.1.0
   Compiling pin-utils v0.1.0
   Compiling futures-task v0.3.31
   Compiling futures-io v0.3.31
   Compiling fnv v1.0.7
   Compiling stable_deref_trait v1.2.1
   Compiling crossbeam-epoch v0.9.18
   Compiling either v1.15.0
   Compiling pkg-config v0.3.32
   Compiling typenum v1.19.0
   Compiling generic-array v0.14.9
   Compiling synstructure v0.13.2
   Compiling crossbeam-deque v0.8.6
   Compiling getrandom v0.2.16
   Compiling paste v1.0.15
   Compiling allocator-api2 v0.2.21
   Compiling http v1.3.1
   Compiling raw-cpuid v11.6.0
   Compiling rayon v1.11.0
   Compiling encoding_rs v0.8.35
   Compiling thiserror v1.0.69
   Compiling serde_derive v1.0.228
   Compiling zerocopy-derive v0.8.27
   Compiling bytemuck_derive v1.10.2
   Compiling bytemuck v1.24.0
   Compiling tracing-attributes v0.1.30
   Compiling tokio-macros v2.6.0
   Compiling futures-macro v0.3.31
   Compiling zerofrom-derive v0.1.6
   Compiling futures-util v0.3.31
   Compiling tracing v0.1.41
   Compiling yoke-derive v0.8.0
   Compiling num-complex v0.4.6
   Compiling ppv-lite86 v0.2.21
   Compiling rand_chacha v0.9.0
   Compiling httparse v1.10.1
   Compiling zerofrom v0.1.6
   Compiling rand v0.9.2
   Compiling smallvec v1.15.1
   Compiling yoke v0.8.1
   Compiling thiserror-impl v1.0.69
   Compiling zerovec-derive v0.11.1
   Compiling parking_lot v0.12.5
   Compiling rand_distr v0.5.1
   Compiling tokio v1.48.0
   Compiling block-buffer v0.10.4
   Compiling crypto-common v0.1.6
   Compiling half v2.7.1
   Compiling ahash v0.8.12
   Compiling lazy_static v1.5.0
   Compiling tower-service v0.3.3
   Compiling vcpkg v0.2.15
   Compiling zerovec v0.11.4
   Compiling digest v0.10.7
   Compiling displaydoc v0.2.5
   Compiling pulp v0.22.2
   Compiling openssl-sys v0.9.110
   Compiling crc32fast v1.5.0
   Compiling cpufeatures v0.2.17
   Compiling reborrow v0.5.5
   Compiling dyn-stack-macros v0.1.3
   Compiling pulp-wasm-simd-flag v0.1.0
   Compiling dyn-stack v0.13.2
   Compiling http-body v1.0.1
   Compiling ring v0.17.14
   Compiling bitflags v1.3.2
   Compiling try-lock v0.2.5
   Compiling byteorder v1.5.0
   Compiling arrayvec v0.7.6
   Compiling zeroize v1.8.2
   Compiling thiserror v2.0.17
   Compiling seq-macro v0.3.6
   Compiling symphonia-core v0.5.5
   Compiling want v0.3.1
   Compiling tinystr v0.8.1
   Compiling thiserror-impl v2.0.17
   Compiling num_cpus v1.17.0
   Compiling openssl v0.10.74
   Compiling httpdate v1.0.3
   Compiling foreign-types-shared v0.1.1
   Compiling writeable v0.6.1
   Compiling litemap v0.8.0
   Compiling percent-encoding v2.3.2
   Compiling glob v0.3.3
   Compiling icu_locale_core v2.0.0
   Compiling foreign-types v0.3.2
   Compiling bindgen_cuda v0.1.6
   Compiling rustls-pki-types v1.12.0
   Compiling gemm-common v0.19.0
   Compiling potential_utf v0.1.3
   Compiling zerotrie v0.2.2
   Compiling openssl-macros v0.1.1
   Compiling async-trait v0.1.89
   Compiling aho-corasick v1.1.3
   Compiling regex-syntax v0.8.8
   Compiling icu_properties_data v2.0.1
   Compiling base64 v0.22.1
   Compiling iana-time-zone v0.1.64
   Compiling native-tls v0.2.14
   Compiling untrusted v0.9.0
   Compiling icu_normalizer_data v2.0.0
   Compiling chrono v0.4.42
   Compiling regex-automata v0.4.13
   Compiling icu_provider v2.0.0
   Compiling icu_collections v2.0.0
   Compiling tokio-util v0.7.16
   Compiling hashbrown v0.14.5
   Compiling sha2 v0.10.9
   Compiling futures-executor v0.3.31
   Compiling uuid v1.18.1
   Compiling openssl-probe v0.1.6
   Compiling atomic-waker v1.1.2
   Compiling tower-layer v0.3.3
   Compiling h2 v0.4.12
   Compiling ferrum-types v0.7.7 (/workspace/ferrum-active-chunk-8bc7cf08/crates/ferrum-types)
   Compiling futures v0.3.31
   Compiling symphonia-metadata v0.5.5
   Compiling num-integer v0.1.46
   Compiling ident_case v1.0.1
   Compiling strsim v0.11.1
   Compiling simd-adler32 v0.3.7
   Compiling rustversion v1.0.22
   Compiling cudarc v0.19.4
   Compiling ipnet v2.11.0
   Compiling rustls v0.23.34
   Compiling darling_core v0.20.11
   Compiling icu_normalizer v2.0.0
   Compiling icu_properties v2.0.1
   Compiling rustls-webpki v0.103.7
   Compiling gemm-f32 v0.19.0
   Compiling candle-kernels v0.9.2
   Compiling hyper v1.7.0
   Compiling form_urlencoded v1.2.2
   Compiling http-body-util v0.1.3
   Compiling float8 v0.7.0
   Compiling rand_core v0.6.4
   Compiling sync_wrapper v1.0.2
   Compiling libloading v0.9.0
   Compiling option-ext v0.2.0
   Compiling foldhash v0.2.0
   Compiling subtle v2.6.1
   Compiling adler2 v2.0.1
   Compiling crunchy v0.2.4
   Compiling miniz_oxide v0.8.9
   Compiling hyper-util v0.1.17
   Compiling hashbrown v0.16.0
   Compiling rand_chacha v0.3.1
   Compiling ferrum-interfaces v0.7.7 (/workspace/ferrum-active-chunk-8bc7cf08/crates/ferrum-interfaces)
   Compiling darling_macro v0.20.11
   Compiling gemm-f16 v0.19.0
   Compiling idna_adapter v1.2.1
   Compiling tokio-native-tls v0.3.1
   Compiling gemm-c32 v0.19.0
   Compiling gemm-f64 v0.19.0
   Compiling gemm-c64 v0.19.0
   Compiling webpki-roots v1.0.3
   Compiling portable-atomic v1.11.1
   Compiling anyhow v1.0.100
   Compiling mime v0.3.17
   Compiling tiny-keccak v2.0.2
   Compiling unicode-width v0.2.2
   Compiling typed-path v0.12.3
   Compiling utf8_iter v1.0.4
   Compiling idna v1.1.0
   Compiling console v0.15.11
   Compiling gemm v0.19.0
   Compiling float8 v0.6.1
   Compiling zip v7.2.0
   Compiling darling v0.20.11
   Compiling rand v0.8.5
   Compiling safetensors v0.7.0
   Compiling flate2 v1.1.5
   Compiling tower v0.5.2
   Compiling symphonia-utils-xiph v0.5.5
   Compiling onig_sys v69.9.1
   Compiling memmap2 v0.9.9
   Compiling unicode-segmentation v1.12.0
   Compiling minimal-lexical v0.2.1
   Compiling nom v7.1.3
   Compiling derive_builder_core v0.20.2
   Compiling url v2.5.7
   Compiling tokio-rustls v0.26.4
   Compiling dirs-sys v0.5.0
   Compiling serde_urlencoded v0.7.1
   Compiling esaxx-rs v0.1.10
   Compiling audio-core v0.2.1
   Compiling iri-string v0.7.8
   Compiling strength_reduce v0.2.4
   Compiling ucd-trie v0.1.7
   Compiling number_prefix v0.4.0
   Compiling indicatif v0.17.11
   Compiling const-random-macro v0.1.16
   Compiling pest v2.8.3
   Compiling transpose v0.2.3
   Compiling tower-http v0.6.6
   Compiling dirs v6.0.0
   Compiling hyper-rustls v0.27.7
   Compiling derive_builder_macro v0.20.2
   Compiling webpki-roots v0.26.11
   Compiling castaway v0.2.4
   Compiling hyper-tls v0.6.0
   Compiling regex v1.12.2
   Compiling primal-check v0.3.4
   Compiling ferrum-kernels v0.7.7 (/workspace/ferrum-active-chunk-8bc7cf08/crates/ferrum-kernels)
   Compiling socks v0.3.4
   Compiling toml_datetime v0.6.11
   Compiling serde_spanned v0.6.9
   Compiling monostate-impl v0.1.18
   Compiling itertools v0.14.0
   Compiling winnow v0.7.13
   Compiling macro_rules_attribute-proc_macro v0.2.2
   Compiling static_assertions v1.1.0
   Compiling toml_write v0.1.2
   Compiling base64 v0.13.1
   Compiling bit-vec v0.8.0
   Compiling spm_precompiled v0.1.4
   Compiling bit-set v0.8.0
   Compiling macro_rules_attribute v0.2.2
   Compiling compact_str v0.9.0
   Compiling monostate v0.1.18
   Compiling rayon-cond v0.4.0
   Compiling ureq v2.12.1
   Compiling rustfft v6.4.1
   Compiling toml_edit v0.22.27
   Compiling onig v6.5.1
   Compiling reqwest v0.12.24
   Compiling derive_builder v0.20.2
   Compiling pest_meta v2.8.3
   Compiling const-random v0.1.18
   Compiling audioadapter-sample v3.0.0
   Compiling audioadapter v3.0.0
   Compiling dirs-sys v0.4.1
   Compiling ferrum-bench-core v0.7.7 (/workspace/ferrum-active-chunk-8bc7cf08/crates/ferrum-bench-core)
   Compiling fdeflate v0.3.7
   Compiling metrics v0.22.4
   Compiling unicode-normalization-alignments v0.1.12
   Compiling dary_heap v0.3.8
   Compiling pin-project-internal v1.1.10
   Compiling http v0.2.12
   Compiling zune-core v0.5.1
   Compiling byteorder-lite v0.1.0
   Compiling quick-error v2.0.1
   Compiling time-core v0.1.6
   Compiling extended v0.1.0
   Compiling unicode_categories v0.1.1
   Compiling num-conv v0.1.0
   Compiling utf8parse v0.2.2
   Compiling powerfmt v0.2.0
   Compiling pxfm v0.1.28
   Compiling anstyle-parse v0.2.7
   Compiling deranged v0.5.4
   Compiling time-macros v0.2.24
   Compiling tokenizers v0.21.4
   Compiling symphonia-format-riff v0.5.5
   Compiling image-webp v0.2.4
   Compiling moxcms v0.8.1
   Compiling http-body v0.4.6
   Compiling zune-jpeg v0.5.15
   Compiling pin-project v1.1.10
   Compiling png v0.18.1
   Compiling dirs v5.0.1
   Compiling audioadapter-buffers v3.0.0
   Compiling dlv-list v0.5.2
   Compiling hf-hub v0.4.3
   Compiling pest_generator v2.8.3
   Compiling realfft v3.5.0
   Compiling toml v0.8.23
   Compiling fancy-regex v0.17.0
   Compiling symphonia-format-ogg v0.5.5
   Compiling symphonia-codec-vorbis v0.5.5
   Compiling symphonia-bundle-flac v0.5.5
   Compiling symphonia-format-isomp4 v0.5.5
   Compiling symphonia-bundle-mp3 v0.5.5
   Compiling dashmap v6.1.0
   Compiling symphonia-codec-aac v0.5.5
   Compiling symphonia-codec-pcm v0.5.5
   Compiling sha1 v0.10.6
   Compiling serde_plain v1.0.2
   Compiling safetensors v0.4.5
   Compiling visibility v0.1.1
   Compiling windowfunctions v0.1.1
   Compiling socket2 v0.5.10
   Compiling multer v3.1.0
   Compiling colorchoice v1.0.4
   Compiling utf-8 v0.7.6
   Compiling is_terminal_polyfill v1.70.2
   Compiling pathdiff v0.2.3
   Compiling base64 v0.21.7
   Compiling rustix v1.1.2
   Compiling data-encoding v2.9.0
   Compiling anstyle-query v1.1.4
   Compiling anstyle v1.0.13
   Compiling time v0.3.44
   Compiling anstream v0.6.21
   Compiling tungstenite v0.24.0
   Compiling hyper v0.14.32
   Compiling rubato v2.0.0
   Compiling symphonia v0.5.5
   Compiling pest_derive v2.8.3
   Compiling image v0.25.10
   Compiling ordered-multimap v0.7.3
   Compiling rand_distr v0.4.3
   Compiling num-bigint v0.4.6
   Compiling hashlink v0.8.4
   Compiling quanta v0.12.6
   Compiling crossbeam-channel v0.5.15
   Compiling priority-queue v2.7.0
   Compiling spin v0.9.8
   Compiling arraydeque v0.5.1
   Compiling linux-raw-sys v0.11.0
   Compiling memo-map v0.3.3
   Compiling clap_lex v0.7.6
   Compiling heck v0.5.0
   Compiling plotters-backend v0.3.7
   Compiling sketches-ddsketch v0.2.2
   Compiling ciborium-io v0.2.2
   Compiling ciborium-ll v0.2.2
   Compiling metrics-util v0.16.3
   Compiling plotters-svg v0.3.7
   Compiling clap_derive v4.5.49
   Compiling clap_builder v4.5.50
   Compiling minijinja v2.20.0
   Compiling yaml-rust2 v0.8.1
   Compiling candle-core v0.9.2
   Compiling ferrum-scheduler v0.7.7 (/workspace/ferrum-active-chunk-8bc7cf08/crates/ferrum-scheduler)
   Compiling simple_asn1 v0.6.3
   Compiling hyper-tls v0.5.0
   Compiling ferrum-sampler v0.7.7 (/workspace/ferrum-active-chunk-8bc7cf08/crates/ferrum-sampler)
   Compiling rust-ini v0.20.0
   Compiling json5 v0.4.1
   Compiling tokio-tungstenite v0.24.0
   Compiling ron v0.8.1
   Compiling ferrum-tokenizer v0.7.7 (/workspace/ferrum-active-chunk-8bc7cf08/crates/ferrum-tokenizer)
   Compiling ferrum-kv v0.7.7 (/workspace/ferrum-active-chunk-8bc7cf08/crates/ferrum-kv)
   Compiling convert_case v0.6.0
   Compiling candle-nn v0.9.2
   Compiling axum-core v0.4.5
   Compiling candle-transformers v0.9.2
   Compiling pem v3.0.6
   Compiling tokio-stream v0.1.17
   Compiling itertools v0.10.5
   Compiling serde_path_to_error v0.1.20
   Compiling bytesize v1.3.3
   Compiling fastrand v2.3.0
   Compiling matchit v0.7.3
   Compiling cast v0.3.0
   Compiling same-file v1.0.6
   Compiling walkdir v2.5.0
   Compiling criterion-plot v0.5.0
   Compiling axum v0.7.9
   Compiling tempfile v3.23.0
   Compiling jsonwebtoken v9.3.1
   Compiling config v0.14.1
   Compiling metrics-exporter-prometheus v0.13.1
   Compiling minijinja-contrib v2.20.0
   Compiling clap v4.5.50
   Compiling plotters v0.3.7
   Compiling ciborium v0.2.2
   Compiling tower v0.4.13
   Compiling tower-http v0.5.2
   Compiling matchers v0.2.0
   Compiling sharded-slab v0.1.7
   Compiling tracing-serde v0.2.0
   Compiling tinytemplate v1.2.1
   Compiling tracing-log v0.2.0
   Compiling is-terminal v0.4.17
   Compiling thread_local v1.1.9
   Compiling oorandom v11.1.5
   Compiling unsafe-libyaml v0.2.11
   Compiling shell-words v1.1.0
   Compiling anes v0.1.6
   Compiling nu-ansi-term v0.50.3
   Compiling regex-lite v0.1.9
   Compiling serde_yaml v0.9.34+deprecated
   Compiling tracing-subscriber v0.3.20
   Compiling criterion v0.5.1
   Compiling dialoguer v0.11.0
   Compiling shellexpand v3.1.1
   Compiling colored v2.2.0
   Compiling ferrum-quantization v0.7.7 (/workspace/ferrum-active-chunk-8bc7cf08/crates/ferrum-quantization)
   Compiling ferrum-models v0.7.7 (/workspace/ferrum-active-chunk-8bc7cf08/crates/ferrum-models)
   Compiling ferrum-engine v0.7.7 (/workspace/ferrum-active-chunk-8bc7cf08/crates/ferrum-engine)
   Compiling ferrum-server v0.7.7 (/workspace/ferrum-active-chunk-8bc7cf08/crates/ferrum-server)
   Compiling ferrum-cli v0.7.7 (/workspace/ferrum-active-chunk-8bc7cf08/crates/ferrum-cli)
    Finished `release` profile [optimized] target(s) in 29m 48s
