+ cargo check -p ferrum-models --features cuda
   Compiling proc-macro2 v1.0.103
   Compiling quote v1.0.41
   Compiling unicode-ident v1.0.20
   Compiling libc v0.2.186
    Checking cfg-if v1.0.4
   Compiling serde_core v1.0.228
   Compiling serde v1.0.228
   Compiling libm v0.2.15
   Compiling autocfg v1.5.0
    Checking once_cell v1.21.3
   Compiling crossbeam-utils v0.8.21
   Compiling zerocopy v0.8.27
    Checking memchr v2.7.6
   Compiling find-msvc-tools v0.1.4
   Compiling shlex v1.3.0
   Compiling getrandom v0.3.4
   Compiling version_check v0.9.5
   Compiling cc v1.2.43
    Checking bitflags v2.10.0
   Compiling num-traits v0.2.19
    Checking itoa v1.0.15
   Compiling rayon-core v1.13.0
    Checking log v0.4.28
    Checking stable_deref_trait v1.2.1
    Checking pin-project-lite v0.2.16
    Checking futures-core v0.3.31
   Compiling parking_lot_core v0.9.12
    Checking bytes v1.10.1
    Checking equivalent v1.0.2
    Checking scopeguard v1.2.0
   Compiling pkg-config v0.3.32
    Checking futures-sink v0.3.31
    Checking lock_api v0.4.14
   Compiling paste v1.0.15
    Checking ryu v1.0.20
    Checking hashbrown v0.17.1
   Compiling serde_json v1.0.145
    Checking crossbeam-epoch v0.9.18
   Compiling syn v2.0.108
    Checking either v1.15.0
    Checking slab v0.4.11
    Checking crossbeam-deque v0.8.6
    Checking futures-channel v0.3.31
   Compiling pulp v0.22.2
    Checking socket2 v0.6.1
    Checking signal-hook-registry v1.4.6
    Checking mio v1.1.0
    Checking rand_core v0.9.3
    Checking indexmap v2.14.0
    Checking pin-utils v0.1.0
    Checking raw-cpuid v11.6.0
    Checking reborrow v0.5.5
   Compiling dyn-stack-macros v0.1.3
    Checking pulp-wasm-simd-flag v0.1.0
    Checking futures-task v0.3.31
    Checking futures-io v0.3.31
   Compiling crc32fast v1.5.0
    Checking tracing-core v0.1.34
   Compiling typenum v1.19.0
   Compiling seq-macro v0.3.6
    Checking rayon v1.11.0
    Checking arrayvec v0.7.6
    Checking bitflags v1.3.2
   Compiling vcpkg v0.2.15
    Checking lazy_static v1.5.0
    Checking getrandom v0.2.16
   Compiling generic-array v0.14.9
    Checking encoding_rs v0.8.35
   Compiling glob v0.3.3
    Checking fnv v1.0.7
    Checking http v1.3.1
   Compiling ring v0.17.14
   Compiling num_cpus v1.17.0
   Compiling openssl-sys v0.9.110
    Checking writeable v0.6.1
    Checking litemap v0.8.0
    Checking zeroize v1.8.2
   Compiling icu_normalizer_data v2.0.0
    Checking rustls-pki-types v1.12.0
    Checking percent-encoding v2.3.2
   Compiling icu_properties_data v2.0.1
   Compiling thiserror v2.0.17
    Checking http-body v1.0.1
    Checking byteorder v1.5.0
    Checking untrusted v0.9.0
   Compiling httparse v1.10.1
    Checking foreign-types-shared v0.1.1
   Compiling openssl v0.10.74
   Compiling cudarc v0.19.4
    Checking foreign-types v0.3.2
    Checking libloading v0.9.0
    Checking simd-adler32 v0.3.7
    Checking atomic-waker v1.1.2
    Checking allocator-api2 v0.2.21
   Compiling native-tls v0.2.14
   Compiling thiserror v1.0.69
    Checking foldhash v0.2.0
   Compiling ident_case v1.0.1
   Compiling strsim v0.11.1
    Checking tower-service v0.3.3
   Compiling rustls v0.23.34
    Checking block-buffer v0.10.4
    Checking crypto-common v0.1.6
    Checking try-lock v0.2.5
    Checking want v0.3.1
    Checking digest v0.10.7
    Checking cpufeatures v0.2.17
    Checking adler2 v2.0.1
    Checking base64 v0.22.1
    Checking iana-time-zone v0.1.64
    Checking typed-path v0.12.3
    Checking subtle v2.6.1
    Checking openssl-probe v0.1.6
    Checking sha2 v0.10.9
    Checking miniz_oxide v0.8.9
    Checking webpki-roots v1.0.3
    Checking form_urlencoded v1.2.2
    Checking num-integer v0.1.46
    Checking memmap2 v0.9.9
    Checking aho-corasick v1.1.3
   Compiling portable-atomic v1.11.1
   Compiling rustversion v1.0.22
    Checking option-ext v0.2.0
    Checking ipnet v2.11.0
    Checking regex-syntax v0.8.8
   Compiling bindgen_cuda v0.1.6
    Checking utf8_iter v1.0.4
    Checking flate2 v1.1.5
   Compiling onig_sys v69.9.1
    Checking sync_wrapper v1.0.2
    Checking audio-core v0.2.1
    Checking tower-layer v0.3.3
    Checking unicode-width v0.2.2
    Checking strength_reduce v0.2.4
   Compiling synstructure v0.13.2
   Compiling darling_core v0.20.11
    Checking zip v7.2.0
    Checking console v0.15.11
    Checking transpose v0.2.3
   Compiling candle-kernels v0.9.2
   Compiling ferrum-kernels v0.7.7 (/workspace/ferrum-infer-rs-git/crates/ferrum-kernels)
    Checking primal-check v0.3.4
    Checking http-body-util v0.1.3
   Compiling esaxx-rs v0.1.10
   Compiling ahash v0.8.12
    Checking minimal-lexical v0.2.1
    Checking number_prefix v0.4.0
    Checking iri-string v0.7.8
    Checking bit-vec v0.8.0
    Checking indicatif v0.17.11
    Checking nom v7.1.3
    Checking bit-set v0.8.0
    Checking castaway v0.2.4
    Checking regex-automata v0.4.13
    Checking audioadapter-sample v3.0.0
    Checking audioadapter v3.0.0
    Checking dirs-sys v0.5.0
    Checking rustls-webpki v0.103.7
    Checking webpki-roots v0.26.11
   Compiling serde_derive v1.0.228
   Compiling bytemuck_derive v1.10.2
   Compiling zerocopy-derive v0.8.27
   Compiling zerofrom-derive v0.1.6
   Compiling yoke-derive v0.8.0
   Compiling tokio-macros v2.6.0
   Compiling zerovec-derive v0.11.1
   Compiling displaydoc v0.2.5
    Checking bytemuck v1.24.0
    Checking num-complex v0.4.6
   Compiling futures-macro v0.3.31
    Checking zerofrom v0.1.6
    Checking yoke v0.8.1
    Checking dyn-stack v0.13.2
   Compiling tracing-attributes v0.1.30
    Checking symphonia-core v0.5.5
    Checking zerotrie v0.2.2
    Checking zerovec v0.11.4
   Compiling thiserror-impl v2.0.17
   Compiling openssl-macros v0.1.1
    Checking futures-util v0.3.31
    Checking symphonia-metadata v0.5.5
    Checking tinystr v0.8.1
    Checking ppv-lite86 v0.2.21
    Checking potential_utf v0.1.3
    Checking icu_locale_core v2.0.0
    Checking icu_collections v2.0.0
    Checking tracing v0.1.41
    Checking rand_chacha v0.9.0
   Compiling thiserror-impl v1.0.69
    Checking rand v0.9.2
    Checking symphonia-utils-xiph v0.5.5
    Checking icu_provider v2.0.0
   Compiling darling_macro v0.20.11
    Checking icu_properties v2.0.1
   Compiling darling v0.20.11
   Compiling derive_builder_core v0.20.2
    Checking rand_distr v0.5.1
    Checking smallvec v1.15.1
    Checking parking_lot v0.12.5
    Checking half v2.7.1
    Checking tokio v1.48.0
    Checking icu_normalizer v2.0.0
    Checking hashbrown v0.16.0
    Checking float8 v0.7.0
    Checking futures-executor v0.3.31
    Checking idna_adapter v1.2.1
    Checking uuid v1.18.1
    Checking chrono v0.4.42
    Checking idna v1.1.0
    Checking futures v0.3.31
    Checking gemm-common v0.19.0
   Compiling async-trait v0.1.89
    Checking url v2.5.7
   Compiling derive_builder_macro v0.20.2
    Checking safetensors v0.7.0
    Checking gemm-f32 v0.19.0
    Checking gemm-f64 v0.19.0
    Checking gemm-c32 v0.19.0
    Checking gemm-c64 v0.19.0
    Checking serde_spanned v0.6.9
    Checking serde_urlencoded v0.7.1
    Checking gemm-f16 v0.19.0
    Checking toml_datetime v0.6.11
    Checking rustfft v6.4.1
    Checking ferrum-types v0.7.7 (/workspace/ferrum-infer-rs-git/crates/ferrum-types)
   Compiling monostate-impl v0.1.18
    Checking fdeflate v0.3.7
    Checking socks v0.3.4
    Checking rand_core v0.6.4
    Checking itertools v0.14.0
    Checking pxfm v0.1.28
    Checking gemm v0.19.0
   Compiling anyhow v1.0.100
    Checking toml_write v0.1.2
    Checking extended v0.1.0
    Checking float8 v0.6.1
    Checking mime v0.3.17
    Checking byteorder-lite v0.1.0
    Checking winnow v0.7.13
    Checking static_assertions v1.1.0
    Checking base64 v0.13.1
    Checking quick-error v2.0.1
    Checking unicode-segmentation v1.12.0
    Checking zune-core v0.5.1
   Compiling macro_rules_attribute-proc_macro v0.2.2
    Checking zune-jpeg v0.5.15
    Checking spm_precompiled v0.1.4
    Checking macro_rules_attribute v0.2.2
    Checking image-webp v0.2.4
    Checking compact_str v0.9.0
    Checking rayon-cond v0.4.0
    Checking symphonia-format-riff v0.5.5
    Checking rand_chacha v0.3.1
    Checking ureq v2.12.1
    Checking monostate v0.1.18
    Checking png v0.18.1
    Checking onig v6.5.1
    Checking derive_builder v0.20.2
    Checking toml_edit v0.22.27
    Checking unicode-normalization-alignments v0.1.12
    Checking safetensors v0.4.5
    Checking dary_heap v0.3.8
    Checking tokio-util v0.7.16
    Checking tower v0.5.2
    Checking tokio-rustls v0.26.4
    Checking tokio-native-tls v0.3.1
    Checking moxcms v0.8.1
    Checking serde_plain v1.0.2
    Checking symphonia-codec-vorbis v0.5.5
    Checking symphonia-format-isomp4 v0.5.5
    Checking symphonia-bundle-flac v0.5.5
    Checking h2 v0.4.12
    Checking tower-http v0.6.6
    Checking symphonia-format-ogg v0.5.5
    Checking symphonia-bundle-mp3 v0.5.5
    Checking symphonia-codec-pcm v0.5.5
    Checking symphonia-codec-aac v0.5.5
    Checking fancy-regex v0.17.0
    Checking regex v1.12.2
   Compiling visibility v0.1.1
    Checking dirs v6.0.0
    Checking audioadapter-buffers v3.0.0
    Checking dirs-sys v0.4.1
    Checking windowfunctions v0.1.1
    Checking unicode_categories v0.1.1
    Checking dirs v5.0.1
    Checking toml v0.8.23
    Checking symphonia v0.5.5
    Checking rand v0.8.5
    Checking tokenizers v0.21.4
    Checking realfft v3.5.0
    Checking pathdiff v0.2.3
    Checking rubato v2.0.0
    Checking ferrum-interfaces v0.7.7 (/workspace/ferrum-infer-rs-git/crates/ferrum-interfaces)
    Checking ferrum-bench-core v0.7.7 (/workspace/ferrum-infer-rs-git/crates/ferrum-bench-core)
    Checking hyper v1.7.0
    Checking image v0.25.10
    Checking hyper-util v0.1.17
    Checking hyper-tls v0.6.0
    Checking hyper-rustls v0.27.7
    Checking reqwest v0.12.24
    Checking hf-hub v0.4.3
    Checking candle-core v0.9.2
    Checking candle-nn v0.9.2
    Checking candle-transformers v0.9.2
    Checking ferrum-quantization v0.7.7 (/workspace/ferrum-infer-rs-git/crates/ferrum-quantization)
    Checking ferrum-models v0.7.7 (/workspace/ferrum-infer-rs-git/crates/ferrum-models)
    Finished `dev` profile [unoptimized + debuginfo] target(s) in 51.67s
