   Compiling proc-macro2 v1.0.103
   Compiling unicode-ident v1.0.20
   Compiling quote v1.0.41
   Compiling libc v0.2.186
    Checking cfg-if v1.0.4
   Compiling crossbeam-utils v0.8.21
   Compiling autocfg v1.5.0
   Compiling getrandom v0.3.4
   Compiling libm v0.2.15
   Compiling version_check v0.9.5
   Compiling zerocopy v0.8.27
   Compiling rayon-core v1.13.0
   Compiling serde_core v1.0.228
   Compiling serde v1.0.228
    Checking once_cell v1.21.3
   Compiling paste v1.0.15
    Checking memchr v2.7.6
    Checking bitflags v2.10.0
   Compiling typenum v1.19.0
    Checking either v1.15.0
    Checking pulp-wasm-simd-flag v0.1.0
   Compiling dyn-stack-macros v0.1.3
    Checking reborrow v0.5.5
    Checking raw-cpuid v11.6.0
   Compiling seq-macro v0.3.6
   Compiling glob v0.3.3
   Compiling serde_json v1.0.145
    Checking pin-project-lite v0.2.16
    Checking ryu v1.0.20
   Compiling pulp v0.22.2
   Compiling generic-array v0.14.9
    Checking itoa v1.0.15
    Checking futures-core v0.3.31
   Compiling parking_lot_core v0.9.12
   Compiling num-traits v0.2.19
   Compiling thiserror v1.0.69
    Checking futures-sink v0.3.31
    Checking equivalent v1.0.2
    Checking futures-task v0.3.31
    Checking iana-time-zone v0.1.64
    Checking futures-channel v0.3.31
    Checking futures-io v0.3.31
   Compiling cudarc v0.19.4
   Compiling crc32fast v1.5.0
    Checking cpufeatures v0.2.17
    Checking slab v0.4.11
    Checking pin-utils v0.1.0
    Checking scopeguard v1.2.0
    Checking libloading v0.9.0
   Compiling thiserror v2.0.17
    Checking stable_deref_trait v1.2.1
    Checking crossbeam-epoch v0.9.18
    Checking lock_api v0.4.14
    Checking hashbrown v0.17.1
    Checking foldhash v0.2.0
    Checking allocator-api2 v0.2.21
    Checking tracing-core v0.1.34
    Checking bytes v1.10.1
    Checking typed-path v0.12.3
    Checking byteorder v1.5.0
    Checking crossbeam-deque v0.8.6
   Compiling syn v2.0.108
    Checking mio v1.1.0
    Checking socket2 v0.6.1
    Checking signal-hook-registry v1.4.6
    Checking memmap2 v0.9.9
    Checking num_cpus v1.17.0
    Checking indexmap v2.14.0
    Checking rayon v1.11.0
    Checking rand_core v0.9.3
    Checking block-buffer v0.10.4
    Checking crypto-common v0.1.6
    Checking digest v0.10.7
    Checking sha2 v0.10.9
    Checking zip v7.2.0
   Compiling bindgen_cuda v0.1.6
   Compiling candle-kernels v0.9.2
   Compiling ferrum-kernels v0.7.7 (/workspace/ferrum-w3-varlen-smoke-20260620005925/crates/ferrum-kernels)
   Compiling synstructure v0.13.2
   Compiling zerocopy-derive v0.8.27
   Compiling bytemuck_derive v1.10.2
   Compiling serde_derive v1.0.228
   Compiling thiserror-impl v1.0.69
   Compiling futures-macro v0.3.31
   Compiling zerofrom-derive v0.1.6
   Compiling thiserror-impl v2.0.17
   Compiling tokio-macros v2.6.0
   Compiling tracing-attributes v0.1.30
   Compiling yoke-derive v0.8.0
   Compiling async-trait v0.1.89
    Checking futures-util v0.3.31
    Checking zerofrom v0.1.6
    Checking tracing v0.1.41
    Checking bytemuck v1.24.0
    Checking yoke v0.8.1
    Checking num-complex v0.4.6
    Checking dyn-stack v0.13.2
    Checking ppv-lite86 v0.2.21
    Checking smallvec v1.15.1
    Checking uuid v1.18.1
    Checking chrono v0.4.42
    Checking hashbrown v0.16.0
    Checking rand_chacha v0.9.0
    Checking parking_lot v0.12.5
    Checking futures-executor v0.3.31
    Checking rand v0.9.2
    Checking tokio v1.48.0
    Checking futures v0.3.31
    Checking safetensors v0.7.0
    Checking rand_distr v0.5.1
    Checking ferrum-types v0.7.7 (/workspace/ferrum-w3-varlen-smoke-20260620005925/crates/ferrum-types)
    Checking half v2.7.1
    Checking float8 v0.7.0
    Checking gemm-common v0.19.0
    Checking gemm-f32 v0.19.0
    Checking gemm-c64 v0.19.0
    Checking gemm-c32 v0.19.0
    Checking gemm-f64 v0.19.0
    Checking gemm-f16 v0.19.0
    Checking gemm v0.19.0
    Checking float8 v0.6.1
    Checking ferrum-interfaces v0.7.7 (/workspace/ferrum-w3-varlen-smoke-20260620005925/crates/ferrum-interfaces)
    Checking ferrum-bench-core v0.7.7 (/workspace/ferrum-w3-varlen-smoke-20260620005925/crates/ferrum-bench-core)
    Checking candle-core v0.9.2
warning: use of deprecated method `cudarc::driver::CudaStream::memcpy_stod`: Use clone_htod
   --> crates/ferrum-kernels/tests/int8_kv_parity.rs:102:27
    |
102 |     let slot_dev = stream.memcpy_stod(&slot_mapping).unwrap();
    |                           ^^^^^^^^^^^
    |
    = note: `#[warn(deprecated)]` on by default

warning: use of deprecated method `cudarc::driver::CudaStream::memcpy_dtov`: Use clone_dtoh
   --> crates/ferrum-kernels/tests/int8_kv_parity.rs:121:36
    |
121 |     let k_pool_h: Vec<i8> = stream.memcpy_dtov(&k_pool).unwrap();
    |                                    ^^^^^^^^^^^

warning: use of deprecated method `cudarc::driver::CudaStream::memcpy_dtov`: Use clone_dtoh
   --> crates/ferrum-kernels/tests/int8_kv_parity.rs:122:36
    |
122 |     let v_pool_h: Vec<i8> = stream.memcpy_dtov(&v_pool).unwrap();
    |                                    ^^^^^^^^^^^

warning: use of deprecated method `cudarc::driver::CudaStream::memcpy_dtov`: Use clone_dtoh
   --> crates/ferrum-kernels/tests/int8_kv_parity.rs:123:39
    |
123 |     let k_scales_h: Vec<f16> = stream.memcpy_dtov(&k_scales).unwrap();
    |                                       ^^^^^^^^^^^

warning: use of deprecated method `cudarc::driver::CudaStream::memcpy_dtov`: Use clone_dtoh
   --> crates/ferrum-kernels/tests/int8_kv_parity.rs:124:39
    |
124 |     let v_scales_h: Vec<f16> = stream.memcpy_dtov(&v_scales).unwrap();
    |                                       ^^^^^^^^^^^

warning: variable does not need to be mutable
  --> crates/ferrum-kernels/tests/kv_cache_append_batched_eq.rs:57:17
   |
57 |             let mut seed_buf = CudaBackend::from_slice(&sentinel);
   |                 ----^^^^^^^^
   |                 |
   |                 help: remove this `mut`
   |
   = note: `#[warn(unused_mut)]` (part of `#[warn(unused)]`) on by default

warning: use of deprecated method `cudarc::driver::CudaStream::memcpy_stod`: Use clone_htod
   --> crates/ferrum-kernels/tests/int8_kv_parity.rs:258:28
    |
258 |     let k_pool_i8 = stream.memcpy_stod(&k_q).unwrap();
    |                            ^^^^^^^^^^^

warning: use of deprecated method `cudarc::driver::CudaStream::memcpy_stod`: Use clone_htod
   --> crates/ferrum-kernels/tests/int8_kv_parity.rs:259:28
    |
259 |     let v_pool_i8 = stream.memcpy_stod(&v_q).unwrap();
    |                            ^^^^^^^^^^^

warning: use of deprecated method `cudarc::driver::CudaStream::memcpy_stod`: Use clone_htod
   --> crates/ferrum-kernels/tests/int8_kv_parity.rs:262:31
    |
262 |     let k_scales_dev = stream.memcpy_stod(&k_scales_h).unwrap();
    |                               ^^^^^^^^^^^

warning: use of deprecated method `cudarc::driver::CudaStream::memcpy_stod`: Use clone_htod
   --> crates/ferrum-kernels/tests/int8_kv_parity.rs:263:31
    |
263 |     let v_scales_dev = stream.memcpy_stod(&v_scales_h).unwrap();
    |                               ^^^^^^^^^^^

warning: use of deprecated method `cudarc::driver::CudaStream::memcpy_stod`: Use clone_htod
   --> crates/ferrum-kernels/tests/int8_kv_parity.rs:264:25
    |
264 |     let bt_dev = stream.memcpy_stod(&block_table).unwrap();
    |                         ^^^^^^^^^^^

warning: variable does not need to be mutable
  --> crates/ferrum-kernels/tests/kv_cache_append_batched_eq.rs:96:9
   |
96 |     let mut batched_caches: Vec<_> = (0..M)
   |         ----^^^^^^^^^^^^^^
   |         |
   |         help: remove this `mut`

warning: use of deprecated method `cudarc::driver::CudaStream::memcpy_stod`: Use clone_htod
   --> crates/ferrum-kernels/tests/int8_kv_parity.rs:411:27
    |
411 |     let slot_dev = stream.memcpy_stod(&slot_mapping).unwrap();
    |                           ^^^^^^^^^^^

warning: use of deprecated method `cudarc::driver::CudaStream::memcpy_stod`: Use clone_htod
   --> crates/ferrum-kernels/tests/int8_kv_parity.rs:412:25
    |
412 |     let bt_dev = stream.memcpy_stod(&block_table).unwrap();
    |                         ^^^^^^^^^^^

warning: use of deprecated method `cudarc::driver::CudaStream::memcpy_stod`: Use clone_htod
   --> crates/ferrum-kernels/tests/int8_kv_parity.rs:545:27
    |
545 |     let slot_dev = stream.memcpy_stod(&slot_mapping).unwrap();
    |                           ^^^^^^^^^^^

warning: use of deprecated method `cudarc::driver::CudaStream::memcpy_stod`: Use clone_htod
   --> crates/ferrum-kernels/tests/int8_kv_parity.rs:546:25
    |
546 |     let bt_dev = stream.memcpy_stod(&block_table).unwrap();
    |                         ^^^^^^^^^^^

warning: `ferrum-kernels` (test "kv_cache_append_batched_eq") generated 2 warnings (run `cargo fix --test "kv_cache_append_batched_eq" -p ferrum-kernels` to apply 2 suggestions)
warning: use of deprecated method `cudarc::driver::CudaStream::memcpy_dtov`: Use clone_dtoh
   --> crates/ferrum-kernels/tests/cudarc_graph_repro.rs:354:38
    |
354 |     let dev1_host: Vec<u64> = stream.memcpy_dtov(&dev1).expect("dtov de...
    |                                      ^^^^^^^^^^^
    |
    = note: `#[warn(deprecated)]` on by default

warning: use of deprecated method `cudarc::driver::CudaStream::memcpy_dtov`: Use clone_dtoh
   --> crates/ferrum-kernels/tests/cudarc_graph_repro.rs:355:38
    |
355 |     let dev2_host: Vec<u64> = stream.memcpy_dtov(&dev2).expect("dtov de...
    |                                      ^^^^^^^^^^^

warning: use of deprecated method `cudarc::driver::CudaStream::memcpy_stod`: Use clone_htod
   --> crates/ferrum-kernels/tests/cudarc_graph_repro.rs:406:28
    |
406 |     let alpha_f32 = stream.memcpy_stod(&[1.0f32]).expect("alpha");
    |                            ^^^^^^^^^^^

warning: use of deprecated method `cudarc::driver::CudaStream::memcpy_stod`: Use clone_htod
   --> crates/ferrum-kernels/tests/cudarc_graph_repro.rs:407:27
    |
407 |     let beta_f32 = stream.memcpy_stod(&[0.0f32]).expect("beta");
    |                           ^^^^^^^^^^^

warning: `ferrum-kernels` (test "int8_kv_parity") generated 14 warnings
warning: `ferrum-kernels` (test "cudarc_graph_repro") generated 4 warnings
    Finished `dev` profile [unoptimized + debuginfo] target(s) in 46.01s
