[prefill-profile] tokens=23 layers total=33 ms
[prefill-profile] flash_attn: 62 calls 5 ms (avg 96 us)
[prefill-profile] qk_norm_rope: 62 calls 1 ms (avg 29 us)
[prefill-profile] matmuls: 62 calls 6 ms (avg 111 us)
[prefill-profile] norms: 62 calls 0 ms (avg 8 us)
[prefill-profile] tail_norm: 62 calls 0 ms (avg 12 us)
[prefill-profile] tail_gate_up: 62 calls 9 ms (avg 149 us)
[prefill-profile] tail_act: 62 calls 0 ms (avg 7 us)
[prefill-profile] tail_down: 62 calls 5 ms (avg 83 us)
[prefill-profile] tail_mlp: 62 calls 14 ms (avg 240 us)
[prefill-profile] tail_resid: 62 calls 0 ms (avg 8 us)
[unified-prof] iter#0 items=1 prefill=1 decode=0 total=129568us model=129208us decode_post=0us | sample=0 sched=0 stream=0 stop=0 complete=0 (us)
[iter-prof] iter#0 total=130015us sched=16us process=129999us batch_size=1
[unified-prof] iter#1 items=1 prefill=0 decode=1 total=26030us model=25858us decode_post=170us | sample=169 sched=0 stream=1 stop=0 complete=0 (us)
[iter-prof] iter#1 total=26072us sched=8us process=26064us batch_size=1
[unified-prof] iter#2 items=1 prefill=0 decode=1 total=25442us model=25257us decode_post=183us | sample=168 sched=0 stream=0 stop=0 complete=15 (us)
[iter-prof] iter#2 total=25477us sched=2us process=25474us batch_size=1
[prefill-profile] tokens=122 layers total=91 ms
[prefill-profile] flash_attn: 62 calls 33 ms (avg 545 us)
[prefill-profile] qk_norm_rope: 62 calls 1 ms (avg 28 us)
[prefill-profile] matmuls: 62 calls 6 ms (avg 108 us)
[prefill-profile] norms: 62 calls 0 ms (avg 8 us)
[prefill-profile] tail_norm: 62 calls 0 ms (avg 13 us)
[prefill-profile] tail_gate_up: 62 calls 25 ms (avg 412 us)
[prefill-profile] tail_act: 62 calls 0 ms (avg 15 us)
[prefill-profile] tail_down: 62 calls 15 ms (avg 249 us)
[prefill-profile] tail_mlp: 62 calls 41 ms (avg 677 us)
[prefill-profile] tail_resid: 62 calls 0 ms (avg 12 us)
[prefill-profile] tokens=122 layers total=85 ms
[prefill-profile] flash_attn: 62 calls 31 ms (avg 508 us)
[prefill-profile] qk_norm_rope: 62 calls 1 ms (avg 27 us)
[prefill-profile] matmuls: 62 calls 6 ms (avg 100 us)
[prefill-profile] norms: 62 calls 0 ms (avg 8 us)
[prefill-profile] tail_norm: 62 calls 0 ms (avg 12 us)
[prefill-profile] tail_gate_up: 62 calls 23 ms (avg 385 us)
[prefill-profile] tail_act: 62 calls 0 ms (avg 14 us)
[prefill-profile] tail_down: 62 calls 14 ms (avg 230 us)
[prefill-profile] tail_mlp: 62 calls 39 ms (avg 630 us)
[prefill-profile] tail_resid: 62 calls 0 ms (avg 11 us)
[prefill-profile] tokens=122 layers total=83 ms
[prefill-profile] flash_attn: 62 calls 30 ms (avg 491 us)
[prefill-profile] qk_norm_rope: 62 calls 1 ms (avg 27 us)
[prefill-profile] matmuls: 62 calls 6 ms (avg 97 us)
[prefill-profile] norms: 62 calls 0 ms (avg 8 us)
[prefill-profile] tail_norm: 62 calls 0 ms (avg 12 us)
[prefill-profile] tail_gate_up: 62 calls 23 ms (avg 374 us)
[prefill-profile] tail_act: 62 calls 0 ms (avg 14 us)
[prefill-profile] tail_down: 62 calls 13 ms (avg 223 us)
[prefill-profile] tail_mlp: 62 calls 37 ms (avg 612 us)
[prefill-profile] tail_resid: 62 calls 0 ms (avg 11 us)
[prefill-profile] tokens=122 layers total=83 ms
[prefill-profile] flash_attn: 62 calls 30 ms (avg 491 us)
[prefill-profile] qk_norm_rope: 62 calls 1 ms (avg 27 us)
[prefill-profile] matmuls: 62 calls 6 ms (avg 97 us)
[prefill-profile] norms: 62 calls 0 ms (avg 8 us)
[prefill-profile] tail_norm: 62 calls 0 ms (avg 12 us)
[prefill-profile] tail_gate_up: 62 calls 23 ms (avg 374 us)
[prefill-profile] tail_act: 62 calls 0 ms (avg 14 us)
[prefill-profile] tail_down: 62 calls 13 ms (avg 223 us)
[prefill-profile] tail_mlp: 62 calls 38 ms (avg 613 us)
[prefill-profile] tail_resid: 62 calls 0 ms (avg 11 us)
[prefill-profile] tokens=122 layers total=83 ms
[prefill-profile] flash_attn: 62 calls 30 ms (avg 491 us)
[prefill-profile] qk_norm_rope: 62 calls 1 ms (avg 27 us)
[prefill-profile] matmuls: 62 calls 6 ms (avg 97 us)
[prefill-profile] norms: 62 calls 0 ms (avg 8 us)
[prefill-profile] tail_norm: 62 calls 0 ms (avg 12 us)
[prefill-profile] tail_gate_up: 62 calls 23 ms (avg 373 us)
[prefill-profile] tail_act: 62 calls 0 ms (avg 14 us)
[prefill-profile] tail_down: 62 calls 13 ms (avg 223 us)
[prefill-profile] tail_mlp: 62 calls 37 ms (avg 612 us)
[prefill-profile] tail_resid: 62 calls 0 ms (avg 11 us)
[prefill-profile] tokens=122 layers total=83 ms
[prefill-profile] flash_attn: 62 calls 30 ms (avg 491 us)
[prefill-profile] qk_norm_rope: 62 calls 1 ms (avg 27 us)
[prefill-profile] matmuls: 62 calls 6 ms (avg 97 us)
[prefill-profile] norms: 62 calls 0 ms (avg 8 us)
[prefill-profile] tail_norm: 62 calls 0 ms (avg 12 us)
[prefill-profile] tail_gate_up: 62 calls 23 ms (avg 374 us)
[prefill-profile] tail_act: 62 calls 0 ms (avg 14 us)
[prefill-profile] tail_down: 62 calls 13 ms (avg 223 us)
[prefill-profile] tail_mlp: 62 calls 37 ms (avg 612 us)
[prefill-profile] tail_resid: 62 calls 0 ms (avg 11 us)
[prefill-profile] tokens=122 layers total=83 ms
[prefill-profile] flash_attn: 62 calls 30 ms (avg 492 us)
[prefill-profile] qk_norm_rope: 62 calls 1 ms (avg 27 us)
[prefill-profile] matmuls: 62 calls 6 ms (avg 97 us)
[prefill-profile] norms: 62 calls 0 ms (avg 8 us)
[prefill-profile] tail_norm: 62 calls 0 ms (avg 12 us)
[prefill-profile] tail_gate_up: 62 calls 23 ms (avg 374 us)
[prefill-profile] tail_act: 62 calls 0 ms (avg 15 us)
[prefill-profile] tail_down: 62 calls 13 ms (avg 223 us)
[prefill-profile] tail_mlp: 62 calls 38 ms (avg 613 us)
[prefill-profile] tail_resid: 62 calls 0 ms (avg 11 us)
[unified-prof] iter#3 items=7 prefill=7 decode=0 total=626390us model=624578us decode_post=0us | sample=0 sched=0 stream=0 stop=0 complete=0 (us)
[batched-op-profile] m=7 total=27321us  matmul=6959us(125) attn=1930us(62) qkr=894us(62) norm=461us(63) other=1446us(124) tail_norm=683us(62) tail_mlp=13420us(124) tail_gate_up=8816us(62) tail_down=4604us(62) marlin_ws_zero=0us(0) marlin_kernel=0us(0) marlin_qkv_ws=0us(0) marlin_qkv_kernel=0us(0) marlin_o_ws=0us(0) marlin_o_kernel=0us(0) marlin_gate_up_ws=0us(0) marlin_gate_up_kernel=0us(0) marlin_down_ws=0us(0) marlin_down_kernel=0us(0) marlin_lm_head_ws=0us(0) marlin_lm_head_kernel=0us(0) marlin_other_ws=0us(0) marlin_other_kernel=0us(0) tail_act=372us(62) tail_resid=494us(62)  unwrapped=662us
[unified-prof] iter#4 items=7 prefill=0 decode=7 total=28075us model=27976us decode_post=88us | sample=4 sched=0 stream=84 stop=0 complete=0 (us)
[prefill-profile] tokens=122 layers total=83 ms
[prefill-profile] flash_attn: 62 calls 30 ms (avg 493 us)
[prefill-profile] qk_norm_rope: 62 calls 1 ms (avg 27 us)
[prefill-profile] matmuls: 62 calls 6 ms (avg 97 us)
[prefill-profile] norms: 62 calls 0 ms (avg 8 us)
[prefill-profile] tail_norm: 62 calls 0 ms (avg 12 us)
[prefill-profile] tail_gate_up: 62 calls 23 ms (avg 375 us)
[prefill-profile] tail_act: 62 calls 0 ms (avg 15 us)
[prefill-profile] tail_down: 62 calls 13 ms (avg 223 us)
[prefill-profile] tail_mlp: 62 calls 38 ms (avg 613 us)
[prefill-profile] tail_resid: 62 calls 0 ms (avg 11 us)
[prefill-profile] tokens=122 layers total=83 ms
[prefill-profile] flash_attn: 62 calls 30 ms (avg 493 us)
[prefill-profile] qk_norm_rope: 62 calls 1 ms (avg 27 us)
[prefill-profile] matmuls: 62 calls 6 ms (avg 97 us)
[prefill-profile] norms: 62 calls 0 ms (avg 8 us)
[prefill-profile] tail_norm: 62 calls 0 ms (avg 12 us)
[prefill-profile] tail_gate_up: 62 calls 23 ms (avg 375 us)
[prefill-profile] tail_act: 62 calls 0 ms (avg 14 us)
[prefill-profile] tail_down: 62 calls 13 ms (avg 223 us)
[prefill-profile] tail_mlp: 62 calls 38 ms (avg 614 us)
[prefill-profile] tail_resid: 62 calls 0 ms (avg 11 us)
[prefill-profile] tokens=122 layers total=83 ms
[prefill-profile] flash_attn: 62 calls 30 ms (avg 493 us)
[prefill-profile] qk_norm_rope: 62 calls 1 ms (avg 27 us)
[prefill-profile] matmuls: 62 calls 6 ms (avg 97 us)
[prefill-profile] norms: 62 calls 0 ms (avg 8 us)
[prefill-profile] tail_norm: 62 calls 0 ms (avg 12 us)
[prefill-profile] tail_gate_up: 62 calls 23 ms (avg 374 us)
[prefill-profile] tail_act: 62 calls 0 ms (avg 15 us)
[prefill-profile] tail_down: 62 calls 13 ms (avg 223 us)
[prefill-profile] tail_mlp: 62 calls 38 ms (avg 613 us)
[prefill-profile] tail_resid: 62 calls 0 ms (avg 11 us)
[batched-op-profile] m=7 total=26670us  matmul=6813us(125) attn=1804us(62) qkr=631us(62) norm=441us(63) other=1374us(124) tail_norm=690us(62) tail_mlp=13379us(124) tail_gate_up=8784us(62) tail_down=4595us(62) marlin_ws_zero=0us(0) marlin_kernel=0us(0) marlin_qkv_ws=0us(0) marlin_qkv_kernel=0us(0) marlin_o_ws=0us(0) marlin_o_kernel=0us(0) marlin_gate_up_ws=0us(0) marlin_gate_up_kernel=0us(0) marlin_down_ws=0us(0) marlin_down_kernel=0us(0) marlin_lm_head_ws=0us(0) marlin_lm_head_kernel=0us(0) marlin_other_ws=0us(0) marlin_other_kernel=0us(0) tail_act=372us(62) tail_resid=494us(62)  unwrapped=672us
[unified-prof] iter#5 items=10 prefill=3 decode=7 total=291177us model=290231us decode_post=102us | sample=9 sched=0 stream=93 stop=0 complete=0 (us)
[batched-op-profile] m=10 total=26880us  matmul=6897us(125) attn=1873us(62) qkr=624us(62) norm=463us(63) other=1336us(124) tail_norm=682us(62) tail_mlp=13489us(124) tail_gate_up=8870us(62) tail_down=4619us(62) marlin_ws_zero=0us(0) marlin_kernel=0us(0) marlin_qkv_ws=0us(0) marlin_qkv_kernel=0us(0) marlin_o_ws=0us(0) marlin_o_kernel=0us(0) marlin_gate_up_ws=0us(0) marlin_gate_up_kernel=0us(0) marlin_down_ws=0us(0) marlin_down_kernel=0us(0) marlin_lm_head_ws=0us(0) marlin_lm_head_kernel=0us(0) marlin_other_ws=0us(0) marlin_other_kernel=0us(0) tail_act=372us(62) tail_resid=493us(62)  unwrapped=651us
[unified-prof] iter#6 items=10 prefill=0 decode=10 total=27598us model=27484us decode_post=101us | sample=12 sched=0 stream=89 stop=0 complete=0 (us)
thread 'tokio-runtime-worker' (618) panicked at crates/ferrum-kernels/src/backend/cuda/mod.rs:843:34:
CudaBackend: stream sync: DriverError(CUDA_ERROR_STREAM_CAPTURE_UNSUPPORTED, "operation not permitted when stream is capturing")
