worktree=/tmp/ferrum-w3-s1-clean-1b480a31
out=/tmp/w3_deltanet_s1_rust_compare_20260617T130232Z_1b480a31
1b480a31091fb890d753f1e85e008c28db3b1d39
W3 DELTANET S1 LAYER COMPARE SELFTEST PASS: /private/tmp/w3_deltanet_s1_rust_compare_20260617T130232Z_1b480a31/reference_bundle
   Compiling proc-macro2 v1.0.103
   Compiling quote v1.0.41
   Compiling unicode-ident v1.0.20
   Compiling libc v0.2.186
   Compiling cfg-if v1.0.4
   Compiling serde_core v1.0.228
   Compiling serde v1.0.228
   Compiling libm v0.2.15
   Compiling autocfg v1.5.0
   Compiling getrandom v0.3.4
   Compiling once_cell v1.21.3
   Compiling memchr v2.7.6
   Compiling bitflags v2.10.0
   Compiling num-traits v0.2.19
   Compiling version_check v0.9.5
   Compiling zerocopy v0.8.27
   Compiling itoa v1.0.15
   Compiling pin-project-lite v0.2.16
   Compiling crossbeam-utils v0.8.21
   Compiling futures-core v0.3.31
   Compiling stable_deref_trait v1.2.1
   Compiling parking_lot_core v0.9.12
   Compiling bytes v1.10.1
   Compiling syn v2.0.108
   Compiling rayon-core v1.13.0
   Compiling core-foundation-sys v0.8.7
   Compiling scopeguard v1.2.0
   Compiling lock_api v0.4.14
   Compiling find-msvc-tools v0.1.4
   Compiling thiserror v1.0.69
   Compiling shlex v1.3.0
   Compiling cc v1.2.43
   Compiling mio v1.1.0
   Compiling rand_core v0.9.3
   Compiling signal-hook-registry v1.4.6
   Compiling socket2 v0.6.1
   Compiling ryu v1.0.20
   Compiling crossbeam-epoch v0.9.18
   Compiling futures-sink v0.3.31
   Compiling log v0.4.28
   Compiling equivalent v1.0.2
   Compiling serde_json v1.0.145
   Compiling fnv v1.0.7
   Compiling paste v1.0.15
   Compiling slab v0.4.11
   Compiling crossbeam-deque v0.8.6
   Compiling either v1.15.0
   Compiling hashbrown v0.17.1
   Compiling byteorder v1.5.0
   Compiling futures-channel v0.3.31
   Compiling pin-utils v0.1.0
   Compiling pulp v0.22.2
   Compiling futures-io v0.3.31
   Compiling heck v0.5.0
   Compiling futures-task v0.3.31
   Compiling tracing-core v0.1.34
   Compiling pulp-wasm-simd-flag v0.1.0
   Compiling rayon v1.11.0
   Compiling typenum v1.19.0
   Compiling crc32fast v1.5.0
   Compiling indexmap v2.14.0
   Compiling dyn-stack-macros v0.1.3
   Compiling reborrow v0.5.5
   Compiling generic-array v0.14.9
   Compiling raw-cpuid v11.6.0
   Compiling seq-macro v0.3.6
   Compiling arrayvec v0.7.6
   Compiling bitflags v1.3.2
   Compiling lazy_static v1.5.0
   Compiling synstructure v0.13.2
   Compiling getrandom v0.2.16
   Compiling encoding_rs v0.8.35
   Compiling ring v0.17.14
   Compiling http v1.3.1
   Compiling core-foundation v0.9.4
   Compiling num_cpus v1.17.0
   Compiling litemap v0.8.0
   Compiling thiserror v2.0.17
   Compiling zeroize v1.8.2
   Compiling writeable v0.6.1
   Compiling rustls-pki-types v1.12.0
   Compiling crypto-common v0.1.6
   Compiling block-buffer v0.10.4
   Compiling icu_properties_data v2.0.1
   Compiling icu_normalizer_data v2.0.0
   Compiling rustix v1.1.2
   Compiling percent-encoding v2.3.2
   Compiling digest v0.10.7
   Compiling http-body v1.0.1
   Compiling errno v0.3.14
   Compiling cpufeatures v0.2.17
   Compiling iana-time-zone v0.1.64
   Compiling system-configuration-sys v0.6.0
   Compiling allocator-api2 v0.2.21
   Compiling foldhash v0.2.0
   Compiling untrusted v0.9.0
   Compiling httparse v1.10.1
   Compiling sha2 v0.10.9
   Compiling security-framework-sys v2.17.0
   Compiling serde_derive v1.0.228
   Compiling bytemuck_derive v1.10.2
   Compiling zerocopy-derive v0.8.27
   Compiling zerofrom-derive v0.1.6
   Compiling yoke-derive v0.8.0
   Compiling tokio-macros v2.6.0
   Compiling thiserror-impl v1.0.69
   Compiling futures-macro v0.3.31
   Compiling enum-as-inner v0.6.1
   Compiling zerovec-derive v0.11.1
   Compiling tracing-attributes v0.1.30
   Compiling futures-util v0.3.31
   Compiling displaydoc v0.2.5
   Compiling bytemuck v1.24.0
   Compiling zerofrom v0.1.6
   Compiling thiserror-impl v2.0.17
   Compiling num-complex v0.4.6
   Compiling tracing v0.1.41
   Compiling yoke v0.8.1
   Compiling dyn-stack v0.13.2
   Compiling sysctl v0.6.0
   Compiling symphonia-core v0.5.5
   Compiling zerovec v0.11.4
   Compiling zerotrie v0.2.2
   Compiling ppv-lite86 v0.2.21
   Compiling futures-executor v0.3.31
   Compiling rand_chacha v0.9.0
   Compiling rand v0.9.2
   Compiling symphonia-metadata v0.5.5
   Compiling native-tls v0.2.14
   Compiling rand_distr v0.5.1
   Compiling fastrand v2.3.0
   Compiling smallvec v1.15.1
   Compiling uuid v1.18.1
   Compiling hashbrown v0.16.0
   Compiling chrono v0.4.42
   Compiling parking_lot v0.12.5
   Compiling half v2.7.1
   Compiling try-lock v0.2.5
   Compiling simd-adler32 v0.3.7
   Compiling tower-service v0.3.3
   Compiling typed-path v0.12.3
   Compiling tokio v1.48.0
   Compiling ident_case v1.0.1
   Compiling strsim v0.11.1
   Compiling rustls v0.23.34
   Compiling tinystr v0.8.1
   Compiling potential_utf v0.1.3
   Compiling atomic-waker v1.1.2
   Compiling icu_locale_core v2.0.0
   Compiling darling_core v0.20.11
   Compiling icu_collections v2.0.0
   Compiling float8 v0.6.1
   Compiling ferrum-types v0.7.7 (/private/tmp/ferrum-w3-s1-clean-1b480a31/crates/ferrum-types)
   Compiling rustls-webpki v0.103.7
   Compiling icu_provider v2.0.0
   Compiling icu_properties v2.0.1
   Compiling icu_normalizer v2.0.0
   Compiling zip v7.2.0
   Compiling safetensors v0.7.0
   Compiling want v0.3.1
   Compiling tempfile v3.23.0
   Compiling gemm-common v0.19.0
   Compiling futures v0.3.31
   Compiling security-framework v2.11.1
   Compiling memmap2 v0.9.9
   Compiling glob v0.3.3
   Compiling subtle v2.6.1
   Compiling base64 v0.22.1
   Compiling adler2 v2.0.1
   Compiling darling_macro v0.20.11
   Compiling miniz_oxide v0.8.9
   Compiling gemm-f32 v0.19.0
   Compiling gemm-c64 v0.19.0
   Compiling gemm-c32 v0.19.0
   Compiling gemm-f64 v0.19.0
   Compiling bindgen_cuda v0.1.6
   Compiling gemm-f16 v0.19.0
   Compiling system-configuration v0.6.1
   Compiling idna_adapter v1.2.1
   Compiling symphonia-utils-xiph v0.5.5
   Compiling async-trait v0.1.89
   Compiling gemm v0.19.0
   Compiling candle-core v0.9.2
   Compiling tokio-util v0.7.16
   Compiling form_urlencoded v1.2.2
   Compiling webpki-roots v1.0.3
   Compiling h2 v0.4.12
   Compiling num-integer v0.1.46
   Compiling aho-corasick v1.1.3
   Compiling ipnet v2.11.0
   Compiling option-ext v0.2.0
   Compiling utf8_iter v1.0.4
   Compiling pkg-config v0.3.32
   Compiling portable-atomic v1.11.1
   Compiling regex-syntax v0.8.8
   Compiling rustversion v1.0.22
   Compiling onig_sys v69.9.1
   Compiling idna v1.1.0
   Compiling ferrum-interfaces v0.7.7 (/private/tmp/ferrum-w3-s1-clean-1b480a31/crates/ferrum-interfaces)
   Compiling ferrum-kernels v0.7.7 (/private/tmp/ferrum-w3-s1-clean-1b480a31/crates/ferrum-kernels)
   Compiling flate2 v1.1.5
   Compiling hyper v1.7.0
   Compiling regex-automata v0.4.13
   Compiling darling v0.20.11
   Compiling sync_wrapper v1.0.2
   Compiling strength_reduce v0.2.4
   Compiling tower-layer v0.3.3
   Compiling anyhow v1.0.100
   Compiling audio-core v0.2.1
   Compiling unicode-width v0.2.2
   Compiling hyper-util v0.1.17
   Compiling console v0.15.11
   Compiling tower v0.5.2
   Compiling transpose v0.2.3
   Compiling derive_builder_core v0.20.2
   Compiling url v2.5.7
   Compiling tokio-rustls v0.26.4
   Compiling primal-check v0.3.4
   Compiling ferrum-bench-core v0.7.7 (/private/tmp/ferrum-w3-s1-clean-1b480a31/crates/ferrum-bench-core)
   Compiling tokio-native-tls v0.3.1
   Compiling http-body-util v0.1.3
   Compiling esaxx-rs v0.1.10
   Compiling ahash v0.8.12
   Compiling iri-string v0.7.8
   Compiling minimal-lexical v0.2.1
   Compiling bit-vec v0.8.0
   Compiling number_prefix v0.4.0
   Compiling indicatif v0.17.11
   Compiling nom v7.1.3
   Compiling bit-set v0.8.0
   Compiling derive_builder_macro v0.20.2
   Compiling hyper-tls v0.6.0
   Compiling castaway v0.2.4
   Compiling rustfft v6.4.1
   Compiling tower-http v0.6.6
   Compiling hyper-rustls v0.27.7
   Compiling audioadapter v3.0.0
   Compiling audioadapter-sample v3.0.0
   Compiling dirs-sys v0.5.0
   Compiling webpki-roots v0.26.11
   Compiling serde_urlencoded v0.7.1
   Compiling fdeflate v0.3.7
   Compiling serde_spanned v0.6.9
   Compiling toml_datetime v0.6.11
   Compiling monostate-impl v0.1.18
   Compiling rand_core v0.6.4
   Compiling socks v0.3.4
   Compiling itertools v0.14.0
   Compiling macro_rules_attribute-proc_macro v0.2.2
   Compiling quick-error v2.0.1
   Compiling static_assertions v1.1.0
   Compiling base64 v0.13.1
   Compiling byteorder-lite v0.1.0
   Compiling extended v0.1.0
   Compiling mime v0.3.17
   Compiling pxfm v0.1.28
   Compiling zune-core v0.5.1
   Compiling winnow v0.7.13
   Compiling unicode-segmentation v1.12.0
   Compiling toml_write v0.1.2
   Compiling zune-jpeg v0.5.15
   Compiling macro_rules_attribute v0.2.2
   Compiling spm_precompiled v0.1.4
   Compiling realfft v3.5.0
   Compiling reqwest v0.12.24
   Compiling image-webp v0.2.4
   Compiling symphonia-format-riff v0.5.5
   Compiling rayon-cond v0.4.0
   Compiling monostate v0.1.18
   Compiling compact_str v0.9.0
   Compiling ureq v2.12.1
   Compiling rand_chacha v0.3.1
   Compiling toml_edit v0.22.27
   Compiling png v0.18.1
   Compiling audioadapter-buffers v3.0.0
   Compiling dirs v6.0.0
   Compiling moxcms v0.8.1
   Compiling derive_builder v0.20.2
   Compiling onig v6.5.1
   Compiling fancy-regex v0.17.0
   Compiling regex v1.12.2
   Compiling candle-nn v0.9.2
   Compiling dirs-sys v0.4.1
   Compiling symphonia-format-ogg v0.5.5
   Compiling symphonia-codec-vorbis v0.5.5
   Compiling symphonia-bundle-flac v0.5.5
   Compiling symphonia-format-isomp4 v0.5.5
   Compiling unicode-normalization-alignments v0.1.12
   Compiling serde_plain v1.0.2
   Compiling safetensors v0.4.5
   Compiling dary_heap v0.3.8
   Compiling symphonia-bundle-mp3 v0.5.5
   Compiling symphonia-codec-aac v0.5.5
   Compiling symphonia-codec-pcm v0.5.5
   Compiling async-stream-impl v0.3.6
   Compiling visibility v0.1.1
   Compiling windowfunctions v0.1.1
   Compiling unicode_categories v0.1.1
   Compiling rubato v2.0.0
   Compiling tokenizers v0.21.4
   Compiling async-stream v0.3.6
   Compiling image v0.25.10
   Compiling symphonia v0.5.5
   Compiling ferrum-quantization v0.7.7 (/private/tmp/ferrum-w3-s1-clean-1b480a31/crates/ferrum-quantization)
   Compiling candle-transformers v0.9.2
   Compiling dirs v5.0.1
   Compiling toml v0.8.23
   Compiling hf-hub v0.4.3
   Compiling rand v0.8.5
   Compiling ferrum-kv v0.7.7 (/private/tmp/ferrum-w3-s1-clean-1b480a31/crates/ferrum-kv)
   Compiling tokio-stream v0.1.17
   Compiling pathdiff v0.2.3
   Compiling tokio-test v0.4.4
   Compiling ferrum-testkit v0.7.7 (/private/tmp/ferrum-w3-s1-clean-1b480a31/crates/ferrum-testkit)
   Compiling ferrum-models v0.7.7 (/private/tmp/ferrum-w3-s1-clean-1b480a31/crates/ferrum-models)
    Finished `dev` profile [unoptimized + debuginfo] target(s) in 37.90s
     Running `/tmp/ferrum-w3-s1-target/debug/examples/w3_deltanet_s1_dump --out /tmp/w3_deltanet_s1_rust_compare_20260617T130232Z_1b480a31/ferrum_dump`
W3 DELTANET S1 FERRUM DUMP PASS: /tmp/w3_deltanet_s1_rust_compare_20260617T130232Z_1b480a31/ferrum_dump
W3 DELTANET S1 LAYER COMPARE PASS: /private/tmp/w3_deltanet_s1_rust_compare_20260617T130232Z_1b480a31/compare
W3 DELTANET S1 LAYER COMPARE PASS: /private/tmp/w3_deltanet_s1_rust_compare_20260617T130232Z_1b480a31/compare
git {'is_dirty': False, 'sha': '1b480a31091fb890d753f1e85e008c28db3b1d39', 'tracked_status_short': [], 'untracked_count': 0, 'untracked_sample': []}
layer_output {'atol': 1e-06, 'max_abs': 0.0, 'max_rel': 0.0, 'mean_abs': 0.0, 'rmse': 0.0, 'status': 'pass'}
