== git ==
19920b3e46e193ff69da5c98aa1a77f75edfc03f
## goal/w2-w3-release-grade...origin/goal/w2-w3-release-grade [ahead 1]
== toolchain ==
rustc 1.96.0 (ac68faa20 2026-05-25)
cargo 1.96.0 (30a34c682 2026-05-25)
Build cuda_12.4.r12.4/compiler.34097967_0
== cargo check ferrum-kernels cuda ==
   Compiling proc-macro2 v1.0.103
   Compiling unicode-ident v1.0.20
   Compiling quote v1.0.41
   Compiling libc v0.2.186
    Checking cfg-if v1.0.4
   Compiling crossbeam-utils v0.8.21
   Compiling autocfg v1.5.0
   Compiling libm v0.2.15
   Compiling getrandom v0.3.4
   Compiling zerocopy v0.8.27
   Compiling version_check v0.9.5
   Compiling rayon-core v1.13.0
   Compiling serde_core v1.0.228
   Compiling serde v1.0.228
   Compiling paste v1.0.15
    Checking once_cell v1.21.3
    Checking memchr v2.7.6
   Compiling typenum v1.19.0
    Checking bitflags v2.10.0
   Compiling dyn-stack-macros v0.1.3
    Checking pulp-wasm-simd-flag v0.1.0
    Checking either v1.15.0
    Checking reborrow v0.5.5
    Checking raw-cpuid v11.6.0
   Compiling seq-macro v0.3.6
   Compiling serde_json v1.0.145
   Compiling glob v0.3.3
    Checking pin-project-lite v0.2.16
    Checking ryu v1.0.20
    Checking itoa v1.0.15
   Compiling parking_lot_core v0.9.12
   Compiling pulp v0.22.2
   Compiling generic-array v0.14.9
   Compiling num-traits v0.2.19
   Compiling thiserror v1.0.69
    Checking futures-core v0.3.31
    Checking futures-sink v0.3.31
    Checking equivalent v1.0.2
   Compiling crc32fast v1.5.0
    Checking futures-io v0.3.31
    Checking futures-channel v0.3.31
   Compiling cudarc v0.19.4
    Checking slab v0.4.11
    Checking iana-time-zone v0.1.64
    Checking scopeguard v1.2.0
    Checking pin-utils v0.1.0
    Checking crossbeam-epoch v0.9.18
    Checking futures-task v0.3.31
    Checking cpufeatures v0.2.17
    Checking libloading v0.9.0
   Compiling thiserror v2.0.17
    Checking lock_api v0.4.14
    Checking foldhash v0.2.0
    Checking hashbrown v0.17.1
    Checking allocator-api2 v0.2.21
    Checking stable_deref_trait v1.2.1
    Checking tracing-core v0.1.34
    Checking bytes v1.10.1
    Checking typed-path v0.12.3
    Checking byteorder v1.5.0
    Checking crossbeam-deque v0.8.6
   Compiling syn v2.0.108
    Checking indexmap v2.14.0
    Checking signal-hook-registry v1.4.6
    Checking mio v1.1.0
    Checking socket2 v0.6.1
    Checking num_cpus v1.17.0
    Checking memmap2 v0.9.9
    Checking rayon v1.11.0
    Checking rand_core v0.9.3
    Checking crypto-common v0.1.6
    Checking block-buffer v0.10.4
    Checking digest v0.10.7
    Checking sha2 v0.10.9
    Checking zip v7.2.0
   Compiling bindgen_cuda v0.1.6
   Compiling candle-kernels v0.9.2
   Compiling ferrum-kernels v0.7.7 (/workspace/ferrum-clean/crates/ferrum-kernels)
   Compiling synstructure v0.13.2
   Compiling zerocopy-derive v0.8.27
   Compiling bytemuck_derive v1.10.2
   Compiling serde_derive v1.0.228
   Compiling futures-macro v0.3.31
   Compiling thiserror-impl v1.0.69
   Compiling zerofrom-derive v0.1.6
   Compiling tracing-attributes v0.1.30
   Compiling thiserror-impl v2.0.17
   Compiling yoke-derive v0.8.0
   Compiling tokio-macros v2.6.0
   Compiling async-trait v0.1.89
    Checking futures-util v0.3.31
    Checking zerofrom v0.1.6
    Checking tracing v0.1.41
    Checking yoke v0.8.1
    Checking bytemuck v1.24.0
    Checking num-complex v0.4.6
    Checking dyn-stack v0.13.2
    Checking smallvec v1.15.1
    Checking chrono v0.4.42
    Checking uuid v1.18.1
    Checking hashbrown v0.16.0
    Checking ppv-lite86 v0.2.21
    Checking rand_chacha v0.9.0
    Checking parking_lot v0.12.5
    Checking futures-executor v0.3.31
    Checking safetensors v0.7.0
    Checking futures v0.3.31
    Checking rand v0.9.2
    Checking tokio v1.48.0
    Checking rand_distr v0.5.1
    Checking ferrum-types v0.7.7 (/workspace/ferrum-clean/crates/ferrum-types)
    Checking half v2.7.1
    Checking float8 v0.7.0
    Checking gemm-common v0.19.0
    Checking gemm-f32 v0.19.0
    Checking gemm-c32 v0.19.0
    Checking gemm-c64 v0.19.0
    Checking gemm-f64 v0.19.0
    Checking gemm-f16 v0.19.0
    Checking gemm v0.19.0
    Checking float8 v0.6.1
    Checking ferrum-interfaces v0.7.7 (/workspace/ferrum-clean/crates/ferrum-interfaces)
    Checking ferrum-bench-core v0.7.7 (/workspace/ferrum-clean/crates/ferrum-bench-core)
    Checking candle-core v0.9.2
warning: variable does not need to be mutable
  --> crates/ferrum-kernels/tests/kv_cache_append_batched_eq.rs:57:17
   |
57 |             let mut seed_buf = CudaBackend::from_slice(&sentinel);
   |                 ----^^^^^^^^
   |                 |
   |                 help: remove this `mut`
   |
   = note: `#[warn(unused_mut)]` (part of `#[warn(unused)]`) on by default

warning: variable does not need to be mutable
  --> crates/ferrum-kernels/tests/kv_cache_append_batched_eq.rs:96:9
   |
96 |     let mut batched_caches: Vec<_> = (0..M)
   |         ----^^^^^^^^^^^^^^
   |         |
   |         help: remove this `mut`

warning: use of deprecated method `cudarc::driver::CudaStream::memcpy_stod`: Use clone_htod
   --> crates/ferrum-kernels/tests/int8_kv_parity.rs:102:27
    |
102 |     let slot_dev = stream.memcpy_stod(&slot_mapping).unwrap();
    |                           ^^^^^^^^^^^
    |
    = note: `#[warn(deprecated)]` on by default

warning: use of deprecated method `cudarc::driver::CudaStream::memcpy_dtov`: Use clone_dtoh
   --> crates/ferrum-kernels/tests/cudarc_graph_repro.rs:354:38
    |
354 |     let dev1_host: Vec<u64> = stream.memcpy_dtov(&dev1).expect("dtov de...
    |                                      ^^^^^^^^^^^
    |
    = note: `#[warn(deprecated)]` on by default

warning: use of deprecated method `cudarc::driver::CudaStream::memcpy_dtov`: Use clone_dtoh
   --> crates/ferrum-kernels/tests/int8_kv_parity.rs:121:36
    |
121 |     let k_pool_h: Vec<i8> = stream.memcpy_dtov(&k_pool).unwrap();
    |                                    ^^^^^^^^^^^

warning: use of deprecated method `cudarc::driver::CudaStream::memcpy_dtov`: Use clone_dtoh
   --> crates/ferrum-kernels/tests/int8_kv_parity.rs:122:36
    |
122 |     let v_pool_h: Vec<i8> = stream.memcpy_dtov(&v_pool).unwrap();
    |                                    ^^^^^^^^^^^

warning: use of deprecated method `cudarc::driver::CudaStream::memcpy_dtov`: Use clone_dtoh
   --> crates/ferrum-kernels/tests/cudarc_graph_repro.rs:355:38
    |
355 |     let dev2_host: Vec<u64> = stream.memcpy_dtov(&dev2).expect("dtov de...
    |                                      ^^^^^^^^^^^

warning: use of deprecated method `cudarc::driver::CudaStream::memcpy_dtov`: Use clone_dtoh
   --> crates/ferrum-kernels/tests/int8_kv_parity.rs:123:39
    |
123 |     let k_scales_h: Vec<f16> = stream.memcpy_dtov(&k_scales).unwrap();
    |                                       ^^^^^^^^^^^

warning: use of deprecated method `cudarc::driver::CudaStream::memcpy_dtov`: Use clone_dtoh
   --> crates/ferrum-kernels/tests/int8_kv_parity.rs:124:39
    |
124 |     let v_scales_h: Vec<f16> = stream.memcpy_dtov(&v_scales).unwrap();
    |                                       ^^^^^^^^^^^

warning: use of deprecated method `cudarc::driver::CudaStream::memcpy_stod`: Use clone_htod
   --> crates/ferrum-kernels/tests/cudarc_graph_repro.rs:406:28
    |
406 |     let alpha_f32 = stream.memcpy_stod(&[1.0f32]).expect("alpha");
    |                            ^^^^^^^^^^^

warning: use of deprecated method `cudarc::driver::CudaStream::memcpy_stod`: Use clone_htod
   --> crates/ferrum-kernels/tests/cudarc_graph_repro.rs:407:27
    |
407 |     let beta_f32 = stream.memcpy_stod(&[0.0f32]).expect("beta");
    |                           ^^^^^^^^^^^

warning: use of deprecated method `cudarc::driver::CudaStream::memcpy_stod`: Use clone_htod
   --> crates/ferrum-kernels/tests/int8_kv_parity.rs:258:28
    |
258 |     let k_pool_i8 = stream.memcpy_stod(&k_q).unwrap();
    |                            ^^^^^^^^^^^

warning: use of deprecated method `cudarc::driver::CudaStream::memcpy_stod`: Use clone_htod
   --> crates/ferrum-kernels/tests/int8_kv_parity.rs:259:28
    |
259 |     let v_pool_i8 = stream.memcpy_stod(&v_q).unwrap();
    |                            ^^^^^^^^^^^

warning: use of deprecated method `cudarc::driver::CudaStream::memcpy_stod`: Use clone_htod
   --> crates/ferrum-kernels/tests/int8_kv_parity.rs:262:31
    |
262 |     let k_scales_dev = stream.memcpy_stod(&k_scales_h).unwrap();
    |                               ^^^^^^^^^^^

warning: use of deprecated method `cudarc::driver::CudaStream::memcpy_stod`: Use clone_htod
   --> crates/ferrum-kernels/tests/int8_kv_parity.rs:263:31
    |
263 |     let v_scales_dev = stream.memcpy_stod(&v_scales_h).unwrap();
    |                               ^^^^^^^^^^^

warning: use of deprecated method `cudarc::driver::CudaStream::memcpy_stod`: Use clone_htod
   --> crates/ferrum-kernels/tests/int8_kv_parity.rs:264:25
    |
264 |     let bt_dev = stream.memcpy_stod(&block_table).unwrap();
    |                         ^^^^^^^^^^^

warning: use of deprecated method `cudarc::driver::CudaStream::memcpy_stod`: Use clone_htod
   --> crates/ferrum-kernels/tests/int8_kv_parity.rs:411:27
    |
411 |     let slot_dev = stream.memcpy_stod(&slot_mapping).unwrap();
    |                           ^^^^^^^^^^^

warning: use of deprecated method `cudarc::driver::CudaStream::memcpy_stod`: Use clone_htod
   --> crates/ferrum-kernels/tests/int8_kv_parity.rs:412:25
    |
412 |     let bt_dev = stream.memcpy_stod(&block_table).unwrap();
    |                         ^^^^^^^^^^^

warning: use of deprecated method `cudarc::driver::CudaStream::memcpy_stod`: Use clone_htod
   --> crates/ferrum-kernels/tests/int8_kv_parity.rs:545:27
    |
545 |     let slot_dev = stream.memcpy_stod(&slot_mapping).unwrap();
    |                           ^^^^^^^^^^^

warning: use of deprecated method `cudarc::driver::CudaStream::memcpy_stod`: Use clone_htod
   --> crates/ferrum-kernels/tests/int8_kv_parity.rs:546:25
    |
546 |     let bt_dev = stream.memcpy_stod(&block_table).unwrap();
    |                         ^^^^^^^^^^^

warning: `ferrum-kernels` (test "kv_cache_append_batched_eq") generated 2 warnings (run `cargo fix --test "kv_cache_append_batched_eq" -p ferrum-kernels` to apply 2 suggestions)
warning: `ferrum-kernels` (test "cudarc_graph_repro") generated 4 warnings
warning: `ferrum-kernels` (test "int8_kv_parity") generated 14 warnings
    Finished `dev` profile [unoptimized + debuginfo] target(s) in 46.38s
== cargo check ferrum-cli cuda product features ==
    Checking log v0.4.28
   Compiling find-msvc-tools v0.1.4
    Checking futures-core v0.3.31
   Compiling shlex v1.3.0
    Checking futures-sink v0.3.31
    Checking tracing-core v0.1.34
   Compiling serde_json v1.0.145
    Checking bitflags v2.10.0
    Checking fnv v1.0.7
    Checking either v1.15.0
   Compiling pkg-config v0.3.32
    Checking bytemuck v1.24.0
    Checking smallvec v1.15.1
    Checking getrandom v0.2.16
    Checking encoding_rs v0.8.35
   Compiling httparse v1.10.1
   Compiling zerovec-derive v0.11.1
   Compiling ahash v0.8.12
   Compiling vcpkg v0.2.15
    Checking tower-service v0.3.3
    Checking lazy_static v1.5.0
    Checking http v1.3.1
    Checking futures-channel v0.3.31
   Compiling cc v1.2.43
   Compiling displaydoc v0.2.5
    Checking bitflags v1.3.2
    Checking arrayvec v0.7.6
    Checking raw-cpuid v11.6.0
    Checking try-lock v0.2.5
    Checking zeroize v1.8.2
    Checking rayon v1.11.0
    Checking writeable v0.6.1
    Checking parking_lot_core v0.9.12
    Checking half v2.7.1
    Checking num-complex v0.4.6
    Checking futures-util v0.3.31
    Checking tracing v0.1.41
    Checking dyn-stack v0.13.2
    Checking symphonia-core v0.5.5
    Checking want v0.3.1
    Checking parking_lot v0.12.5
    Checking litemap v0.8.0
    Checking httpdate v1.0.3
   Compiling openssl v0.10.74
    Checking foreign-types-shared v0.1.1
    Checking percent-encoding v2.3.2
    Checking foreign-types v0.3.2
    Checking rustls-pki-types v1.12.0
    Checking tokio v1.48.0
   Compiling openssl-macros v0.1.1
    Checking aho-corasick v1.1.3
    Checking regex-syntax v0.8.8
   Compiling native-tls v0.2.14
   Compiling icu_properties_data v2.0.1
    Checking untrusted v0.9.0
    Checking base64 v0.22.1
    Checking zerotrie v0.2.2
    Checking http-body v1.0.1
   Compiling icu_normalizer_data v2.0.0
    Checking hashbrown v0.14.5
    Checking openssl-probe v0.1.6
    Checking tower-layer v0.3.3
    Checking atomic-waker v1.1.2
    Checking num-integer v0.1.46
   Compiling rustversion v1.0.22
    Checking ipnet v2.11.0
    Checking simd-adler32 v0.3.7
   Compiling strsim v0.11.1
   Compiling rustls v0.23.34
    Checking ferrum-types v0.7.7 (/workspace/ferrum-clean/crates/ferrum-types)
   Compiling ident_case v1.0.1
    Checking http-body-util v0.1.3
    Checking form_urlencoded v1.2.2
    Checking float8 v0.7.0
    Checking zerovec v0.11.4
    Checking rand_core v0.6.4
    Checking sync_wrapper v1.0.2
   Compiling darling_core v0.20.11
    Checking subtle v2.6.1
   Compiling crunchy v0.2.4
    Checking adler2 v2.0.1
    Checking symphonia-metadata v0.5.5
    Checking option-ext v0.2.0
    Checking cudarc v0.19.4
    Checking rand_chacha v0.3.1
    Checking webpki-roots v1.0.3
   Compiling portable-atomic v1.11.1
    Checking mime v0.3.17
    Checking miniz_oxide v0.8.9
    Checking unicode-width v0.2.2
   Compiling anyhow v1.0.100
    Checking utf8_iter v1.0.4
   Compiling tiny-keccak v2.0.2
    Checking rand v0.8.5
    Checking symphonia-utils-xiph v0.5.5
    Checking safetensors v0.7.0
   Compiling cfg-if v1.0.4
    Checking console v0.15.11
    Checking minimal-lexical v0.2.1
    Checking unicode-segmentation v1.12.0
   Compiling openssl-sys v0.9.110
   Compiling ring v0.17.14
    Checking pulp v0.22.2
    Checking flate2 v1.1.5
   Compiling onig_sys v69.9.1
    Checking nom v7.1.3
   Compiling esaxx-rs v0.1.10
    Checking dirs-sys v0.5.0
    Checking serde_urlencoded v0.7.1
    Checking audio-core v0.2.1
    Checking tinystr v0.8.1
    Checking potential_utf v0.1.3
    Checking number_prefix v0.4.0
   Compiling ucd-trie v0.1.7
   Compiling memchr v2.7.6
   Compiling once_cell v1.21.3
    Checking strength_reduce v0.2.4
    Checking icu_collections v2.0.0
    Checking iri-string v0.7.8
    Checking dirs v6.0.0
    Checking icu_locale_core v2.0.0
    Checking indicatif v0.17.11
    Checking transpose v0.2.3
   Compiling const-random-macro v0.1.16
    Checking regex-automata v0.4.13
    Checking castaway v0.2.4
    Checking webpki-roots v0.26.11
    Checking primal-check v0.3.4
   Compiling ferrum-kernels v0.7.7 (/workspace/ferrum-clean/crates/ferrum-kernels)
    Checking itertools v0.14.0
    Checking socks v0.3.4
    Checking serde_spanned v0.6.9
    Checking toml_datetime v0.6.11
   Compiling pest v2.8.3
   Compiling monostate-impl v0.1.18
    Checking icu_provider v2.0.0
    Checking base64 v0.13.1
    Checking toml_write v0.1.2
    Checking winnow v0.7.13
    Checking futures-executor v0.3.31
   Compiling macro_rules_attribute-proc_macro v0.2.2
    Checking icu_properties v2.0.1
    Checking icu_normalizer v2.0.0
    Checking static_assertions v1.1.0
    Checking futures v0.3.31
    Checking bit-vec v0.8.0
    Checking spm_precompiled v0.1.4
    Checking compact_str v0.9.0
    Checking float8 v0.6.1
    Checking bit-set v0.8.0
    Checking monostate v0.1.18
    Checking macro_rules_attribute v0.2.2
    Checking const-random v0.1.18
    Checking rustfft v6.4.1
    Checking audioadapter-sample v3.0.0
    Checking audioadapter v3.0.0
    Checking dirs-sys v0.4.1
    Checking fdeflate v0.3.7
    Checking metrics v0.22.4
    Checking unicode-normalization-alignments v0.1.12
    Checking http v0.2.12
    Checking dary_heap v0.3.8
   Compiling pin-project-internal v1.1.10
   Compiling time-core v0.1.6
    Checking powerfmt v0.2.0
   Compiling num-conv v0.1.0
    Checking zune-core v0.5.1
    Checking utf8parse v0.2.2
    Checking quick-error v2.0.1
    Checking rayon-cond v0.4.0
    Checking pxfm v0.1.28
    Checking extended v0.1.0
    Checking idna_adapter v1.2.1
   Compiling darling_macro v0.20.11
    Checking idna v1.1.0
   Compiling pest_meta v2.8.3
    Checking unicode_categories v0.1.1
    Checking byteorder-lite v0.1.0
    Checking zune-jpeg v0.5.15
    Checking symphonia-format-riff v0.5.5
    Checking anstyle-parse v0.2.7
    Checking http-body v0.4.6
    Checking url v2.5.7
    Checking toml_edit v0.22.27
    Checking image-webp v0.2.4
    Checking deranged v0.5.4
   Compiling darling v0.20.11
   Compiling time-macros v0.2.24
   Compiling derive_builder_core v0.20.2
    Checking png v0.18.1
    Checking tokio-util v0.7.16
    Checking tower v0.5.2
    Checking pin-project v1.1.10
    Checking audioadapter-buffers v3.0.0
    Checking dirs v5.0.1
    Checking gemm-common v0.19.0
    Checking regex v1.12.2
    Checking fancy-regex v0.17.0
    Checking h2 v0.4.12
   Compiling pest_generator v2.8.3
    Checking gemm-f32 v0.19.0
    Checking gemm-c32 v0.19.0
    Checking gemm-c64 v0.19.0
    Checking gemm-f64 v0.19.0
    Checking tower-http v0.6.6
    Checking dlv-list v0.5.2
   Compiling derive_builder_macro v0.20.2
    Checking symphonia-format-isomp4 v0.5.5
    Checking symphonia-bundle-flac v0.5.5
    Checking symphonia-format-ogg v0.5.5
    Checking gemm-f16 v0.19.0
    Checking rustls-webpki v0.103.7
    Checking symphonia-codec-vorbis v0.5.5
    Checking symphonia-bundle-mp3 v0.5.5
    Checking dashmap v6.1.0
    Checking derive_builder v0.20.2
    Checking toml v0.8.23
    Checking symphonia-codec-aac v0.5.5
    Checking symphonia-codec-pcm v0.5.5
    Checking safetensors v0.4.5
    Checking sha1 v0.10.6
    Checking serde_plain v1.0.2
   Compiling visibility v0.1.1
    Checking windowfunctions v0.1.1
    Checking gemm v0.19.0
    Checking socket2 v0.5.10
   Compiling multer v3.1.0
    Checking onig v6.5.1
    Checking anstyle-query v1.1.4
    Checking anstyle v1.0.13
    Checking candle-core v0.9.2
   Compiling rustix v1.1.2
    Checking is_terminal_polyfill v1.70.2
    Checking pathdiff v0.2.3
    Checking data-encoding v2.9.0
    Checking ferrum-interfaces v0.7.7 (/workspace/ferrum-clean/crates/ferrum-interfaces)
    Checking tokio-native-tls v0.3.1
    Checking ferrum-bench-core v0.7.7 (/workspace/ferrum-clean/crates/ferrum-bench-core)
    Checking base64 v0.21.7
    Checking utf-8 v0.7.6
    Checking colorchoice v1.0.4
    Checking symphonia v0.5.5
    Checking hyper v0.14.32
    Checking moxcms v0.8.1
    Checking time v0.3.44
    Checking anstream v0.6.21
   Compiling pest_derive v2.8.3
    Checking ordered-multimap v0.7.3
    Checking rand_distr v0.4.3
    Checking quanta v0.12.6
    Checking tokenizers v0.21.4
    Checking tungstenite v0.24.0
    Checking hashlink v0.8.4
    Checking num-bigint v0.4.6
    Checking crossbeam-channel v0.5.15
    Checking priority-queue v2.7.0
    Checking arraydeque v0.5.1
    Checking memo-map v0.3.3
   Compiling heck v0.5.0
    Checking ciborium-io v0.2.2
    Checking sketches-ddsketch v0.2.2
    Checking linux-raw-sys v0.11.0
    Checking clap_lex v0.7.6
    Checking plotters-backend v0.3.7
    Checking spin v0.9.8
    Checking tokio-tungstenite v0.24.0
    Checking metrics-util v0.16.3
   Compiling clap_derive v4.5.49
    Checking ciborium-ll v0.2.2
    Checking clap_builder v4.5.50
    Checking plotters-svg v0.3.7
    Checking yaml-rust2 v0.8.1
    Checking minijinja v2.20.0
    Checking rust-ini v0.20.0
    Checking ron v0.8.1
    Checking tokio-stream v0.1.17
    Checking axum-core v0.4.5
    Checking json5 v0.4.1
    Checking realfft v3.5.0
    Checking convert_case v0.6.0
    Checking pem v3.0.6
    Checking simple_asn1 v0.6.3
    Checking rubato v2.0.0
    Checking itertools v0.10.5
    Checking serde_path_to_error v0.1.20
    Checking same-file v1.0.6
    Checking cast v0.3.0
    Checking fastrand v2.3.0
    Checking matchit v0.7.3
    Checking bytesize v1.3.3
    Checking config v0.14.1
    Checking walkdir v2.5.0
    Checking ferrum-sampler v0.7.7 (/workspace/ferrum-clean/crates/ferrum-sampler)
    Checking ferrum-kv v0.7.7 (/workspace/ferrum-clean/crates/ferrum-kv)
    Checking ferrum-scheduler v0.7.7 (/workspace/ferrum-clean/crates/ferrum-scheduler)
    Checking jsonwebtoken v9.3.1
    Checking plotters v0.3.7
    Checking ciborium v0.2.2
    Checking matchers v0.2.0
    Checking tower v0.4.13
    Checking hyper v1.7.0
    Checking tower-http v0.5.2
    Checking tempfile v3.23.0
    Checking tinytemplate v1.2.1
    Checking tracing-log v0.2.0
    Checking tracing-serde v0.2.0
    Checking sharded-slab v0.1.7
    Checking is-terminal v0.4.17
    Checking criterion-plot v0.5.0
    Checking thread_local v1.1.9
    Checking unsafe-libyaml v0.2.11
    Checking nu-ansi-term v0.50.3
    Checking clap v4.5.50
    Checking shell-words v1.1.0
    Checking tokio-rustls v0.26.4
    Checking ureq v2.12.1
    Checking hyper-tls v0.5.0
    Checking regex-lite v0.1.9
    Checking oorandom v11.1.5
    Checking anes v0.1.6
    Checking dialoguer v0.11.0
    Checking shellexpand v3.1.1
    Checking colored v2.2.0
    Checking metrics-exporter-prometheus v0.13.1
    Checking criterion v0.5.1
    Checking tracing-subscriber v0.3.20
    Checking minijinja-contrib v2.20.0
    Checking image v0.25.10
    Checking serde_yaml v0.9.34+deprecated
    Checking candle-nn v0.9.2
    Checking hyper-util v0.1.17
    Checking candle-transformers v0.9.2
    Checking hyper-tls v0.6.0
    Checking hyper-rustls v0.27.7
    Checking axum v0.7.9
    Checking reqwest v0.12.24
    Checking hf-hub v0.4.3
    Checking ferrum-tokenizer v0.7.7 (/workspace/ferrum-clean/crates/ferrum-tokenizer)
