Requirement already satisfied: pip in /workspace/hf-venv/lib/python3.10/site-packages (22.0.2)
Collecting pip
  Downloading pip-26.1.2-py3-none-any.whl (1.8 MB)
     ━━━━━━━━━━━━━━━━━━━━━━━━━━━━━━━━━━━━━━━━ 1.8/1.8 MB 4.0 MB/s eta 0:00:00
Installing collected packages: pip
  Attempting uninstall: pip
    Found existing installation: pip 22.0.2
    Uninstalling pip-22.0.2:
      Successfully uninstalled pip-22.0.2
Successfully installed pip-26.1.2
Collecting huggingface_hub[hf_xet]
  Downloading huggingface_hub-1.19.0-py3-none-any.whl.metadata (14 kB)
Collecting click>=8.4.0 (from huggingface_hub[hf_xet])
  Downloading click-8.4.1-py3-none-any.whl.metadata (2.6 kB)
Collecting filelock>=3.10.0 (from huggingface_hub[hf_xet])
  Downloading filelock-3.29.4-py3-none-any.whl.metadata (2.0 kB)
Collecting fsspec>=2023.5.0 (from huggingface_hub[hf_xet])
  Downloading fsspec-2026.6.0-py3-none-any.whl.metadata (10 kB)
Collecting hf-xet<2.0.0,>=1.5.1 (from huggingface_hub[hf_xet])
  Downloading hf_xet-1.5.1-cp37-abi3-manylinux2014_x86_64.manylinux_2_17_x86_64.whl.metadata (4.9 kB)
Collecting httpx<1,>=0.23.0 (from huggingface_hub[hf_xet])
  Downloading httpx-0.28.1-py3-none-any.whl.metadata (7.1 kB)
Collecting packaging>=20.9 (from huggingface_hub[hf_xet])
  Downloading packaging-26.2-py3-none-any.whl.metadata (3.5 kB)
Collecting pyyaml>=5.1 (from huggingface_hub[hf_xet])
  Downloading pyyaml-6.0.3-cp310-cp310-manylinux2014_x86_64.manylinux_2_17_x86_64.manylinux_2_28_x86_64.whl.metadata (2.4 kB)
Collecting tqdm>=4.42.1 (from huggingface_hub[hf_xet])
  Downloading tqdm-4.68.2-py3-none-any.whl.metadata (58 kB)
Collecting typer<0.26.0,>=0.20.0 (from huggingface_hub[hf_xet])
  Downloading typer-0.25.1-py3-none-any.whl.metadata (15 kB)
Collecting typing-extensions>=4.1.0 (from huggingface_hub[hf_xet])
  Downloading typing_extensions-4.15.0-py3-none-any.whl.metadata (3.3 kB)
Collecting anyio (from httpx<1,>=0.23.0->huggingface_hub[hf_xet])
  Downloading anyio-4.14.0-py3-none-any.whl.metadata (4.6 kB)
Collecting certifi (from httpx<1,>=0.23.0->huggingface_hub[hf_xet])
  Downloading certifi-2026.5.20-py3-none-any.whl.metadata (2.5 kB)
Collecting httpcore==1.* (from httpx<1,>=0.23.0->huggingface_hub[hf_xet])
  Downloading httpcore-1.0.9-py3-none-any.whl.metadata (21 kB)
Collecting idna (from httpx<1,>=0.23.0->huggingface_hub[hf_xet])
  Downloading idna-3.18-py3-none-any.whl.metadata (6.1 kB)
Collecting h11>=0.16 (from httpcore==1.*->httpx<1,>=0.23.0->huggingface_hub[hf_xet])
  Downloading h11-0.16.0-py3-none-any.whl.metadata (8.3 kB)
Collecting shellingham>=1.3.0 (from typer<0.26.0,>=0.20.0->huggingface_hub[hf_xet])
  Downloading shellingham-1.5.4-py2.py3-none-any.whl.metadata (3.5 kB)
Collecting rich>=13.8.0 (from typer<0.26.0,>=0.20.0->huggingface_hub[hf_xet])
  Downloading rich-15.0.0-py3-none-any.whl.metadata (18 kB)
Collecting annotated-doc>=0.0.2 (from typer<0.26.0,>=0.20.0->huggingface_hub[hf_xet])
  Downloading annotated_doc-0.0.4-py3-none-any.whl.metadata (6.6 kB)
Collecting markdown-it-py>=2.2.0 (from rich>=13.8.0->typer<0.26.0,>=0.20.0->huggingface_hub[hf_xet])
  Downloading markdown_it_py-4.2.0-py3-none-any.whl.metadata (7.4 kB)
Collecting pygments<3.0.0,>=2.13.0 (from rich>=13.8.0->typer<0.26.0,>=0.20.0->huggingface_hub[hf_xet])
  Downloading pygments-2.20.0-py3-none-any.whl.metadata (2.5 kB)
Collecting mdurl~=0.1 (from markdown-it-py>=2.2.0->rich>=13.8.0->typer<0.26.0,>=0.20.0->huggingface_hub[hf_xet])
  Downloading mdurl-0.1.2-py3-none-any.whl.metadata (1.6 kB)
Collecting exceptiongroup>=1.0.2 (from anyio->httpx<1,>=0.23.0->huggingface_hub[hf_xet])
  Downloading exceptiongroup-1.3.1-py3-none-any.whl.metadata (6.7 kB)
Downloading huggingface_hub-1.19.0-py3-none-any.whl (693 kB)
   ━━━━━━━━━━━━━━━━━━━━━━━━━━━━━━━━━━━━━━━━ 693.4/693.4 kB 6.3 MB/s  0:00:00
Downloading hf_xet-1.5.1-cp37-abi3-manylinux2014_x86_64.manylinux_2_17_x86_64.whl (4.5 MB)
   ━━━━━━━━━━━━━━━━━━━━━━━━━━━━━━━━━━━━━━━━ 4.5/4.5 MB 4.2 MB/s  0:00:01
Downloading httpx-0.28.1-py3-none-any.whl (73 kB)
Downloading httpcore-1.0.9-py3-none-any.whl (78 kB)
Downloading typer-0.25.1-py3-none-any.whl (58 kB)
Downloading annotated_doc-0.0.4-py3-none-any.whl (5.3 kB)
Downloading click-8.4.1-py3-none-any.whl (116 kB)
Downloading filelock-3.29.4-py3-none-any.whl (42 kB)
Downloading fsspec-2026.6.0-py3-none-any.whl (203 kB)
Downloading h11-0.16.0-py3-none-any.whl (37 kB)
Downloading packaging-26.2-py3-none-any.whl (100 kB)
Downloading pyyaml-6.0.3-cp310-cp310-manylinux2014_x86_64.manylinux_2_17_x86_64.manylinux_2_28_x86_64.whl (770 kB)
   ━━━━━━━━━━━━━━━━━━━━━━━━━━━━━━━━━━━━━━━━ 770.3/770.3 kB 6.2 MB/s  0:00:00
Downloading rich-15.0.0-py3-none-any.whl (310 kB)
Downloading pygments-2.20.0-py3-none-any.whl (1.2 MB)
   ━━━━━━━━━━━━━━━━━━━━━━━━━━━━━━━━━━━━━━━━ 1.2/1.2 MB 4.3 MB/s  0:00:00
Downloading markdown_it_py-4.2.0-py3-none-any.whl (91 kB)
Downloading mdurl-0.1.2-py3-none-any.whl (10.0 kB)
Downloading shellingham-1.5.4-py2.py3-none-any.whl (9.8 kB)
Downloading tqdm-4.68.2-py3-none-any.whl (78 kB)
Downloading typing_extensions-4.15.0-py3-none-any.whl (44 kB)
Downloading anyio-4.14.0-py3-none-any.whl (123 kB)
Downloading exceptiongroup-1.3.1-py3-none-any.whl (16 kB)
Downloading idna-3.18-py3-none-any.whl (65 kB)
Downloading certifi-2026.5.20-py3-none-any.whl (134 kB)
Installing collected packages: typing-extensions, tqdm, shellingham, pyyaml, pygments, packaging, mdurl, idna, hf-xet, h11, fsspec, filelock, click, certifi, annotated-doc, markdown-it-py, httpcore, exceptiongroup, rich, anyio, typer, httpx, huggingface_hub

Successfully installed annotated-doc-0.0.4 anyio-4.14.0 certifi-2026.5.20 click-8.4.1 exceptiongroup-1.3.1 filelock-3.29.4 fsspec-2026.6.0 h11-0.16.0 hf-xet-1.5.1 httpcore-1.0.9 httpx-0.28.1 huggingface_hub-1.19.0 idna-3.18 markdown-it-py-4.2.0 mdurl-0.1.2 packaging-26.2 pygments-2.20.0 pyyaml-6.0.3 rich-15.0.0 shellingham-1.5.4 tqdm-4.68.2 typer-0.25.1 typing-extensions-4.15.0
